 *****          file of input data set *******
:poly
 &vvod
   ig=1,
   rcel(1,1)=20.0 ,
   ncelsos(1,1)=1,
@----------------------------------------------------------------------
 t=293.0,
 troiz=
 @ izotop    / concentration /
 @ u235  @   6.81157098078033e-05,
 @ u238  @   0.00447293161071242,
 @ o     @   0.00908209464104045,
 @ *h*   @   0.0544925678462427,
 @ *o*   @   0.0272462839231213,
@----------------------------------------------------------------------
 alout=0.0
 material(1)='chmc',
 &end
u235
u238
o
*h*
*o*
****
:corr
 &vvod &end
:fier
 &vvod &end
:macro
 &vvod
  et=10.5e+6,2.15,2.15,0.,
 &end
:micro
 &vvod
  et=10.5e+6,2.15,2.15,0.,
 &end
:stop
@----------------------------------------------------------------------
                                                                                                                        
                                                                                                                        
                                                                                                                        
                                                                                                                        
                                                                                                                        
                                                                                                                        
                                                                                                                        
                                                                                                                        
                                                                                                                        
                                                                                                                        
                                                                                                                        
                                                                                                                        
                                                                                                                        
                                                                                                                        
                                                                                                                        
                                                                                                                        
                                                                                                                        
                                                                                                                        
                                                                                                                        
                                                                                                                        
                                                                                                                        
                                                                                                                        
                                                                                                                        
                                                                                                                        
                                                                                                                        
                                                                                                                        
                                                                                                                        
                                                                                                                        
                                                                                                                        
                                                                                                                        
                                                                                                                        
                                                                                                                        
                                                                                                                        
                                                                                                                        
                                                                                                                        
                                                                                                                        
                                                                                                                        
                                                                                                                        
                                                                                                                        
                                                                                                                        
                                                                                                                        
                                                                                                                        
                                                                                                                        
                                                                                                                        
                                                                                                                        
                                                                                                                        
                                                                                                                        
                                                                                                                        
                                                                                                                        
                                                                                                                        
                                                                                                                        
                                                                                                                        
                                                                                                                        
                                                                                                                        
                                                                                                                        
                                                                                                                        
                                                                                                                        
                                                                                                                        
                                                                                                                        
                                                                                                                        
                                                                                                                        
                                                                                                                        
                                                                                                                        
                                                                                                                        
                                                                                                                        
                                                                                                                        
                                                                                                                        
                                                                                                                        
                                                                                                                        
                                                                                                                        
                                                                                                                        
                                                                                                                        
                                                                                                                        
                                                                                                                        
                                                                                                                        
                                                                                                                        
                                                                                                                        
                                                                                                                        
                                                                                                                        
                                                                                                                        
                                                                                                                        
                                                                                                                        
                                                                                                                        
                                                                                                                        
                                                                                                                        
                                                                                                                        
                                                                                                                        
                                                                                                                        
                                                                                                                        
                                                                                                                        
                                                                                                                        
                                                                                                                        
                                                                                                                        
                                                                                                                        
                                                                                                                        
                                                                                                                        
                                                                                                                        
                                                                                                                        
                                                                                                                        
                                                                                                                        
                                                                                                                        
                                                                                                                        
                                                                                                                        
                                                                                                                        
                                                                                                                        
                                                                                                                        
                                                                                                                        
                                                                                                                        
                                                                                                                        
                                                                                                                        
                                                                                                                        
                                                                                                                        
                                                                                                                        
                                                                                                                        
                                                                                                                        
                                                                                                                        
                                                                                                                        
                                                                                                                        
                                                                                                                        
                                                                                                                        
                                                                                                                        
                                                                                                                        
                                                                                                                        
                                                                                                                        
                                                                                                                        
                                                                                                                        
                                                                                                                        
                                                                                                                        
                                                                                                                        
                                                                                                                        
                                                                                                                        
                                                                                                                        
                                                                                                                        
                                                                                                                        
                                                                                                                        
                                                                                                                        
                                                                                                                        
                                                                                                                        
                                                                                                                        
                                                                                                                        
                                                                                                                        
                                                                                                                        
                                                                                                                        
                                                                                                                        
                                                                                                                        
                                                                                                                        
                                                                                                                        
                                                                                                                        
                                                                                                                        
                                                                                                                        
                                                                                                                        
                                                                                                                        
                                                                                                                        
                                                                                                                        
                                                                                                                        
                                                                                                                        
                                                                                                                        
                                                                                                                        
                                                                                                                        
                                                                                                                        
                                                                                                                        
                                                                                                                        
                                                                                                                        
                                                                                                                        
                                                                                                                        
                                                                                                                        
                                                                                                                        
                                                                                                                        
                                                                                                                        
                                                                                                                        
                                                                                                                        
                                                                                                                        
                                                                                                                        
                                                                                                                        
                                                                                                                        
                                                                                                                        
                                                                                                                        
                                                                                                                        
                                                                                                                        
                                                                                                                        
                                                                                                                        
                                                                                                                        
                                                                                                                        
                                                                                                                        
                                                                                                                        
                                                                                                                        
                                                                                                                        
                                                                                                                        
                                                                                                                        
                                                                                                                        
                                                                                                                        
                                                                                                                        
                                                                                                                        
                                                                                                                        
                                                                                                                        
                                                                                                                        
                                                                                                                        
                                                                                                                        
                                                                                                                        
                                                                                                                        
                                                                                                                        
                                                                                                                        
                                                                                                                        
                                                                                                                        
                                                                                                                        
                                                                                                                        
                                                                                                                        
                                                                                                                        
                                                                                                                        
                                                                                                                        
                                                                                                                        
                                                                                                                        
                                                                                                                        
                                                                                                                        
                                                                                                                        
                                                                                                                        
                                                                                                                        
                                                                                                                        
                                                                                                                        
                                                                                                                        
                                                                                                                        
                                                                                                                        
                                                                                                                        
                                                                                                                        
                                                                                                                        
                                                                                                                        
                                                                                                                        
                                                                                                                        
                                                                                                                        
                                                                                                                        
                                                                                                                        
                                                                                                                        
                                                                                                                        
                                                                                                                        
                                                                                                                        
                                                                                                                        
                                                                                                                        
                                                                                                                        
                                                                                                                        
                                                                                                                        
                                                                                                                        
                                                                                                                        
                                                                                                                        
                                                                                                                        
                                                                                                                        
                                                                                                                        
                                                                                                                        
                                                                                                                        
                                                                                                                        
                                                                                                                        
                                                                                                                        
                                                                                                                        
                                                                                                                        
                                                                                                                        
                                                                                                                        
                                                                                                                        
                                                                                                                        
                                                                                                                        
                                                                                                                        
                                                                                                                        
 ***** end of   file of input data set *******
:poly                                                                           
  rout and rin were constructed
Rout=20.000,
Rin = 0.000,
  nsos  was constructed
nsos=  1,
 definition izotr in sos           1:izotr=   2.000000    
  *******<< check input data>> programm declare *******
    --undeclared parametr--cefzad  -- programm standart value --cefzad  =  0.100000E+01
  *******<< check input data>> programm declare *******
    --undeclared parametr--bakl    -- programm standart value --bakl    =  0.000000E+00
  *******<< check input data>> programm declare *******
    --undeclared parametr--alin    -- programm standart value --alin    =  0.000000E+00
  *******<< check input data>> programm declare *******
    --undeclared parametr--alcorr  -- programm standart value --alcorr  =  0.100000E+01
  *******<< check input data>> programm declare *******
    --uncorrected definition--alout   --bat programm use this value --alout     0.000000E+00
  *******<< check input data>> programm declare *******
    --uncorrected definition--alin    --bat programm use this value --alin      0.000000E+00
  *******<< check input data>> programm declare *******
    --uncorrected definition--alout   --bat programm use this value --alout     0.000000E+00
  *******<< check input data>> programm declare *******
    --undeclared parametr--nbv     -- programm standart value --nbv     =    1
  *******<< check input data>> programm declare *******
    --undeclared parametr--et      -- programm standart value --et      =  0.105000E+08  0.215000E+01
     0.215000E+01  0.000000E+00
    ????  storage for pr. getter =      100 ?? common /rrr/ rab(        0 )  ????
 ------------------------------------------------------------------------------
  backling =  0.0000000E+00
 ------------------------------------------------------------------------------
  number of cells =           1
          cell number    1  number of zone= 1
 << geometry characteristics >>
    geometry of cell- slab        index=           1
  kratnost of cell =   1.000000    
  inner radius of cell =  0.0000000E+00
  out square ratio =  0.0000000E+00
 ------------------------------------------------------------------------------
 num zone      1
 radius   0.20000E+02
 temper   0.29300E+03
 rez_izot    u238
 ------------------------------------------------------------------------------
    izotop   /             concentration number of izotops=61
  1 u235     0.68116E-04
  2 u238     0.44729E-02
  3 o        0.90821E-02
  4 *h*      0.54493E-01
  5 *o*      0.27246E-01
    > CONSYST Program Ver: 98.01 > started at  0: 0: 0:  
    { Manturov G., E-mail: abbn@ippe.rssi.ru}
 
       -------------------------------
 
       CONSYST INPUT DATA READ FROM : cons.dat
       CONSYST PROTOCOL STORED IN   : RESULT
       GMF X-SECTION'S FILE         : OUT
       TEMPORARY FILE               : RAB
       ABBN BASIC DATA SET FROM     : ..\bin\Bnab90.lib
       ABBN MULTIC DATA SET FROM    : ..\bin\Bnabmlt.lib
       ABBN THERMAL DATA SET FROM   : ..\bin\BNABTHM.lib
 
    >   Include Thermal Matrix > H(H2O):BNABTHM.BIN   Temp=  300K
    >   Include Thermal Matrix > H(H2O):BNABTHM.BIN   Temp=  350K
    >>  K-inf(MLT)= 1.06598 Balance= 1.00100 NU= 2.64 FI-Sum=  3.61E+01
    > CONSYST finished at  0: 0: 0:  
 therm. calculation avoided
 therm. calculation avoided
 therm. calculation avoided
 therm. calculation avoided
 therm. calculation avoided
 therm. calculation avoided
 therm. calculation avoided
 therm. calculation avoided
 therm. calculation avoided
 *************************************************
   ***k(inf)= 1.00074     ***k(itt)=0.438617     ***k(integ)= 1.00074    ***
   **bakl=  0.0000     **length= 0.10000E+11  ***
   **matr.  alout*alcorr a(k,i)(k=1,ncel) ***
     *  0.0000    
 lokal kner      in cell ,ru=           1=  0.9999999       1.000000    
:corr                                                                           
 ------------------------------------------------------------------------------
  backling =  0.0000000E+00
 ------------------------------------------------------------------------------
  number of cells =           1
          cell number    1  number of zone= 1
 << geometry characteristics >>
    geometry of cell- slab        index=           1
  kratnost of cell =   1.000000    
  inner radius of cell =  0.0000000E+00
  out square ratio =  0.0000000E+00
 ------------------------------------------------------------------------------
 num zone      1
 radius   0.20000E+02
 temper   0.29300E+03
 rez_izot    u238
 ------------------------------------------------------------------------------
    izotop   /             concentration number of izotops=61
  1 u235     0.68116E-04
  2 u238     0.44729E-02
  3 o        0.90821E-02
  4 *h*      0.54493E-01
  5 *o*      0.27246E-01
:fier                                                                           
 condensation boundary was changed from  0.21500E+01 to  0.21544E+01
*** 4 *** ;egr=  2.1544    
    keff         nu           mu           fi           teta
   1.0007       1.2345       1.1211      0.72304       1.0000    
 s0z(n)=   0.0000000E+00
:macro                                                                          
 condensation boundary was changed from  0.21500E+01 to  0.21544E+01
 condensation boundary was changed from  0.21500E+01 to  0.21544E+01
    -------------------------------------------------------------------------------
    * n group   * e(i)        * e(i+1)      *spect neutron fission  *
          1       0.10500E+08    2.1544           0.99905    
          2        2.1544        0.0000           0.13797E-08
    *******************************************************************************
                                       **    macro cross section    **
    *******************************************************************************
    ** n zone    1 vzone=  20.000     /  1
*grp*flux 1/cm2c  * stotal      * sabs        * sfis.       * nu$sfis.    * 1/3*strans  *1/aver.veloci*aver power
  1  0.8495963     0.7302291     0.7815141E-02 0.1136356E-02 0.3043951E-02  1.252642     0.4890925E-06 0.3894941     0.9880155E-01
  2  0.3252327      2.343099     0.5334285E-01 0.2707631E-01 0.6585344E-01 0.2060761     0.2097399E-04  1.234532     0.9011984    
                                       * matric. scat.cross. sec. from i to j  *
       i / j -->            1           2
       i        1 0.6923012     0.3011286E-01
       i        2 0.1855851E-04  2.289738    
:micro                                                                          
 condensation boundary was changed from  0.21500E+01 to  0.21544E+01
 condensation boundary was changed from  0.21500E+01 to  0.21544E+01
    -------------------------------------------------------------------------------
    * n group   * e(i)        * e(i+1)
          1       0.10500E+08    2.1544    
          2        2.1544       0.10000E-04
    ---------------------------------------------------------------------------
         ** microcrossection  ** in   1  zone **v=  20.000    /  1
    * n group  * izotop  * at.mas      *dens         *flux 1/cm2c  * capture   * fission  *    * production *
          1       u235     235.00        0.68116E-04   0.84960        10.258          6.8435         0.0000    
          2       u235     235.00        0.68116E-04   0.32523        465.80          397.50         0.0000    
          1       u238     238.00        0.44729E-02   0.84960        1.5158         0.14984         0.0000    
          2       u238     238.00        0.44729E-02   0.32523        1.9506          0.0000         0.0000    
          1       o         16.00        0.90821E-02   0.84960       0.61598E-02      0.0000         0.0000    
          2       o         16.00        0.90821E-02   0.32523       0.14164E-03      0.0000         0.0000    
          1       *h*        1.00        0.54493E-01   0.84960       0.20691E-02      0.0000         0.0000    
          2       *h*        1.00        0.54493E-01   0.32523       0.23644          0.0000         0.0000    
          1       *o*       16.00        0.27246E-01   0.84960       0.61597E-02      0.0000         0.0000    
          2       *o*       16.00        0.27246E-01   0.32523       0.14164E-03      0.0000         0.0000    
          1       fp35     116.00         0.0000       0.84960       0.30213          0.0000         0.0000    
          2       fp35     116.00         0.0000       0.32523        6.3947          0.0000         0.0000    
          1       fp39     116.00         0.0000       0.84960       0.30213          0.0000         0.0000    
          2       fp39     116.00         0.0000       0.32523        6.3947          0.0000         0.0000    
          1       u236     236.00         0.0000       0.84960        9.2704         0.39793         0.0000    
          2       u236     236.00         0.0000       0.32523        3.6404         0.48787E-01     0.0000    
          1       slag     116.00         0.0000       0.84960        1.1312          0.0000         0.0000    
          2       slag     116.00         0.0000       0.32523        5.6008          0.0000         0.0000    
          1       tc99      99.00         0.0000       0.84960        8.0000          0.0000         0.0000    
          2       tc99      99.00         0.0000       0.32523        14.334          0.0000         0.0000    
          1       rh03     103.00         0.0000       0.84960        1.2508          0.0000         0.0000    
          2       rh03     103.00         0.0000       0.32523        183.19          0.0000         0.0000    
          1       ag09     109.00         0.0000       0.84960        38.287          0.0000         0.0000    
          2       ag09     109.00         0.0000       0.32523        66.266          0.0000         0.0000    
          1       cd13     113.00         0.0000       0.84960        1.3408          0.0000         0.0000    
          2       cd13     113.00         0.0000       0.32523        22565.          0.0000         0.0000    
          1       xe35     135.00         0.0000       0.84960        4.6444          0.0000         0.0000    
          2       xe35     135.00         0.0000       0.32523       0.21265E+07      0.0000         0.0000    
          1       sm49     149.00         0.0000       0.84960        33.766          0.0000         0.0000    
          2       sm49     149.00         0.0000       0.32523        50176.          0.0000         0.0000    
          1       sm51     151.00         0.0000       0.84960        37.248          0.0000         0.0000    
          2       sm51     151.00         0.0000       0.32523        9268.2          0.0000         0.0000    
          1       eu55     155.00         0.0000       0.84960        10.913          0.0000         0.0000    
          2       eu55     155.00         0.0000       0.32523        4127.0          0.0000         0.0000    
          1       gd55     155.00         0.0000       0.84960        36.553          0.0000         0.0000    
          2       gd55     155.00         0.0000       0.32523        33093.          0.0000         0.0000    
          1       gd56     156.00         0.0000       0.84960        9.1457          0.0000         0.0000    
          2       gd56     156.00         0.0000       0.32523        26792.          0.0000         0.0000    
          1       gd57     157.00         0.0000       0.84960        13.686          0.0000         0.0000    
          2       gd57     157.00         0.0000       0.32523       0.14027E+06      0.0000         0.0000    
          1       np37     237.00         0.0000       0.84960        11.549         0.70734         0.0000    
          2       np37     237.00         0.0000       0.32523        152.77         0.12806E-01     0.0000    
          1       np39     239.00         0.0000       0.84960        13.716         0.78923         0.0000    
          2       np39     239.00         0.0000       0.32523        26.394          0.0000         0.0000    
          1       pu38     238.00         0.0000       0.84960        5.7114          1.8402         0.0000    
          2       pu38     238.00         0.0000       0.32523        386.26          11.801         0.0000    
          1       pu39     239.00         0.0000       0.84960        12.495          7.6377         0.0000    
          2       pu39     239.00         0.0000       0.32523        965.85          663.37         0.0000    
          1       pu40     240.00         0.0000       0.84960        5.4634         0.75596         0.0000    
          2       pu40     240.00         0.0000       0.32523        838.44         0.17011         0.0000    
          1       pu41     241.00         0.0000       0.84960        20.699          16.343         0.0000    
          2       pu41     241.00         0.0000       0.32523        1081.2          798.87         0.0000    
          1       pu42     242.00         0.0000       0.84960        31.517         0.57643         0.0000    
          2       pu42     242.00         0.0000       0.32523        14.392         0.16590E-02     0.0000    
          1       am41     241.00         0.0000       0.84960        13.369         0.79614         0.0000    
          2       am41     241.00         0.0000       0.32523        565.42          3.1140         0.0000    
          1       am2m     242.00         0.0000       0.84960        33.476          29.024         0.0000    
          2       am2m     242.00         0.0000       0.32523        5649.0          4700.2         0.0000    
          1       am43     243.00         0.0000       0.84960        12.443         0.59805         0.0000    
          2       am43     243.00         0.0000       0.32523        157.80          0.0000         0.0000    
          1       cm42     242.00         0.0000       0.84960        4.8580          1.3477         0.0000    
          2       cm42     242.00         0.0000       0.32523        13.322          1.7408         0.0000    
          1       cm44     244.00         0.0000       0.84960        17.535         0.97765         0.0000    
          2       cm44     244.00         0.0000       0.32523        11.666         0.73143         0.0000    
          1       cm45     245.00         0.0000       0.84960        16.840          14.929         0.0000    
          2       cm45     245.00         0.0000       0.32523        1779.7          1512.6         0.0000    
          1       th32     232.00         0.0000       0.84960        2.7350         0.36568E-01     0.0000    
          2       th32     232.00         0.0000       0.32523        5.2451          0.0000         0.0000    
          1       pa33     233.00         0.0000       0.84960        11.909         0.22735         0.0000    
          2       pa33     233.00         0.0000       0.32523        62.370          0.0000         0.0000    
          1       u233     233.00         0.0000       0.84960        15.379          12.972         0.0000    
          2       u233     233.00         0.0000       0.32523        431.95          396.20         0.0000    
          1       u234     234.00         0.0000       0.84960        17.811         0.66103         0.0000    
          2       u234     234.00         0.0000       0.32523        72.664         0.32460         0.0000    
          1       sm52     152.00         0.0000       0.84960        76.252          0.0000         0.0000    
          2       sm52     152.00         0.0000       0.32523        148.93          0.0000         0.0000    
          1       xe31     131.00         0.0000       0.84960        25.515          0.0000         0.0000    
          2       xe31     131.00         0.0000       0.32523        61.018          0.0000         0.0000    
          1       cs33     133.00         0.0000       0.84960        10.425          0.0000         0.0000    
          2       cs33     133.00         0.0000       0.32523        20.950          0.0000         0.0000    
          1       nd45     145.00         0.0000       0.84960        5.9638          0.0000         0.0000    
          2       nd45     145.00         0.0000       0.32523        31.302          0.0000         0.0000    
          1       nd43     143.00         0.0000       0.84960        2.3424          0.0000         0.0000    
          2       nd43     143.00         0.0000       0.32523        228.59          0.0000         0.0000    
          1       pm47     147.00         0.0000       0.84960        55.950          0.0000         0.0000    
          2       pm47     147.00         0.0000       0.32523        119.21          0.0000         0.0000    
          1       mo95      95.00         0.0000       0.84960        3.6826          0.0000         0.0000    
          2       mo95      95.00         0.0000       0.32523        9.9726          0.0000         0.0000    
          1       cs34     134.00         0.0000       0.84960        2.5907          0.0000         0.0000    
          2       cs34     134.00         0.0000       0.32523        98.995          0.0000         0.0000    
          1       pr41     141.00         0.0000       0.84960       0.53895          0.0000         0.0000    
          2       pr41     141.00         0.0000       0.32523        8.1865          0.0000         0.0000    
          1       pm48     148.00         0.0000       0.84960        54.021          0.0000         0.0000    
          2       pm48     148.00         0.0000       0.32523        1473.6          0.0000         0.0000    
          1       pm8m     148.00         0.0000       0.84960        50.729          0.0000         0.0000    
          2       pm8m     148.00         0.0000       0.32523        13622.          0.0000         0.0000    
          1       rh05     105.00         0.0000       0.84960        367.57          0.0000         0.0000    
          2       rh05     105.00         0.0000       0.32523        11200.          0.0000         0.0000    
          1       pm49     149.00         0.0000       0.84960        55.950          0.0000         0.0000    
          2       pm49     149.00         0.0000       0.32523        119.21          0.0000         0.0000    
          1       kr83      83.00         0.0000       0.84960        3.6995          0.0000         0.0000    
          2       kr83      83.00         0.0000       0.32523        125.60          0.0000         0.0000    
          1       ru01     101.00         0.0000       0.84960        3.1461          0.0000         0.0000    
          2       ru01     101.00         0.0000       0.32523        2.4074          0.0000         0.0000    
          1       pd05     105.00         0.0000       0.84960        2.9762          0.0000         0.0000    
          2       pd05     105.00         0.0000       0.32523        14.386          0.0000         0.0000    
          1       cs35     135.00         0.0000       0.84960        1.9637          0.0000         0.0000    
          2       cs35     135.00         0.0000       0.32523        6.2055          0.0000         0.0000    
          1       sm50     150.00         0.0000       0.84960        6.6892          0.0000         0.0000    
          2       sm50     150.00         0.0000       0.32523        75.855          0.0000         0.0000    
          1       eu51     152.00         0.0000       0.84960        41.187          0.0000         0.0000    
          2       eu51     152.00         0.0000       0.32523        3449.0          0.0000         0.0000    
          1       eu53     153.00         0.0000       0.84960        38.046          0.0000         0.0000    
          2       eu53     153.00         0.0000       0.32523        219.56          0.0000         0.0000    
          1       eu54     154.00         0.0000       0.84960        21.691          0.0000         0.0000    
          2       eu54     154.00         0.0000       0.32523        1743.1          0.0000         0.0000    
          1       gd54     154.00         0.0000       0.84960        1.1312          0.0000         0.0000    
          2       gd54     154.00         0.0000       0.32523        5.6008          0.0000         0.0000    
          1       am42     242.00         0.0000       0.84960        1.1312          0.0000         0.0000    
          2       am42     242.00         0.0000       0.32523        5.6008          0.0000         0.0000    
          1       cm43     243.00         0.0000       0.84960        42.007          36.508         0.0000    
          2       cm43     243.00         0.0000       0.32523        579.60          534.87         0.0000    
:stop                                                                           
