 *****          file of input data set *******
 *****          file of input data set *******
:poly
 &vvod
   ig=2,
    rcel(1,1)=0.29,0.34,0.48,
    ncelsos(1,1)=1,2,3,
@----------------------------------------------------------------------
 t=600.0, 593.0, 573.0,
 troiz=
 @ izotop    / zone 1 /   / zone 2 /   / zone 3 /
 @ u235  @   0.002557, 0.00000e+00, 0.00000e+00,
 @ u238  @   0.014487, 0.00000e+00, 0.00000e+00,
 @ o     @   0.03409e+00, 0.00000e+00, 0.00000e+00,
 @ *h*   @   0.00000e+00, 0.00000e+00, 0.046847,
 @ *o*   @   0.00000e+00, 0.00000e+00, 0.023419,
 @  zr   @   0.00000e+00, 0.043014, 0.00000e+00,
@----------------------------------------------------------------------
 alout=0.0 ,
 material(1)='chmc',
 &end
u235
u238
o
*h*
*o*
zr
****
:corr
 &vvod &end
:fier
 &vvod &end
:macro
 &vvod
  et=10.5e+6,2.15,2.15,0.,
 nbv=1,1,1,
 &end
:stop
@----------------------------------------------------------------------
 ***** end of   file of input data set *******
:poly                                                                           
  rout and rin were constructed
Rout= 0.290, 0.340, 0.480,
Rin = 0.000, 0.290, 0.340,
  nsos  was constructed
nsos=  1,  2,  3,
 definition izotr in sos           1:izotr=   2.000000    
  *******<< check input data>> programm declare *******
    --undeclared parametr--cefzad  -- programm standart value --cefzad  =  0.100000E+01
  *******<< check input data>> programm declare *******
    --undeclared parametr--bakl    -- programm standart value --bakl    =  0.000000E+00
  *******<< check input data>> programm declare *******
    --undeclared parametr--alin    -- programm standart value --alin    =  0.000000E+00
  *******<< check input data>> programm declare *******
    --undeclared parametr--alcorr  -- programm standart value --alcorr  =  0.100000E+01
  *******<< check input data>> programm declare *******
    --uncorrected definition--alout   --bat programm use this value --alout     0.000000E+00
  *******<< check input data>> programm declare *******
    --uncorrected definition--alin    --bat programm use this value --alin      0.000000E+00
  *******<< check input data>> programm declare *******
    --uncorrected definition--alout   --bat programm use this value --alout     0.000000E+00
  *******<< check input data>> programm declare *******
    --undeclared parametr--nbv     -- programm standart value --nbv     =    1    1    1
  *******<< check input data>> programm declare *******
    --undeclared parametr--et      -- programm standart value --et      =  0.105000E+08  0.215000E+01
     0.215000E+01  0.000000E+00
    ????  storage for pr. getter =      300 ?? common /rrr/ rab(        0 )  ????
 ------------------------------------------------------------------------------
  backling =  0.0000000E+00
 ------------------------------------------------------------------------------
  number of cells =           1
          cell number    1  number of zone= 3
 << geometry characteristics >>
    geometry of cell- cilindrical index=           2
  kratnost of cell =   1.000000    
  inner radius of cell =  0.0000000E+00
  out square ratio =  0.0000000E+00
 ------------------------------------------------------------------------------
 num zone      1           2           3
 radius   0.29000E+00 0.34000E+00 0.48000E+00
 temper   0.60000E+03 0.59300E+03 0.57300E+03
 rez_izot    u238        bad         bad 
 ------------------------------------------------------------------------------
    izotop   /             concentration number of izotops=62
  1 u235     0.25570E-02 0.00000E+00 0.00000E+00
  2 u238     0.14487E-01 0.00000E+00 0.00000E+00
  3 o        0.34090E-01 0.00000E+00 0.00000E+00
  4 *h*      0.00000E+00 0.00000E+00 0.46847E-01
  5 *o*      0.00000E+00 0.00000E+00 0.23419E-01
  6 zr       0.00000E+00 0.43014E-01 0.00000E+00
    > CONSYST Program Ver: 98.01 > started at  0: 0: 0:  
    { Manturov G., E-mail: abbn@ippe.rssi.ru}
 
       -------------------------------
 
       CONSYST INPUT DATA READ FROM : cons.dat
       CONSYST PROTOCOL STORED IN   : RESULT
       GMF X-SECTION'S FILE         : OUT
       TEMPORARY FILE               : RAB
       ABBN BASIC DATA SET FROM     : ..\bin\Bnab90.lib
       ABBN MULTIC DATA SET FROM    : ..\bin\Bnabmlt.lib
       ABBN THERMAL DATA SET FROM   : ..\bin\BNABTHM.lib
 
    >>  K-inf(MLT)= 1.34106 Balance= 1.03543 NU= 2.71 FI-Sum=  1.03E+02
    >   Include Thermal Matrix > H(H2O):BNABTHM.BIN   Temp=  500K
    >   Include Thermal Matrix > H(H2O):BNABTHM.BIN   Temp=  600K
    > CONSYST finished at  0: 0: 0:  
 therm. calculation avoided
 therm. calculation avoided
 therm. calculation avoided
 therm. calculation avoided
 therm. calculation avoided
 therm. calculation avoided
 therm. calculation avoided
 therm. calculation avoided
 therm. calculation avoided
 *************************************************
   ***k(inf)= 2.18021     ***k(itt)=0.797090E-02 ***k(integ)= 2.18021    ***
   **bakl=  0.0000     **length= 0.10000E+11  ***
   **matr.  alout*alcorr a(k,i)(k=1,ncel) ***
     *  0.0000    
 lokal kner      in cell ,ru=           1=   1.000000      0.9999999    
:corr                                                                           
 ------------------------------------------------------------------------------
  backling =  0.0000000E+00
 ------------------------------------------------------------------------------
  number of cells =           1
          cell number    1  number of zone= 3
 << geometry characteristics >>
    geometry of cell- cilindrical index=           2
  kratnost of cell =   1.000000    
  inner radius of cell =  0.0000000E+00
  out square ratio =  0.0000000E+00
 ------------------------------------------------------------------------------
 num zone      1           2           3
 radius   0.29000E+00 0.34000E+00 0.48000E+00
 temper   0.60000E+03 0.59300E+03 0.57300E+03
 rez_izot    u238        bad         bad 
 ------------------------------------------------------------------------------
    izotop   /             concentration number of izotops=62
  1 u235     0.25570E-02 0.00000E+00 0.00000E+00
  2 u238     0.14487E-01 0.00000E+00 0.00000E+00
  3 o        0.34090E-01 0.00000E+00 0.00000E+00
  4 *h*      0.00000E+00 0.00000E+00 0.46847E-01
  5 *o*      0.00000E+00 0.00000E+00 0.23419E-01
  6 zr       0.00000E+00 0.43014E-01 0.00000E+00
:fier                                                                           
 condensation boundary was changed from  0.21500E+01 to  0.21544E+01
*** 4 *** ;egr=  2.1544    
    keff         nu           mu           fi           teta
   2.1802       1.9493       31531.      0.36378E-04  0.97508    
 s0z(n)=   0.4273702      0.0000000E+00  0.0000000E+00
:macro                                                                          
 condensation boundary was changed from  0.21500E+01 to  0.21544E+01
 condensation boundary was changed from  0.21500E+01 to  0.21544E+01
    -------------------------------------------------------------------------------
    * n group   * e(i)        * e(i+1)      *spect neutron fission  *
          1       0.10500E+08    2.1544           0.99901    
          2        2.1544        0.0000           0.13605E-08
    *******************************************************************************
                                       **    macro cross section    **
    *******************************************************************************
    ** n zone    1 vzone= 0.72382     /  1  2  3
*grp*flux 1/cm2c  * stotal      * sabs        * sfis.       * nu$sfis.    * 1/3*strans  *1/aver.veloci*aver power
  1   6.766678     0.2434781     0.5312746E-02 0.4197957E-02 0.1157617E-01  2.136610     0.3701241E-08  2.178942     0.9999639    
  2  0.1437955E-04 0.8238192     0.9122561E-01 0.7129652E-01 0.1733955     0.5192829     0.1074723E-10  1.900733     0.3608981E-04
                                       * matric. scat.cross. sec. from i to j  *
       i / j -->            1           2
       i        1 0.2381613     0.3987356E-05
       i        2 0.2952742E-03 0.7322983    
:stop                                                                           
