 *****          file of input data set *******
 *****          file of input data set *******
:poly
 &vvod
   ig=2,
   rcel(1,1)= 310.0  , 350.0 ,
   ncelsos(1,1)=1,2,
@----------------------------------------------------------------------
 t=293.0, 293.0, 293.0, 293.0,
 troiz=
 @ izotop     / zone 1 /   /reflector/
 @ u235  @    1.00462e-05, 0.00000e-03,
 @ u238  @    0.00026e+00, 0.00000e-03,
 @ o     @    0.00055e+00, 0.00000e-00,
 @ *c*   @    0.11162e+00, 0.11291e+00,
@----------------------------------------------------------------------
 material(1)='chmc',
 &end
u235
u238
o
*c*
****
:corr
 &vvod &end
:fier
 &vvod &end
:macro
 &vvod
  et=10.5e+6,2.15,2.15,0.,
 nbv=1,2,3,4,
 &end
:stop
@----------------------------------------------------------------------
                                                                                                                        
                                                                                                                        
                                                                                                                        
                                                                                                                        
                                                                                                                        
                                                                                                                        
                                                                                                                        
                                                                                                                        
                                                                                                                        
                                                                                                                        
                                                                                                                        
                                                                                                                        
                                                                                                                        
                                                                                                                        
                                                                                                                        
                                                                                                                        
                                                                                                                        
                                                                                                                        
 ***** end of   file of input data set *******
:poly                                                                           
  rout and rin were constructed
Rout=******,******,
Rin = 0.000,******,
  nsos  was constructed
nsos=  1,  2,
 definition izotr in sos           1:izotr=   2.000000    
  *******<< check input data>> programm declare *******
    --undeclared parametr--cefzad  -- programm standart value --cefzad  =  0.100000E+01
  *******<< check input data>> programm declare *******
    --undeclared parametr--bakl    -- programm standart value --bakl    =  0.000000E+00
  *******<< check input data>> programm declare *******
    --undeclared parametr--alin    -- programm standart value --alin    =  0.000000E+00
  *******<< check input data>> programm declare *******
    --undeclared parametr--alout   -- programm standart value --alout   =  0.100000E+01
  *******<< check input data>> programm declare *******
    --undeclared parametr--alcorr  -- programm standart value --alcorr  =  0.100000E+01
  *******<< check input data>> programm declare *******
    --undeclared parametr--nbv     -- programm standart value --nbv     =    1    1
  *******<< check input data>> programm declare *******
    --undeclared parametr--et      -- programm standart value --et      =  0.105000E+08  0.215000E+01
     0.215000E+01  0.000000E+00
    ????  storage for pr. getter =      200 ?? common /rrr/ rab(        0 )  ????
 ------------------------------------------------------------------------------
  backling =  0.0000000E+00
 ------------------------------------------------------------------------------
  number of cells =           1
          cell number    1  number of zone= 2
 << geometry characteristics >>
    geometry of cell- cilindrical index=           2
  kratnost of cell =   1.000000    
  inner radius of cell =  0.0000000E+00
  out square ratio =   1.000000    
 ------------------------------------------------------------------------------
 num zone      1           2
 radius   0.31000E+03 0.35000E+03
 temper   0.29300E+03 0.29300E+03
 rez_izot    u238        bad 
 ------------------------------------------------------------------------------
    izotop   /             concentration number of izotops=60
  1 u235     0.10046E-04 0.00000E+00
  2 u238     0.26000E-03 0.00000E+00
  3 o        0.55000E-03 0.00000E+00
  4 *c*      0.11162E+00 0.11291E+00
    > CONSYST Program Ver: 98.01 > started at  0: 0: 0:  
    { Manturov G., E-mail: abbn@ippe.rssi.ru}
 
       -------------------------------
 
       CONSYST INPUT DATA READ FROM : cons.dat
       CONSYST PROTOCOL STORED IN   : RESULT
       GMF X-SECTION'S FILE         : OUT
       TEMPORARY FILE               : RAB
       ABBN BASIC DATA SET FROM     : ..\bin\Bnab90.lib
       ABBN MULTIC DATA SET FROM    : ..\bin\Bnabmlt.lib
       ABBN THERMAL DATA SET FROM   : ..\bin\BNABTHM.lib
 
    >   Include Thermal Matrix > C(GRAPH):BNABTHM.BIN   Temp=  300K
    >   Include Thermal Matrix > C(GRAPH):BNABTHM.BIN   Temp=  400K
    >>  K-inf(MLT)= 1.28923 Balance= 1.00092 NU= 2.63 FI-Sum=  3.10E+02
    >   Include Thermal Matrix > C(GRAPH):BNABTHM.BIN   Temp=  300K
    >   Include Thermal Matrix > C(GRAPH):BNABTHM.BIN   Temp=  400K
    > CONSYST finished at  0: 0: 0:  
 therm. calculation avoided
 therm. calculation avoided
 therm. calculation avoided
 therm. calculation avoided
 therm. calculation avoided
 therm. calculation avoided
 therm. calculation avoided
 therm. calculation avoided
 therm. calculation avoided
 *************************************************
   ***k(inf)= 1.32777     ***k(itt)= 1.32777     ***k(integ)= 1.32777    ***
   **bakl=  0.0000     **length= 0.10000E+11  ***
   **matr.  alout*alcorr a(k,i)(k=1,ncel) ***
     *  1.0000    
 lokal kner      in cell ,ru=           1=   1.000000       1.000000    
:corr                                                                           
 ------------------------------------------------------------------------------
  backling =  0.0000000E+00
 ------------------------------------------------------------------------------
  number of cells =           1
          cell number    1  number of zone= 2
 << geometry characteristics >>
    geometry of cell- cilindrical index=           2
  kratnost of cell =   1.000000    
  inner radius of cell =  0.0000000E+00
  out square ratio =   1.000000    
 ------------------------------------------------------------------------------
 num zone      1           2
 radius   0.31000E+03 0.35000E+03
 temper   0.29300E+03 0.29300E+03
 rez_izot    u238        bad 
 ------------------------------------------------------------------------------
    izotop   /             concentration number of izotops=60
  1 u235     0.10046E-04 0.00000E+00
  2 u238     0.26000E-03 0.00000E+00
  3 o        0.55000E-03 0.00000E+00
  4 *c*      0.11162E+00 0.11291E+00
:fier                                                                           
 condensation boundary was changed from  0.21500E+01 to  0.21544E+01
*** 4 *** ;egr=  2.1544    
    keff         nu           mu           fi           teta
   1.3278       1.7794       1.0390      0.73597      0.97586    
 s0z(n)=   2.0563803E-03  0.0000000E+00
:macro                                                                          
 condensation boundary was changed from  0.21500E+01 to  0.21544E+01
 condensation boundary was changed from  0.21500E+01 to  0.21544E+01
    -------------------------------------------------------------------------------
    * n group   * e(i)        * e(i+1)      *spect neutron fission  *
          1       0.10500E+08    2.1544           0.99905    
          2        2.1544        0.0000           0.13816E-08
    *******************************************************************************
                                       **    macro cross section    **
    *******************************************************************************
    ** n zone    1 vzone= 0.30191E+06 /  1
*grp*flux 1/cm2c  * stotal      * sabs        * sfis.       * nu$sfis.    * 1/3*strans  *1/aver.veloci*aver power
  1  0.5090328E-03 0.4727895     0.1716368E-02 0.1314389E-03 0.3238785E-03 0.8204972     0.8081790E-05 0.1887000     0.3701692E-01
  2  0.4570304E-03 0.5340331     0.5205073E-02 0.3808404E-02 0.9262074E-02  4.607271     0.4273074E-03  1.779432     0.9629831    
                                       * matric. scat.cross. sec. from i to j  *
       i / j -->            1           2
       i        1 0.4672312     0.3841863E-02
       i        2 0.1393475E-04 0.5288140    
    ** n zone    2 vzone=  82938.     /  2
*grp*flux 1/cm2c  * stotal      * sabs        * sfis.       * nu$sfis.    * 1/3*strans  *1/aver.veloci*aver power
  1  0.2121793E-03 0.5107088     0.8353230E-05  0.000000      0.000000     0.7059436     0.1661960E-05  0.000000      0.000000    
  2  0.7189264E-03 0.5333770     0.2980105E-03  0.000000      0.000000      6.516368     0.2089072E-03  0.000000      0.000000    
                                       * matric. scat.cross. sec. from i to j  *
       i / j -->            1           2
       i        1 0.5023092     0.8391104E-02
       i        2 0.8091178E-05 0.5330709    
:stop                                                                           
