c:\users\user\desktop\cplusplus\unzzorro\x64\release\vc141.pdb
c:\users\user\desktop\cplusplus\unzzorro\x64\release\unzzorro.obj
c:\users\user\desktop\cplusplus\unzzorro\x64\release\unzzorro.ipdb
c:\users\user\desktop\cplusplus\unzzorro\x64\release\unzzorro.iobj
c:\users\user\desktop\cplusplus\unzzorro\x64\release\unzzorro.pdb
c:\users\user\desktop\cplusplus\unzzorro\x64\release\unzzorro.exe
c:\users\user\desktop\cplusplus\unzzorro\x64\release\unzzorro.tlog\cl.command.1.tlog
c:\users\user\desktop\cplusplus\unzzorro\x64\release\unzzorro.tlog\cl.read.1.tlog
c:\users\user\desktop\cplusplus\unzzorro\x64\release\unzzorro.tlog\cl.write.1.tlog
c:\users\user\desktop\cplusplus\unzzorro\x64\release\unzzorro.tlog\link-dw20-dwwin.read.10.tlog
c:\users\user\desktop\cplusplus\unzzorro\x64\release\unzzorro.tlog\link-dw20-dwwin.read.12.tlog
c:\users\user\desktop\cplusplus\unzzorro\x64\release\unzzorro.tlog\link-dw20-dwwin.read.2.tlog
c:\users\user\desktop\cplusplus\unzzorro\x64\release\unzzorro.tlog\link-dw20-dwwin.read.5.tlog
c:\users\user\desktop\cplusplus\unzzorro\x64\release\unzzorro.tlog\link-dw20-dwwin.read.7.tlog
c:\users\user\desktop\cplusplus\unzzorro\x64\release\unzzorro.tlog\link-dw20-dwwin.write.2.tlog
c:\users\user\desktop\cplusplus\unzzorro\x64\release\unzzorro.tlog\link-dw20.read.1.tlog
c:\users\user\desktop\cplusplus\unzzorro\x64\release\unzzorro.tlog\link.command.1.tlog
c:\users\user\desktop\cplusplus\unzzorro\x64\release\unzzorro.tlog\link.read.1.tlog
c:\users\user\desktop\cplusplus\unzzorro\x64\release\unzzorro.tlog\link.write.1.tlog
c:\users\user\desktop\cplusplus\unzzorro\x64\release\unzzorro.tlog\unzzorro.write.1u.tlog
