 *****          file of input data set *******
 *****          file of input data set *******
 *****          file of input data set *******
:poly
 &vvod
 @ 1 tvel  cell@   rcel(1,1)=2.524,2.958,4.000,4.400,13.129
                   ncelsos(1,1)=1,2,3,2,4
 @ 2 truba cell@   rcel(1,2)=0.750,13.129
                   ncelsos(1,2)=2,4,
                                                                                                                        
  t=      1.000e+03, 0.576e+03, 0.576e+03, 0.576e+03
@-----------------------------------------------------
  troiz=
 @          1 tvs0     2 zr_ob_tv    3 h2o      4 ñ
 @ *h*  @ 0.00000e+00 , 0.000000,  0.047600 , 0.000000 ,
 @ *o*  @ 0.00000e+00 , 0.000000,  0.023800 , 0.000000 ,
 @ zr   @ 0.00000e+00 , 0.042860,  0.000000 , 0.000000 ,
 @ fe   @ 0.00000e+00 , 0.000000,  0.000000 , 0.000000 ,
 @ nb   @ 0.00000e+00 , 0.000000,  0.000000 , 0.000000 ,
 @ hf   @ 0.00000e+00 , 0.000000,  0.000000 , 0.000000 ,
 @ ni   @ 0.00000e+00 , 0.000000,  0.000000 , 0.000000 ,
 @ cr   @ 0.00000e+00 , 0.000000,  0.000000 , 0.000000 ,
 @ o    @ 0.41923e-01 , 0.000000,  0.000000 , 0.000000 ,
 @ slag @ 0.60516e-03 , 0.000000,  0.000000 , 0.000000 ,
 @ tc99 @ 0.61734e-04 , 0.000000,  0.000000 , 0.000000 ,
 @ rh03 @ 0.41893e-04 , 0.000000,  0.000000 , 0.000000 ,
 @ ag09 @ 0.64218e-05 , 0.000000,  0.000000 , 0.000000 ,
 @ cd13 @ 0.14165e-07 , 0.000000,  0.000000 , 0.000000 ,
 @ xe35 @ 0.11533e-07 , 0.000000,  0.000000 , 0.000000 ,
 @ sm49 @ 0.16895e-06 , 0.000000,  0.000000 , 0.000000 ,
 @ sm51 @ 0.57537e-06 , 0.000000,  0.000000 , 0.000000 ,
 @ eu55 @ 0.53940e-06 , 0.000000,  0.000000 , 0.000000 ,
 @ gd55 @ 0.87998e-08 , 0.000000,  0.000000 , 0.000000 ,
 @ gd56 @ 0.39970e-06 , 0.000000,  0.000000 , 0.000000 ,
 @ gd57 @ 0.81115e-07 , 0.000000,  0.000000 , 0.000000 ,
 @ u235 @ 0.29077e-04 , 0.000000,  0.000000 , 0.000000 ,
 @ u236 @ 0.13352e-04 , 0.000000,  0.000000 , 0.000000 ,
 @ u238 @ 0.19122e-01 , 0.000000,  0.000000 , 0.000000 ,
 @ np37 @ 0.22274e-05 , 0.000000,  0.000000 , 0.000000 ,
 @ np39 @ 0.20187e-05 , 0.000000,  0.000000 , 0.000000 ,
 @ pu38 @ 0.39147e-05 , 0.000000,  0.000000 , 0.000000 ,
 @ pu39 @ 0.28066e-03 , 0.000000,  0.000000 , 0.000000 ,
 @ pu40 @ 0.15282e-03 , 0.000000,  0.000000 , 0.000000 ,
 @ pu41 @ 0.10139e-03 , 0.000000,  0.000000 , 0.000000 ,
 @ pu42 @ 0.36320e-04 , 0.000000,  0.000000 , 0.000000 ,
 @ am41 @ 0.52869e-05 , 0.000000,  0.000000 , 0.000000 ,
 @ am2m @ 0.11416e-06 , 0.000000,  0.000000 , 0.000000 ,
 @ am43 @ 0.10526e-04 , 0.000000,  0.000000 , 0.000000 ,
 @ cm42 @ 0.15923e-05 , 0.000000,  0.000000 , 0.000000 ,
 @ cm44 @ 0.58747e-05 , 0.000000,  0.000000 , 0.000000 ,
 @ cm45 @ 0.55700e-06 , 0.000000,  0.000000 , 0.000000 ,
 @ sm52 @ 0.44426e-05 , 0.000000,  0.000000 , 0.000000 ,
 @ xe31 @ 0.23796e-04 , 0.000000,  0.000000 , 0.000000 ,
 @ cs33 @ 0.64369e-04 , 0.000000,  0.000000 , 0.000000 ,
 @ nd45 @ 0.32072e-04 , 0.000000,  0.000000 , 0.000000 ,
 @ nd43 @ 0.41132e-04 , 0.000000,  0.000000 , 0.000000 ,
 @ pm47 @ 0.67236e-05 , 0.000000,  0.000000 , 0.000000 ,
 @ mo95 @ 0.53139e-04 , 0.000000,  0.000000 , 0.000000 ,
 @ cs34 @ 0.10119e-04 , 0.000000,  0.000000 , 0.000000 ,
 @ pr41 @ 0.63019e-04 , 0.000000,  0.000000 , 0.000000 ,
 @ pm48 @ 0.44302e-07 , 0.000000,  0.000000 , 0.000000 ,
 @ pm8m @ 0.10226e-06 , 0.000000,  0.000000 , 0.000000 ,
 @ rh05 @ 0.76765e-07 , 0.000000,  0.000000 , 0.000000 ,
 @ pm49 @ 0.45035e-07 , 0.000000,  0.000000 , 0.000000 ,
 @ kr83 @ 0.29502e-05 , 0.000000,  0.000000 , 0.000000 ,
 @ ru01 @ 0.55550e-04 , 0.000000,  0.000000 , 0.000000 ,
 @ pd05 @ 0.53147e-04 , 0.000000,  0.000000 , 0.000000 ,
 @ cs35 @ 0.36061e-04 , 0.000000,  0.000000 , 0.000000 ,
 @ sm50 @ 0.17046e-04 , 0.000000,  0.000000 , 0.000000 ,
 @ eu51 @ 0.54713e-06 , 0.000000,  0.000000 , 0.000000 ,
 @ eu53 @ 0.63786e-05 , 0.000000,  0.000000 , 0.000000 ,
 @ eu54 @ 0.20509e-05 , 0.000000,  0.000000 , 0.000000 ,
 @ gd54 @ 0.27216e-06 , 0.000000,  0.000000 , 0.000000 ,
 @ am42 @ 0.96974e-08 , 0.000000,  0.000000 , 0.000000 ,
 @ cm43 @ 0.56532e-07 , 0.000000,  0.000000 , 0.000000 ,
 @*c*   @ 0.000000000 , 0.000000,  0.000000 , 0.475000 ,
 @ b-10 @  0.000000   , 0.000000 , 0.000011 , 0.000000 ,
@----------------------------------------------------
 ntcell=1,2
krat= 18,1
alout=
     0.98718, 0.01282,
     0.00000, 1.00000,
                                                                                                                        
 material(1)='chmc',
 &end
*h*
*o*
zr
fe
nb
hf
ni
cr
o
slag
tc99
rh03
ag09
cd13
xe35
sm49
sm51
eu55
gd55
gd56
gd57
u235
u236
u238
np37
np39
pu38
pu39
pu40
pu41
pu42
am41
am2m
am43
cm42
cm44
cm45
sm52
xe31
cs33
nd45
nd43
pm47
mo95
cs34
pr41
pm48
pm8m
rh05
pm49
kr83
ru01
pd05
cs35
sm50
eu51
eu53
eu54
gd54
am42
cm43
*c*
b-10
****
:corr
 &vvod &end
:fier
 &vvod &end
:macro
 &vvod
  et=10.5e+6,2.15,2.15,0.,
 @nbv=1,1,1,1,1,1,1,1,1,1,1,1,1,1,
 &end
@:stop
:dina
 &vvod
 &end
:fier
 &vvod &end
                                                                                                                        
@ 1 step - 365. days!----------
:burn
 &vvod qv=110,dtim=365.0,
 &end
:corr
 &vvod &end
:fier
 &vvod &end
 @ 2 step - 365. days!----------
:burn
 &vvod qv=110,dtim=365.0,
 &end
:corr
 &vvod &end
:fier
 &vvod &end
 @ 3 step - 365. days!----------
:burn
 &vvod qv=110,dtim=365.0,
 &end
:corr
 &vvod &end
:fier
 &vvod &end
                                                                                                                        
:stop
 ***** end of   file of input data set *******
:poly                                                                           
  rout and rin were constructed
Rout= 2.524, 2.958, 4.000, 4.400,13.129, 0.750,13.129,
Rin = 0.000, 2.524, 2.958, 4.000, 4.400, 0.000, 0.750,
  nsos  was constructed
nsos=  1,  2,  3,  2,  4,  2,  4,
 definition izotr in sos           1:izotr=   24.00000    
  *******<< check input data>> programm declare *******
    --undeclared parametr--cefzad  -- programm standart value --cefzad  =  0.100000E+01
  *******<< check input data>> programm declare *******
    --undeclared parametr--bakl    -- programm standart value --bakl    =  0.000000E+00
  *******<< check input data>> programm declare *******
    --undeclared parametr--alin    -- programm standart value --alin    =  0.000000E+00  0.000000E+00
     0.000000E+00  0.000000E+00
  *******<< check input data>> programm declare *******
    --undeclared parametr--alcorr  -- programm standart value --alcorr  =  0.100000E+01  0.100000E+01
     0.100000E+01  0.100000E+01
  *******<< check input data>> programm declare *******
    --undeclared parametr--nbv     -- programm standart value --nbv     =    1    1    1    1    1    1
       1
  *******<< check input data>> programm declare *******
    --undeclared parametr--et      -- programm standart value --et      =  0.105000E+08  0.215000E+01
     0.215000E+01  0.000000E+00
    ????  storage for pr. getter =      700 ?? common /rrr/ rab(        0 )  ????
 ------------------------------------------------------------------------------
  backling =  0.0000000E+00
 ------------------------------------------------------------------------------
  number of cells =           2
          cell number    1  number of zone= 5
 << geometry characteristics >>
    geometry of cell- cilindrical index=           2
  kratnost of cell =   18.00000    
  inner radius of cell =  0.0000000E+00
  out square ratio =  0.9871800      1.2820000E-02
 ------------------------------------------------------------------------------
 num zone      1           2           3           4           5
 radius   0.25240E+01 0.29580E+01 0.40000E+01 0.44000E+01 0.13129E+02
 temper   0.10000E+04 0.57600E+03 0.57600E+03 0.57600E+03 0.57600E+03
 rez_izot    u238        bad         bad         bad         bad 
 ------------------------------------------------------------------------------
    izotop   /             concentration number of izotops=69
  1 *h*      0.00000E+00 0.00000E+00 0.47600E-01 0.00000E+00 0.00000E+00
  2 *o*      0.00000E+00 0.00000E+00 0.23800E-01 0.00000E+00 0.00000E+00
  3 zr       0.00000E+00 0.42860E-01 0.00000E+00 0.42860E-01 0.00000E+00
  9 o        0.41923E-01 0.00000E+00 0.00000E+00 0.00000E+00 0.00000E+00
 10 slag     0.60516E-03 0.00000E+00 0.00000E+00 0.00000E+00 0.00000E+00
 11 tc99     0.61734E-04 0.00000E+00 0.00000E+00 0.00000E+00 0.00000E+00
 12 rh03     0.41893E-04 0.00000E+00 0.00000E+00 0.00000E+00 0.00000E+00
 13 ag09     0.64218E-05 0.00000E+00 0.00000E+00 0.00000E+00 0.00000E+00
 14 cd13     0.14165E-07 0.00000E+00 0.00000E+00 0.00000E+00 0.00000E+00
 15 xe35     0.11533E-07 0.00000E+00 0.00000E+00 0.00000E+00 0.00000E+00
 16 sm49     0.16895E-06 0.00000E+00 0.00000E+00 0.00000E+00 0.00000E+00
 17 sm51     0.57537E-06 0.00000E+00 0.00000E+00 0.00000E+00 0.00000E+00
 18 eu55     0.53940E-06 0.00000E+00 0.00000E+00 0.00000E+00 0.00000E+00
 19 gd55     0.87998E-08 0.00000E+00 0.00000E+00 0.00000E+00 0.00000E+00
 20 gd56     0.39970E-06 0.00000E+00 0.00000E+00 0.00000E+00 0.00000E+00
 21 gd57     0.81115E-07 0.00000E+00 0.00000E+00 0.00000E+00 0.00000E+00
 22 u235     0.29077E-04 0.00000E+00 0.00000E+00 0.00000E+00 0.00000E+00
 23 u236     0.13352E-04 0.00000E+00 0.00000E+00 0.00000E+00 0.00000E+00
 24 u238     0.19122E-01 0.00000E+00 0.00000E+00 0.00000E+00 0.00000E+00
 25 np37     0.22274E-05 0.00000E+00 0.00000E+00 0.00000E+00 0.00000E+00
 26 np39     0.20187E-05 0.00000E+00 0.00000E+00 0.00000E+00 0.00000E+00
 27 pu38     0.39147E-05 0.00000E+00 0.00000E+00 0.00000E+00 0.00000E+00
 28 pu39     0.28066E-03 0.00000E+00 0.00000E+00 0.00000E+00 0.00000E+00
 29 pu40     0.15282E-03 0.00000E+00 0.00000E+00 0.00000E+00 0.00000E+00
 30 pu41     0.10139E-03 0.00000E+00 0.00000E+00 0.00000E+00 0.00000E+00
 31 pu42     0.36320E-04 0.00000E+00 0.00000E+00 0.00000E+00 0.00000E+00
 32 am41     0.52869E-05 0.00000E+00 0.00000E+00 0.00000E+00 0.00000E+00
 33 am2m     0.11416E-06 0.00000E+00 0.00000E+00 0.00000E+00 0.00000E+00
 34 am43     0.10526E-04 0.00000E+00 0.00000E+00 0.00000E+00 0.00000E+00
 35 cm42     0.15923E-05 0.00000E+00 0.00000E+00 0.00000E+00 0.00000E+00
 36 cm44     0.58747E-05 0.00000E+00 0.00000E+00 0.00000E+00 0.00000E+00
 37 cm45     0.55700E-06 0.00000E+00 0.00000E+00 0.00000E+00 0.00000E+00
 38 sm52     0.44426E-05 0.00000E+00 0.00000E+00 0.00000E+00 0.00000E+00
 39 xe31     0.23796E-04 0.00000E+00 0.00000E+00 0.00000E+00 0.00000E+00
 40 cs33     0.64369E-04 0.00000E+00 0.00000E+00 0.00000E+00 0.00000E+00
 41 nd45     0.32072E-04 0.00000E+00 0.00000E+00 0.00000E+00 0.00000E+00
 42 nd43     0.41132E-04 0.00000E+00 0.00000E+00 0.00000E+00 0.00000E+00
 43 pm47     0.67236E-05 0.00000E+00 0.00000E+00 0.00000E+00 0.00000E+00
 44 mo95     0.53139E-04 0.00000E+00 0.00000E+00 0.00000E+00 0.00000E+00
 45 cs34     0.10119E-04 0.00000E+00 0.00000E+00 0.00000E+00 0.00000E+00
 46 pr41     0.63019E-04 0.00000E+00 0.00000E+00 0.00000E+00 0.00000E+00
 47 pm48     0.44302E-07 0.00000E+00 0.00000E+00 0.00000E+00 0.00000E+00
 48 pm8m     0.10226E-06 0.00000E+00 0.00000E+00 0.00000E+00 0.00000E+00
 49 rh05     0.76765E-07 0.00000E+00 0.00000E+00 0.00000E+00 0.00000E+00
 50 pm49     0.45035E-07 0.00000E+00 0.00000E+00 0.00000E+00 0.00000E+00
 51 kr83     0.29502E-05 0.00000E+00 0.00000E+00 0.00000E+00 0.00000E+00
 52 ru01     0.55550E-04 0.00000E+00 0.00000E+00 0.00000E+00 0.00000E+00
 53 pd05     0.53147E-04 0.00000E+00 0.00000E+00 0.00000E+00 0.00000E+00
 54 cs35     0.36061E-04 0.00000E+00 0.00000E+00 0.00000E+00 0.00000E+00
 55 sm50     0.17046E-04 0.00000E+00 0.00000E+00 0.00000E+00 0.00000E+00
 56 eu51     0.54713E-06 0.00000E+00 0.00000E+00 0.00000E+00 0.00000E+00
 57 eu53     0.63786E-05 0.00000E+00 0.00000E+00 0.00000E+00 0.00000E+00
 58 eu54     0.20509E-05 0.00000E+00 0.00000E+00 0.00000E+00 0.00000E+00
 59 gd54     0.27216E-06 0.00000E+00 0.00000E+00 0.00000E+00 0.00000E+00
 60 am42     0.96974E-08 0.00000E+00 0.00000E+00 0.00000E+00 0.00000E+00
 61 cm43     0.56532E-07 0.00000E+00 0.00000E+00 0.00000E+00 0.00000E+00
 62 *c*      0.00000E+00 0.00000E+00 0.00000E+00 0.00000E+00 0.47500E+00
 63 b-10     0.00000E+00 0.00000E+00 0.11000E-04 0.00000E+00 0.00000E+00
 ------------------------------------------------------------------------------
  number of cells =           2
          cell number    2  number of zone= 2
 << geometry characteristics >>
    geometry of cell- cilindrical index=           2
  kratnost of cell =   1.000000    
  inner radius of cell =  0.0000000E+00
  out square ratio =  0.0000000E+00   1.000000    
 ------------------------------------------------------------------------------
 num zone      6           7
 radius   0.75000E+00 0.13129E+02
 temper   0.57600E+03 0.57600E+03
 rez_izot    bad         bad 
 ------------------------------------------------------------------------------
    izotop   /             concentration number of izotops=69
  3 zr       0.42860E-01 0.00000E+00
 62 *c*      0.00000E+00 0.47500E+00
    > CONSYST Program Ver: 98.01 > started at  0: 0: 0:  
    { Manturov G., E-mail: abbn@ippe.rssi.ru}
 
       -------------------------------
 
       CONSYST INPUT DATA READ FROM : cons.dat
       CONSYST PROTOCOL STORED IN   : RESULT
       GMF X-SECTION'S FILE         : OUT
       TEMPORARY FILE               : RAB
       ABBN BASIC DATA SET FROM     : ..\bin\Bnab90.lib
       ABBN MULTIC DATA SET FROM    : ..\bin\Bnabmlt.lib
       ABBN THERMAL DATA SET FROM   : ..\bin\BNABTHM.lib
 
    >   Include Thermal Matrix > H(H2O):BNABTHM.BIN   Temp=  500K
    >   Include Thermal Matrix > H(H2O):BNABTHM.BIN   Temp=  600K
    >   Include Thermal Matrix > C(GRAPH):BNABTHM.BIN   Temp=  500K
    >   Include Thermal Matrix > C(GRAPH):BNABTHM.BIN   Temp=  600K
    >   Include Thermal Matrix > C(GRAPH):BNABTHM.BIN   Temp=  500K
    >   Include Thermal Matrix > C(GRAPH):BNABTHM.BIN   Temp=  600K
    > CONSYST finished at  0: 0: 0:  
           6<therm. iter diverg. from   0.9195043    :  0.9400160    delta=
  5.0234795E-04
 iterr. convergated; n dev=           6
           6<therm. iter diverg. from   0.9195043    :  0.9188981    delta=
  3.9339066E-05
 iterr. convergated; n dev=           6
  therm numb. iteration more than          250iterration  aborted
 therm. calculation avoided
 therm. calculation avoided
 therm. calculation avoided
 therm. calculation avoided
 therm. calculation avoided
 therm. calculation avoided
 therm. calculation avoided
 therm. calculation avoided
 therm. calculation avoided
 *************************************************
   ***k(inf)=0.902797     ***k(itt)=0.902478     ***k(integ)=0.902797    ***
   **bakl=  0.0000     **length= 0.10000E+11  ***
   **matr.  alout*alcorr a(k,i)(k=1,ncel) ***
     * 0.98718     0.12820E-01
     *  0.0000      1.0000    
 lokal kner      in cell ,ru=           1=  0.9999999       1.000000    
 lokal kner      in cell ,ru=           2=  0.0000000E+00  0.6992736    
:corr                                                                           
 ------------------------------------------------------------------------------
  backling =  0.0000000E+00
 ------------------------------------------------------------------------------
  number of cells =           2
          cell number    1  number of zone= 5
 << geometry characteristics >>
    geometry of cell- cilindrical index=           2
  kratnost of cell =   18.00000    
  inner radius of cell =  0.0000000E+00
  out square ratio =  0.9871800      1.2820000E-02
 ------------------------------------------------------------------------------
 num zone      1           2           3           4           5
 radius   0.25240E+01 0.29580E+01 0.40000E+01 0.44000E+01 0.13129E+02
 temper   0.10000E+04 0.57600E+03 0.57600E+03 0.57600E+03 0.57600E+03
 rez_izot    u238        bad         bad         bad         bad 
 ------------------------------------------------------------------------------
    izotop   /             concentration number of izotops=69
  1 *h*      0.00000E+00 0.00000E+00 0.47600E-01 0.00000E+00 0.00000E+00
  2 *o*      0.00000E+00 0.00000E+00 0.23800E-01 0.00000E+00 0.00000E+00
  3 zr       0.00000E+00 0.42860E-01 0.00000E+00 0.42860E-01 0.00000E+00
  9 o        0.41923E-01 0.00000E+00 0.00000E+00 0.00000E+00 0.00000E+00
 10 slag     0.60516E-03 0.00000E+00 0.00000E+00 0.00000E+00 0.00000E+00
 11 tc99     0.61734E-04 0.00000E+00 0.00000E+00 0.00000E+00 0.00000E+00
 12 rh03     0.41893E-04 0.00000E+00 0.00000E+00 0.00000E+00 0.00000E+00
 13 ag09     0.64218E-05 0.00000E+00 0.00000E+00 0.00000E+00 0.00000E+00
 14 cd13     0.14165E-07 0.00000E+00 0.00000E+00 0.00000E+00 0.00000E+00
 15 xe35     0.11533E-07 0.00000E+00 0.00000E+00 0.00000E+00 0.00000E+00
 16 sm49     0.16895E-06 0.00000E+00 0.00000E+00 0.00000E+00 0.00000E+00
 17 sm51     0.57537E-06 0.00000E+00 0.00000E+00 0.00000E+00 0.00000E+00
 18 eu55     0.53940E-06 0.00000E+00 0.00000E+00 0.00000E+00 0.00000E+00
 19 gd55     0.87998E-08 0.00000E+00 0.00000E+00 0.00000E+00 0.00000E+00
 20 gd56     0.39970E-06 0.00000E+00 0.00000E+00 0.00000E+00 0.00000E+00
 21 gd57     0.81115E-07 0.00000E+00 0.00000E+00 0.00000E+00 0.00000E+00
 22 u235     0.29077E-04 0.00000E+00 0.00000E+00 0.00000E+00 0.00000E+00
 23 u236     0.13352E-04 0.00000E+00 0.00000E+00 0.00000E+00 0.00000E+00
 24 u238     0.19122E-01 0.00000E+00 0.00000E+00 0.00000E+00 0.00000E+00
 25 np37     0.22274E-05 0.00000E+00 0.00000E+00 0.00000E+00 0.00000E+00
 26 np39     0.20187E-05 0.00000E+00 0.00000E+00 0.00000E+00 0.00000E+00
 27 pu38     0.39147E-05 0.00000E+00 0.00000E+00 0.00000E+00 0.00000E+00
 28 pu39     0.28066E-03 0.00000E+00 0.00000E+00 0.00000E+00 0.00000E+00
 29 pu40     0.15282E-03 0.00000E+00 0.00000E+00 0.00000E+00 0.00000E+00
 30 pu41     0.10139E-03 0.00000E+00 0.00000E+00 0.00000E+00 0.00000E+00
 31 pu42     0.36320E-04 0.00000E+00 0.00000E+00 0.00000E+00 0.00000E+00
 32 am41     0.52869E-05 0.00000E+00 0.00000E+00 0.00000E+00 0.00000E+00
 33 am2m     0.11416E-06 0.00000E+00 0.00000E+00 0.00000E+00 0.00000E+00
 34 am43     0.10526E-04 0.00000E+00 0.00000E+00 0.00000E+00 0.00000E+00
 35 cm42     0.15923E-05 0.00000E+00 0.00000E+00 0.00000E+00 0.00000E+00
 36 cm44     0.58747E-05 0.00000E+00 0.00000E+00 0.00000E+00 0.00000E+00
 37 cm45     0.55700E-06 0.00000E+00 0.00000E+00 0.00000E+00 0.00000E+00
 38 sm52     0.44426E-05 0.00000E+00 0.00000E+00 0.00000E+00 0.00000E+00
 39 xe31     0.23796E-04 0.00000E+00 0.00000E+00 0.00000E+00 0.00000E+00
 40 cs33     0.64369E-04 0.00000E+00 0.00000E+00 0.00000E+00 0.00000E+00
 41 nd45     0.32072E-04 0.00000E+00 0.00000E+00 0.00000E+00 0.00000E+00
 42 nd43     0.41132E-04 0.00000E+00 0.00000E+00 0.00000E+00 0.00000E+00
 43 pm47     0.67236E-05 0.00000E+00 0.00000E+00 0.00000E+00 0.00000E+00
 44 mo95     0.53139E-04 0.00000E+00 0.00000E+00 0.00000E+00 0.00000E+00
 45 cs34     0.10119E-04 0.00000E+00 0.00000E+00 0.00000E+00 0.00000E+00
 46 pr41     0.63019E-04 0.00000E+00 0.00000E+00 0.00000E+00 0.00000E+00
 47 pm48     0.44302E-07 0.00000E+00 0.00000E+00 0.00000E+00 0.00000E+00
 48 pm8m     0.10226E-06 0.00000E+00 0.00000E+00 0.00000E+00 0.00000E+00
 49 rh05     0.76765E-07 0.00000E+00 0.00000E+00 0.00000E+00 0.00000E+00
 50 pm49     0.45035E-07 0.00000E+00 0.00000E+00 0.00000E+00 0.00000E+00
 51 kr83     0.29502E-05 0.00000E+00 0.00000E+00 0.00000E+00 0.00000E+00
 52 ru01     0.55550E-04 0.00000E+00 0.00000E+00 0.00000E+00 0.00000E+00
 53 pd05     0.53147E-04 0.00000E+00 0.00000E+00 0.00000E+00 0.00000E+00
 54 cs35     0.36061E-04 0.00000E+00 0.00000E+00 0.00000E+00 0.00000E+00
 55 sm50     0.17046E-04 0.00000E+00 0.00000E+00 0.00000E+00 0.00000E+00
 56 eu51     0.54713E-06 0.00000E+00 0.00000E+00 0.00000E+00 0.00000E+00
 57 eu53     0.63786E-05 0.00000E+00 0.00000E+00 0.00000E+00 0.00000E+00
 58 eu54     0.20509E-05 0.00000E+00 0.00000E+00 0.00000E+00 0.00000E+00
 59 gd54     0.27216E-06 0.00000E+00 0.00000E+00 0.00000E+00 0.00000E+00
 60 am42     0.96974E-08 0.00000E+00 0.00000E+00 0.00000E+00 0.00000E+00
 61 cm43     0.56532E-07 0.00000E+00 0.00000E+00 0.00000E+00 0.00000E+00
 62 *c*      0.00000E+00 0.00000E+00 0.00000E+00 0.00000E+00 0.47500E+00
 63 b-10     0.00000E+00 0.00000E+00 0.11000E-04 0.00000E+00 0.00000E+00
 ------------------------------------------------------------------------------
  number of cells =           2
          cell number    2  number of zone= 2
 << geometry characteristics >>
    geometry of cell- cilindrical index=           2
  kratnost of cell =   1.000000    
  inner radius of cell =  0.0000000E+00
  out square ratio =  0.0000000E+00   1.000000    
 ------------------------------------------------------------------------------
 num zone      6           7
 radius   0.75000E+00 0.13129E+02
 temper   0.57600E+03 0.57600E+03
 rez_izot    bad         bad 
 ------------------------------------------------------------------------------
    izotop   /             concentration number of izotops=69
  3 zr       0.42860E-01 0.00000E+00
 62 *c*      0.00000E+00 0.47500E+00
:fier                                                                           
 condensation boundary was changed from  0.21500E+01 to  0.21544E+01
*** 4 *** ;egr=  2.1544    
    keff         nu           mu           fi           teta
  0.90280       1.3953       1.1078      0.91452      0.63863    
 s0z(n)=   0.2295525      0.0000000E+00  0.0000000E+00  0.0000000E+00
  0.0000000E+00  0.0000000E+00  0.0000000E+00
:macro                                                                          
 condensation boundary was changed from  0.21500E+01 to  0.21544E+01
 condensation boundary was changed from  0.21500E+01 to  0.21544E+01
    -------------------------------------------------------------------------------
    * n group   * e(i)        * e(i+1)      *spect neutron fission  *
          1       0.10500E+08    2.1544           0.99889    
          2        2.1544        0.0000           0.13082E-08
    *******************************************************************************
                                       **    macro cross section    **
    *******************************************************************************
    ** n zone    1 vzone=  10289.     /  1  2  3  4  5  6  7
*grp*flux 1/cm2c  * stotal      * sabs        * sfis.       * nu$sfis.    * 1/3*strans  *1/aver.veloci*aver power
  1  0.4444419E-02  1.609453     0.1865169E-02 0.6657370E-03 0.1915742E-02 0.4241562     0.2568051E-05  1.027115     0.9691450E-01
  2  0.1761892E-01  2.210201     0.5043049E-02 0.1564870E-02 0.4493822E-02 0.5305737     0.5000713E-03 0.8910923     0.9030855    
                                       * matric. scat.cross. sec. from i to j  *
       i / j -->            1           2
       i        1  1.587330     0.2024878E-01
       i        2 0.5711916E-04  2.205100    
:dina                                                                           
    -------------------------------------------------------------------------------
    * n group   * e(i)        * e(i+1)
          1       0.20000E+08    0.0000    
    -------------------------------------------------------------------------------
          fraction of delay neutrons -betaj
           beta`j
           one group beta * 10e-4
  
          condensated zone : 1
 nt      1           2           3           4           5           6
 ne: 1 0.74676      8.5832      6.2052      12.690      4.2919      2.4973    
 ne: 1 0.21327E-01 0.24514     0.17722     0.36242     0.12258     0.71322E-01
       35.01404    
    -------------------------------------------------------------------------------
    * n group   * e(i)        * e(i+1)
          1       0.20000E+08    0.0000    
    -------------------------------------------------------------------------------
          decay constant -lambdaj
           one group lambda
  
          condensated zone : 1
 nt      1           2           3           4           5           6
 ne: 1 0.12500E-01 0.31469E-01 0.12859     0.33135      1.0721      2.5310    
 1-group lambda   8.2573019E-02
    -------------------------------------------------------------------------------
    * n group   * e(i)        * e(i+1)
          1       0.20000E+08    0.0000    
    -------------------------------------------------------------------------------
          spectrum -xj
  
          condensated zone : 1
 nt      1           2           3           4           5           6
 ne: 1 0.61584E-04  0.0000      0.0000     0.23058E-04-0.11657E-04  0.0000    
    -------------------------------------------------------------------------------
    * n group   * e(i)        * e(i+1)
          1       0.10500E+08    0.0000    
    -------------------------------------------------------------------------------
          production part constant -alfa (id xe pm)
  
          condensated zone : 1
           1  6.4485624E-02  2.0743592E-03  1.3372451E-02
:fier                                                                           
 condensation boundary was changed from  0.21500E+01 to  0.21544E+01
*** 4 *** ;egr=  2.1544    
    keff         nu           mu           fi           teta
  0.90280       1.3953       1.1078      0.91452      0.63863    
 s0z(n)=   0.2295525      0.0000000E+00  0.0000000E+00  0.0000000E+00
  0.0000000E+00  0.0000000E+00  0.0000000E+00
:burn                                                                           
 *** average burn up =   53.255     (mbt*day)/(kg hm)
    > CONSYST Program Ver: 98.01 > started at  0: 0: 0:  
    { Manturov G., E-mail: abbn@ippe.rssi.ru}
 
       -------------------------------
 
       CONSYST INPUT DATA READ FROM : cons.dat
       CONSYST PROTOCOL STORED IN   : RESULT
       GMF X-SECTION'S FILE         : OUT
       TEMPORARY FILE               : RAB
       ABBN BASIC DATA SET FROM     : ..\bin\Bnab90.lib
       ABBN MULTIC DATA SET FROM    : ..\bin\Bnabmlt.lib
       ABBN THERMAL DATA SET FROM   : ..\bin\BNABTHM.lib
 
    >   Include Thermal Matrix > H(H2O):BNABTHM.BIN   Temp=  500K
    >   Include Thermal Matrix > H(H2O):BNABTHM.BIN   Temp=  600K
    >   Include Thermal Matrix > C(GRAPH):BNABTHM.BIN   Temp=  500K
    >   Include Thermal Matrix > C(GRAPH):BNABTHM.BIN   Temp=  600K
    >   Include Thermal Matrix > C(GRAPH):BNABTHM.BIN   Temp=  500K
    >   Include Thermal Matrix > C(GRAPH):BNABTHM.BIN   Temp=  600K
    > CONSYST finished at  0: 0: 0:  
 therm. calculation avoided
 therm. calculation avoided
 therm. calculation avoided
 therm. calculation avoided
 therm. calculation avoided
 therm. calculation avoided
 therm. calculation avoided
 therm. calculation avoided
 therm. calculation avoided
 *************************************************
   ***k(inf)=0.591738     ***k(itt)=0.591744     ***k(integ)=0.591738    ***
   **bakl=  0.0000     **length= 0.10000E+11  ***
   **matr.  alout*alcorr a(k,i)(k=1,ncel) ***
     * 0.98718     0.12820E-01
     *  0.0000      1.0000    
 lokal kner      in cell ,ru=           1=   1.000000      0.9999999    
 lokal kner      in cell ,ru=           2=  0.0000000E+00  0.9782155    
:corr                                                                           
 ------------------------------------------------------------------------------
  backling =  0.0000000E+00
 ------------------------------------------------------------------------------
  number of cells =           2
          cell number    1  number of zone= 5
 << geometry characteristics >>
    geometry of cell- cilindrical index=           2
  kratnost of cell =   18.00000    
  inner radius of cell =  0.0000000E+00
  out square ratio =  0.9871800      1.2820000E-02
 ------------------------------------------------------------------------------
 num zone      1           2           3           4           5
 radius   0.25240E+01 0.29580E+01 0.40000E+01 0.44000E+01 0.13129E+02
 temper   0.10000E+04 0.57600E+03 0.57600E+03 0.57600E+03 0.57600E+03
 rez_izot    u238        bad         bad         bad         bad 
 ------------------------------------------------------------------------------
    izotop   /             concentration number of izotops=69
  1 *h*      0.00000E+00 0.00000E+00 0.47600E-01 0.00000E+00 0.00000E+00
  2 *o*      0.00000E+00 0.00000E+00 0.23800E-01 0.00000E+00 0.00000E+00
  3 zr       0.00000E+00 0.42860E-01 0.00000E+00 0.42860E-01 0.00000E+00
  9 o        0.41923E-01 0.00000E+00 0.00000E+00 0.00000E+00 0.00000E+00
 10 slag     0.13744E-02 0.00000E+00 0.00000E+00 0.00000E+00 0.00000E+00
 11 tc99     0.10733E-03 0.00000E+00 0.00000E+00 0.00000E+00 0.00000E+00
 12 rh03     0.44624E-04 0.00000E+00 0.00000E+00 0.00000E+00 0.00000E+00
 13 ag09     0.94959E-05 0.00000E+00 0.00000E+00 0.00000E+00 0.00000E+00
 14 cd13     0.21849E-08 0.00000E+00 0.00000E+00 0.00000E+00 0.00000E+00
 15 xe35     0.25760E-08 0.00000E+00 0.00000E+00 0.00000E+00 0.00000E+00
 16 sm49     0.33555E-07 0.00000E+00 0.00000E+00 0.00000E+00 0.00000E+00
 17 sm51     0.10531E-06 0.00000E+00 0.00000E+00 0.00000E+00 0.00000E+00
 18 eu55     0.77164E-06 0.00000E+00 0.00000E+00 0.00000E+00 0.00000E+00
 19 gd55     0.73093E-09 0.00000E+00 0.00000E+00 0.00000E+00 0.00000E+00
 20 gd56     0.15616E-06 0.00000E+00 0.00000E+00 0.00000E+00 0.00000E+00
 21 gd57     0.30281E-07 0.00000E+00 0.00000E+00 0.00000E+00 0.00000E+00
 22 u235     0.53434E-06 0.00000E+00 0.00000E+00 0.00000E+00 0.00000E+00
 23 u236     0.14795E-04 0.00000E+00 0.00000E+00 0.00000E+00 0.00000E+00
 24 u238     0.18350E-01 0.00000E+00 0.00000E+00 0.00000E+00 0.00000E+00
 25 np37     0.18476E-05 0.00000E+00 0.00000E+00 0.00000E+00 0.00000E+00
 26 np39     0.53971E-05 0.00000E+00 0.00000E+00 0.00000E+00 0.00000E+00
 27 pu38     0.19254E-05 0.00000E+00 0.00000E+00 0.00000E+00 0.00000E+00
 28 pu39     0.60183E-04 0.00000E+00 0.00000E+00 0.00000E+00 0.00000E+00
 29 pu40     0.91076E-04 0.00000E+00 0.00000E+00 0.00000E+00 0.00000E+00
 30 pu41     0.22615E-04 0.00000E+00 0.00000E+00 0.00000E+00 0.00000E+00
 31 pu42     0.95649E-04 0.00000E+00 0.00000E+00 0.00000E+00 0.00000E+00
 32 am41     0.28349E-06 0.00000E+00 0.00000E+00 0.00000E+00 0.00000E+00
 33 am2m     0.28723E-08 0.00000E+00 0.00000E+00 0.00000E+00 0.00000E+00
 34 am43     0.24514E-04 0.00000E+00 0.00000E+00 0.00000E+00 0.00000E+00
 35 cm42     0.17436E-05 0.00000E+00 0.00000E+00 0.00000E+00 0.00000E+00
 36 cm44     0.22631E-04 0.00000E+00 0.00000E+00 0.00000E+00 0.00000E+00
 37 cm45     0.49666E-06 0.00000E+00 0.00000E+00 0.00000E+00 0.00000E+00
 38 sm52     0.57989E-05 0.00000E+00 0.00000E+00 0.00000E+00 0.00000E+00
 39 xe31     0.32442E-04 0.00000E+00 0.00000E+00 0.00000E+00 0.00000E+00
 40 cs33     0.10717E-03 0.00000E+00 0.00000E+00 0.00000E+00 0.00000E+00
 41 nd45     0.49630E-04 0.00000E+00 0.00000E+00 0.00000E+00 0.00000E+00
 42 nd43     0.23857E-04 0.00000E+00 0.00000E+00 0.00000E+00 0.00000E+00
 43 pm47     0.98917E-05 0.00000E+00 0.00000E+00 0.00000E+00 0.00000E+00
 44 mo95     0.92623E-04 0.00000E+00 0.00000E+00 0.00000E+00 0.00000E+00
 45 cs34     0.20474E-04 0.00000E+00 0.00000E+00 0.00000E+00 0.00000E+00
 46 pr41     0.11343E-03 0.00000E+00 0.00000E+00 0.00000E+00 0.00000E+00
 47 pm48     0.14862E-06 0.00000E+00 0.00000E+00 0.00000E+00 0.00000E+00
 48 pm8m     0.35993E-07 0.00000E+00 0.00000E+00 0.00000E+00 0.00000E+00
 49 rh05     0.14389E-06 0.00000E+00 0.00000E+00 0.00000E+00 0.00000E+00
 50 pm49     0.18901E-06 0.00000E+00 0.00000E+00 0.00000E+00 0.00000E+00
 51 kr83     0.26824E-05 0.00000E+00 0.00000E+00 0.00000E+00 0.00000E+00
 52 ru01     0.10237E-03 0.00000E+00 0.00000E+00 0.00000E+00 0.00000E+00
 53 pd05     0.75076E-04 0.00000E+00 0.00000E+00 0.00000E+00 0.00000E+00
 54 cs35     0.35136E-04 0.00000E+00 0.00000E+00 0.00000E+00 0.00000E+00
 55 sm50     0.26309E-04 0.00000E+00 0.00000E+00 0.00000E+00 0.00000E+00
 56 eu51     0.62095E-06 0.00000E+00 0.00000E+00 0.00000E+00 0.00000E+00
 57 eu53     0.97809E-05 0.00000E+00 0.00000E+00 0.00000E+00 0.00000E+00
 58 eu54     0.12311E-05 0.00000E+00 0.00000E+00 0.00000E+00 0.00000E+00
 59 gd54     0.34318E-06 0.00000E+00 0.00000E+00 0.00000E+00 0.00000E+00
 60 am42     0.33370E-08 0.00000E+00 0.00000E+00 0.00000E+00 0.00000E+00
 61 cm43     0.63861E-07 0.00000E+00 0.00000E+00 0.00000E+00 0.00000E+00
 62 *c*      0.00000E+00 0.00000E+00 0.00000E+00 0.00000E+00 0.47500E+00
 ------------------------------------------------------------------------------
  number of cells =           2
          cell number    2  number of zone= 2
 << geometry characteristics >>
    geometry of cell- cilindrical index=           2
  kratnost of cell =   1.000000    
  inner radius of cell =  0.0000000E+00
  out square ratio =  0.0000000E+00   1.000000    
 ------------------------------------------------------------------------------
 num zone      6           7
 radius   0.75000E+00 0.13129E+02
 temper   0.57600E+03 0.57600E+03
 rez_izot    bad         bad 
 ------------------------------------------------------------------------------
    izotop   /             concentration number of izotops=69
  3 zr       0.42860E-01 0.00000E+00
 62 *c*      0.00000E+00 0.47500E+00
:fier                                                                           
 condensation boundary was changed from  0.21500E+01 to  0.21544E+01
*** 4 *** ;egr=  2.1544    
    keff         nu           mu           fi           teta
  0.59174      0.87309       1.1176      0.92078      0.65864    
 s0z(n)=   0.2295525      0.0000000E+00  0.0000000E+00  0.0000000E+00
  0.0000000E+00  0.0000000E+00  0.0000000E+00
:burn                                                                           
 *** average burn up =   155.94     (mbt*day)/(kg hm)
    > CONSYST Program Ver: 98.01 > started at  0: 0: 0:  
    { Manturov G., E-mail: abbn@ippe.rssi.ru}
 
       -------------------------------
 
       CONSYST INPUT DATA READ FROM : cons.dat
       CONSYST PROTOCOL STORED IN   : RESULT
       GMF X-SECTION'S FILE         : OUT
       TEMPORARY FILE               : RAB
       ABBN BASIC DATA SET FROM     : ..\bin\Bnab90.lib
       ABBN MULTIC DATA SET FROM    : ..\bin\Bnabmlt.lib
       ABBN THERMAL DATA SET FROM   : ..\bin\BNABTHM.lib
 
    >   Include Thermal Matrix > H(H2O):BNABTHM.BIN   Temp=  500K
    >   Include Thermal Matrix > H(H2O):BNABTHM.BIN   Temp=  600K
    >   Include Thermal Matrix > C(GRAPH):BNABTHM.BIN   Temp=  500K
    >   Include Thermal Matrix > C(GRAPH):BNABTHM.BIN   Temp=  600K
    >   Include Thermal Matrix > C(GRAPH):BNABTHM.BIN   Temp=  500K
    >   Include Thermal Matrix > C(GRAPH):BNABTHM.BIN   Temp=  600K
    > CONSYST finished at  0: 0: 0:  
           6<therm. iter diverg. from   0.9255286    :  0.9253250    delta=
  2.0861626E-05
 iterr. convergated; n dev=           6
           6<therm. iter diverg. from   0.9255286    :  0.9252706    delta=
  8.5830688E-06
 iterr. convergated; n dev=           6
  therm numb. iteration more than          250iterration  aborted
 therm. calculation avoided
 therm. calculation avoided
 therm. calculation avoided
 therm. calculation avoided
 therm. calculation avoided
 therm. calculation avoided
 therm. calculation avoided
 therm. calculation avoided
 therm. calculation avoided
 *************************************************
   ***k(inf)=0.441508     ***k(itt)=0.441436     ***k(integ)=0.441508    ***
   **bakl=  0.0000     **length= 0.10000E+11  ***
   **matr.  alout*alcorr a(k,i)(k=1,ncel) ***
     * 0.98718     0.12820E-01
     *  0.0000      1.0000    
 lokal kner      in cell ,ru=           1=   1.000000       1.000000    
 lokal kner      in cell ,ru=           2=  0.0000000E+00   1.570690    
:corr                                                                           
 ------------------------------------------------------------------------------
  backling =  0.0000000E+00
 ------------------------------------------------------------------------------
  number of cells =           2
          cell number    1  number of zone= 5
 << geometry characteristics >>
    geometry of cell- cilindrical index=           2
  kratnost of cell =   18.00000    
  inner radius of cell =  0.0000000E+00
  out square ratio =  0.9871800      1.2820000E-02
 ------------------------------------------------------------------------------
 num zone      1           2           3           4           5
 radius   0.25240E+01 0.29580E+01 0.40000E+01 0.44000E+01 0.13129E+02
 temper   0.10000E+04 0.57600E+03 0.57600E+03 0.57600E+03 0.57600E+03
 rez_izot    u238        bad         bad         bad         bad 
 ------------------------------------------------------------------------------
    izotop   /             concentration number of izotops=69
  1 *h*      0.00000E+00 0.00000E+00 0.47600E-01 0.00000E+00 0.00000E+00
  2 *o*      0.00000E+00 0.00000E+00 0.23800E-01 0.00000E+00 0.00000E+00
  3 zr       0.00000E+00 0.42860E-01 0.00000E+00 0.42860E-01 0.00000E+00
  9 o        0.41923E-01 0.00000E+00 0.00000E+00 0.00000E+00 0.00000E+00
 10 slag     0.31056E-02 0.00000E+00 0.00000E+00 0.00000E+00 0.00000E+00
 11 tc99     0.13798E-03 0.00000E+00 0.00000E+00 0.00000E+00 0.00000E+00
 12 rh03     0.23135E-04 0.00000E+00 0.00000E+00 0.00000E+00 0.00000E+00
 13 ag09     0.70776E-05 0.00000E+00 0.00000E+00 0.00000E+00 0.00000E+00
 14 cd13     0.11361E-08 0.00000E+00 0.00000E+00 0.00000E+00 0.00000E+00
 15 xe35     0.13920E-08 0.00000E+00 0.00000E+00 0.00000E+00 0.00000E+00
 16 sm49     0.19118E-07 0.00000E+00 0.00000E+00 0.00000E+00 0.00000E+00
 17 sm51     0.52946E-07 0.00000E+00 0.00000E+00 0.00000E+00 0.00000E+00
 18 eu55     0.54819E-06 0.00000E+00 0.00000E+00 0.00000E+00 0.00000E+00
 19 gd55     0.17954E-09 0.00000E+00 0.00000E+00 0.00000E+00 0.00000E+00
 20 gd56     0.90955E-07 0.00000E+00 0.00000E+00 0.00000E+00 0.00000E+00
 21 gd57     0.17603E-07 0.00000E+00 0.00000E+00 0.00000E+00 0.00000E+00
 22 u235     0.16051E-13 0.00000E+00 0.00000E+00 0.00000E+00 0.00000E+00
 23 u236     0.10070E-04 0.00000E+00 0.00000E+00 0.00000E+00 0.00000E+00
 24 u238     0.16401E-01 0.00000E+00 0.00000E+00 0.00000E+00 0.00000E+00
 25 np37     0.70734E-06 0.00000E+00 0.00000E+00 0.00000E+00 0.00000E+00
 26 np39     0.14713E-04 0.00000E+00 0.00000E+00 0.00000E+00 0.00000E+00
 27 pu38     0.30554E-06 0.00000E+00 0.00000E+00 0.00000E+00 0.00000E+00
 28 pu39     0.35044E-04 0.00000E+00 0.00000E+00 0.00000E+00 0.00000E+00
 29 pu40     0.54493E-04 0.00000E+00 0.00000E+00 0.00000E+00 0.00000E+00
 30 pu41     0.11357E-04 0.00000E+00 0.00000E+00 0.00000E+00 0.00000E+00
 31 pu42     0.13641E-03 0.00000E+00 0.00000E+00 0.00000E+00 0.00000E+00
 32 am41     0.25918E-07 0.00000E+00 0.00000E+00 0.00000E+00 0.00000E+00
 33 am2m     0.24266E-09 0.00000E+00 0.00000E+00 0.00000E+00 0.00000E+00
 34 am43     0.32584E-04 0.00000E+00 0.00000E+00 0.00000E+00 0.00000E+00
 35 cm42     0.36696E-06 0.00000E+00 0.00000E+00 0.00000E+00 0.00000E+00
 36 cm44     0.70519E-04 0.00000E+00 0.00000E+00 0.00000E+00 0.00000E+00
 37 cm45     0.86062E-06 0.00000E+00 0.00000E+00 0.00000E+00 0.00000E+00
 38 sm52     0.39817E-05 0.00000E+00 0.00000E+00 0.00000E+00 0.00000E+00
 39 xe31     0.22693E-04 0.00000E+00 0.00000E+00 0.00000E+00 0.00000E+00
 40 cs33     0.12029E-03 0.00000E+00 0.00000E+00 0.00000E+00 0.00000E+00
 41 nd45     0.44954E-04 0.00000E+00 0.00000E+00 0.00000E+00 0.00000E+00
 42 nd43     0.93724E-05 0.00000E+00 0.00000E+00 0.00000E+00 0.00000E+00
 43 pm47     0.69894E-05 0.00000E+00 0.00000E+00 0.00000E+00 0.00000E+00
 44 mo95     0.12962E-03 0.00000E+00 0.00000E+00 0.00000E+00 0.00000E+00
 45 cs34     0.28215E-04 0.00000E+00 0.00000E+00 0.00000E+00 0.00000E+00
 46 pr41     0.16844E-03 0.00000E+00 0.00000E+00 0.00000E+00 0.00000E+00
 47 pm48     0.19584E-06 0.00000E+00 0.00000E+00 0.00000E+00 0.00000E+00
 48 pm8m     0.18795E-07 0.00000E+00 0.00000E+00 0.00000E+00 0.00000E+00
 49 rh05     0.15336E-06 0.00000E+00 0.00000E+00 0.00000E+00 0.00000E+00
 50 pm49     0.46744E-06 0.00000E+00 0.00000E+00 0.00000E+00 0.00000E+00
 51 kr83     0.11298E-05 0.00000E+00 0.00000E+00 0.00000E+00 0.00000E+00
 52 ru01     0.17090E-03 0.00000E+00 0.00000E+00 0.00000E+00 0.00000E+00
 53 pd05     0.59570E-04 0.00000E+00 0.00000E+00 0.00000E+00 0.00000E+00
 54 cs35     0.26915E-04 0.00000E+00 0.00000E+00 0.00000E+00 0.00000E+00
 55 sm50     0.19420E-04 0.00000E+00 0.00000E+00 0.00000E+00 0.00000E+00
 56 eu51     0.43647E-06 0.00000E+00 0.00000E+00 0.00000E+00 0.00000E+00
 57 eu53     0.74499E-05 0.00000E+00 0.00000E+00 0.00000E+00 0.00000E+00
 58 eu54     0.74987E-06 0.00000E+00 0.00000E+00 0.00000E+00 0.00000E+00
 59 gd54     0.32999E-06 0.00000E+00 0.00000E+00 0.00000E+00 0.00000E+00
 60 am42     0.12830E-08 0.00000E+00 0.00000E+00 0.00000E+00 0.00000E+00
 61 cm43     0.97755E-08 0.00000E+00 0.00000E+00 0.00000E+00 0.00000E+00
 62 *c*      0.00000E+00 0.00000E+00 0.00000E+00 0.00000E+00 0.47500E+00
 ------------------------------------------------------------------------------
  number of cells =           2
          cell number    2  number of zone= 2
 << geometry characteristics >>
    geometry of cell- cilindrical index=           2
  kratnost of cell =   1.000000    
  inner radius of cell =  0.0000000E+00
  out square ratio =  0.0000000E+00   1.000000    
 ------------------------------------------------------------------------------
 num zone      6           7
 radius   0.75000E+00 0.13129E+02
 temper   0.57600E+03 0.57600E+03
 rez_izot    bad         bad 
 ------------------------------------------------------------------------------
    izotop   /             concentration number of izotops=69
  3 zr       0.42860E-01 0.00000E+00
 62 *c*      0.00000E+00 0.47500E+00
:fier                                                                           
 condensation boundary was changed from  0.21500E+01 to  0.21544E+01
*** 4 *** ;egr=  2.1544    
    keff         nu           mu           fi           teta
  0.44151      0.69298       1.1426      0.92069      0.60564    
 s0z(n)=   0.2295525      0.0000000E+00  0.0000000E+00  0.0000000E+00
  0.0000000E+00  0.0000000E+00  0.0000000E+00
:burn                                                                           
 *** average burn up =   315.24     (mbt*day)/(kg hm)
    > CONSYST Program Ver: 98.01 > started at  0: 0: 0:  
    { Manturov G., E-mail: abbn@ippe.rssi.ru}
 
       -------------------------------
 
       CONSYST INPUT DATA READ FROM : cons.dat
       CONSYST PROTOCOL STORED IN   : RESULT
       GMF X-SECTION'S FILE         : OUT
       TEMPORARY FILE               : RAB
       ABBN BASIC DATA SET FROM     : ..\bin\Bnab90.lib
       ABBN MULTIC DATA SET FROM    : ..\bin\Bnabmlt.lib
       ABBN THERMAL DATA SET FROM   : ..\bin\BNABTHM.lib
 
    >   Include Thermal Matrix > H(H2O):BNABTHM.BIN   Temp=  500K
    >   Include Thermal Matrix > H(H2O):BNABTHM.BIN   Temp=  600K
    >   Include Thermal Matrix > C(GRAPH):BNABTHM.BIN   Temp=  500K
    >   Include Thermal Matrix > C(GRAPH):BNABTHM.BIN   Temp=  600K
    >   Include Thermal Matrix > C(GRAPH):BNABTHM.BIN   Temp=  500K
    >   Include Thermal Matrix > C(GRAPH):BNABTHM.BIN   Temp=  600K
    > CONSYST finished at  0: 0: 0:  
           6<therm. iter diverg. from   0.9255108    :  0.9254003    delta=
  1.8715858E-05
 iterr. convergated; n dev=           6
           6<therm. iter diverg. from   0.9255108    :  0.9253648    delta=
  4.1723251E-06
 iterr. convergated; n dev=           6
  therm numb. iteration more than          250iterration  aborted
 therm. calculation avoided
 therm. calculation avoided
 therm. calculation avoided
 therm. calculation avoided
 therm. calculation avoided
 therm. calculation avoided
 therm. calculation avoided
 therm. calculation avoided
 therm. calculation avoided
 *************************************************
   ***k(inf)=0.373378     ***k(itt)=0.373345     ***k(integ)=0.373378    ***
   **bakl=  0.0000     **length= 0.10000E+11  ***
   **matr.  alout*alcorr a(k,i)(k=1,ncel) ***
     * 0.98718     0.12820E-01
     *  0.0000      1.0000    
 lokal kner      in cell ,ru=           1=   1.000000       1.000000    
 lokal kner      in cell ,ru=           2=  0.0000000E+00   1.941047    
:corr                                                                           
 ------------------------------------------------------------------------------
  backling =  0.0000000E+00
 ------------------------------------------------------------------------------
  number of cells =           2
          cell number    1  number of zone= 5
 << geometry characteristics >>
    geometry of cell- cilindrical index=           2
  kratnost of cell =   18.00000    
  inner radius of cell =  0.0000000E+00
  out square ratio =  0.9871800      1.2820000E-02
 ------------------------------------------------------------------------------
 num zone      1           2           3           4           5
 radius   0.25240E+01 0.29580E+01 0.40000E+01 0.44000E+01 0.13129E+02
 temper   0.10000E+04 0.57600E+03 0.57600E+03 0.57600E+03 0.57600E+03
 rez_izot    u238        bad         bad         bad         bad 
 ------------------------------------------------------------------------------
    izotop   /             concentration number of izotops=69
  1 *h*      0.00000E+00 0.00000E+00 0.47600E-01 0.00000E+00 0.00000E+00
  2 *o*      0.00000E+00 0.00000E+00 0.23800E-01 0.00000E+00 0.00000E+00
  3 zr       0.00000E+00 0.42860E-01 0.00000E+00 0.42860E-01 0.00000E+00
  9 o        0.41923E-01 0.00000E+00 0.00000E+00 0.00000E+00 0.00000E+00
 10 slag     0.55692E-02 0.00000E+00 0.00000E+00 0.00000E+00 0.00000E+00
 11 tc99     0.14069E-03 0.00000E+00 0.00000E+00 0.00000E+00 0.00000E+00
 12 rh03     0.18111E-04 0.00000E+00 0.00000E+00 0.00000E+00 0.00000E+00
 13 ag09     0.58228E-05 0.00000E+00 0.00000E+00 0.00000E+00 0.00000E+00
 14 cd13     0.89326E-09 0.00000E+00 0.00000E+00 0.00000E+00 0.00000E+00
 15 xe35     0.11171E-08 0.00000E+00 0.00000E+00 0.00000E+00 0.00000E+00
 16 sm49     0.15722E-07 0.00000E+00 0.00000E+00 0.00000E+00 0.00000E+00
 17 sm51     0.41360E-07 0.00000E+00 0.00000E+00 0.00000E+00 0.00000E+00
 18 eu55     0.44189E-06 0.00000E+00 0.00000E+00 0.00000E+00 0.00000E+00
 19 gd55     0.10952E-09 0.00000E+00 0.00000E+00 0.00000E+00 0.00000E+00
 20 gd56     0.71895E-07 0.00000E+00 0.00000E+00 0.00000E+00 0.00000E+00
 21 gd57     0.13914E-07 0.00000E+00 0.00000E+00 0.00000E+00 0.00000E+00
 23 u236     0.57085E-05 0.00000E+00 0.00000E+00 0.00000E+00 0.00000E+00
 24 u238     0.13729E-01 0.00000E+00 0.00000E+00 0.00000E+00 0.00000E+00
 25 np37     0.34890E-06 0.00000E+00 0.00000E+00 0.00000E+00 0.00000E+00
 26 np39     0.19771E-04 0.00000E+00 0.00000E+00 0.00000E+00 0.00000E+00
 27 pu38     0.13625E-06 0.00000E+00 0.00000E+00 0.00000E+00 0.00000E+00
 28 pu39     0.27279E-04 0.00000E+00 0.00000E+00 0.00000E+00 0.00000E+00
 29 pu40     0.42967E-04 0.00000E+00 0.00000E+00 0.00000E+00 0.00000E+00
 30 pu41     0.89732E-05 0.00000E+00 0.00000E+00 0.00000E+00 0.00000E+00
 31 pu42     0.14489E-03 0.00000E+00 0.00000E+00 0.00000E+00 0.00000E+00
 32 am41     0.12013E-07 0.00000E+00 0.00000E+00 0.00000E+00 0.00000E+00
 33 am2m     0.11316E-09 0.00000E+00 0.00000E+00 0.00000E+00 0.00000E+00
 34 am43     0.34347E-04 0.00000E+00 0.00000E+00 0.00000E+00 0.00000E+00
 35 cm42     0.14038E-06 0.00000E+00 0.00000E+00 0.00000E+00 0.00000E+00
 36 cm44     0.10962E-03 0.00000E+00 0.00000E+00 0.00000E+00 0.00000E+00
 37 cm45     0.11890E-05 0.00000E+00 0.00000E+00 0.00000E+00 0.00000E+00
 38 sm52     0.33022E-05 0.00000E+00 0.00000E+00 0.00000E+00 0.00000E+00
 39 xe31     0.18091E-04 0.00000E+00 0.00000E+00 0.00000E+00 0.00000E+00
 40 cs33     0.11021E-03 0.00000E+00 0.00000E+00 0.00000E+00 0.00000E+00
 41 nd45     0.36712E-04 0.00000E+00 0.00000E+00 0.00000E+00 0.00000E+00
 42 nd43     0.75030E-05 0.00000E+00 0.00000E+00 0.00000E+00 0.00000E+00
 43 pm47     0.58732E-05 0.00000E+00 0.00000E+00 0.00000E+00 0.00000E+00
 44 mo95     0.14757E-03 0.00000E+00 0.00000E+00 0.00000E+00 0.00000E+00
 45 cs34     0.26312E-04 0.00000E+00 0.00000E+00 0.00000E+00 0.00000E+00
 46 pr41     0.20322E-03 0.00000E+00 0.00000E+00 0.00000E+00 0.00000E+00
 47 pm48     0.19519E-06 0.00000E+00 0.00000E+00 0.00000E+00 0.00000E+00
 48 pm8m     0.15281E-07 0.00000E+00 0.00000E+00 0.00000E+00 0.00000E+00
 49 rh05     0.13663E-06 0.00000E+00 0.00000E+00 0.00000E+00 0.00000E+00
 50 pm49     0.64386E-06 0.00000E+00 0.00000E+00 0.00000E+00 0.00000E+00
 51 kr83     0.90484E-06 0.00000E+00 0.00000E+00 0.00000E+00 0.00000E+00
 52 ru01     0.24012E-03 0.00000E+00 0.00000E+00 0.00000E+00 0.00000E+00
 53 pd05     0.35857E-04 0.00000E+00 0.00000E+00 0.00000E+00 0.00000E+00
 54 cs35     0.17288E-04 0.00000E+00 0.00000E+00 0.00000E+00 0.00000E+00
 55 sm50     0.15920E-04 0.00000E+00 0.00000E+00 0.00000E+00 0.00000E+00
 56 eu51     0.35415E-06 0.00000E+00 0.00000E+00 0.00000E+00 0.00000E+00
 57 eu53     0.61209E-05 0.00000E+00 0.00000E+00 0.00000E+00 0.00000E+00
 58 eu54     0.59780E-06 0.00000E+00 0.00000E+00 0.00000E+00 0.00000E+00
 59 gd54     0.26311E-06 0.00000E+00 0.00000E+00 0.00000E+00 0.00000E+00
 60 am42     0.10137E-08 0.00000E+00 0.00000E+00 0.00000E+00 0.00000E+00
 61 cm43     0.34647E-08 0.00000E+00 0.00000E+00 0.00000E+00 0.00000E+00
 62 *c*      0.00000E+00 0.00000E+00 0.00000E+00 0.00000E+00 0.47500E+00
 ------------------------------------------------------------------------------
  number of cells =           2
          cell number    2  number of zone= 2
 << geometry characteristics >>
    geometry of cell- cilindrical index=           2
  kratnost of cell =   1.000000    
  inner radius of cell =  0.0000000E+00
  out square ratio =  0.0000000E+00   1.000000    
 ------------------------------------------------------------------------------
 num zone      6           7
 radius   0.75000E+00 0.13129E+02
 temper   0.57600E+03 0.57600E+03
 rez_izot    bad         bad 
 ------------------------------------------------------------------------------
    izotop   /             concentration number of izotops=69
  3 zr       0.42860E-01 0.00000E+00
 62 *c*      0.00000E+00 0.47500E+00
:fier                                                                           
 condensation boundary was changed from  0.21500E+01 to  0.21544E+01
*** 4 *** ;egr=  2.1544    
    keff         nu           mu           fi           teta
  0.37338      0.60385       1.1472      0.92063      0.58544    
 s0z(n)=   0.2295525      0.0000000E+00  0.0000000E+00  0.0000000E+00
  0.0000000E+00  0.0000000E+00  0.0000000E+00
:stop                                                                           
