 *****          file of input data set *******
:poly
 &vvod
 @ 1 tvel  cell@   rcel(1,1)=0.290,0.340,0.504,
                   ncelsos(1,1)=1,3,4
 @ 2 tvel  cell@   rcel(1,2)=0.290,0.340,0.504,
                   ncelsos(1,2)=2,3,4
 @ 3 svp-1 cell@   rcel(1,3)=0.290,0.340,0.504,
                   ncelsos(1,3)=5,3,4,
 @ 4 svp-2 cell@   rcel(1,4)=0.180,0.225,0.504,
                   ncelsos(1,4)=5,3,4,
 @ 5 pel       @   rcel(1,5)=0.42,0.48,0.504 @0.290,0.340,0.504
                   ncelsos(1,5)=6,7,4,
 @ 6 km        @   rcel(1,6)=0.39,0.504,
                   ncelsos(1,6)=3,4,
   t=0.676e+3, 0.676e+3, 0.623e+3, 0.581e+3, 0.624e+3, 0.581e+3, 0.581e+3,
@-----------------------------------------------------------------------
 troiz=
   @        1 tv_1     2 tv_2     3 zr_ob_tv 4 h2o      5 svp_      6 pel       7 ob_pel
 @ *h*  @ 0.000000 , 0.000000 , 0.000000 , 0.048149 , 0.000000 , 0.000000 , 0.000000 ,
 @ *o*  @ 0.000000 , 0.000000 , 0.000000 , 0.024074 , 0.000000 , 0.000000 , 0.000000 ,
 @ zr   @ 0.000000 , 0.000000 , 0.042475 , 0.000000 , 0.000000 , 0.000000 , 0.000000 ,
 @ u233 @ 0.001868 , 0.001495 , 0.000000 , 0.000000 , 0.000000 , 0.000000 , 0.000000 ,
 @ th32 @ 0.016813 , 0.017188 , 0.000000 , 0.000000 , 0.000000 , 0.000000 , 0.000000 ,
 @ o    @ 0.037362 , 0.037365 , 0.000000 , 0.000000 , 0.022991 , 0.000000 , 0.000000 ,
 @ al   @ 0.014076 , 0.014076 , 0.000000 , 0.000000 , 0.058031 , 0.000000 , 0.000000 ,
 @ b-10 @ 0.000000 , 0.000000 , 0.000000 , 0.000000 , 0.000000 , 0.103335 , 0.000000 ,
 @ b-11 @ 0.000000 , 0.000000 , 0.000000 , 0.000000 , 0.000000 , 0.011482 , 0.000000 ,
 @ c    @ 0.000000 , 0.000000 , 0.000000 , 0.000000 , 0.000000 , 0.028704 , 0.000000 ,
 @ gd57 @ 0.000000 , 0.000000 , 0.000000 , 0.000000 , 0.001395 , 0.000000 , 0.000000 ,
 @ gd55 @ 0.000000 , 0.000000 , 0.000000 , 0.000000 , 0.001196 , 0.000000 , 0.000000 ,
 @ ni   @ 0.000000 , 0.000000 , 0.000000 , 0.000000 , 0.000000 , 0.000000 , 0.048300 ,
 @ cr   @ 0.000000 , 0.000000 , 0.000000 , 0.000000 , 0.000000 , 0.000000 , 0.037950 ,
 @ n    @ 0.000000 , 0.000000 , 0.000000 , 0.000000 , 0.000000 , 0.000000 , 0.000000 ,
 @ si   @ 0.042227 , 0.042227 , 0.000000 , 0.000000 , 0.000000 , 0.000000 , 0.000000 ,
 @-----------------------------------------------------------------------
 ntcell=1,2,3,4,5,6,
 krat= 51,18,9,6,7,36,
 alout=
       0.5359 , 0.1046 , 0.1438 , 0.0000 , 0.0000 , 0.2157 ,
       0.2963 , 0.3333 , 0.0926 , 0.2222 , 0.0556 , 0.0000 ,
       0.8148 , 0.1852 , 0.0000 , 0.0000 , 0.0000 , 0.0000 ,
       0.0000 , 0.6667 , 0.0000 , 0.0000 , 0.3333 , 0.0000 ,
       0.0000 , 0.1429 , 0.0000 , 0.2857 , 0.5714 , 0.0000 ,
       0.4783 , 0.0000 , 0.0000 , 0.0000 , 0.0000 , 0.5217 ,
                                                                                                                        
 material(1)='chmc',
 &end
*h*
*o*
zr
u233
th32
o
al
b-10
b-11
c
gd57
gd55
ni
cr
n
si
****
:corr
 &vvod &end
:fier
 &vvod &end
:macro
 &vvod
  et=10.5e+6,2.15,2.15,0.,
 nbv=1,1,1,1,1,1,1,1,1,1,1,1,1,1,1,1,1,
 &end
@:stop@
:dina
 &vvod
 &end
                                                                                                                        
:fier
 &vvod &end
                                                                                                                        
@:stop
                                                                                                                        
@ 0 step - 5. days!----------
:burn
 &vvod qv=98.243,dtim=5.0,
 &end
:corr
 &vvod &end
:fier
 &vvod &end
                                                                                                                        
                                                                                                                        
:stop
 ***** end of   file of input data set *******
:poly                                                                           
  rout and rin were constructed
Rout= 0.290, 0.340, 0.504, 0.290, 0.340, 0.504, 0.290, 0.340, 0.504, 0.180,
 0.225, 0.504, 0.420, 0.480, 0.504, 0.390, 0.504,
Rin = 0.000, 0.290, 0.340, 0.000, 0.290, 0.340, 0.000, 0.290, 0.340, 0.000,
 0.180, 0.225, 0.000, 0.420, 0.480, 0.000, 0.390,
  nsos  was constructed
nsos=  1,  3,  4,  2,  3,  4,  5,  3,  4,  5,
  3,  4,  6,  7,  4,  3,  4,
 definition izotr in sos           1:izotr=   5.000000    
 definition izotr in sos           2:izotr=   5.000000    
  *******<< check input data>> programm declare *******
    --undeclared parametr--cefzad  -- programm standart value --cefzad  =  0.100000E+01
  *******<< check input data>> programm declare *******
    --undeclared parametr--bakl    -- programm standart value --bakl    =  0.000000E+00
  *******<< check input data>> programm declare *******
    --undeclared parametr--alin    -- programm standart value --alin    =  0.000000E+00  0.000000E+00
     0.000000E+00  0.000000E+00  0.000000E+00  0.000000E+00  0.000000E+00  0.000000E+00  0.000000E+00
     0.000000E+00  0.000000E+00  0.000000E+00  0.000000E+00  0.000000E+00  0.000000E+00  0.000000E+00
     0.000000E+00  0.000000E+00  0.000000E+00  0.000000E+00  0.000000E+00  0.000000E+00  0.000000E+00
     0.000000E+00  0.000000E+00  0.000000E+00  0.000000E+00  0.000000E+00  0.000000E+00  0.000000E+00
     0.000000E+00  0.000000E+00  0.000000E+00  0.000000E+00  0.000000E+00  0.000000E+00
  *******<< check input data>> programm declare *******
    --undeclared parametr--alcorr  -- programm standart value --alcorr  =  0.100000E+01  0.100000E+01
     0.100000E+01  0.100000E+01  0.100000E+01  0.100000E+01  0.100000E+01  0.100000E+01  0.100000E+01
     0.100000E+01  0.100000E+01  0.100000E+01  0.100000E+01  0.100000E+01  0.100000E+01  0.100000E+01
     0.100000E+01  0.100000E+01  0.100000E+01  0.100000E+01  0.100000E+01  0.100000E+01  0.100000E+01
     0.100000E+01  0.100000E+01  0.100000E+01  0.100000E+01  0.100000E+01  0.100000E+01  0.100000E+01
     0.100000E+01  0.100000E+01  0.100000E+01  0.100000E+01  0.100000E+01  0.100000E+01
  *******<< check input data>> programm declare *******
    --undeclared parametr--nbv     -- programm standart value --nbv     =    1    1    1    1    1    1
       1    1    1    1    1    1    1    1    1    1    1
  *******<< check input data>> programm declare *******
    --undeclared parametr--et      -- programm standart value --et      =  0.105000E+08  0.215000E+01
     0.215000E+01  0.000000E+00
    ????  storage for pr. getter =     1700 ?? common /rrr/ rab(        0 )  ????
 ------------------------------------------------------------------------------
  backling =  0.0000000E+00
 ------------------------------------------------------------------------------
  number of cells =           6
          cell number    1  number of zone= 3
 << geometry characteristics >>
    geometry of cell- cilindrical index=           2
  kratnost of cell =   51.00000    
  inner radius of cell =  0.0000000E+00
  out square ratio =  0.5359000      0.1046000      0.1438000      0.0000000E+00
  0.0000000E+00  0.2157000    
 ------------------------------------------------------------------------------
 num zone      1           2           3
 radius   0.29000E+00 0.34000E+00 0.50400E+00
 temper   0.67600E+03 0.62300E+03 0.58100E+03
 rez_izot    th32        bad         bad 
 ------------------------------------------------------------------------------
    izotop   /             concentration number of izotops=70
  1 *h*      0.00000E+00 0.00000E+00 0.48149E-01
  2 *o*      0.00000E+00 0.00000E+00 0.24074E-01
  3 zr       0.00000E+00 0.42475E-01 0.00000E+00
  4 u233     0.18680E-02 0.00000E+00 0.00000E+00
  5 th32     0.16813E-01 0.00000E+00 0.00000E+00
  6 o        0.37362E-01 0.00000E+00 0.00000E+00
  7 al       0.14076E-01 0.00000E+00 0.00000E+00
 16 si       0.42227E-01 0.00000E+00 0.00000E+00
 ------------------------------------------------------------------------------
  number of cells =           6
          cell number    2  number of zone= 3
 << geometry characteristics >>
    geometry of cell- cilindrical index=           2
  kratnost of cell =   18.00000    
  inner radius of cell =  0.0000000E+00
  out square ratio =  0.2963000      0.3333000      9.2600003E-02  0.2222000    
  5.5599999E-02  0.0000000E+00
 ------------------------------------------------------------------------------
 num zone      4           5           6
 radius   0.29000E+00 0.34000E+00 0.50400E+00
 temper   0.67600E+03 0.62300E+03 0.58100E+03
 rez_izot    th32        bad         bad 
 ------------------------------------------------------------------------------
    izotop   /             concentration number of izotops=70
  1 *h*      0.00000E+00 0.00000E+00 0.48149E-01
  2 *o*      0.00000E+00 0.00000E+00 0.24074E-01
  3 zr       0.00000E+00 0.42475E-01 0.00000E+00
  4 u233     0.14950E-02 0.00000E+00 0.00000E+00
  5 th32     0.17188E-01 0.00000E+00 0.00000E+00
  6 o        0.37365E-01 0.00000E+00 0.00000E+00
  7 al       0.14076E-01 0.00000E+00 0.00000E+00
 16 si       0.42227E-01 0.00000E+00 0.00000E+00
 ------------------------------------------------------------------------------
  number of cells =           6
          cell number    3  number of zone= 3
 << geometry characteristics >>
    geometry of cell- cilindrical index=           2
  kratnost of cell =   9.000000    
  inner radius of cell =  0.0000000E+00
  out square ratio =  0.8148000      0.1852000      0.0000000E+00  0.0000000E+00
  0.0000000E+00  0.0000000E+00
 ------------------------------------------------------------------------------
 num zone      7           8           9
 radius   0.29000E+00 0.34000E+00 0.50400E+00
 temper   0.62400E+03 0.62300E+03 0.58100E+03
 rez_izot    bad         bad         bad 
 ------------------------------------------------------------------------------
    izotop   /             concentration number of izotops=70
  1 *h*      0.00000E+00 0.00000E+00 0.48149E-01
  2 *o*      0.00000E+00 0.00000E+00 0.24074E-01
  3 zr       0.00000E+00 0.42475E-01 0.00000E+00
  6 o        0.22991E-01 0.00000E+00 0.00000E+00
  7 al       0.58031E-01 0.00000E+00 0.00000E+00
 11 gd57     0.13950E-02 0.00000E+00 0.00000E+00
 12 gd55     0.11960E-02 0.00000E+00 0.00000E+00
 ------------------------------------------------------------------------------
  number of cells =           6
          cell number    4  number of zone= 3
 << geometry characteristics >>
    geometry of cell- cilindrical index=           2
  kratnost of cell =   6.000000    
  inner radius of cell =  0.0000000E+00
  out square ratio =  0.0000000E+00  0.6667000      0.0000000E+00  0.0000000E+00
  0.3333000      0.0000000E+00
 ------------------------------------------------------------------------------
 num zone     10          11          12
 radius   0.18000E+00 0.22500E+00 0.50400E+00
 temper   0.62400E+03 0.62300E+03 0.58100E+03
 rez_izot    bad         bad         bad 
 ------------------------------------------------------------------------------
    izotop   /             concentration number of izotops=70
  1 *h*      0.00000E+00 0.00000E+00 0.48149E-01
  2 *o*      0.00000E+00 0.00000E+00 0.24074E-01
  3 zr       0.00000E+00 0.42475E-01 0.00000E+00
  6 o        0.22991E-01 0.00000E+00 0.00000E+00
  7 al       0.58031E-01 0.00000E+00 0.00000E+00
 11 gd57     0.13950E-02 0.00000E+00 0.00000E+00
 12 gd55     0.11960E-02 0.00000E+00 0.00000E+00
 ------------------------------------------------------------------------------
  number of cells =           6
          cell number    5  number of zone= 3
 << geometry characteristics >>
    geometry of cell- cilindrical index=           2
  kratnost of cell =   7.000000    
  inner radius of cell =  0.0000000E+00
  out square ratio =  0.0000000E+00  0.1429000      0.0000000E+00  0.2857000    
  0.5714000      0.0000000E+00
 ------------------------------------------------------------------------------
 num zone     13          14          15
 radius   0.42000E+00 0.48000E+00 0.50400E+00
 temper   0.58100E+03 0.58100E+03 0.58100E+03
 rez_izot    bad         bad         bad 
 ------------------------------------------------------------------------------
    izotop   /             concentration number of izotops=70
  1 *h*      0.00000E+00 0.00000E+00 0.48149E-01
  2 *o*      0.00000E+00 0.00000E+00 0.24074E-01
  8 b-10     0.10334E+00 0.00000E+00 0.00000E+00
  9 b-11     0.11482E-01 0.00000E+00 0.00000E+00
 10 c        0.28704E-01 0.00000E+00 0.00000E+00
 13 ni       0.00000E+00 0.48300E-01 0.00000E+00
 14 cr       0.00000E+00 0.37950E-01 0.00000E+00
 ------------------------------------------------------------------------------
  number of cells =           6
          cell number    6  number of zone= 2
 << geometry characteristics >>
    geometry of cell- cilindrical index=           2
  kratnost of cell =   36.00000    
  inner radius of cell =  0.0000000E+00
  out square ratio =  0.4783000      0.0000000E+00  0.0000000E+00  0.0000000E+00
  0.0000000E+00  0.5217000    
 ------------------------------------------------------------------------------
 num zone     16          17
 radius   0.39000E+00 0.50400E+00
 temper   0.62300E+03 0.58100E+03
 rez_izot    bad         bad 
 ------------------------------------------------------------------------------
    izotop   /             concentration number of izotops=70
  1 *h*      0.00000E+00 0.48149E-01
  2 *o*      0.00000E+00 0.24074E-01
  3 zr       0.42475E-01 0.00000E+00
    > CONSYST Program Ver: 98.01 > started at  0: 0: 0:  
    { Manturov G., E-mail: abbn@ippe.rssi.ru}
 
       -------------------------------
 
       CONSYST INPUT DATA READ FROM : cons.dat
       CONSYST PROTOCOL STORED IN   : RESULT
       GMF X-SECTION'S FILE         : OUT
       TEMPORARY FILE               : RAB
       ABBN BASIC DATA SET FROM     : ..\bin\Bnab90.lib
       ABBN MULTIC DATA SET FROM    : ..\bin\Bnabmlt.lib
       ABBN THERMAL DATA SET FROM   : ..\bin\BNABTHM.lib
 
    >>  K-inf(MLT)= 1.10205 Balance= 1.00178 NU= 2.51 FI-Sum=  8.42E+01
    >   Include Thermal Matrix > H(H2O):BNABTHM.BIN   Temp=  500K
    >   Include Thermal Matrix > H(H2O):BNABTHM.BIN   Temp=  600K
    >>  K-inf(MLT)= 0.95700 Balance= 1.00180 NU= 2.50 FI-Sum=  8.88E+01
    >   Include Thermal Matrix > H(H2O):BNABTHM.BIN   Temp=  500K
    >   Include Thermal Matrix > H(H2O):BNABTHM.BIN   Temp=  600K
    >   Include Thermal Matrix > H(H2O):BNABTHM.BIN   Temp=  500K
    >   Include Thermal Matrix > H(H2O):BNABTHM.BIN   Temp=  600K
    >   Include Thermal Matrix > H(H2O):BNABTHM.BIN   Temp=  500K
    >   Include Thermal Matrix > H(H2O):BNABTHM.BIN   Temp=  600K
    >   Include Thermal Matrix > H(H2O):BNABTHM.BIN   Temp=  500K
    >   Include Thermal Matrix > H(H2O):BNABTHM.BIN   Temp=  600K
    >   Include Thermal Matrix > H(H2O):BNABTHM.BIN   Temp=  500K
    >   Include Thermal Matrix > H(H2O):BNABTHM.BIN   Temp=  600K
    > CONSYST finished at  0: 0: 0:  
 therm. calculation avoided
 therm. calculation avoided
 therm. calculation avoided
 therm. calculation avoided
 therm. calculation avoided
 therm. calculation avoided
 therm. calculation avoided
 *************************************************
   ***k(inf)=0.893884     ***k(itt)=0.893884     ***k(integ)=0.893884    ***
   **bakl=  0.0000     **length= 0.10000E+11  ***
   **matr.  alout*alcorr a(k,i)(k=1,ncel) ***
     * 0.53590     0.10460     0.14380      0.0000      0.0000     0.21570    
     * 0.29630     0.33330     0.92600E-01 0.22220     0.55600E-01  0.0000    
     * 0.81480     0.18520      0.0000      0.0000      0.0000      0.0000    
     *  0.0000     0.66670      0.0000      0.0000     0.33330      0.0000    
     *  0.0000     0.14290      0.0000     0.28570     0.57140      0.0000    
     * 0.47830      0.0000      0.0000      0.0000      0.0000     0.52170    
 lokal kner      in cell ,ru=           1=   1.100589       1.087139    
 lokal kner      in cell ,ru=           2=  0.7149993      0.7531061    
 lokal kner      in cell ,ru=           3=  0.0000000E+00   1.827287    
 lokal kner      in cell ,ru=           4=  0.0000000E+00  0.5991061    
 lokal kner      in cell ,ru=           5=  0.0000000E+00   5.649858    
 lokal kner      in cell ,ru=           6=  0.0000000E+00  2.7509568E-02
:corr                                                                           
 ------------------------------------------------------------------------------
  backling =  0.0000000E+00
 ------------------------------------------------------------------------------
  number of cells =           6
          cell number    1  number of zone= 3
 << geometry characteristics >>
    geometry of cell- cilindrical index=           2
  kratnost of cell =   51.00000    
  inner radius of cell =  0.0000000E+00
  out square ratio =  0.5359000      0.1046000      0.1438000      0.0000000E+00
  0.0000000E+00  0.2157000    
 ------------------------------------------------------------------------------
 num zone      1           2           3
 radius   0.29000E+00 0.34000E+00 0.50400E+00
 temper   0.67600E+03 0.62300E+03 0.58100E+03
 rez_izot    th32        bad         bad 
 ------------------------------------------------------------------------------
    izotop   /             concentration number of izotops=70
  1 *h*      0.00000E+00 0.00000E+00 0.48149E-01
  2 *o*      0.00000E+00 0.00000E+00 0.24074E-01
  3 zr       0.00000E+00 0.42475E-01 0.00000E+00
  4 u233     0.18680E-02 0.00000E+00 0.00000E+00
  5 th32     0.16813E-01 0.00000E+00 0.00000E+00
  6 o        0.37362E-01 0.00000E+00 0.00000E+00
  7 al       0.14076E-01 0.00000E+00 0.00000E+00
 16 si       0.42227E-01 0.00000E+00 0.00000E+00
 ------------------------------------------------------------------------------
  number of cells =           6
          cell number    2  number of zone= 3
 << geometry characteristics >>
    geometry of cell- cilindrical index=           2
  kratnost of cell =   18.00000    
  inner radius of cell =  0.0000000E+00
  out square ratio =  0.2963000      0.3333000      9.2600003E-02  0.2222000    
  5.5599999E-02  0.0000000E+00
 ------------------------------------------------------------------------------
 num zone      4           5           6
 radius   0.29000E+00 0.34000E+00 0.50400E+00
 temper   0.67600E+03 0.62300E+03 0.58100E+03
 rez_izot    th32        bad         bad 
 ------------------------------------------------------------------------------
    izotop   /             concentration number of izotops=70
  1 *h*      0.00000E+00 0.00000E+00 0.48149E-01
  2 *o*      0.00000E+00 0.00000E+00 0.24074E-01
  3 zr       0.00000E+00 0.42475E-01 0.00000E+00
  4 u233     0.14950E-02 0.00000E+00 0.00000E+00
  5 th32     0.17188E-01 0.00000E+00 0.00000E+00
  6 o        0.37365E-01 0.00000E+00 0.00000E+00
  7 al       0.14076E-01 0.00000E+00 0.00000E+00
 16 si       0.42227E-01 0.00000E+00 0.00000E+00
 ------------------------------------------------------------------------------
  number of cells =           6
          cell number    3  number of zone= 3
 << geometry characteristics >>
    geometry of cell- cilindrical index=           2
  kratnost of cell =   9.000000    
  inner radius of cell =  0.0000000E+00
  out square ratio =  0.8148000      0.1852000      0.0000000E+00  0.0000000E+00
  0.0000000E+00  0.0000000E+00
 ------------------------------------------------------------------------------
 num zone      7           8           9
 radius   0.29000E+00 0.34000E+00 0.50400E+00
 temper   0.62400E+03 0.62300E+03 0.58100E+03
 rez_izot    bad         bad         bad 
 ------------------------------------------------------------------------------
    izotop   /             concentration number of izotops=70
  1 *h*      0.00000E+00 0.00000E+00 0.48149E-01
  2 *o*      0.00000E+00 0.00000E+00 0.24074E-01
  3 zr       0.00000E+00 0.42475E-01 0.00000E+00
  6 o        0.22991E-01 0.00000E+00 0.00000E+00
  7 al       0.58031E-01 0.00000E+00 0.00000E+00
 11 gd57     0.13950E-02 0.00000E+00 0.00000E+00
 12 gd55     0.11960E-02 0.00000E+00 0.00000E+00
 ------------------------------------------------------------------------------
  number of cells =           6
          cell number    4  number of zone= 3
 << geometry characteristics >>
    geometry of cell- cilindrical index=           2
  kratnost of cell =   6.000000    
  inner radius of cell =  0.0000000E+00
  out square ratio =  0.0000000E+00  0.6667000      0.0000000E+00  0.0000000E+00
  0.3333000      0.0000000E+00
 ------------------------------------------------------------------------------
 num zone     10          11          12
 radius   0.18000E+00 0.22500E+00 0.50400E+00
 temper   0.62400E+03 0.62300E+03 0.58100E+03
 rez_izot    bad         bad         bad 
 ------------------------------------------------------------------------------
    izotop   /             concentration number of izotops=70
  1 *h*      0.00000E+00 0.00000E+00 0.48149E-01
  2 *o*      0.00000E+00 0.00000E+00 0.24074E-01
  3 zr       0.00000E+00 0.42475E-01 0.00000E+00
  6 o        0.22991E-01 0.00000E+00 0.00000E+00
  7 al       0.58031E-01 0.00000E+00 0.00000E+00
 11 gd57     0.13950E-02 0.00000E+00 0.00000E+00
 12 gd55     0.11960E-02 0.00000E+00 0.00000E+00
 ------------------------------------------------------------------------------
  number of cells =           6
          cell number    5  number of zone= 3
 << geometry characteristics >>
    geometry of cell- cilindrical index=           2
  kratnost of cell =   7.000000    
  inner radius of cell =  0.0000000E+00
  out square ratio =  0.0000000E+00  0.1429000      0.0000000E+00  0.2857000    
  0.5714000      0.0000000E+00
 ------------------------------------------------------------------------------
 num zone     13          14          15
 radius   0.42000E+00 0.48000E+00 0.50400E+00
 temper   0.58100E+03 0.58100E+03 0.58100E+03
 rez_izot    bad         bad         bad 
 ------------------------------------------------------------------------------
    izotop   /             concentration number of izotops=70
  1 *h*      0.00000E+00 0.00000E+00 0.48149E-01
  2 *o*      0.00000E+00 0.00000E+00 0.24074E-01
  8 b-10     0.10334E+00 0.00000E+00 0.00000E+00
  9 b-11     0.11482E-01 0.00000E+00 0.00000E+00
 10 c        0.28704E-01 0.00000E+00 0.00000E+00
 13 ni       0.00000E+00 0.48300E-01 0.00000E+00
 14 cr       0.00000E+00 0.37950E-01 0.00000E+00
 ------------------------------------------------------------------------------
  number of cells =           6
          cell number    6  number of zone= 2
 << geometry characteristics >>
    geometry of cell- cilindrical index=           2
  kratnost of cell =   36.00000    
  inner radius of cell =  0.0000000E+00
  out square ratio =  0.4783000      0.0000000E+00  0.0000000E+00  0.0000000E+00
  0.0000000E+00  0.5217000    
 ------------------------------------------------------------------------------
 num zone     16          17
 radius   0.39000E+00 0.50400E+00
 temper   0.62300E+03 0.58100E+03
 rez_izot    bad         bad 
 ------------------------------------------------------------------------------
    izotop   /             concentration number of izotops=70
  1 *h*      0.00000E+00 0.48149E-01
  2 *o*      0.00000E+00 0.24074E-01
  3 zr       0.42475E-01 0.00000E+00
:fier                                                                           
 condensation boundary was changed from  0.21500E+01 to  0.21544E+01
*** 4 *** ;egr=  2.1544    
    keff         nu           mu           fi           teta
  0.89388       2.0529       1.7162      0.41345      0.61363    
 s0z(n)=    1.496732      0.0000000E+00  0.0000000E+00   1.407340    
  0.0000000E+00  0.0000000E+00  0.0000000E+00  0.0000000E+00  0.0000000E+00
  0.0000000E+00  0.0000000E+00  0.0000000E+00  0.0000000E+00  0.0000000E+00
  0.0000000E+00  0.0000000E+00  0.0000000E+00
:macro                                                                          
 condensation boundary was changed from  0.21500E+01 to  0.21544E+01
 condensation boundary was changed from  0.21500E+01 to  0.21544E+01
    -------------------------------------------------------------------------------
    * n group   * e(i)        * e(i+1)      *spect neutron fission  *
          1       0.10500E+08    2.1544           0.99912    
          2        2.1544        0.0000           0.14203E-08
    *******************************************************************************
                                       **    macro cross section    **
    *******************************************************************************
    ** n zone    1 vzone=  101.35     /  1  2  3  4  5  6  7  8  9 10 11 12 13 14 15 16 17
*grp*flux 1/cm2c  * stotal      * sabs        * sfis.       * nu$sfis.    * 1/3*strans  *1/aver.veloci*aver power
  1  0.3561143     0.5278370     0.1624823E-01 0.4126403E-02 0.1033412E-01  1.236759     0.9150439E-06 0.6360151     0.4161735    
  2  0.2493252E-01  1.086025     0.1636229     0.8268069E-01 0.2061233     0.3772852     0.4336791E-05  1.259746     0.5838264    
                                       * matric. scat.cross. sec. from i to j  *
       i / j -->            1           2
       i        1 0.5001265     0.1146220E-01
       i        2 0.9300975E-04 0.9223087    
:dina                                                                           
    -------------------------------------------------------------------------------
    * n group   * e(i)        * e(i+1)
          1       0.20000E+08    0.0000    
    -------------------------------------------------------------------------------
          fraction of delay neutrons -betaj
           beta`j
           one group beta * 10e-4
  
          condensated zone : 1
 nt      1           2           3           4           5           6
 ne: 1  2.1677      8.7553      7.7733      14.273      1.7326     0.91950    
 ne: 1 0.60855E-01 0.24579     0.21822     0.40068     0.48641E-01 0.25813E-01
       35.62132    
    -------------------------------------------------------------------------------
    * n group   * e(i)        * e(i+1)
          1       0.20000E+08    0.0000    
    -------------------------------------------------------------------------------
          decay constant -lambdaj
           one group lambda
  
          condensated zone : 1
 nt      1           2           3           4           5           6
 ne: 1 0.12500E-01 0.35629E-01 0.14305     0.32865      1.0480      2.6045    
 1-group lambda   6.8643570E-02
    -------------------------------------------------------------------------------
    * n group   * e(i)        * e(i+1)
          1       0.20000E+08    0.0000    
    -------------------------------------------------------------------------------
          spectrum -xj
  
          condensated zone : 1
 nt      1           2           3           4           5           6
 ne: 1  0.0000      0.0000      0.0000      0.0000      0.0000      0.0000    
    -------------------------------------------------------------------------------
    * n group   * e(i)        * e(i+1)
          1       0.10500E+08    0.0000    
    -------------------------------------------------------------------------------
          production part constant -alfa (id xe pm)
  
          condensated zone : 1
           1  4.4102047E-02  2.6040820E-03  8.0510229E-03
:fier                                                                           
 condensation boundary was changed from  0.21500E+01 to  0.21544E+01
*** 4 *** ;egr=  2.1544    
    keff         nu           mu           fi           teta
  0.89388       2.0529       1.7162      0.41345      0.61363    
 s0z(n)=    1.496732      0.0000000E+00  0.0000000E+00   1.407340    
  0.0000000E+00  0.0000000E+00  0.0000000E+00  0.0000000E+00  0.0000000E+00
  0.0000000E+00  0.0000000E+00  0.0000000E+00  0.0000000E+00  0.0000000E+00
  0.0000000E+00  0.0000000E+00  0.0000000E+00
:burn                                                                           
 *** average burn up =  0.37192     (mbt*day)/(kg hm)
    > CONSYST Program Ver: 98.01 > started at  0: 0: 0:  
    { Manturov G., E-mail: abbn@ippe.rssi.ru}
 
       -------------------------------
 
       CONSYST INPUT DATA READ FROM : cons.dat
       CONSYST PROTOCOL STORED IN   : RESULT
       GMF X-SECTION'S FILE         : OUT
       TEMPORARY FILE               : RAB
       ABBN BASIC DATA SET FROM     : ..\bin\Bnab90.lib
       ABBN MULTIC DATA SET FROM    : ..\bin\Bnabmlt.lib
       ABBN THERMAL DATA SET FROM   : ..\bin\BNABTHM.lib
 
    >>  K-inf(MLT)= 1.09874 Balance= 1.00179 NU= 2.51 FI-Sum=  8.43E+01
    >   Include Thermal Matrix > H(H2O):BNABTHM.BIN   Temp=  500K
    >   Include Thermal Matrix > H(H2O):BNABTHM.BIN   Temp=  600K
    >>  K-inf(MLT)= 0.95451 Balance= 1.00181 NU= 2.50 FI-Sum=  8.89E+01
    >   Include Thermal Matrix > H(H2O):BNABTHM.BIN   Temp=  500K
    >   Include Thermal Matrix > H(H2O):BNABTHM.BIN   Temp=  600K
    >   Include Thermal Matrix > H(H2O):BNABTHM.BIN   Temp=  500K
    >   Include Thermal Matrix > H(H2O):BNABTHM.BIN   Temp=  600K
    >   Include Thermal Matrix > H(H2O):BNABTHM.BIN   Temp=  500K
    >   Include Thermal Matrix > H(H2O):BNABTHM.BIN   Temp=  600K
    >   Include Thermal Matrix > H(H2O):BNABTHM.BIN   Temp=  500K
    >   Include Thermal Matrix > H(H2O):BNABTHM.BIN   Temp=  600K
    >   Include Thermal Matrix > H(H2O):BNABTHM.BIN   Temp=  500K
    >   Include Thermal Matrix > H(H2O):BNABTHM.BIN   Temp=  600K
    > CONSYST finished at  0: 0: 0:  
 therm. calculation avoided
 therm. calculation avoided
 therm. calculation avoided
 therm. calculation avoided
 therm. calculation avoided
 therm. calculation avoided
 therm. calculation avoided
 therm. calculation avoided
 *************************************************
   ***k(inf)=0.879967     ***k(itt)=0.879968     ***k(integ)=0.879967    ***
   **bakl=  0.0000     **length= 0.10000E+11  ***
   **matr.  alout*alcorr a(k,i)(k=1,ncel) ***
     * 0.53590     0.10460     0.14380      0.0000      0.0000     0.21570    
     * 0.29630     0.33330     0.92600E-01 0.22220     0.55600E-01  0.0000    
     * 0.81480     0.18520      0.0000      0.0000      0.0000      0.0000    
     *  0.0000     0.66670      0.0000      0.0000     0.33330      0.0000    
     *  0.0000     0.14290      0.0000     0.28570     0.57140      0.0000    
     * 0.47830      0.0000      0.0000      0.0000      0.0000     0.52170    
 lokal kner      in cell ,ru=           1=   1.100057       1.087306    
 lokal kner      in cell ,ru=           2=  0.7165062      0.7526337    
 lokal kner      in cell ,ru=           3=  0.0000000E+00   1.797269    
 lokal kner      in cell ,ru=           4=  0.0000000E+00  0.5895823    
 lokal kner      in cell ,ru=           5=  0.0000000E+00   5.620488    
 lokal kner      in cell ,ru=           6=  0.0000000E+00  2.7217396E-02
:corr                                                                           
 ------------------------------------------------------------------------------
  backling =  0.0000000E+00
 ------------------------------------------------------------------------------
  number of cells =           6
          cell number    1  number of zone= 3
 << geometry characteristics >>
    geometry of cell- cilindrical index=           2
  kratnost of cell =   51.00000    
  inner radius of cell =  0.0000000E+00
  out square ratio =  0.5359000      0.1046000      0.1438000      0.0000000E+00
  0.0000000E+00  0.2157000    
 ------------------------------------------------------------------------------
 num zone      1           2           3
 radius   0.29000E+00 0.34000E+00 0.50400E+00
 temper   0.67600E+03 0.62300E+03 0.58100E+03
 rez_izot    th32        bad         bad 
 ------------------------------------------------------------------------------
    izotop   /             concentration number of izotops=70
  1 *h*      0.00000E+00 0.00000E+00 0.48149E-01
  2 *o*      0.00000E+00 0.00000E+00 0.24074E-01
  3 zr       0.00000E+00 0.42475E-01 0.00000E+00
  4 u233     0.18591E-02 0.00000E+00 0.00000E+00
  5 th32     0.16811E-01 0.00000E+00 0.00000E+00
  6 o        0.37362E-01 0.00000E+00 0.00000E+00
  7 al       0.14076E-01 0.00000E+00 0.00000E+00
 11 gd57     0.48168E-09 0.00000E+00 0.00000E+00
 12 gd55     0.28601E-11 0.00000E+00 0.00000E+00
 16 si       0.42227E-01 0.00000E+00 0.00000E+00
 19 u235     0.14318E-08 0.00000E+00 0.00000E+00
 20 u236     0.40706E-12 0.00000E+00 0.00000E+00
 22 slag     0.37435E-05 0.00000E+00 0.00000E+00
 23 tc99     0.49496E-06 0.00000E+00 0.00000E+00
 24 rh03     0.25328E-06 0.00000E+00 0.00000E+00
 25 ag09     0.26501E-08 0.00000E+00 0.00000E+00
 26 cd13     0.95344E-09 0.00000E+00 0.00000E+00
 27 xe35     0.21439E-07 0.00000E+00 0.00000E+00
 28 sm49     0.28182E-07 0.00000E+00 0.00000E+00
 29 sm51     0.27720E-07 0.00000E+00 0.00000E+00
 30 eu55     0.25023E-08 0.00000E+00 0.00000E+00
 31 gd56     0.11014E-08 0.00000E+00 0.00000E+00
 32 np37     0.13178E-15 0.00000E+00 0.00000E+00
 34 pu38     0.86584E-19 0.00000E+00 0.00000E+00
 45 pa33     0.22717E-05 0.00000E+00 0.00000E+00
 46 u234     0.10226E-05 0.00000E+00 0.00000E+00
 47 sm52     0.21826E-07 0.00000E+00 0.00000E+00
 48 xe31     0.22346E-06 0.00000E+00 0.00000E+00
 49 cs33     0.54315E-06 0.00000E+00 0.00000E+00
 50 nd45     0.31552E-06 0.00000E+00 0.00000E+00
 51 nd43     0.47799E-06 0.00000E+00 0.00000E+00
 52 pm47     0.18490E-06 0.00000E+00 0.00000E+00
 53 mo95     0.52410E-06 0.00000E+00 0.00000E+00
 54 cs34     0.43078E-09 0.00000E+00 0.00000E+00
 55 pr41     0.46785E-06 0.00000E+00 0.00000E+00
 56 pm48     0.34100E-09 0.00000E+00 0.00000E+00
 57 pm8m     0.34667E-09 0.00000E+00 0.00000E+00
 58 rh05     0.16594E-07 0.00000E+00 0.00000E+00
 59 pm49     0.33141E-07 0.00000E+00 0.00000E+00
 60 kr83     0.44257E-07 0.00000E+00 0.00000E+00
 61 ru01     0.40900E-06 0.00000E+00 0.00000E+00
 62 pd05     0.26810E-07 0.00000E+00 0.00000E+00
 63 cs35     0.18578E-06 0.00000E+00 0.00000E+00
 64 sm50     0.31947E-08 0.00000E+00 0.00000E+00
 65 eu51     0.29381E-11 0.00000E+00 0.00000E+00
 66 eu53     0.11619E-09 0.00000E+00 0.00000E+00
 67 eu54     0.23618E-12 0.00000E+00 0.00000E+00
 68 gd54     0.66541E-16 0.00000E+00 0.00000E+00
 ------------------------------------------------------------------------------
  number of cells =           6
          cell number    2  number of zone= 3
 << geometry characteristics >>
    geometry of cell- cilindrical index=           2
  kratnost of cell =   18.00000    
  inner radius of cell =  0.0000000E+00
  out square ratio =  0.2963000      0.3333000      9.2600003E-02  0.2222000    
  5.5599999E-02  0.0000000E+00
 ------------------------------------------------------------------------------
 num zone      4           5           6
 radius   0.29000E+00 0.34000E+00 0.50400E+00
 temper   0.67600E+03 0.62300E+03 0.58100E+03
 rez_izot    th32        bad         bad 
 ------------------------------------------------------------------------------
    izotop   /             concentration number of izotops=70
  1 *h*      0.00000E+00 0.00000E+00 0.48149E-01
  2 *o*      0.00000E+00 0.00000E+00 0.24074E-01
  3 zr       0.00000E+00 0.42475E-01 0.00000E+00
  4 u233     0.14893E-02 0.00000E+00 0.00000E+00
  5 th32     0.17186E-01 0.00000E+00 0.00000E+00
  6 o        0.37365E-01 0.00000E+00 0.00000E+00
  7 al       0.14076E-01 0.00000E+00 0.00000E+00
 11 gd57     0.32073E-09 0.00000E+00 0.00000E+00
 12 gd55     0.18802E-11 0.00000E+00 0.00000E+00
 16 si       0.42227E-01 0.00000E+00 0.00000E+00
 19 u235     0.75991E-09 0.00000E+00 0.00000E+00
 20 u236     0.17414E-12 0.00000E+00 0.00000E+00
 22 slag     0.24159E-05 0.00000E+00 0.00000E+00
 23 tc99     0.32172E-06 0.00000E+00 0.00000E+00
 24 rh03     0.16466E-06 0.00000E+00 0.00000E+00
 25 ag09     0.17233E-08 0.00000E+00 0.00000E+00
 26 cd13     0.63241E-09 0.00000E+00 0.00000E+00
 27 xe35     0.15775E-07 0.00000E+00 0.00000E+00
 28 sm49     0.18769E-07 0.00000E+00 0.00000E+00
 29 sm51     0.18103E-07 0.00000E+00 0.00000E+00
 30 eu55     0.16367E-08 0.00000E+00 0.00000E+00
 31 gd56     0.71167E-09 0.00000E+00 0.00000E+00
 32 np37     0.46068E-16 0.00000E+00 0.00000E+00
 34 pu38     0.24560E-19 0.00000E+00 0.00000E+00
 45 pa33     0.18982E-05 0.00000E+00 0.00000E+00
 46 u234     0.66944E-06 0.00000E+00 0.00000E+00
 47 sm52     0.14127E-07 0.00000E+00 0.00000E+00
 48 xe31     0.14528E-06 0.00000E+00 0.00000E+00
 49 cs33     0.35305E-06 0.00000E+00 0.00000E+00
 50 nd45     0.20508E-06 0.00000E+00 0.00000E+00
 51 nd43     0.31070E-06 0.00000E+00 0.00000E+00
 52 pm47     0.12026E-06 0.00000E+00 0.00000E+00
 53 mo95     0.34064E-06 0.00000E+00 0.00000E+00
 54 cs34     0.22766E-09 0.00000E+00 0.00000E+00
 55 pr41     0.30407E-06 0.00000E+00 0.00000E+00
 56 pm48     0.18017E-09 0.00000E+00 0.00000E+00
 57 pm8m     0.18484E-09 0.00000E+00 0.00000E+00
 58 rh05     0.10894E-07 0.00000E+00 0.00000E+00
 59 pm49     0.21562E-07 0.00000E+00 0.00000E+00
 60 kr83     0.28765E-07 0.00000E+00 0.00000E+00
 61 ru01     0.26582E-06 0.00000E+00 0.00000E+00
 62 pd05     0.17561E-07 0.00000E+00 0.00000E+00
 63 cs35     0.13559E-06 0.00000E+00 0.00000E+00
 64 sm50     0.16172E-08 0.00000E+00 0.00000E+00
 65 eu51     0.15670E-11 0.00000E+00 0.00000E+00
 66 eu53     0.61040E-10 0.00000E+00 0.00000E+00
 67 eu54     0.10067E-12 0.00000E+00 0.00000E+00
 68 gd54     0.28365E-16 0.00000E+00 0.00000E+00
 ------------------------------------------------------------------------------
  number of cells =           6
          cell number    3  number of zone= 3
 << geometry characteristics >>
    geometry of cell- cilindrical index=           2
  kratnost of cell =   9.000000    
  inner radius of cell =  0.0000000E+00
  out square ratio =  0.8148000      0.1852000      0.0000000E+00  0.0000000E+00
  0.0000000E+00  0.0000000E+00
 ------------------------------------------------------------------------------
 num zone      7           8           9
 radius   0.29000E+00 0.34000E+00 0.50400E+00
 temper   0.62400E+03 0.62300E+03 0.58100E+03
 rez_izot    bad         bad         bad 
 ------------------------------------------------------------------------------
    izotop   /             concentration number of izotops=70
  1 *h*      0.00000E+00 0.00000E+00 0.48149E-01
  2 *o*      0.00000E+00 0.00000E+00 0.24074E-01
  3 zr       0.00000E+00 0.42475E-01 0.00000E+00
  6 o        0.22991E-01 0.00000E+00 0.00000E+00
  7 al       0.58031E-01 0.00000E+00 0.00000E+00
 11 gd57     0.13820E-02 0.00000E+00 0.00000E+00
 12 gd55     0.11894E-02 0.00000E+00 0.00000E+00
 22 slag     0.13004E-04 0.00000E+00 0.00000E+00
 31 gd56     0.65931E-05 0.00000E+00 0.00000E+00
 ------------------------------------------------------------------------------
  number of cells =           6
          cell number    4  number of zone= 3
 << geometry characteristics >>
    geometry of cell- cilindrical index=           2
  kratnost of cell =   6.000000    
  inner radius of cell =  0.0000000E+00
  out square ratio =  0.0000000E+00  0.6667000      0.0000000E+00  0.0000000E+00
  0.3333000      0.0000000E+00
 ------------------------------------------------------------------------------
 num zone     10          11          12
 radius   0.18000E+00 0.22500E+00 0.50400E+00
 temper   0.62400E+03 0.62300E+03 0.58100E+03
 rez_izot    bad         bad         bad 
 ------------------------------------------------------------------------------
    izotop   /             concentration number of izotops=70
  1 *h*      0.00000E+00 0.00000E+00 0.48149E-01
  2 *o*      0.00000E+00 0.00000E+00 0.24074E-01
  3 zr       0.00000E+00 0.42475E-01 0.00000E+00
  6 o        0.22991E-01 0.00000E+00 0.00000E+00
  7 al       0.58031E-01 0.00000E+00 0.00000E+00
 11 gd57     0.13836E-02 0.00000E+00 0.00000E+00
 12 gd55     0.11909E-02 0.00000E+00 0.00000E+00
 22 slag     0.11377E-04 0.00000E+00 0.00000E+00
 31 gd56     0.50549E-05 0.00000E+00 0.00000E+00
 ------------------------------------------------------------------------------
  number of cells =           6
          cell number    5  number of zone= 3
 << geometry characteristics >>
    geometry of cell- cilindrical index=           2
  kratnost of cell =   7.000000    
  inner radius of cell =  0.0000000E+00
  out square ratio =  0.0000000E+00  0.1429000      0.0000000E+00  0.2857000    
  0.5714000      0.0000000E+00
 ------------------------------------------------------------------------------
 num zone     13          14          15
 radius   0.42000E+00 0.48000E+00 0.50400E+00
 temper   0.58100E+03 0.58100E+03 0.58100E+03
 rez_izot    bad         bad         bad 
 ------------------------------------------------------------------------------
    izotop   /             concentration number of izotops=70
  1 *h*      0.00000E+00 0.00000E+00 0.48149E-01
  2 *o*      0.00000E+00 0.00000E+00 0.24074E-01
  8 b-10     0.10331E+00 0.00000E+00 0.00000E+00
  9 b-11     0.11511E-01 0.00000E+00 0.00000E+00
 10 c        0.28704E-01 0.00000E+00 0.00000E+00
 13 ni       0.00000E+00 0.48300E-01 0.00000E+00
 14 cr       0.00000E+00 0.37950E-01 0.00000E+00
 ------------------------------------------------------------------------------
  number of cells =           6
          cell number    6  number of zone= 2
 << geometry characteristics >>
    geometry of cell- cilindrical index=           2
  kratnost of cell =   36.00000    
  inner radius of cell =  0.0000000E+00
  out square ratio =  0.4783000      0.0000000E+00  0.0000000E+00  0.0000000E+00
  0.0000000E+00  0.5217000    
 ------------------------------------------------------------------------------
 num zone     16          17
 radius   0.39000E+00 0.50400E+00
 temper   0.62300E+03 0.58100E+03
 rez_izot    bad         bad 
 ------------------------------------------------------------------------------
    izotop   /             concentration number of izotops=70
  1 *h*      0.00000E+00 0.48149E-01
  2 *o*      0.00000E+00 0.24074E-01
  3 zr       0.42475E-01 0.00000E+00
:fier                                                                           
 condensation boundary was changed from  0.21500E+01 to  0.21544E+01
*** 4 *** ;egr=  2.1544    
    keff         nu           mu           fi           teta
  0.87997       1.9848       1.7310      0.41364      0.61922    
 s0z(n)=    1.496732      0.0000000E+00  0.0000000E+00   1.407340    
  0.0000000E+00  0.0000000E+00  0.0000000E+00  0.0000000E+00  0.0000000E+00
  0.0000000E+00  0.0000000E+00  0.0000000E+00  0.0000000E+00  0.0000000E+00
  0.0000000E+00  0.0000000E+00  0.0000000E+00
:stop                                                                           
