 *****          file of input data set *******
:poly
 &vvod
 @ 1 tvel  cell@   rcel(1,1)=0.290,0.340,0.504,
                   ncelsos(1,1)=1,4,4
 @ 2 tvel  cell@   rcel(1,2)=0.290,0.340,0.504,
                   ncelsos(1,2)=1,4,4
 @ 3 svp-1 cell@   rcel(1,3)=0.290,0.340,0.504,
                   ncelsos(1,3)=4,4,4,
 @ 4 svp-2 cell@   rcel(1,4)=0.180,0.225,0.504,
                   ncelsos(1,4)=4,4,4,
 @ 5 pel       @   rcel(1,5)=0.42,0.48,0.504 @0.290,0.340,0.504
                   ncelsos(1,5)=4,4,4,
 @ 6 km        @   rcel(1,6)=0.39,0.504,
                   ncelsos(1,6)=4,4,
   t=0.579e+3, 0.579e+3, 0.579e+3, 0.579e+3, 0.579e+3, 0.579e+3, 0.579e+3,
@-----------------------------------------------------------------------
 troiz=
   @        1 tv_1     2 tv_2     3 zr_ob_tv 4 h2o      5 svp_      6 pel       7 ob_pel
 @ *h*  @ 0.000000 , 0.000000 , 0.000000 , 0.073186 , 0.000000 , 0.000000 , 0.000000 ,
 @ *o*  @ 0.000000 , 0.000000 , 0.000000 , 0.036593 , 0.000000 , 0.000000 , 0.000000 ,
 @ zr   @ 0.000001 , 0.000001 , 0.000001 , 0.000000 , 0.000000 , 0.000000 , 0.000000 ,
 @ u233 @ 0.000001 , 0.000001 , 0.000000 , 0.000000 , 0.000000 , 0.000000 , 0.000000 ,
 @ th32 @ 0.000001 , 0.000001 , 0.000000 , 0.000000 , 0.000000 , 0.000000 , 0.000000 ,
 @ o    @ 0.000001 , 0.000001 , 0.000000 , 0.000000 , 0.000001 , 0.000000 , 0.000000 ,
 @ al   @ 0.000001 , 0.000001 , 0.000000 , 0.000000 , 0.000001 , 0.000000 , 0.000000 ,
 @ b-10 @ 0.000000 , 0.000000 , 0.000000 , 0.000000 , 0.000000 , 0.000001 , 0.000000 ,
 @ b-11 @ 0.000000 , 0.000000 , 0.000000 , 0.000000 , 0.000000 , 0.000001 , 0.000000 ,
 @ c    @ 0.000000 , 0.000000 , 0.000000 , 0.000000 , 0.000000 , 0.000001 , 0.000000 ,
 @ gd57 @ 0.000000 , 0.000000 , 0.000000 , 0.000000 , 0.000001 , 0.000000 , 0.000000 ,
 @ gd55 @ 0.000000 , 0.000000 , 0.000000 , 0.000000 , 0.000001 , 0.000000 , 0.000000 ,
 @ ni   @ 0.000000 , 0.000000 , 0.000000 , 0.000000 , 0.000000 , 0.000000 , 0.000001 ,
 @ cr   @ 0.000000 , 0.000000 , 0.000000 , 0.000000 , 0.000000 , 0.000000 , 0.000001 ,
 @ n    @ 0.000000 , 0.000000 , 0.000000 , 0.000000 , 0.000000 , 0.000000 , 0.000000 ,
 @ si   @ 0.000001 , 0.000001 , 0.000000 , 0.000000 , 0.000000 , 0.000000 , 0.000000 ,
 @-----------------------------------------------------------------------
 ntcell=1,2,3,4,5,6,
 krat= 51,18,9,6,7,36,
 alout=
       0.5882 , 0.1373 , 0.1176 , 0.0000 , 0.0000 , 0.1569 ,
       0.3889 , 0.3333 , 0.0000 , 0.2222 , 0.0556 , 0.0000 ,
       0.6667 , 0.0000 , 0.0000 , 0.0000 , 0.0000 , 0.3333 ,
       0.0000 , 0.6667 , 0.0000 , 0.0000 , 0.3333 , 0.0000 ,
       0.0000 , 0.1429 , 0.0000 , 0.2857 , 0.5714 , 0.0000 ,
       0.3478 , 0.0000 , 0.1304 , 0.0000 , 0.0000 , 0.5217 ,
                                                                                                                        
 material(1)='chmc',
 &end
*h*
*o*
zr
u233
th32
o
al
b-10
b-11
c
gd57
gd55
ni
cr
n
si
****
:corr
 &vvod &end
:fier
 &vvod &end
:macro
 &vvod
  et=10.5e+6,2.15,2.15,0.,
 nbv=1,1,1,1,1,1,1,1,1,1,1,1,1,1,1,1,1,
 &end
@:stop@
:dina
 &vvod
 &end
                                                                                                                        
:fier
 &vvod &end
                                                                                                                        
@:stop
                                                                                                                        
@ 0 step - 5. days!----------
:burn
 &vvod qv=98.243,dtim=5.0,
 &end
:corr
 &vvod &end
:fier
 &vvod &end
                                                                                                                        
                                                                                                                        
:stop
 ***** end of   file of input data set *******
:poly                                                                           
  rout and rin were constructed
Rout= 0.290, 0.340, 0.504, 0.290, 0.340, 0.504, 0.290, 0.340, 0.504, 0.180,
 0.225, 0.504, 0.420, 0.480, 0.504, 0.390, 0.504,
Rin = 0.000, 0.290, 0.340, 0.000, 0.290, 0.340, 0.000, 0.290, 0.340, 0.000,
 0.180, 0.225, 0.000, 0.420, 0.480, 0.000, 0.390,
  nsos  was constructed
nsos=  1,  4,  4,  1,  4,  4,  4,  4,  4,  4,
  4,  4,  4,  4,  4,  4,  4,
  *******<< check input data>> programm declare *******
    --undeclared parametr--cefzad  -- programm standart value --cefzad  =  0.100000E+01
  *******<< check input data>> programm declare *******
    --undeclared parametr--bakl    -- programm standart value --bakl    =  0.000000E+00
  *******<< check input data>> programm declare *******
    --undeclared parametr--alin    -- programm standart value --alin    =  0.000000E+00  0.000000E+00
     0.000000E+00  0.000000E+00  0.000000E+00  0.000000E+00  0.000000E+00  0.000000E+00  0.000000E+00
     0.000000E+00  0.000000E+00  0.000000E+00  0.000000E+00  0.000000E+00  0.000000E+00  0.000000E+00
     0.000000E+00  0.000000E+00  0.000000E+00  0.000000E+00  0.000000E+00  0.000000E+00  0.000000E+00
     0.000000E+00  0.000000E+00  0.000000E+00  0.000000E+00  0.000000E+00  0.000000E+00  0.000000E+00
     0.000000E+00  0.000000E+00  0.000000E+00  0.000000E+00  0.000000E+00  0.000000E+00
  *******<< check input data>> programm declare *******
    --undeclared parametr--alcorr  -- programm standart value --alcorr  =  0.100000E+01  0.100000E+01
     0.100000E+01  0.100000E+01  0.100000E+01  0.100000E+01  0.100000E+01  0.100000E+01  0.100000E+01
     0.100000E+01  0.100000E+01  0.100000E+01  0.100000E+01  0.100000E+01  0.100000E+01  0.100000E+01
     0.100000E+01  0.100000E+01  0.100000E+01  0.100000E+01  0.100000E+01  0.100000E+01  0.100000E+01
     0.100000E+01  0.100000E+01  0.100000E+01  0.100000E+01  0.100000E+01  0.100000E+01  0.100000E+01
     0.100000E+01  0.100000E+01  0.100000E+01  0.100000E+01  0.100000E+01  0.100000E+01
  *******<< check input data>> programm declare *******
    --undeclared parametr--nbv     -- programm standart value --nbv     =    1    1    1    1    1    1
       1    1    1    1    1    1    1    1    1    1    1
  *******<< check input data>> programm declare *******
    --undeclared parametr--et      -- programm standart value --et      =  0.105000E+08  0.215000E+01
     0.215000E+01  0.000000E+00
    ????  storage for pr. getter =     1700 ?? common /rrr/ rab(        0 )  ????
 ------------------------------------------------------------------------------
  backling =  0.0000000E+00
 ------------------------------------------------------------------------------
  number of cells =           6
          cell number    1  number of zone= 3
 << geometry characteristics >>
    geometry of cell- cilindrical index=           2
  kratnost of cell =   51.00000    
  inner radius of cell =  0.0000000E+00
  out square ratio =  0.5882000      0.1373000      0.1176000      0.0000000E+00
  0.0000000E+00  0.1569000    
 ------------------------------------------------------------------------------
 num zone      1           2           3
 radius   0.29000E+00 0.34000E+00 0.50400E+00
 temper   0.57900E+03 0.57900E+03 0.57900E+03
 rez_izot    bad         bad         bad 
 ------------------------------------------------------------------------------
    izotop   /             concentration number of izotops=70
  1 *h*      0.00000E+00 0.73186E-01 0.73186E-01
  2 *o*      0.00000E+00 0.36593E-01 0.36593E-01
  3 zr       0.10000E-05 0.00000E+00 0.00000E+00
  4 u233     0.10000E-05 0.00000E+00 0.00000E+00
  5 th32     0.10000E-05 0.00000E+00 0.00000E+00
  6 o        0.10000E-05 0.00000E+00 0.00000E+00
  7 al       0.10000E-05 0.00000E+00 0.00000E+00
 16 si       0.10000E-05 0.00000E+00 0.00000E+00
 ------------------------------------------------------------------------------
  number of cells =           6
          cell number    2  number of zone= 3
 << geometry characteristics >>
    geometry of cell- cilindrical index=           2
  kratnost of cell =   18.00000    
  inner radius of cell =  0.0000000E+00
  out square ratio =  0.3889000      0.3333000      0.0000000E+00  0.2222000    
  5.5599999E-02  0.0000000E+00
 ------------------------------------------------------------------------------
 num zone      4           5           6
 radius   0.29000E+00 0.34000E+00 0.50400E+00
 temper   0.57900E+03 0.57900E+03 0.57900E+03
 rez_izot    bad         bad         bad 
 ------------------------------------------------------------------------------
    izotop   /             concentration number of izotops=70
  1 *h*      0.00000E+00 0.73186E-01 0.73186E-01
  2 *o*      0.00000E+00 0.36593E-01 0.36593E-01
  3 zr       0.10000E-05 0.00000E+00 0.00000E+00
  4 u233     0.10000E-05 0.00000E+00 0.00000E+00
  5 th32     0.10000E-05 0.00000E+00 0.00000E+00
  6 o        0.10000E-05 0.00000E+00 0.00000E+00
  7 al       0.10000E-05 0.00000E+00 0.00000E+00
 16 si       0.10000E-05 0.00000E+00 0.00000E+00
 ------------------------------------------------------------------------------
  number of cells =           6
          cell number    3  number of zone= 3
 << geometry characteristics >>
    geometry of cell- cilindrical index=           2
  kratnost of cell =   9.000000    
  inner radius of cell =  0.0000000E+00
  out square ratio =  0.6667000      0.0000000E+00  0.0000000E+00  0.0000000E+00
  0.0000000E+00  0.3333000    
 ------------------------------------------------------------------------------
 num zone      7           8           9
 radius   0.29000E+00 0.34000E+00 0.50400E+00
 temper   0.57900E+03 0.57900E+03 0.57900E+03
 rez_izot    bad         bad         bad 
 ------------------------------------------------------------------------------
    izotop   /             concentration number of izotops=70
  1 *h*      0.73186E-01 0.73186E-01 0.73186E-01
  2 *o*      0.36593E-01 0.36593E-01 0.36593E-01
 ------------------------------------------------------------------------------
  number of cells =           6
          cell number    4  number of zone= 3
 << geometry characteristics >>
    geometry of cell- cilindrical index=           2
  kratnost of cell =   6.000000    
  inner radius of cell =  0.0000000E+00
  out square ratio =  0.0000000E+00  0.6667000      0.0000000E+00  0.0000000E+00
  0.3333000      0.0000000E+00
 ------------------------------------------------------------------------------
 num zone     10          11          12
 radius   0.18000E+00 0.22500E+00 0.50400E+00
 temper   0.57900E+03 0.57900E+03 0.57900E+03
 rez_izot    bad         bad         bad 
 ------------------------------------------------------------------------------
    izotop   /             concentration number of izotops=70
  1 *h*      0.73186E-01 0.73186E-01 0.73186E-01
  2 *o*      0.36593E-01 0.36593E-01 0.36593E-01
 ------------------------------------------------------------------------------
  number of cells =           6
          cell number    5  number of zone= 3
 << geometry characteristics >>
    geometry of cell- cilindrical index=           2
  kratnost of cell =   7.000000    
  inner radius of cell =  0.0000000E+00
  out square ratio =  0.0000000E+00  0.1429000      0.0000000E+00  0.2857000    
  0.5714000      0.0000000E+00
 ------------------------------------------------------------------------------
 num zone     13          14          15
 radius   0.42000E+00 0.48000E+00 0.50400E+00
 temper   0.57900E+03 0.57900E+03 0.57900E+03
 rez_izot    bad         bad         bad 
 ------------------------------------------------------------------------------
    izotop   /             concentration number of izotops=70
  1 *h*      0.73186E-01 0.73186E-01 0.73186E-01
  2 *o*      0.36593E-01 0.36593E-01 0.36593E-01
 ------------------------------------------------------------------------------
  number of cells =           6
          cell number    6  number of zone= 2
 << geometry characteristics >>
    geometry of cell- cilindrical index=           2
  kratnost of cell =   36.00000    
  inner radius of cell =  0.0000000E+00
  out square ratio =  0.3478000      0.0000000E+00  0.1304000      0.0000000E+00
  0.0000000E+00  0.5217000    
 ------------------------------------------------------------------------------
 num zone     16          17
 radius   0.39000E+00 0.50400E+00
 temper   0.57900E+03 0.57900E+03
 rez_izot    bad         bad 
 ------------------------------------------------------------------------------
    izotop   /             concentration number of izotops=70
  1 *h*      0.73186E-01 0.73186E-01
  2 *o*      0.36593E-01 0.36593E-01
    > CONSYST Program Ver: 98.01 > started at  0: 0: 0:  
    { Manturov G., E-mail: abbn@ippe.rssi.ru}
 
       -------------------------------
 
       CONSYST INPUT DATA READ FROM : cons.dat
       CONSYST PROTOCOL STORED IN   : RESULT
       GMF X-SECTION'S FILE         : OUT
       TEMPORARY FILE               : RAB
       ABBN BASIC DATA SET FROM     : ..\bin\Bnab90.lib
       ABBN MULTIC DATA SET FROM    : ..\bin\Bnabmlt.lib
       ABBN THERMAL DATA SET FROM   : ..\bin\BNABTHM.lib
 
    >>  K-inf(MLT)= 2.20000 Balance= 1.00203 NU= 2.59 FI-Sum=  4.11E+05
    >   Include Thermal Matrix > H(H2O):BNABTHM.BIN   Temp=  500K
    >   Include Thermal Matrix > H(H2O):BNABTHM.BIN   Temp=  600K
    >>  K-inf(MLT)= 2.20000 Balance= 1.00203 NU= 2.59 FI-Sum=  4.11E+05
    >   Include Thermal Matrix > H(H2O):BNABTHM.BIN   Temp=  500K
    >   Include Thermal Matrix > H(H2O):BNABTHM.BIN   Temp=  600K
    > CONSYST finished at  0: 0: 0:  
 therm. calculation avoided
 therm. calculation avoided
 therm. calculation avoided
 therm. calculation avoided
 therm. calculation avoided
 therm. calculation avoided
 therm. calculation avoided
 therm. calculation avoided
 therm. calculation avoided
 *************************************************
   ***k(inf)=0.136545E-01 ***k(itt)=0.136261E-01 ***k(integ)=0.136545E-01***
   **bakl=  0.0000     **length= 0.10000E+11  ***
   **matr.  alout*alcorr a(k,i)(k=1,ncel) ***
     * 0.58820     0.13730     0.11760      0.0000      0.0000     0.15690    
     * 0.38890     0.33330      0.0000     0.22220     0.55600E-01  0.0000    
     * 0.66670      0.0000      0.0000      0.0000      0.0000     0.33330    
     *  0.0000     0.66670      0.0000      0.0000     0.33330      0.0000    
     *  0.0000     0.14290      0.0000     0.28570     0.57140      0.0000    
     * 0.34780      0.0000     0.13040      0.0000      0.0000     0.52170    
 lokal kner      in cell ,ru=           1=   1.005708       1.005703    
 lokal kner      in cell ,ru=           2=  0.9838272      0.9838402    
 lokal kner      in cell ,ru=           3=  0.0000000E+00   1.493946    
 lokal kner      in cell ,ru=           4=  0.0000000E+00   1.425389    
 lokal kner      in cell ,ru=           5=  0.0000000E+00   1.401828    
 lokal kner      in cell ,ru=           6=  0.0000000E+00  0.9598812    
:corr                                                                           
 ------------------------------------------------------------------------------
  backling =  0.0000000E+00
 ------------------------------------------------------------------------------
  number of cells =           6
          cell number    1  number of zone= 3
 << geometry characteristics >>
    geometry of cell- cilindrical index=           2
  kratnost of cell =   51.00000    
  inner radius of cell =  0.0000000E+00
  out square ratio =  0.5882000      0.1373000      0.1176000      0.0000000E+00
  0.0000000E+00  0.1569000    
 ------------------------------------------------------------------------------
 num zone      1           2           3
 radius   0.29000E+00 0.34000E+00 0.50400E+00
 temper   0.57900E+03 0.57900E+03 0.57900E+03
 rez_izot    bad         bad         bad 
 ------------------------------------------------------------------------------
    izotop   /             concentration number of izotops=70
  1 *h*      0.00000E+00 0.73186E-01 0.73186E-01
  2 *o*      0.00000E+00 0.36593E-01 0.36593E-01
  3 zr       0.10000E-05 0.00000E+00 0.00000E+00
  4 u233     0.10000E-05 0.00000E+00 0.00000E+00
  5 th32     0.10000E-05 0.00000E+00 0.00000E+00
  6 o        0.10000E-05 0.00000E+00 0.00000E+00
  7 al       0.10000E-05 0.00000E+00 0.00000E+00
 16 si       0.10000E-05 0.00000E+00 0.00000E+00
 ------------------------------------------------------------------------------
  number of cells =           6
          cell number    2  number of zone= 3
 << geometry characteristics >>
    geometry of cell- cilindrical index=           2
  kratnost of cell =   18.00000    
  inner radius of cell =  0.0000000E+00
  out square ratio =  0.3889000      0.3333000      0.0000000E+00  0.2222000    
  5.5599999E-02  0.0000000E+00
 ------------------------------------------------------------------------------
 num zone      4           5           6
 radius   0.29000E+00 0.34000E+00 0.50400E+00
 temper   0.57900E+03 0.57900E+03 0.57900E+03
 rez_izot    bad         bad         bad 
 ------------------------------------------------------------------------------
    izotop   /             concentration number of izotops=70
  1 *h*      0.00000E+00 0.73186E-01 0.73186E-01
  2 *o*      0.00000E+00 0.36593E-01 0.36593E-01
  3 zr       0.10000E-05 0.00000E+00 0.00000E+00
  4 u233     0.10000E-05 0.00000E+00 0.00000E+00
  5 th32     0.10000E-05 0.00000E+00 0.00000E+00
  6 o        0.10000E-05 0.00000E+00 0.00000E+00
  7 al       0.10000E-05 0.00000E+00 0.00000E+00
 16 si       0.10000E-05 0.00000E+00 0.00000E+00
 ------------------------------------------------------------------------------
  number of cells =           6
          cell number    3  number of zone= 3
 << geometry characteristics >>
    geometry of cell- cilindrical index=           2
  kratnost of cell =   9.000000    
  inner radius of cell =  0.0000000E+00
  out square ratio =  0.6667000      0.0000000E+00  0.0000000E+00  0.0000000E+00
  0.0000000E+00  0.3333000    
 ------------------------------------------------------------------------------
 num zone      7           8           9
 radius   0.29000E+00 0.34000E+00 0.50400E+00
 temper   0.57900E+03 0.57900E+03 0.57900E+03
 rez_izot    bad         bad         bad 
 ------------------------------------------------------------------------------
    izotop   /             concentration number of izotops=70
  1 *h*      0.73186E-01 0.73186E-01 0.73186E-01
  2 *o*      0.36593E-01 0.36593E-01 0.36593E-01
 ------------------------------------------------------------------------------
  number of cells =           6
          cell number    4  number of zone= 3
 << geometry characteristics >>
    geometry of cell- cilindrical index=           2
  kratnost of cell =   6.000000    
  inner radius of cell =  0.0000000E+00
  out square ratio =  0.0000000E+00  0.6667000      0.0000000E+00  0.0000000E+00
  0.3333000      0.0000000E+00
 ------------------------------------------------------------------------------
 num zone     10          11          12
 radius   0.18000E+00 0.22500E+00 0.50400E+00
 temper   0.57900E+03 0.57900E+03 0.57900E+03
 rez_izot    bad         bad         bad 
 ------------------------------------------------------------------------------
    izotop   /             concentration number of izotops=70
  1 *h*      0.73186E-01 0.73186E-01 0.73186E-01
  2 *o*      0.36593E-01 0.36593E-01 0.36593E-01
 ------------------------------------------------------------------------------
  number of cells =           6
          cell number    5  number of zone= 3
 << geometry characteristics >>
    geometry of cell- cilindrical index=           2
  kratnost of cell =   7.000000    
  inner radius of cell =  0.0000000E+00
  out square ratio =  0.0000000E+00  0.1429000      0.0000000E+00  0.2857000    
  0.5714000      0.0000000E+00
 ------------------------------------------------------------------------------
 num zone     13          14          15
 radius   0.42000E+00 0.48000E+00 0.50400E+00
 temper   0.57900E+03 0.57900E+03 0.57900E+03
 rez_izot    bad         bad         bad 
 ------------------------------------------------------------------------------
    izotop   /             concentration number of izotops=70
  1 *h*      0.73186E-01 0.73186E-01 0.73186E-01
  2 *o*      0.36593E-01 0.36593E-01 0.36593E-01
 ------------------------------------------------------------------------------
  number of cells =           6
          cell number    6  number of zone= 2
 << geometry characteristics >>
    geometry of cell- cilindrical index=           2
  kratnost of cell =   36.00000    
  inner radius of cell =  0.0000000E+00
  out square ratio =  0.3478000      0.0000000E+00  0.1304000      0.0000000E+00
  0.0000000E+00  0.5217000    
 ------------------------------------------------------------------------------
 num zone     16          17
 radius   0.39000E+00 0.50400E+00
 temper   0.57900E+03 0.57900E+03
 rez_izot    bad         bad 
 ------------------------------------------------------------------------------
    izotop   /             concentration number of izotops=70
  1 *h*      0.73186E-01 0.73186E-01
  2 *o*      0.36593E-01 0.36593E-01
:fier                                                                           
 condensation boundary was changed from  0.21500E+01 to  0.21544E+01
*** 4 *** ;egr=  2.1544    
    keff         nu           mu           fi           teta
  0.13654E-01   2.2645       1.0100      0.99219      0.60169E-02
 s0z(n)=   0.0000000E+00  0.0000000E+00  0.0000000E+00  0.0000000E+00
  0.0000000E+00  0.0000000E+00  0.0000000E+00  0.0000000E+00  0.0000000E+00
  0.0000000E+00  0.0000000E+00  0.0000000E+00  0.0000000E+00  0.0000000E+00
  0.0000000E+00  0.0000000E+00  0.0000000E+00
:macro                                                                          
 condensation boundary was changed from  0.21500E+01 to  0.21544E+01
 condensation boundary was changed from  0.21500E+01 to  0.21544E+01
    -------------------------------------------------------------------------------
    * n group   * e(i)        * e(i+1)      *spect neutron fission  *
          1       0.10500E+08    2.1544           0.99908    
          2        2.1544        0.0000           0.13962E-08
    *******************************************************************************
                                       **    macro cross section    **
    *******************************************************************************
    ** n zone    1 vzone=  101.35     /  1  2  3  4  5  6  7  8  9 10 11 12 13 14 15 16 17
*grp*flux 1/cm2c  * stotal      * sabs        * sfis.       * nu$sfis.    * 1/3*strans  *1/aver.veloci*aver power
  1  0.2235578     0.7140089     0.3398591E-03 0.2377235E-05 0.5972017E-05  1.404258     0.8339806E-06 0.1757204E-01 0.9854817E-02
  2  0.8086279      2.336995     0.1208243E-01 0.6603339E-04 0.1646259E-03 0.2057301     0.2292206E-03 0.1362523E-01 0.9901451    
                                       * matric. scat.cross. sec. from i to j  *
       i / j -->            1           2
       i        1 0.6698579     0.4380985E-01
       i        2 0.9190240E-05  2.324903    
:dina                                                                           
    -------------------------------------------------------------------------------
    * n group   * e(i)        * e(i+1)
          1       0.20000E+08    0.0000    
    -------------------------------------------------------------------------------
          fraction of delay neutrons -betaj
           beta`j
           one group beta * 10e-4
  
          condensated zone : 1
 nt      1           2           3           4           5           6
 ne: 1  2.1259      8.5438      7.5012      13.599      1.4049     0.80257    
 ne: 1 0.62568E-01 0.25146     0.22077     0.40024     0.41349E-01 0.23621E-01
       33.97752    
    -------------------------------------------------------------------------------
    * n group   * e(i)        * e(i+1)
          1       0.20000E+08    0.0000    
    -------------------------------------------------------------------------------
          decay constant -lambdaj
           one group lambda
  
          condensated zone : 1
 nt      1           2           3           4           5           6
 ne: 1 0.12500E-01 0.35600E-01 0.14300     0.32800      1.0400      2.6100    
 1-group lambda   6.7197047E-02
    -------------------------------------------------------------------------------
    * n group   * e(i)        * e(i+1)
          1       0.20000E+08    0.0000    
    -------------------------------------------------------------------------------
          spectrum -xj
  
          condensated zone : 1
 nt      1           2           3           4           5           6
 ne: 1  0.0000      0.0000      0.0000      0.0000      0.0000      0.0000    
    -------------------------------------------------------------------------------
    * n group   * e(i)        * e(i+1)
          1       0.10500E+08    0.0000    
    -------------------------------------------------------------------------------
          production part constant -alfa (id xe pm)
  
          condensated zone : 1
           1  4.4000350E-02  2.6000142E-03  8.0001764E-03
:fier                                                                           
 condensation boundary was changed from  0.21500E+01 to  0.21544E+01
*** 4 *** ;egr=  2.1544    
    keff         nu           mu           fi           teta
  0.13654E-01   2.2645       1.0100      0.99219      0.60169E-02
 s0z(n)=   0.0000000E+00  0.0000000E+00  0.0000000E+00  0.0000000E+00
  0.0000000E+00  0.0000000E+00  0.0000000E+00  0.0000000E+00  0.0000000E+00
  0.0000000E+00  0.0000000E+00  0.0000000E+00  0.0000000E+00  0.0000000E+00
  0.0000000E+00  0.0000000E+00  0.0000000E+00
:burn                                                                           
 *** average burn up =   636.77     (mbt*day)/(kg hm)
    > CONSYST Program Ver: 98.01 > started at  0: 0: 0:  
    { Manturov G., E-mail: abbn@ippe.rssi.ru}
 
       -------------------------------
 
       CONSYST INPUT DATA READ FROM : cons.dat
       CONSYST PROTOCOL STORED IN   : RESULT
       GMF X-SECTION'S FILE         : OUT
       TEMPORARY FILE               : RAB
       ABBN BASIC DATA SET FROM     : ..\bin\Bnab90.lib
       ABBN MULTIC DATA SET FROM    : ..\bin\Bnabmlt.lib
       ABBN THERMAL DATA SET FROM   : ..\bin\BNABTHM.lib
 
    >   Include Thermal Matrix > H(H2O):BNABTHM.BIN   Temp=  500K
    >   Include Thermal Matrix > H(H2O):BNABTHM.BIN   Temp=  600K
    >   Include Thermal Matrix > H(H2O):BNABTHM.BIN   Temp=  500K
    >   Include Thermal Matrix > H(H2O):BNABTHM.BIN   Temp=  600K
    > CONSYST finished at  0: 0: 0:  
 therm. calculation avoided
 therm. calculation avoided
 therm. calculation avoided
 therm. calculation avoided
 therm. calculation avoided
 therm. calculation avoided
 therm. calculation avoided
 therm. calculation avoided
 therm. calculation avoided
 *************************************************
   ***k(inf)=0.811507E-04 ***k(itt)=0.809824E-04 ***k(integ)=0.811507E-04***
   **bakl=  0.0000     **length= 0.10000E+11  ***
   **matr.  alout*alcorr a(k,i)(k=1,ncel) ***
     * 0.58820     0.13730     0.11760      0.0000      0.0000     0.15690    
     * 0.38890     0.33330      0.0000     0.22220     0.55600E-01  0.0000    
     * 0.66670      0.0000      0.0000      0.0000      0.0000     0.33330    
     *  0.0000     0.66670      0.0000      0.0000     0.33330      0.0000    
     *  0.0000     0.14290      0.0000     0.28570     0.57140      0.0000    
     * 0.34780      0.0000     0.13040      0.0000      0.0000     0.52170    
 lokal kner      in cell ,ru=           1=  0.9946677       1.003946    
 lokal kner      in cell ,ru=           2=   1.015108      0.9888192    
 lokal kner      in cell ,ru=           3=  0.0000000E+00   1.504736    
 lokal kner      in cell ,ru=           4=  0.0000000E+00   1.456047    
 lokal kner      in cell ,ru=           5=  0.0000000E+00   1.437406    
 lokal kner      in cell ,ru=           6=  0.0000000E+00  0.9642604    
:corr                                                                           
 ------------------------------------------------------------------------------
  backling =  0.0000000E+00
 ------------------------------------------------------------------------------
  number of cells =           6
          cell number    1  number of zone= 3
 << geometry characteristics >>
    geometry of cell- cilindrical index=           2
  kratnost of cell =   51.00000    
  inner radius of cell =  0.0000000E+00
  out square ratio =  0.5882000      0.1373000      0.1176000      0.0000000E+00
  0.0000000E+00  0.1569000    
 ------------------------------------------------------------------------------
 num zone      1           2           3
 radius   0.29000E+00 0.34000E+00 0.50400E+00
 temper   0.57900E+03 0.57900E+03 0.57900E+03
 rez_izot    bad         bad         bad 
 ------------------------------------------------------------------------------
    izotop   /             concentration number of izotops=70
  1 *h*      0.00000E+00 0.73186E-01 0.73186E-01
  2 *o*      0.00000E+00 0.36593E-01 0.36593E-01
  3 zr       0.10000E-05 0.00000E+00 0.00000E+00
  4 u233     0.12879E-08 0.00000E+00 0.00000E+00
  5 th32     0.90061E-06 0.00000E+00 0.00000E+00
  6 o        0.10000E-05 0.00000E+00 0.00000E+00
  7 al       0.10000E-05 0.00000E+00 0.00000E+00
 11 gd57     0.67358E-11 0.00000E+00 0.00000E+00
 12 gd55     0.11258E-14 0.00000E+00 0.00000E+00
 16 si       0.10000E-05 0.00000E+00 0.00000E+00
 19 u235     0.44353E-08 0.00000E+00 0.00000E+00
 20 u236     0.74415E-08 0.00000E+00 0.00000E+00
 22 slag     0.70405E-06 0.00000E+00 0.00000E+00
 23 tc99     0.44586E-07 0.00000E+00 0.00000E+00
 24 rh03     0.41450E-08 0.00000E+00 0.00000E+00
 25 ag09     0.86675E-10 0.00000E+00 0.00000E+00
 26 cd13     0.75740E-14 0.00000E+00 0.00000E+00
 27 xe35     0.59860E-13 0.00000E+00 0.00000E+00
 28 sm49     0.38687E-11 0.00000E+00 0.00000E+00
 29 sm51     0.12375E-11 0.00000E+00 0.00000E+00
 30 eu55     0.24277E-09 0.00000E+00 0.00000E+00
 31 gd56     0.35408E-10 0.00000E+00 0.00000E+00
 32 np37     0.26584E-09 0.00000E+00 0.00000E+00
 34 pu38     0.74426E-10 0.00000E+00 0.00000E+00
 35 pu39     0.21531E-10 0.00000E+00 0.00000E+00
 36 pu40     0.18686E-10 0.00000E+00 0.00000E+00
 37 pu41     0.45450E-11 0.00000E+00 0.00000E+00
 38 pu42     0.58840E-11 0.00000E+00 0.00000E+00
 39 am41     0.21582E-15 0.00000E+00 0.00000E+00
 40 am2m     0.19407E-17 0.00000E+00 0.00000E+00
 41 am43     0.44960E-12 0.00000E+00 0.00000E+00
 42 cm42     0.15891E-15 0.00000E+00 0.00000E+00
 43 cm44     0.94719E-13 0.00000E+00 0.00000E+00
 44 cm45     0.79984E-15 0.00000E+00 0.00000E+00
 45 pa33     0.64995E-07 0.00000E+00 0.00000E+00
 46 u234     0.21167E-07 0.00000E+00 0.00000E+00
 47 sm52     0.79192E-09 0.00000E+00 0.00000E+00
 48 xe31     0.86316E-08 0.00000E+00 0.00000E+00
 49 cs33     0.43286E-07 0.00000E+00 0.00000E+00
 50 nd45     0.22015E-07 0.00000E+00 0.00000E+00
 51 nd43     0.21174E-08 0.00000E+00 0.00000E+00
 52 pm47     0.24472E-08 0.00000E+00 0.00000E+00
 53 mo95     0.52485E-07 0.00000E+00 0.00000E+00
 54 cs34     0.10156E-07 0.00000E+00 0.00000E+00
 55 pr41     0.49151E-07 0.00000E+00 0.00000E+00
 56 pm48     0.13580E-09 0.00000E+00 0.00000E+00
 57 pm8m     0.72251E-11 0.00000E+00 0.00000E+00
 58 rh05     0.18648E-11 0.00000E+00 0.00000E+00
 59 pm49     0.32612E-08 0.00000E+00 0.00000E+00
 60 kr83     0.74151E-09 0.00000E+00 0.00000E+00
 61 ru01     0.46489E-07 0.00000E+00 0.00000E+00
 62 pd05     0.46197E-10 0.00000E+00 0.00000E+00
 63 cs35     0.87029E-11 0.00000E+00 0.00000E+00
 64 sm50     0.11964E-07 0.00000E+00 0.00000E+00
 65 eu51     0.27299E-09 0.00000E+00 0.00000E+00
 66 eu53     0.34849E-08 0.00000E+00 0.00000E+00
 67 eu54     0.34206E-09 0.00000E+00 0.00000E+00
 68 gd54     0.24865E-12 0.00000E+00 0.00000E+00
 69 am42     0.21795E-15 0.00000E+00 0.00000E+00
 70 cm43     0.23294E-17 0.00000E+00 0.00000E+00
 ------------------------------------------------------------------------------
  number of cells =           6
          cell number    2  number of zone= 3
 << geometry characteristics >>
    geometry of cell- cilindrical index=           2
  kratnost of cell =   18.00000    
  inner radius of cell =  0.0000000E+00
  out square ratio =  0.3889000      0.3333000      0.0000000E+00  0.2222000    
  5.5599999E-02  0.0000000E+00
 ------------------------------------------------------------------------------
 num zone      4           5           6
 radius   0.29000E+00 0.34000E+00 0.50400E+00
 temper   0.57900E+03 0.57900E+03 0.57900E+03
 rez_izot    bad         bad         bad 
 ------------------------------------------------------------------------------
    izotop   /             concentration number of izotops=70
  1 *h*      0.00000E+00 0.73186E-01 0.73186E-01
  2 *o*      0.00000E+00 0.36593E-01 0.36593E-01
  3 zr       0.10000E-05 0.00000E+00 0.00000E+00
  4 u233     0.13551E-08 0.00000E+00 0.00000E+00
  5 th32     0.90264E-06 0.00000E+00 0.00000E+00
  6 o        0.10000E-05 0.00000E+00 0.00000E+00
  7 al       0.10000E-05 0.00000E+00 0.00000E+00
 11 gd57     0.67669E-11 0.00000E+00 0.00000E+00
 12 gd55     0.11530E-14 0.00000E+00 0.00000E+00
 16 si       0.10000E-05 0.00000E+00 0.00000E+00
 19 u235     0.45821E-08 0.00000E+00 0.00000E+00
 20 u236     0.73409E-08 0.00000E+00 0.00000E+00
 22 slag     0.70003E-06 0.00000E+00 0.00000E+00
 23 tc99     0.44827E-07 0.00000E+00 0.00000E+00
 24 rh03     0.43298E-08 0.00000E+00 0.00000E+00
 25 ag09     0.88973E-10 0.00000E+00 0.00000E+00
 26 cd13     0.78123E-14 0.00000E+00 0.00000E+00
 27 xe35     0.61984E-13 0.00000E+00 0.00000E+00
 28 sm49     0.40690E-11 0.00000E+00 0.00000E+00
 29 sm51     0.12823E-11 0.00000E+00 0.00000E+00
 30 eu55     0.24331E-09 0.00000E+00 0.00000E+00
 31 gd56     0.35572E-10 0.00000E+00 0.00000E+00
 32 np37     0.26001E-09 0.00000E+00 0.00000E+00
 34 pu38     0.72252E-10 0.00000E+00 0.00000E+00
 35 pu39     0.20800E-10 0.00000E+00 0.00000E+00
 36 pu40     0.17780E-10 0.00000E+00 0.00000E+00
 37 pu41     0.43283E-11 0.00000E+00 0.00000E+00
 38 pu42     0.54261E-11 0.00000E+00 0.00000E+00
 39 am41     0.20772E-15 0.00000E+00 0.00000E+00
 40 am2m     0.18680E-17 0.00000E+00 0.00000E+00
 41 am43     0.40707E-12 0.00000E+00 0.00000E+00
 42 cm42     0.14722E-15 0.00000E+00 0.00000E+00
 43 cm44     0.83733E-13 0.00000E+00 0.00000E+00
 44 cm45     0.70798E-15 0.00000E+00 0.00000E+00
 45 pa33     0.64050E-07 0.00000E+00 0.00000E+00
 46 u234     0.21849E-07 0.00000E+00 0.00000E+00
 47 sm52     0.81143E-09 0.00000E+00 0.00000E+00
 48 xe31     0.88474E-08 0.00000E+00 0.00000E+00
 49 cs33     0.43643E-07 0.00000E+00 0.00000E+00
 50 nd45     0.22282E-07 0.00000E+00 0.00000E+00
 51 nd43     0.22733E-08 0.00000E+00 0.00000E+00
 52 pm47     0.25634E-08 0.00000E+00 0.00000E+00
 53 mo95     0.52663E-07 0.00000E+00 0.00000E+00
 54 cs34     0.10139E-07 0.00000E+00 0.00000E+00
 55 pr41     0.49273E-07 0.00000E+00 0.00000E+00
 56 pm48     0.14258E-09 0.00000E+00 0.00000E+00
 57 pm8m     0.75819E-11 0.00000E+00 0.00000E+00
 58 rh05     0.19227E-11 0.00000E+00 0.00000E+00
 59 pm49     0.33558E-08 0.00000E+00 0.00000E+00
 60 kr83     0.77692E-09 0.00000E+00 0.00000E+00
 61 ru01     0.46502E-07 0.00000E+00 0.00000E+00
 62 pd05     0.47422E-10 0.00000E+00 0.00000E+00
 63 cs35     0.89127E-11 0.00000E+00 0.00000E+00
 64 sm50     0.12062E-07 0.00000E+00 0.00000E+00
 65 eu51     0.27514E-09 0.00000E+00 0.00000E+00
 66 eu53     0.34986E-08 0.00000E+00 0.00000E+00
 67 eu54     0.34329E-09 0.00000E+00 0.00000E+00
 68 gd54     0.24690E-12 0.00000E+00 0.00000E+00
 69 am42     0.20393E-15 0.00000E+00 0.00000E+00
 70 cm43     0.21331E-17 0.00000E+00 0.00000E+00
 ------------------------------------------------------------------------------
  number of cells =           6
          cell number    3  number of zone= 3
 << geometry characteristics >>
    geometry of cell- cilindrical index=           2
  kratnost of cell =   9.000000    
  inner radius of cell =  0.0000000E+00
  out square ratio =  0.6667000      0.0000000E+00  0.0000000E+00  0.0000000E+00
  0.0000000E+00  0.3333000    
 ------------------------------------------------------------------------------
 num zone      7           8           9
 radius   0.29000E+00 0.34000E+00 0.50400E+00
 temper   0.57900E+03 0.57900E+03 0.57900E+03
 rez_izot    bad         bad         bad 
 ------------------------------------------------------------------------------
    izotop   /             concentration number of izotops=70
  1 *h*      0.73186E-01 0.73186E-01 0.73186E-01
  2 *o*      0.36593E-01 0.36593E-01 0.36593E-01
 ------------------------------------------------------------------------------
  number of cells =           6
          cell number    4  number of zone= 3
 << geometry characteristics >>
    geometry of cell- cilindrical index=           2
  kratnost of cell =   6.000000    
  inner radius of cell =  0.0000000E+00
  out square ratio =  0.0000000E+00  0.6667000      0.0000000E+00  0.0000000E+00
  0.3333000      0.0000000E+00
 ------------------------------------------------------------------------------
 num zone     10          11          12
 radius   0.18000E+00 0.22500E+00 0.50400E+00
 temper   0.57900E+03 0.57900E+03 0.57900E+03
 rez_izot    bad         bad         bad 
 ------------------------------------------------------------------------------
    izotop   /             concentration number of izotops=70
  1 *h*      0.73186E-01 0.73186E-01 0.73186E-01
  2 *o*      0.36593E-01 0.36593E-01 0.36593E-01
 ------------------------------------------------------------------------------
  number of cells =           6
          cell number    5  number of zone= 3
 << geometry characteristics >>
    geometry of cell- cilindrical index=           2
  kratnost of cell =   7.000000    
  inner radius of cell =  0.0000000E+00
  out square ratio =  0.0000000E+00  0.1429000      0.0000000E+00  0.2857000    
  0.5714000      0.0000000E+00
 ------------------------------------------------------------------------------
 num zone     13          14          15
 radius   0.42000E+00 0.48000E+00 0.50400E+00
 temper   0.57900E+03 0.57900E+03 0.57900E+03
 rez_izot    bad         bad         bad 
 ------------------------------------------------------------------------------
    izotop   /             concentration number of izotops=70
  1 *h*      0.73186E-01 0.73186E-01 0.73186E-01
  2 *o*      0.36593E-01 0.36593E-01 0.36593E-01
 ------------------------------------------------------------------------------
  number of cells =           6
          cell number    6  number of zone= 2
 << geometry characteristics >>
    geometry of cell- cilindrical index=           2
  kratnost of cell =   36.00000    
  inner radius of cell =  0.0000000E+00
  out square ratio =  0.3478000      0.0000000E+00  0.1304000      0.0000000E+00
  0.0000000E+00  0.5217000    
 ------------------------------------------------------------------------------
 num zone     16          17
 radius   0.39000E+00 0.50400E+00
 temper   0.57900E+03 0.57900E+03
 rez_izot    bad         bad 
 ------------------------------------------------------------------------------
    izotop   /             concentration number of izotops=70
  1 *h*      0.73186E-01 0.73186E-01
  2 *o*      0.36593E-01 0.36593E-01
:fier                                                                           
 condensation boundary was changed from  0.21500E+01 to  0.21544E+01
*** 4 *** ;egr=  2.1544    
    keff         nu           mu           fi           teta
  0.81151E-04  0.19338       1.0191      0.99230      0.41499E-03
 s0z(n)=   0.0000000E+00  0.0000000E+00  0.0000000E+00  0.0000000E+00
  0.0000000E+00  0.0000000E+00  0.0000000E+00  0.0000000E+00  0.0000000E+00
  0.0000000E+00  0.0000000E+00  0.0000000E+00  0.0000000E+00  0.0000000E+00
  0.0000000E+00  0.0000000E+00  0.0000000E+00
:stop                                                                           
