 *****          file of input data set *******
:poly
 &vvod
 @ 1 tvel  cell@   rcel(1,1)=0.290,0.340,0.504,
                   ncelsos(1,1)=1,3,4
 @ 2 tvel  cell@   rcel(1,2)=0.290,0.340,0.504,
                   ncelsos(1,2)=2,3,4
 @ 3 svp-1 cell@   rcel(1,3)=0.290,0.340,0.504,
                   ncelsos(1,3)=5,3,4,
 @ 4 svp-2 cell@   rcel(1,4)=0.180,0.225,0.504,
                   ncelsos(1,4)=5,3,4,
 @ 5 pel       @   rcel(1,5)=0.42,0.48,0.504 @0.290,0.340,0.504
                   ncelsos(1,5)=6,7,4,
 @ 6 km        @   rcel(1,6)=0.39,0.504,
                   ncelsos(1,6)=3,4,
   t=0.648e+3, 0.648e+3, 0.611e+3, 0.581e+3, 0.612e+3, 0.581e+3, 0.581e+3,
@-----------------------------------------------------------------------
 troiz=
   @        1 tv_1     2 tv_2     3 zr_ob_tv 4 h2o      5 svp_      6 pel       7 ob_pel
 @ *h*  @ 0.000000 , 0.000000 , 0.000000 , 0.048149 , 0.000000 , 0.000000 , 0.000000 ,
 @ *o*  @ 0.000000 , 0.000000 , 0.000000 , 0.024074 , 0.000000 , 0.000000 , 0.000000 ,
 @ zr   @ 0.000000 , 0.000000 , 0.042475 , 0.000000 , 0.000000 , 0.000000 , 0.000000 ,
 @ u233 @ 0.001868 , 0.001868 , 0.000000 , 0.000000 , 0.000000 , 0.000000 , 0.000000 ,
 @ th32 @ 0.016813 , 0.016813 , 0.000000 , 0.000000 , 0.000000 , 0.000000 , 0.000000 ,
 @ o    @ 0.037362 , 0.037362 , 0.000000 , 0.000000 , 0.022991 , 0.000000 , 0.000000 ,
 @ al   @ 0.014076 , 0.014076 , 0.000000 , 0.000000 , 0.058031 , 0.000000 , 0.000000 ,
 @ b-10 @ 0.000000 , 0.000000 , 0.000000 , 0.000000 , 0.000000 , 0.103335 , 0.000000 ,
 @ b-11 @ 0.000000 , 0.000000 , 0.000000 , 0.000000 , 0.000000 , 0.011482 , 0.000000 ,
 @ c    @ 0.000000 , 0.000000 , 0.000000 , 0.000000 , 0.000000 , 0.028704 , 0.000000 ,
 @ gd57 @ 0.000000 , 0.000000 , 0.000000 , 0.000000 , 0.001395 , 0.000000 , 0.000000 ,
 @ gd55 @ 0.000000 , 0.000000 , 0.000000 , 0.000000 , 0.001196 , 0.000000 , 0.000000 ,
 @ ni   @ 0.000000 , 0.000000 , 0.000000 , 0.000000 , 0.000000 , 0.000000 , 0.048300 ,
 @ cr   @ 0.000000 , 0.000000 , 0.000000 , 0.000000 , 0.000000 , 0.000000 , 0.037950 ,
 @ n    @ 0.000000 , 0.000000 , 0.000000 , 0.000000 , 0.000000 , 0.000000 , 0.000000 ,
 @ si   @ 0.042227 , 0.042227 , 0.000000 , 0.000000 , 0.000000 , 0.000000 , 0.000000 ,
 @-----------------------------------------------------------------------
 ntcell=1,2,3,4,5,6,
 krat= 51,18,9,6,7,36,
 alout=
       0.5359 , 0.1046 , 0.1438 , 0.0000 , 0.0000 , 0.2157 ,
       0.2963 , 0.3333 , 0.0926 , 0.2222 , 0.0556 , 0.0000 ,
       0.8148 , 0.1852 , 0.0000 , 0.0000 , 0.0000 , 0.0000 ,
       0.0000 , 0.6667 , 0.0000 , 0.0000 , 0.3333 , 0.0000 ,
       0.0000 , 0.1429 , 0.0000 , 0.2857 , 0.5714 , 0.0000 ,
       0.4783 , 0.0000 , 0.0000 , 0.0000 , 0.0000 , 0.5217 ,
                                                                                                                        
 material(1)='chmc',
 &end
*h*
*o*
zr
u233
th32
o
al
b-10
b-11
c
gd57
gd55
ni
cr
n
si
****
:corr
 &vvod &end
:fier
 &vvod &end
:macro
 &vvod
  et=10.5e+6,2.15,2.15,0.,
 nbv=1,1,1,1,1,1,1,1,1,1,1,1,1,1,1,1,1,
 &end
@:stop@
:dina
 &vvod
 &end
                                                                                                                        
:fier
 &vvod &end
                                                                                                                        
@:stop
                                                                                                                        
@ 0 step - 5. days!----------
:burn
 &vvod qv=98.243,dtim=5.0,
 &end
:corr
 &vvod &end
:fier
 &vvod &end
                                                                                                                        
                                                                                                                        
:stop
 ***** end of   file of input data set *******
:poly                                                                           
  rout and rin were constructed
Rout= 0.290, 0.340, 0.504, 0.290, 0.340, 0.504, 0.290, 0.340, 0.504, 0.180,
 0.225, 0.504, 0.420, 0.480, 0.504, 0.390, 0.504,
Rin = 0.000, 0.290, 0.340, 0.000, 0.290, 0.340, 0.000, 0.290, 0.340, 0.000,
 0.180, 0.225, 0.000, 0.420, 0.480, 0.000, 0.390,
  nsos  was constructed
nsos=  1,  3,  4,  2,  3,  4,  5,  3,  4,  5,
  3,  4,  6,  7,  4,  3,  4,
 definition izotr in sos           1:izotr=   5.000000    
 definition izotr in sos           2:izotr=   5.000000    
  *******<< check input data>> programm declare *******
    --undeclared parametr--cefzad  -- programm standart value --cefzad  =  0.100000E+01
  *******<< check input data>> programm declare *******
    --undeclared parametr--bakl    -- programm standart value --bakl    =  0.000000E+00
  *******<< check input data>> programm declare *******
    --undeclared parametr--alin    -- programm standart value --alin    =  0.000000E+00  0.000000E+00
     0.000000E+00  0.000000E+00  0.000000E+00  0.000000E+00  0.000000E+00  0.000000E+00  0.000000E+00
     0.000000E+00  0.000000E+00  0.000000E+00  0.000000E+00  0.000000E+00  0.000000E+00  0.000000E+00
     0.000000E+00  0.000000E+00  0.000000E+00  0.000000E+00  0.000000E+00  0.000000E+00  0.000000E+00
     0.000000E+00  0.000000E+00  0.000000E+00  0.000000E+00  0.000000E+00  0.000000E+00  0.000000E+00
     0.000000E+00  0.000000E+00  0.000000E+00  0.000000E+00  0.000000E+00  0.000000E+00
  *******<< check input data>> programm declare *******
    --undeclared parametr--alcorr  -- programm standart value --alcorr  =  0.100000E+01  0.100000E+01
     0.100000E+01  0.100000E+01  0.100000E+01  0.100000E+01  0.100000E+01  0.100000E+01  0.100000E+01
     0.100000E+01  0.100000E+01  0.100000E+01  0.100000E+01  0.100000E+01  0.100000E+01  0.100000E+01
     0.100000E+01  0.100000E+01  0.100000E+01  0.100000E+01  0.100000E+01  0.100000E+01  0.100000E+01
     0.100000E+01  0.100000E+01  0.100000E+01  0.100000E+01  0.100000E+01  0.100000E+01  0.100000E+01
     0.100000E+01  0.100000E+01  0.100000E+01  0.100000E+01  0.100000E+01  0.100000E+01
  *******<< check input data>> programm declare *******
    --undeclared parametr--nbv     -- programm standart value --nbv     =    1    1    1    1    1    1
       1    1    1    1    1    1    1    1    1    1    1
  *******<< check input data>> programm declare *******
    --undeclared parametr--et      -- programm standart value --et      =  0.105000E+08  0.215000E+01
     0.215000E+01  0.000000E+00
    ????  storage for pr. getter =     1700 ?? common /rrr/ rab(        0 )  ????
 ------------------------------------------------------------------------------
  backling =  0.0000000E+00
 ------------------------------------------------------------------------------
  number of cells =           6
          cell number    1  number of zone= 3
 << geometry characteristics >>
    geometry of cell- cilindrical index=           2
  kratnost of cell =   51.00000    
  inner radius of cell =  0.0000000E+00
  out square ratio =  0.5359000      0.1046000      0.1438000      0.0000000E+00
  0.0000000E+00  0.2157000    
 ------------------------------------------------------------------------------
 num zone      1           2           3
 radius   0.29000E+00 0.34000E+00 0.50400E+00
 temper   0.64800E+03 0.61100E+03 0.58100E+03
 rez_izot    th32        bad         bad 
 ------------------------------------------------------------------------------
    izotop   /             concentration number of izotops=70
  1 *h*      0.00000E+00 0.00000E+00 0.48149E-01
  2 *o*      0.00000E+00 0.00000E+00 0.24074E-01
  3 zr       0.00000E+00 0.42475E-01 0.00000E+00
  4 u233     0.18680E-02 0.00000E+00 0.00000E+00
  5 th32     0.16813E-01 0.00000E+00 0.00000E+00
  6 o        0.37362E-01 0.00000E+00 0.00000E+00
  7 al       0.14076E-01 0.00000E+00 0.00000E+00
 16 si       0.42227E-01 0.00000E+00 0.00000E+00
 ------------------------------------------------------------------------------
  number of cells =           6
          cell number    2  number of zone= 3
 << geometry characteristics >>
    geometry of cell- cilindrical index=           2
  kratnost of cell =   18.00000    
  inner radius of cell =  0.0000000E+00
  out square ratio =  0.2963000      0.3333000      9.2600003E-02  0.2222000    
  5.5599999E-02  0.0000000E+00
 ------------------------------------------------------------------------------
 num zone      4           5           6
 radius   0.29000E+00 0.34000E+00 0.50400E+00
 temper   0.64800E+03 0.61100E+03 0.58100E+03
 rez_izot    th32        bad         bad 
 ------------------------------------------------------------------------------
    izotop   /             concentration number of izotops=70
  1 *h*      0.00000E+00 0.00000E+00 0.48149E-01
  2 *o*      0.00000E+00 0.00000E+00 0.24074E-01
  3 zr       0.00000E+00 0.42475E-01 0.00000E+00
  4 u233     0.18680E-02 0.00000E+00 0.00000E+00
  5 th32     0.16813E-01 0.00000E+00 0.00000E+00
  6 o        0.37362E-01 0.00000E+00 0.00000E+00
  7 al       0.14076E-01 0.00000E+00 0.00000E+00
 16 si       0.42227E-01 0.00000E+00 0.00000E+00
 ------------------------------------------------------------------------------
  number of cells =           6
          cell number    3  number of zone= 3
 << geometry characteristics >>
    geometry of cell- cilindrical index=           2
  kratnost of cell =   9.000000    
  inner radius of cell =  0.0000000E+00
  out square ratio =  0.8148000      0.1852000      0.0000000E+00  0.0000000E+00
  0.0000000E+00  0.0000000E+00
 ------------------------------------------------------------------------------
 num zone      7           8           9
 radius   0.29000E+00 0.34000E+00 0.50400E+00
 temper   0.61200E+03 0.61100E+03 0.58100E+03
 rez_izot    bad         bad         bad 
 ------------------------------------------------------------------------------
    izotop   /             concentration number of izotops=70
  1 *h*      0.00000E+00 0.00000E+00 0.48149E-01
  2 *o*      0.00000E+00 0.00000E+00 0.24074E-01
  3 zr       0.00000E+00 0.42475E-01 0.00000E+00
  6 o        0.22991E-01 0.00000E+00 0.00000E+00
  7 al       0.58031E-01 0.00000E+00 0.00000E+00
 11 gd57     0.13950E-02 0.00000E+00 0.00000E+00
 12 gd55     0.11960E-02 0.00000E+00 0.00000E+00
 ------------------------------------------------------------------------------
  number of cells =           6
          cell number    4  number of zone= 3
 << geometry characteristics >>
    geometry of cell- cilindrical index=           2
  kratnost of cell =   6.000000    
  inner radius of cell =  0.0000000E+00
  out square ratio =  0.0000000E+00  0.6667000      0.0000000E+00  0.0000000E+00
  0.3333000      0.0000000E+00
 ------------------------------------------------------------------------------
 num zone     10          11          12
 radius   0.18000E+00 0.22500E+00 0.50400E+00
 temper   0.61200E+03 0.61100E+03 0.58100E+03
 rez_izot    bad         bad         bad 
 ------------------------------------------------------------------------------
    izotop   /             concentration number of izotops=70
  1 *h*      0.00000E+00 0.00000E+00 0.48149E-01
  2 *o*      0.00000E+00 0.00000E+00 0.24074E-01
  3 zr       0.00000E+00 0.42475E-01 0.00000E+00
  6 o        0.22991E-01 0.00000E+00 0.00000E+00
  7 al       0.58031E-01 0.00000E+00 0.00000E+00
 11 gd57     0.13950E-02 0.00000E+00 0.00000E+00
 12 gd55     0.11960E-02 0.00000E+00 0.00000E+00
 ------------------------------------------------------------------------------
  number of cells =           6
          cell number    5  number of zone= 3
 << geometry characteristics >>
    geometry of cell- cilindrical index=           2
  kratnost of cell =   7.000000    
  inner radius of cell =  0.0000000E+00
  out square ratio =  0.0000000E+00  0.1429000      0.0000000E+00  0.2857000    
  0.5714000      0.0000000E+00
 ------------------------------------------------------------------------------
 num zone     13          14          15
 radius   0.42000E+00 0.48000E+00 0.50400E+00
 temper   0.58100E+03 0.58100E+03 0.58100E+03
 rez_izot    bad         bad         bad 
 ------------------------------------------------------------------------------
    izotop   /             concentration number of izotops=70
  1 *h*      0.00000E+00 0.00000E+00 0.48149E-01
  2 *o*      0.00000E+00 0.00000E+00 0.24074E-01
  8 b-10     0.10334E+00 0.00000E+00 0.00000E+00
  9 b-11     0.11482E-01 0.00000E+00 0.00000E+00
 10 c        0.28704E-01 0.00000E+00 0.00000E+00
 13 ni       0.00000E+00 0.48300E-01 0.00000E+00
 14 cr       0.00000E+00 0.37950E-01 0.00000E+00
 ------------------------------------------------------------------------------
  number of cells =           6
          cell number    6  number of zone= 2
 << geometry characteristics >>
    geometry of cell- cilindrical index=           2
  kratnost of cell =   36.00000    
  inner radius of cell =  0.0000000E+00
  out square ratio =  0.4783000      0.0000000E+00  0.0000000E+00  0.0000000E+00
  0.0000000E+00  0.5217000    
 ------------------------------------------------------------------------------
 num zone     16          17
 radius   0.39000E+00 0.50400E+00
 temper   0.61100E+03 0.58100E+03
 rez_izot    bad         bad 
 ------------------------------------------------------------------------------
    izotop   /             concentration number of izotops=70
  1 *h*      0.00000E+00 0.48149E-01
  2 *o*      0.00000E+00 0.24074E-01
  3 zr       0.42475E-01 0.00000E+00
    > CONSYST Program Ver: 98.01 > started at  0: 0: 0:  
    { Manturov G., E-mail: abbn@ippe.rssi.ru}
 
       -------------------------------
 
       CONSYST INPUT DATA READ FROM : cons.dat
       CONSYST PROTOCOL STORED IN   : RESULT
       GMF X-SECTION'S FILE         : OUT
       TEMPORARY FILE               : RAB
       ABBN BASIC DATA SET FROM     : ..\bin\Bnab90.lib
       ABBN MULTIC DATA SET FROM    : ..\bin\Bnabmlt.lib
       ABBN THERMAL DATA SET FROM   : ..\bin\BNABTHM.lib
 
    >>  K-inf(MLT)= 1.10242 Balance= 1.00178 NU= 2.51 FI-Sum=  8.42E+01
    >   Include Thermal Matrix > H(H2O):BNABTHM.BIN   Temp=  500K
    >   Include Thermal Matrix > H(H2O):BNABTHM.BIN   Temp=  600K
    >>  K-inf(MLT)= 1.10317 Balance= 1.00178 NU= 2.51 FI-Sum=  8.42E+01
    >   Include Thermal Matrix > H(H2O):BNABTHM.BIN   Temp=  500K
    >   Include Thermal Matrix > H(H2O):BNABTHM.BIN   Temp=  600K
    >   Include Thermal Matrix > H(H2O):BNABTHM.BIN   Temp=  500K
    >   Include Thermal Matrix > H(H2O):BNABTHM.BIN   Temp=  600K
    >   Include Thermal Matrix > H(H2O):BNABTHM.BIN   Temp=  500K
    >   Include Thermal Matrix > H(H2O):BNABTHM.BIN   Temp=  600K
    >   Include Thermal Matrix > H(H2O):BNABTHM.BIN   Temp=  500K
    >   Include Thermal Matrix > H(H2O):BNABTHM.BIN   Temp=  600K
    >   Include Thermal Matrix > H(H2O):BNABTHM.BIN   Temp=  500K
    >   Include Thermal Matrix > H(H2O):BNABTHM.BIN   Temp=  600K
    > CONSYST finished at  0: 0: 0:  
 therm. calculation avoided
 therm. calculation avoided
 therm. calculation avoided
 therm. calculation avoided
 therm. calculation avoided
 therm. calculation avoided
 therm. calculation avoided
 *************************************************
   ***k(inf)=0.912837     ***k(itt)=0.912836     ***k(integ)=0.912837    ***
   **bakl=  0.0000     **length= 0.10000E+11  ***
   **matr.  alout*alcorr a(k,i)(k=1,ncel) ***
     * 0.53590     0.10460     0.14380      0.0000      0.0000     0.21570    
     * 0.29630     0.33330     0.92600E-01 0.22220     0.55600E-01  0.0000    
     * 0.81480     0.18520      0.0000      0.0000      0.0000      0.0000    
     *  0.0000     0.66670      0.0000      0.0000     0.33330      0.0000    
     *  0.0000     0.14290      0.0000     0.28570     0.57140      0.0000    
     * 0.47830      0.0000      0.0000      0.0000      0.0000     0.52170    
 lokal kner      in cell ,ru=           1=   1.061851       1.059356    
 lokal kner      in cell ,ru=           2=  0.8247546      0.8318251    
 lokal kner      in cell ,ru=           3=  0.0000000E+00   1.770789    
 lokal kner      in cell ,ru=           4=  0.0000000E+00  0.5665758    
 lokal kner      in cell ,ru=           5=  0.0000000E+00   5.536934    
 lokal kner      in cell ,ru=           6=  0.0000000E+00  2.6883598E-02
:corr                                                                           
 ------------------------------------------------------------------------------
  backling =  0.0000000E+00
 ------------------------------------------------------------------------------
  number of cells =           6
          cell number    1  number of zone= 3
 << geometry characteristics >>
    geometry of cell- cilindrical index=           2
  kratnost of cell =   51.00000    
  inner radius of cell =  0.0000000E+00
  out square ratio =  0.5359000      0.1046000      0.1438000      0.0000000E+00
  0.0000000E+00  0.2157000    
 ------------------------------------------------------------------------------
 num zone      1           2           3
 radius   0.29000E+00 0.34000E+00 0.50400E+00
 temper   0.64800E+03 0.61100E+03 0.58100E+03
 rez_izot    th32        bad         bad 
 ------------------------------------------------------------------------------
    izotop   /             concentration number of izotops=70
  1 *h*      0.00000E+00 0.00000E+00 0.48149E-01
  2 *o*      0.00000E+00 0.00000E+00 0.24074E-01
  3 zr       0.00000E+00 0.42475E-01 0.00000E+00
  4 u233     0.18680E-02 0.00000E+00 0.00000E+00
  5 th32     0.16813E-01 0.00000E+00 0.00000E+00
  6 o        0.37362E-01 0.00000E+00 0.00000E+00
  7 al       0.14076E-01 0.00000E+00 0.00000E+00
 16 si       0.42227E-01 0.00000E+00 0.00000E+00
 ------------------------------------------------------------------------------
  number of cells =           6
          cell number    2  number of zone= 3
 << geometry characteristics >>
    geometry of cell- cilindrical index=           2
  kratnost of cell =   18.00000    
  inner radius of cell =  0.0000000E+00
  out square ratio =  0.2963000      0.3333000      9.2600003E-02  0.2222000    
  5.5599999E-02  0.0000000E+00
 ------------------------------------------------------------------------------
 num zone      4           5           6
 radius   0.29000E+00 0.34000E+00 0.50400E+00
 temper   0.64800E+03 0.61100E+03 0.58100E+03
 rez_izot    th32        bad         bad 
 ------------------------------------------------------------------------------
    izotop   /             concentration number of izotops=70
  1 *h*      0.00000E+00 0.00000E+00 0.48149E-01
  2 *o*      0.00000E+00 0.00000E+00 0.24074E-01
  3 zr       0.00000E+00 0.42475E-01 0.00000E+00
  4 u233     0.18680E-02 0.00000E+00 0.00000E+00
  5 th32     0.16813E-01 0.00000E+00 0.00000E+00
  6 o        0.37362E-01 0.00000E+00 0.00000E+00
  7 al       0.14076E-01 0.00000E+00 0.00000E+00
 16 si       0.42227E-01 0.00000E+00 0.00000E+00
 ------------------------------------------------------------------------------
  number of cells =           6
          cell number    3  number of zone= 3
 << geometry characteristics >>
    geometry of cell- cilindrical index=           2
  kratnost of cell =   9.000000    
  inner radius of cell =  0.0000000E+00
  out square ratio =  0.8148000      0.1852000      0.0000000E+00  0.0000000E+00
  0.0000000E+00  0.0000000E+00
 ------------------------------------------------------------------------------
 num zone      7           8           9
 radius   0.29000E+00 0.34000E+00 0.50400E+00
 temper   0.61200E+03 0.61100E+03 0.58100E+03
 rez_izot    bad         bad         bad 
 ------------------------------------------------------------------------------
    izotop   /             concentration number of izotops=70
  1 *h*      0.00000E+00 0.00000E+00 0.48149E-01
  2 *o*      0.00000E+00 0.00000E+00 0.24074E-01
  3 zr       0.00000E+00 0.42475E-01 0.00000E+00
  6 o        0.22991E-01 0.00000E+00 0.00000E+00
  7 al       0.58031E-01 0.00000E+00 0.00000E+00
 11 gd57     0.13950E-02 0.00000E+00 0.00000E+00
 12 gd55     0.11960E-02 0.00000E+00 0.00000E+00
 ------------------------------------------------------------------------------
  number of cells =           6
          cell number    4  number of zone= 3
 << geometry characteristics >>
    geometry of cell- cilindrical index=           2
  kratnost of cell =   6.000000    
  inner radius of cell =  0.0000000E+00
  out square ratio =  0.0000000E+00  0.6667000      0.0000000E+00  0.0000000E+00
  0.3333000      0.0000000E+00
 ------------------------------------------------------------------------------
 num zone     10          11          12
 radius   0.18000E+00 0.22500E+00 0.50400E+00
 temper   0.61200E+03 0.61100E+03 0.58100E+03
 rez_izot    bad         bad         bad 
 ------------------------------------------------------------------------------
    izotop   /             concentration number of izotops=70
  1 *h*      0.00000E+00 0.00000E+00 0.48149E-01
  2 *o*      0.00000E+00 0.00000E+00 0.24074E-01
  3 zr       0.00000E+00 0.42475E-01 0.00000E+00
  6 o        0.22991E-01 0.00000E+00 0.00000E+00
  7 al       0.58031E-01 0.00000E+00 0.00000E+00
 11 gd57     0.13950E-02 0.00000E+00 0.00000E+00
 12 gd55     0.11960E-02 0.00000E+00 0.00000E+00
 ------------------------------------------------------------------------------
  number of cells =           6
          cell number    5  number of zone= 3
 << geometry characteristics >>
    geometry of cell- cilindrical index=           2
  kratnost of cell =   7.000000    
  inner radius of cell =  0.0000000E+00
  out square ratio =  0.0000000E+00  0.1429000      0.0000000E+00  0.2857000    
  0.5714000      0.0000000E+00
 ------------------------------------------------------------------------------
 num zone     13          14          15
 radius   0.42000E+00 0.48000E+00 0.50400E+00
 temper   0.58100E+03 0.58100E+03 0.58100E+03
 rez_izot    bad         bad         bad 
 ------------------------------------------------------------------------------
    izotop   /             concentration number of izotops=70
  1 *h*      0.00000E+00 0.00000E+00 0.48149E-01
  2 *o*      0.00000E+00 0.00000E+00 0.24074E-01
  8 b-10     0.10334E+00 0.00000E+00 0.00000E+00
  9 b-11     0.11482E-01 0.00000E+00 0.00000E+00
 10 c        0.28704E-01 0.00000E+00 0.00000E+00
 13 ni       0.00000E+00 0.48300E-01 0.00000E+00
 14 cr       0.00000E+00 0.37950E-01 0.00000E+00
 ------------------------------------------------------------------------------
  number of cells =           6
          cell number    6  number of zone= 2
 << geometry characteristics >>
    geometry of cell- cilindrical index=           2
  kratnost of cell =   36.00000    
  inner radius of cell =  0.0000000E+00
  out square ratio =  0.4783000      0.0000000E+00  0.0000000E+00  0.0000000E+00
  0.0000000E+00  0.5217000    
 ------------------------------------------------------------------------------
 num zone     16          17
 radius   0.39000E+00 0.50400E+00
 temper   0.61100E+03 0.58100E+03
 rez_izot    bad         bad 
 ------------------------------------------------------------------------------
    izotop   /             concentration number of izotops=70
  1 *h*      0.00000E+00 0.48149E-01
  2 *o*      0.00000E+00 0.24074E-01
  3 zr       0.42475E-01 0.00000E+00
:fier                                                                           
 condensation boundary was changed from  0.21500E+01 to  0.21544E+01
*** 4 *** ;egr=  2.1544    
    keff         nu           mu           fi           teta
  0.91284       2.0619       1.7346      0.40932      0.62354    
 s0z(n)=    1.496732      0.0000000E+00  0.0000000E+00   1.407340    
  0.0000000E+00  0.0000000E+00  0.0000000E+00  0.0000000E+00  0.0000000E+00
  0.0000000E+00  0.0000000E+00  0.0000000E+00  0.0000000E+00  0.0000000E+00
  0.0000000E+00  0.0000000E+00  0.0000000E+00
:macro                                                                          
 condensation boundary was changed from  0.21500E+01 to  0.21544E+01
 condensation boundary was changed from  0.21500E+01 to  0.21544E+01
    -------------------------------------------------------------------------------
    * n group   * e(i)        * e(i+1)      *spect neutron fission  *
          1       0.10500E+08    2.1544           0.99912    
          2        2.1544        0.0000           0.14203E-08
    *******************************************************************************
                                       **    macro cross section    **
    *******************************************************************************
    ** n zone    1 vzone=  101.35     /  1  2  3  4  5  6  7  8  9 10 11 12 13 14 15 16 17
*grp*flux 1/cm2c  * stotal      * sabs        * sfis.       * nu$sfis.    * 1/3*strans  *1/aver.veloci*aver power
  1  0.3553874     0.5276452     0.1639603E-01 0.4284362E-02 0.1073088E-01  1.237233     0.9079828E-06 0.6544802     0.4223011    
  2  0.2432448E-01  1.086730     0.1660387     0.8562963E-01 0.2134750     0.3768361     0.4214733E-05  1.285694     0.5776989    
                                       * matric. scat.cross. sec. from i to j  *
       i / j -->            1           2
       i        1 0.4998780     0.1137095E-01
       i        2 0.9383628E-04 0.9205967    
:dina                                                                           
    -------------------------------------------------------------------------------
    * n group   * e(i)        * e(i+1)
          1       0.20000E+08    0.0000    
    -------------------------------------------------------------------------------
          fraction of delay neutrons -betaj
           beta`j
           one group beta * 10e-4
  
          condensated zone : 1
 nt      1           2           3           4           5           6
 ne: 1  2.1664      8.7485      7.7651      14.253      1.7237     0.91627    
 ne: 1 0.60899E-01 0.24593     0.21829     0.40067     0.48454E-01 0.25757E-01
       35.57301    
    -------------------------------------------------------------------------------
    * n group   * e(i)        * e(i+1)
          1       0.20000E+08    0.0000    
    -------------------------------------------------------------------------------
          decay constant -lambdaj
           one group lambda
  
          condensated zone : 1
 nt      1           2           3           4           5           6
 ne: 1 0.12500E-01 0.35628E-01 0.14305     0.32863      1.0478      2.6046    
 1-group lambda   6.8605863E-02
    -------------------------------------------------------------------------------
    * n group   * e(i)        * e(i+1)
          1       0.20000E+08    0.0000    
    -------------------------------------------------------------------------------
          spectrum -xj
  
          condensated zone : 1
 nt      1           2           3           4           5           6
 ne: 1  0.0000      0.0000      0.0000      0.0000      0.0000      0.0000    
    -------------------------------------------------------------------------------
    * n group   * e(i)        * e(i+1)
          1       0.10500E+08    0.0000    
    -------------------------------------------------------------------------------
          production part constant -alfa (id xe pm)
  
          condensated zone : 1
           1  4.4099320E-02  2.6039728E-03  8.0496604E-03
:fier                                                                           
 condensation boundary was changed from  0.21500E+01 to  0.21544E+01
*** 4 *** ;egr=  2.1544    
    keff         nu           mu           fi           teta
  0.91284       2.0619       1.7346      0.40932      0.62354    
 s0z(n)=    1.496732      0.0000000E+00  0.0000000E+00   1.407340    
  0.0000000E+00  0.0000000E+00  0.0000000E+00  0.0000000E+00  0.0000000E+00
  0.0000000E+00  0.0000000E+00  0.0000000E+00  0.0000000E+00  0.0000000E+00
  0.0000000E+00  0.0000000E+00  0.0000000E+00
:burn                                                                           
 *** average burn up =  0.37196     (mbt*day)/(kg hm)
    > CONSYST Program Ver: 98.01 > started at  0: 0: 0:  
    { Manturov G., E-mail: abbn@ippe.rssi.ru}
 
       -------------------------------
 
       CONSYST INPUT DATA READ FROM : cons.dat
       CONSYST PROTOCOL STORED IN   : RESULT
       GMF X-SECTION'S FILE         : OUT
       TEMPORARY FILE               : RAB
       ABBN BASIC DATA SET FROM     : ..\bin\Bnab90.lib
       ABBN MULTIC DATA SET FROM    : ..\bin\Bnabmlt.lib
       ABBN THERMAL DATA SET FROM   : ..\bin\BNABTHM.lib
 
    >>  K-inf(MLT)= 1.09923 Balance= 1.00179 NU= 2.51 FI-Sum=  8.43E+01
    >   Include Thermal Matrix > H(H2O):BNABTHM.BIN   Temp=  500K
    >   Include Thermal Matrix > H(H2O):BNABTHM.BIN   Temp=  600K
    >>  K-inf(MLT)= 1.10070 Balance= 1.00179 NU= 2.51 FI-Sum=  8.43E+01
    >   Include Thermal Matrix > H(H2O):BNABTHM.BIN   Temp=  500K
    >   Include Thermal Matrix > H(H2O):BNABTHM.BIN   Temp=  600K
    >   Include Thermal Matrix > H(H2O):BNABTHM.BIN   Temp=  500K
    >   Include Thermal Matrix > H(H2O):BNABTHM.BIN   Temp=  600K
    >   Include Thermal Matrix > H(H2O):BNABTHM.BIN   Temp=  500K
    >   Include Thermal Matrix > H(H2O):BNABTHM.BIN   Temp=  600K
    >   Include Thermal Matrix > H(H2O):BNABTHM.BIN   Temp=  500K
    >   Include Thermal Matrix > H(H2O):BNABTHM.BIN   Temp=  600K
    >   Include Thermal Matrix > H(H2O):BNABTHM.BIN   Temp=  500K
    >   Include Thermal Matrix > H(H2O):BNABTHM.BIN   Temp=  600K
    > CONSYST finished at  0: 0: 0:  
 therm. calculation avoided
 therm. calculation avoided
 therm. calculation avoided
 therm. calculation avoided
 therm. calculation avoided
 therm. calculation avoided
 therm. calculation avoided
 therm. calculation avoided
 *************************************************
   ***k(inf)=0.899012     ***k(itt)=0.899013     ***k(integ)=0.899013    ***
   **bakl=  0.0000     **length= 0.10000E+11  ***
   **matr.  alout*alcorr a(k,i)(k=1,ncel) ***
     * 0.53590     0.10460     0.14380      0.0000      0.0000     0.21570    
     * 0.29630     0.33330     0.92600E-01 0.22220     0.55600E-01  0.0000    
     * 0.81480     0.18520      0.0000      0.0000      0.0000      0.0000    
     *  0.0000     0.66670      0.0000      0.0000     0.33330      0.0000    
     *  0.0000     0.14290      0.0000     0.28570     0.57140      0.0000    
     * 0.47830      0.0000      0.0000      0.0000      0.0000     0.52170    
 lokal kner      in cell ,ru=           1=   1.061337       1.059648    
 lokal kner      in cell ,ru=           2=  0.8262113      0.8309986    
 lokal kner      in cell ,ru=           3=  0.0000000E+00   1.742510    
 lokal kner      in cell ,ru=           4=  0.0000000E+00  0.5577023    
 lokal kner      in cell ,ru=           5=  0.0000000E+00   5.509520    
 lokal kner      in cell ,ru=           6=  0.0000000E+00  2.6608385E-02
:corr                                                                           
 ------------------------------------------------------------------------------
  backling =  0.0000000E+00
 ------------------------------------------------------------------------------
  number of cells =           6
          cell number    1  number of zone= 3
 << geometry characteristics >>
    geometry of cell- cilindrical index=           2
  kratnost of cell =   51.00000    
  inner radius of cell =  0.0000000E+00
  out square ratio =  0.5359000      0.1046000      0.1438000      0.0000000E+00
  0.0000000E+00  0.2157000    
 ------------------------------------------------------------------------------
 num zone      1           2           3
 radius   0.29000E+00 0.34000E+00 0.50400E+00
 temper   0.64800E+03 0.61100E+03 0.58100E+03
 rez_izot    th32        bad         bad 
 ------------------------------------------------------------------------------
    izotop   /             concentration number of izotops=70
  1 *h*      0.00000E+00 0.00000E+00 0.48149E-01
  2 *o*      0.00000E+00 0.00000E+00 0.24074E-01
  3 zr       0.00000E+00 0.42475E-01 0.00000E+00
  4 u233     0.18595E-02 0.00000E+00 0.00000E+00
  5 th32     0.16811E-01 0.00000E+00 0.00000E+00
  6 o        0.37362E-01 0.00000E+00 0.00000E+00
  7 al       0.14076E-01 0.00000E+00 0.00000E+00
 11 gd57     0.46707E-09 0.00000E+00 0.00000E+00
 12 gd55     0.27659E-11 0.00000E+00 0.00000E+00
 16 si       0.42227E-01 0.00000E+00 0.00000E+00
 19 u235     0.13434E-08 0.00000E+00 0.00000E+00
 20 u236     0.36941E-12 0.00000E+00 0.00000E+00
 22 slag     0.36077E-05 0.00000E+00 0.00000E+00
 23 tc99     0.47762E-06 0.00000E+00 0.00000E+00
 24 rh03     0.24441E-06 0.00000E+00 0.00000E+00
 25 ag09     0.25574E-08 0.00000E+00 0.00000E+00
 26 cd13     0.92367E-09 0.00000E+00 0.00000E+00
 27 xe35     0.21170E-07 0.00000E+00 0.00000E+00
 28 sm49     0.27319E-07 0.00000E+00 0.00000E+00
 29 sm51     0.26769E-07 0.00000E+00 0.00000E+00
 30 eu55     0.24174E-08 0.00000E+00 0.00000E+00
 31 gd56     0.10619E-08 0.00000E+00 0.00000E+00
 32 np37     0.11634E-15 0.00000E+00 0.00000E+00
 34 pu38     0.73993E-19 0.00000E+00 0.00000E+00
 45 pa33     0.21985E-05 0.00000E+00 0.00000E+00
 46 u234     0.98847E-06 0.00000E+00 0.00000E+00
 47 sm52     0.21043E-07 0.00000E+00 0.00000E+00
 48 xe31     0.21564E-06 0.00000E+00 0.00000E+00
 49 cs33     0.52412E-06 0.00000E+00 0.00000E+00
 50 nd45     0.30446E-06 0.00000E+00 0.00000E+00
 51 nd43     0.46124E-06 0.00000E+00 0.00000E+00
 52 pm47     0.17844E-06 0.00000E+00 0.00000E+00
 53 mo95     0.50573E-06 0.00000E+00 0.00000E+00
 54 cs34     0.40391E-09 0.00000E+00 0.00000E+00
 55 pr41     0.45145E-06 0.00000E+00 0.00000E+00
 56 pm48     0.31962E-09 0.00000E+00 0.00000E+00
 57 pm8m     0.32548E-09 0.00000E+00 0.00000E+00
 58 rh05     0.16033E-07 0.00000E+00 0.00000E+00
 59 pm49     0.31982E-07 0.00000E+00 0.00000E+00
 60 kr83     0.42707E-07 0.00000E+00 0.00000E+00
 61 ru01     0.39466E-06 0.00000E+00 0.00000E+00
 62 pd05     0.25893E-07 0.00000E+00 0.00000E+00
 63 cs35     0.18319E-06 0.00000E+00 0.00000E+00
 64 sm50     0.29541E-08 0.00000E+00 0.00000E+00
 65 eu51     0.27391E-11 0.00000E+00 0.00000E+00
 66 eu53     0.10883E-09 0.00000E+00 0.00000E+00
 67 eu54     0.21458E-12 0.00000E+00 0.00000E+00
 68 gd54     0.60457E-16 0.00000E+00 0.00000E+00
 ------------------------------------------------------------------------------
  number of cells =           6
          cell number    2  number of zone= 3
 << geometry characteristics >>
    geometry of cell- cilindrical index=           2
  kratnost of cell =   18.00000    
  inner radius of cell =  0.0000000E+00
  out square ratio =  0.2963000      0.3333000      9.2600003E-02  0.2222000    
  5.5599999E-02  0.0000000E+00
 ------------------------------------------------------------------------------
 num zone      4           5           6
 radius   0.29000E+00 0.34000E+00 0.50400E+00
 temper   0.64800E+03 0.61100E+03 0.58100E+03
 rez_izot    th32        bad         bad 
 ------------------------------------------------------------------------------
    izotop   /             concentration number of izotops=70
  1 *h*      0.00000E+00 0.00000E+00 0.48149E-01
  2 *o*      0.00000E+00 0.00000E+00 0.24074E-01
  3 zr       0.00000E+00 0.42475E-01 0.00000E+00
  4 u233     0.18614E-02 0.00000E+00 0.00000E+00
  5 th32     0.16811E-01 0.00000E+00 0.00000E+00
  6 o        0.37362E-01 0.00000E+00 0.00000E+00
  7 al       0.14076E-01 0.00000E+00 0.00000E+00
 11 gd57     0.37366E-09 0.00000E+00 0.00000E+00
 12 gd55     0.21772E-11 0.00000E+00 0.00000E+00
 16 si       0.42227E-01 0.00000E+00 0.00000E+00
 19 u235     0.82987E-09 0.00000E+00 0.00000E+00
 20 u236     0.17851E-12 0.00000E+00 0.00000E+00
 22 slag     0.27780E-05 0.00000E+00 0.00000E+00
 23 tc99     0.37108E-06 0.00000E+00 0.00000E+00
 24 rh03     0.18993E-06 0.00000E+00 0.00000E+00
 25 ag09     0.19879E-08 0.00000E+00 0.00000E+00
 26 cd13     0.73456E-09 0.00000E+00 0.00000E+00
 27 xe35     0.19068E-07 0.00000E+00 0.00000E+00
 28 sm49     0.21814E-07 0.00000E+00 0.00000E+00
 29 sm51     0.20902E-07 0.00000E+00 0.00000E+00
 30 eu55     0.18912E-08 0.00000E+00 0.00000E+00
 31 gd56     0.82025E-09 0.00000E+00 0.00000E+00
 32 np37     0.45185E-16 0.00000E+00 0.00000E+00
 34 pu38     0.22637E-19 0.00000E+00 0.00000E+00
 45 pa33     0.17899E-05 0.00000E+00 0.00000E+00
 46 u234     0.76994E-06 0.00000E+00 0.00000E+00
 47 sm52     0.16267E-07 0.00000E+00 0.00000E+00
 48 xe31     0.16758E-06 0.00000E+00 0.00000E+00
 49 cs33     0.40723E-06 0.00000E+00 0.00000E+00
 50 nd45     0.23655E-06 0.00000E+00 0.00000E+00
 51 nd43     0.35838E-06 0.00000E+00 0.00000E+00
 52 pm47     0.13874E-06 0.00000E+00 0.00000E+00
 53 mo95     0.39290E-06 0.00000E+00 0.00000E+00
 54 cs34     0.25035E-09 0.00000E+00 0.00000E+00
 55 pr41     0.35071E-06 0.00000E+00 0.00000E+00
 56 pm48     0.19770E-09 0.00000E+00 0.00000E+00
 57 pm8m     0.20340E-09 0.00000E+00 0.00000E+00
 58 rh05     0.12572E-07 0.00000E+00 0.00000E+00
 59 pm49     0.24866E-07 0.00000E+00 0.00000E+00
 60 kr83     0.33180E-07 0.00000E+00 0.00000E+00
 61 ru01     0.30660E-06 0.00000E+00 0.00000E+00
 62 pd05     0.20252E-07 0.00000E+00 0.00000E+00
 63 cs35     0.16334E-06 0.00000E+00 0.00000E+00
 64 sm50     0.16888E-08 0.00000E+00 0.00000E+00
 65 eu51     0.17121E-11 0.00000E+00 0.00000E+00
 66 eu53     0.66823E-10 0.00000E+00 0.00000E+00
 67 eu54     0.10428E-12 0.00000E+00 0.00000E+00
 68 gd54     0.29387E-16 0.00000E+00 0.00000E+00
 ------------------------------------------------------------------------------
  number of cells =           6
          cell number    3  number of zone= 3
 << geometry characteristics >>
    geometry of cell- cilindrical index=           2
  kratnost of cell =   9.000000    
  inner radius of cell =  0.0000000E+00
  out square ratio =  0.8148000      0.1852000      0.0000000E+00  0.0000000E+00
  0.0000000E+00  0.0000000E+00
 ------------------------------------------------------------------------------
 num zone      7           8           9
 radius   0.29000E+00 0.34000E+00 0.50400E+00
 temper   0.61200E+03 0.61100E+03 0.58100E+03
 rez_izot    bad         bad         bad 
 ------------------------------------------------------------------------------
    izotop   /             concentration number of izotops=70
  1 *h*      0.00000E+00 0.00000E+00 0.48149E-01
  2 *o*      0.00000E+00 0.00000E+00 0.24074E-01
  3 zr       0.00000E+00 0.42475E-01 0.00000E+00
  6 o        0.22991E-01 0.00000E+00 0.00000E+00
  7 al       0.58031E-01 0.00000E+00 0.00000E+00
 11 gd57     0.13826E-02 0.00000E+00 0.00000E+00
 12 gd55     0.11896E-02 0.00000E+00 0.00000E+00
 22 slag     0.12450E-04 0.00000E+00 0.00000E+00
 31 gd56     0.63702E-05 0.00000E+00 0.00000E+00
 ------------------------------------------------------------------------------
  number of cells =           6
          cell number    4  number of zone= 3
 << geometry characteristics >>
    geometry of cell- cilindrical index=           2
  kratnost of cell =   6.000000    
  inner radius of cell =  0.0000000E+00
  out square ratio =  0.0000000E+00  0.6667000      0.0000000E+00  0.0000000E+00
  0.3333000      0.0000000E+00
 ------------------------------------------------------------------------------
 num zone     10          11          12
 radius   0.18000E+00 0.22500E+00 0.50400E+00
 temper   0.61200E+03 0.61100E+03 0.58100E+03
 rez_izot    bad         bad         bad 
 ------------------------------------------------------------------------------
    izotop   /             concentration number of izotops=70
  1 *h*      0.00000E+00 0.00000E+00 0.48149E-01
  2 *o*      0.00000E+00 0.00000E+00 0.24074E-01
  3 zr       0.00000E+00 0.42475E-01 0.00000E+00
  6 o        0.22991E-01 0.00000E+00 0.00000E+00
  7 al       0.58031E-01 0.00000E+00 0.00000E+00
 11 gd57     0.13844E-02 0.00000E+00 0.00000E+00
 12 gd55     0.11912E-02 0.00000E+00 0.00000E+00
 22 slag     0.10598E-04 0.00000E+00 0.00000E+00
 31 gd56     0.47964E-05 0.00000E+00 0.00000E+00
 ------------------------------------------------------------------------------
  number of cells =           6
          cell number    5  number of zone= 3
 << geometry characteristics >>
    geometry of cell- cilindrical index=           2
  kratnost of cell =   7.000000    
  inner radius of cell =  0.0000000E+00
  out square ratio =  0.0000000E+00  0.1429000      0.0000000E+00  0.2857000    
  0.5714000      0.0000000E+00
 ------------------------------------------------------------------------------
 num zone     13          14          15
 radius   0.42000E+00 0.48000E+00 0.50400E+00
 temper   0.58100E+03 0.58100E+03 0.58100E+03
 rez_izot    bad         bad         bad 
 ------------------------------------------------------------------------------
    izotop   /             concentration number of izotops=70
  1 *h*      0.00000E+00 0.00000E+00 0.48149E-01
  2 *o*      0.00000E+00 0.00000E+00 0.24074E-01
  8 b-10     0.10331E+00 0.00000E+00 0.00000E+00
  9 b-11     0.11510E-01 0.00000E+00 0.00000E+00
 10 c        0.28704E-01 0.00000E+00 0.00000E+00
 13 ni       0.00000E+00 0.48300E-01 0.00000E+00
 14 cr       0.00000E+00 0.37950E-01 0.00000E+00
 ------------------------------------------------------------------------------
  number of cells =           6
          cell number    6  number of zone= 2
 << geometry characteristics >>
    geometry of cell- cilindrical index=           2
  kratnost of cell =   36.00000    
  inner radius of cell =  0.0000000E+00
  out square ratio =  0.4783000      0.0000000E+00  0.0000000E+00  0.0000000E+00
  0.0000000E+00  0.5217000    
 ------------------------------------------------------------------------------
 num zone     16          17
 radius   0.39000E+00 0.50400E+00
 temper   0.61100E+03 0.58100E+03
 rez_izot    bad         bad 
 ------------------------------------------------------------------------------
    izotop   /             concentration number of izotops=70
  1 *h*      0.00000E+00 0.48149E-01
  2 *o*      0.00000E+00 0.24074E-01
  3 zr       0.42475E-01 0.00000E+00
:fier                                                                           
 condensation boundary was changed from  0.21500E+01 to  0.21544E+01
*** 4 *** ;egr=  2.1544    
    keff         nu           mu           fi           teta
  0.89901       1.9950       1.7496      0.40950      0.62897    
 s0z(n)=    1.496732      0.0000000E+00  0.0000000E+00   1.407340    
  0.0000000E+00  0.0000000E+00  0.0000000E+00  0.0000000E+00  0.0000000E+00
  0.0000000E+00  0.0000000E+00  0.0000000E+00  0.0000000E+00  0.0000000E+00
  0.0000000E+00  0.0000000E+00  0.0000000E+00
:stop                                                                           
