 *****          file of input data set *******
:poly
 &vvod
 @ 1 tvel  cell@   rcel(1,1)=0.290,0.340,0.504,
                   ncelsos(1,1)=1,3,4
 @ 2 tvel  cell@   rcel(1,2)=0.290,0.340,0.504,
                   ncelsos(1,2)=2,3,4
 @ 3 svp-1 cell@   rcel(1,3)=0.290,0.340,0.504,
                   ncelsos(1,3)=5,3,4,
 @ 4 svp-2 cell@   rcel(1,4)=0.180,0.225,0.504,
                   ncelsos(1,4)=5,3,4,
 @ 5 az        @   rcel(1,5)=1.05,1.3,1.400,
                   ncelsos(1,5)=8,8,7,
 @ 6 km        @   rcel(1,6)=0.39,0.504,
                   ncelsos(1,6)=3,4,
   t=0.676e+3, 0.676e+3, 0.623e+3, 0.581e+3, 0.624e+3, 0.581e+3, 0.581e+3, 0.581e+3,
@-----------------------------------------------------------------------
 troiz=
   @        1 tv_1     2 tv_2     3 zr_ob_tv 4 h2o      5 svp_      6 az       7 ob_az   8 vozduh
 @ *h*  @ 0.000000 , 0.000000 , 0.000000 , 0.048149 , 0.000000 , 0.000000 , 0.000000 , 0.000000 ,
 @ *o*  @ 0.000000 , 0.000000 , 0.000000 , 0.024074 , 0.000000 , 0.000000 , 0.000000 , 0.000000 ,
 @ zr   @ 0.000000 , 0.001795 , 0.042475 , 0.000000 , 0.000000 , 0.000000 , 0.041819 , 0.000000 ,
 @ u233 @ 0.001868 , 0.001495 , 0.000000 , 0.000000 , 0.000000 , 0.000000 , 0.000000 , 0.000000 ,
 @ th32 @ 0.016813 , 0.017188 , 0.000000 , 0.000000 , 0.000000 , 0.000000 , 0.000000 , 0.000000 ,
 @ o    @ 0.037362 , 0.037365 , 0.000000 , 0.000000 , 0.022991 , 0.000000 , 0.000000 , 0.012459 ,
 @ al   @ 0.014076 , 0.014076 , 0.000000 , 0.000000 , 0.058031 , 0.000000 , 0.000000 , 0.000000 ,
 @ b-10 @ 0.000000 , 0.000000 , 0.000000 , 0.000000 , 0.000000 , 0.093727 , 0.000000 , 0.000000 ,
 @ b-11 @ 0.000000 , 0.000000 , 0.000000 , 0.000000 , 0.000000 , 0.010414 , 0.000000 , 0.000000 ,
 @ c    @ 0.000000 , 0.000000 , 0.000000 , 0.000000 , 0.000000 , 0.026035 , 0.000000 , 0.000000 ,
 @ gd57 @ 0.000000 , 0.000000 , 0.000000 , 0.000000 , 0.001395 , 0.000000 , 0.000000 , 0.000000 ,
 @ gd55 @ 0.000000 , 0.000000 , 0.000000 , 0.000000 , 0.001196 , 0.000000 , 0.000000 , 0.000000 ,
 @ ni   @ 0.000000 , 0.000000 , 0.000000 , 0.000000 , 0.000000 , 0.000000 , 0.006315 , 0.000000 ,
 @ cr   @ 0.000000 , 0.000000 , 0.000000 , 0.000000 , 0.000000 , 0.000000 , 0.001781 , 0.000000 ,
 @ n    @ 0.000000 , 0.000000 , 0.000000 , 0.000000 , 0.000000 , 0.000000 , 0.000000 , 0.037376 ,
 @ si   @ 0.042227 , 0.042227 , 0.000000 , 0.000000 , 0.000000 , 0.000000 , 0.000000 , 0.000000 ,
 @-----------------------------------------------------------------------
 ntcell=1,2,3,4,5,6,
 krat= 51,18,9,6,1,36,
 alout=
       0.5359 , 0.1046 , 0.1438 , 0.0000 , 0.0000 , 0.2157 ,
       0.2963 , 0.3333 , 0.0926 , 0.2222 , 0.0556 , 0.0000 ,
       0.8148 , 0.1852 , 0.0000 , 0.0000 , 0.0000 , 0.0000 ,
       0.0000 , 0.6667 , 0.0000 , 0.0000 , 0.3333 , 0.0000 ,
       0.0000 , 0.1429 , 0.0000 , 0.2857 , 0.5714 , 0.0000 ,
       0.4783 , 0.0000 , 0.0000 , 0.0000 , 0.0000 , 0.5217 ,
                                                                                                                        
 material(1)='chmc',
 &end
*h*
*o*
zr
u233
th32
o
al
b-10
b-11
c
gd57
gd55
ni
cr
n
si
****
:corr
 &vvod &end
:fier
 &vvod &end
:macro
 &vvod
  et=10.5e+6,2.15,2.15,0.,
 nbv=1,1,1,1,1,1,1,1,1,1,1,1,1,1,1,1,1,
 &end
@:stop@
:dina
 &vvod
 &end
                                                                                                                        
:fier
 &vvod &end
                                                                                                                        
@:stop
                                                                                                                        
@ 0 step - 5. days!----------
:burn
 &vvod qv=98.243,dtim=5.0,
 &end
:corr
 &vvod &end
:fier
 &vvod &end
                                                                                                                        
                                                                                                                        
:stop
 ***** end of   file of input data set *******
:poly                                                                           
  rout and rin were constructed
Rout= 0.290, 0.340, 0.504, 0.290, 0.340, 0.504, 0.290, 0.340, 0.504, 0.180,
 0.225, 0.504, 1.050, 1.300, 1.400, 0.390, 0.504,
Rin = 0.000, 0.290, 0.340, 0.000, 0.290, 0.340, 0.000, 0.290, 0.340, 0.000,
 0.180, 0.225, 0.000, 1.050, 1.300, 0.000, 0.390,
  nsos  was constructed
nsos=  1,  3,  4,  2,  3,  4,  5,  3,  4,  5,
  3,  4,  8,  8,  7,  3,  4,
 definition izotr in sos           1:izotr=   5.000000    
 definition izotr in sos           2:izotr=   5.000000    
  *******<< check input data>> programm declare *******
    --undeclared parametr--cefzad  -- programm standart value --cefzad  =  0.100000E+01
  *******<< check input data>> programm declare *******
    --undeclared parametr--bakl    -- programm standart value --bakl    =  0.000000E+00
  *******<< check input data>> programm declare *******
    --undeclared parametr--alin    -- programm standart value --alin    =  0.000000E+00  0.000000E+00
     0.000000E+00  0.000000E+00  0.000000E+00  0.000000E+00  0.000000E+00  0.000000E+00  0.000000E+00
     0.000000E+00  0.000000E+00  0.000000E+00  0.000000E+00  0.000000E+00  0.000000E+00  0.000000E+00
     0.000000E+00  0.000000E+00  0.000000E+00  0.000000E+00  0.000000E+00  0.000000E+00  0.000000E+00
     0.000000E+00  0.000000E+00  0.000000E+00  0.000000E+00  0.000000E+00  0.000000E+00  0.000000E+00
     0.000000E+00  0.000000E+00  0.000000E+00  0.000000E+00  0.000000E+00  0.000000E+00
  *******<< check input data>> programm declare *******
    --undeclared parametr--alcorr  -- programm standart value --alcorr  =  0.100000E+01  0.100000E+01
     0.100000E+01  0.100000E+01  0.100000E+01  0.100000E+01  0.100000E+01  0.100000E+01  0.100000E+01
     0.100000E+01  0.100000E+01  0.100000E+01  0.100000E+01  0.100000E+01  0.100000E+01  0.100000E+01
     0.100000E+01  0.100000E+01  0.100000E+01  0.100000E+01  0.100000E+01  0.100000E+01  0.100000E+01
     0.100000E+01  0.100000E+01  0.100000E+01  0.100000E+01  0.100000E+01  0.100000E+01  0.100000E+01
     0.100000E+01  0.100000E+01  0.100000E+01  0.100000E+01  0.100000E+01  0.100000E+01
  *******<< check input data>> programm declare *******
    --undeclared parametr--nbv     -- programm standart value --nbv     =    1    1    1    1    1    1
       1    1    1    1    1    1    1    1    1    1    1
  *******<< check input data>> programm declare *******
    --undeclared parametr--et      -- programm standart value --et      =  0.105000E+08  0.215000E+01
     0.215000E+01  0.000000E+00
    ????  storage for pr. getter =     1700 ?? common /rrr/ rab(        0 )  ????
 ------------------------------------------------------------------------------
  backling =  0.0000000E+00
 ------------------------------------------------------------------------------
  number of cells =           6
          cell number    1  number of zone= 3
 << geometry characteristics >>
    geometry of cell- cilindrical index=           2
  kratnost of cell =   51.00000    
  inner radius of cell =  0.0000000E+00
  out square ratio =  0.5359000      0.1046000      0.1438000      0.0000000E+00
  0.0000000E+00  0.2157000    
 ------------------------------------------------------------------------------
 num zone      1           2           3
 radius   0.29000E+00 0.34000E+00 0.50400E+00
 temper   0.67600E+03 0.62300E+03 0.58100E+03
 rez_izot    th32        bad         bad 
 ------------------------------------------------------------------------------
    izotop   /             concentration number of izotops=70
  1 *h*      0.00000E+00 0.00000E+00 0.48149E-01
  2 *o*      0.00000E+00 0.00000E+00 0.24074E-01
  3 zr       0.00000E+00 0.42475E-01 0.00000E+00
  4 u233     0.18680E-02 0.00000E+00 0.00000E+00
  5 th32     0.16813E-01 0.00000E+00 0.00000E+00
  6 o        0.37362E-01 0.00000E+00 0.00000E+00
  7 al       0.14076E-01 0.00000E+00 0.00000E+00
 16 si       0.42227E-01 0.00000E+00 0.00000E+00
 ------------------------------------------------------------------------------
  number of cells =           6
          cell number    2  number of zone= 3
 << geometry characteristics >>
    geometry of cell- cilindrical index=           2
  kratnost of cell =   18.00000    
  inner radius of cell =  0.0000000E+00
  out square ratio =  0.2963000      0.3333000      9.2600003E-02  0.2222000    
  5.5599999E-02  0.0000000E+00
 ------------------------------------------------------------------------------
 num zone      4           5           6
 radius   0.29000E+00 0.34000E+00 0.50400E+00
 temper   0.67600E+03 0.62300E+03 0.58100E+03
 rez_izot    th32        bad         bad 
 ------------------------------------------------------------------------------
    izotop   /             concentration number of izotops=70
  1 *h*      0.00000E+00 0.00000E+00 0.48149E-01
  2 *o*      0.00000E+00 0.00000E+00 0.24074E-01
  3 zr       0.17950E-02 0.42475E-01 0.00000E+00
  4 u233     0.14950E-02 0.00000E+00 0.00000E+00
  5 th32     0.17188E-01 0.00000E+00 0.00000E+00
  6 o        0.37365E-01 0.00000E+00 0.00000E+00
  7 al       0.14076E-01 0.00000E+00 0.00000E+00
 16 si       0.42227E-01 0.00000E+00 0.00000E+00
 ------------------------------------------------------------------------------
  number of cells =           6
          cell number    3  number of zone= 3
 << geometry characteristics >>
    geometry of cell- cilindrical index=           2
  kratnost of cell =   9.000000    
  inner radius of cell =  0.0000000E+00
  out square ratio =  0.8148000      0.1852000      0.0000000E+00  0.0000000E+00
  0.0000000E+00  0.0000000E+00
 ------------------------------------------------------------------------------
 num zone      7           8           9
 radius   0.29000E+00 0.34000E+00 0.50400E+00
 temper   0.62400E+03 0.62300E+03 0.58100E+03
 rez_izot    bad         bad         bad 
 ------------------------------------------------------------------------------
    izotop   /             concentration number of izotops=70
  1 *h*      0.00000E+00 0.00000E+00 0.48149E-01
  2 *o*      0.00000E+00 0.00000E+00 0.24074E-01
  3 zr       0.00000E+00 0.42475E-01 0.00000E+00
  6 o        0.22991E-01 0.00000E+00 0.00000E+00
  7 al       0.58031E-01 0.00000E+00 0.00000E+00
 11 gd57     0.13950E-02 0.00000E+00 0.00000E+00
 12 gd55     0.11960E-02 0.00000E+00 0.00000E+00
 ------------------------------------------------------------------------------
  number of cells =           6
          cell number    4  number of zone= 3
 << geometry characteristics >>
    geometry of cell- cilindrical index=           2
  kratnost of cell =   6.000000    
  inner radius of cell =  0.0000000E+00
  out square ratio =  0.0000000E+00  0.6667000      0.0000000E+00  0.0000000E+00
  0.3333000      0.0000000E+00
 ------------------------------------------------------------------------------
 num zone     10          11          12
 radius   0.18000E+00 0.22500E+00 0.50400E+00
 temper   0.62400E+03 0.62300E+03 0.58100E+03
 rez_izot    bad         bad         bad 
 ------------------------------------------------------------------------------
    izotop   /             concentration number of izotops=70
  1 *h*      0.00000E+00 0.00000E+00 0.48149E-01
  2 *o*      0.00000E+00 0.00000E+00 0.24074E-01
  3 zr       0.00000E+00 0.42475E-01 0.00000E+00
  6 o        0.22991E-01 0.00000E+00 0.00000E+00
  7 al       0.58031E-01 0.00000E+00 0.00000E+00
 11 gd57     0.13950E-02 0.00000E+00 0.00000E+00
 12 gd55     0.11960E-02 0.00000E+00 0.00000E+00
 ------------------------------------------------------------------------------
  number of cells =           6
          cell number    5  number of zone= 3
 << geometry characteristics >>
    geometry of cell- cilindrical index=           2
  kratnost of cell =   1.000000    
  inner radius of cell =  0.0000000E+00
  out square ratio =  0.0000000E+00  0.1429000      0.0000000E+00  0.2857000    
  0.5714000      0.0000000E+00
 ------------------------------------------------------------------------------
 num zone     13          14          15
 radius   0.10500E+01 0.13000E+01 0.14000E+01
 temper   0.58100E+03 0.58100E+03 0.58100E+03
 rez_izot    bad         bad         bad 
 ------------------------------------------------------------------------------
    izotop   /             concentration number of izotops=70
  3 zr       0.00000E+00 0.00000E+00 0.41819E-01
  6 o        0.12459E-01 0.12459E-01 0.00000E+00
 13 ni       0.00000E+00 0.00000E+00 0.63150E-02
 14 cr       0.00000E+00 0.00000E+00 0.17810E-02
 15 n        0.37376E-01 0.37376E-01 0.00000E+00
 ------------------------------------------------------------------------------
  number of cells =           6
          cell number    6  number of zone= 2
 << geometry characteristics >>
    geometry of cell- cilindrical index=           2
  kratnost of cell =   36.00000    
  inner radius of cell =  0.0000000E+00
  out square ratio =  0.4783000      0.0000000E+00  0.0000000E+00  0.0000000E+00
  0.0000000E+00  0.5217000    
 ------------------------------------------------------------------------------
 num zone     16          17
 radius   0.39000E+00 0.50400E+00
 temper   0.62300E+03 0.58100E+03
 rez_izot    bad         bad 
 ------------------------------------------------------------------------------
    izotop   /             concentration number of izotops=70
  1 *h*      0.00000E+00 0.48149E-01
  2 *o*      0.00000E+00 0.24074E-01
  3 zr       0.42475E-01 0.00000E+00
    > CONSYST Program Ver: 98.01 > started at  0: 0: 0:  
    { Manturov G., E-mail: abbn@ippe.rssi.ru}
 
       -------------------------------
 
       CONSYST INPUT DATA READ FROM : cons.dat
       CONSYST PROTOCOL STORED IN   : RESULT
       GMF X-SECTION'S FILE         : OUT
       TEMPORARY FILE               : RAB
       ABBN BASIC DATA SET FROM     : ..\bin\Bnab90.lib
       ABBN MULTIC DATA SET FROM    : ..\bin\Bnabmlt.lib
       ABBN THERMAL DATA SET FROM   : ..\bin\BNABTHM.lib
 
    >>  K-inf(MLT)= 1.10206 Balance= 1.00178 NU= 2.51 FI-Sum=  8.42E+01
    >   Include Thermal Matrix > H(H2O):BNABTHM.BIN   Temp=  500K
    >   Include Thermal Matrix > H(H2O):BNABTHM.BIN   Temp=  600K
    >>  K-inf(MLT)= 0.95158 Balance= 1.00177 NU= 2.50 FI-Sum=  8.81E+01
    >   Include Thermal Matrix > H(H2O):BNABTHM.BIN   Temp=  500K
    >   Include Thermal Matrix > H(H2O):BNABTHM.BIN   Temp=  600K
    >   Include Thermal Matrix > H(H2O):BNABTHM.BIN   Temp=  500K
    >   Include Thermal Matrix > H(H2O):BNABTHM.BIN   Temp=  600K
    >   Include Thermal Matrix > H(H2O):BNABTHM.BIN   Temp=  500K
    >   Include Thermal Matrix > H(H2O):BNABTHM.BIN   Temp=  600K
    >   Include Thermal Matrix > H(H2O):BNABTHM.BIN   Temp=  500K
    >   Include Thermal Matrix > H(H2O):BNABTHM.BIN   Temp=  600K
    > CONSYST finished at  0: 0: 0:  
 therm. calculation avoided
 therm. calculation avoided
 therm. calculation avoided
 therm. calculation avoided
 therm. calculation avoided
 therm. calculation avoided
 therm. calculation avoided
 therm. calculation avoided
 *************************************************
   ***k(inf)= 1.23614     ***k(itt)= 1.23614     ***k(integ)= 1.23614    ***
   **bakl=  0.0000     **length= 0.10000E+11  ***
   **matr.  alout*alcorr a(k,i)(k=1,ncel) ***
     * 0.53590     0.10460     0.14380      0.0000      0.0000     0.21570    
     * 0.29630     0.33330     0.92600E-01 0.22220     0.55600E-01  0.0000    
     * 0.81480     0.18520      0.0000      0.0000      0.0000      0.0000    
     *  0.0000     0.66670      0.0000      0.0000     0.33330      0.0000    
     *  0.0000     0.14290      0.0000     0.28570     0.57140      0.0000    
     * 0.47830      0.0000      0.0000      0.0000      0.0000     0.52170    
 lokal kner      in cell ,ru=           1=   1.056451       1.044256    
 lokal kner      in cell ,ru=           2=  0.8400550      0.8746077    
 lokal kner      in cell ,ru=           3=  0.0000000E+00   1.877879    
 lokal kner      in cell ,ru=           4=  0.0000000E+00   1.007588    
 lokal kner      in cell ,ru=           5=  0.0000000E+00  0.3622418    
 lokal kner      in cell ,ru=           6=  0.0000000E+00  2.4681201E-02
:corr                                                                           
 ------------------------------------------------------------------------------
  backling =  0.0000000E+00
 ------------------------------------------------------------------------------
  number of cells =           6
          cell number    1  number of zone= 3
 << geometry characteristics >>
    geometry of cell- cilindrical index=           2
  kratnost of cell =   51.00000    
  inner radius of cell =  0.0000000E+00
  out square ratio =  0.5359000      0.1046000      0.1438000      0.0000000E+00
  0.0000000E+00  0.2157000    
 ------------------------------------------------------------------------------
 num zone      1           2           3
 radius   0.29000E+00 0.34000E+00 0.50400E+00
 temper   0.67600E+03 0.62300E+03 0.58100E+03
 rez_izot    th32        bad         bad 
 ------------------------------------------------------------------------------
    izotop   /             concentration number of izotops=70
  1 *h*      0.00000E+00 0.00000E+00 0.48149E-01
  2 *o*      0.00000E+00 0.00000E+00 0.24074E-01
  3 zr       0.00000E+00 0.42475E-01 0.00000E+00
  4 u233     0.18680E-02 0.00000E+00 0.00000E+00
  5 th32     0.16813E-01 0.00000E+00 0.00000E+00
  6 o        0.37362E-01 0.00000E+00 0.00000E+00
  7 al       0.14076E-01 0.00000E+00 0.00000E+00
 16 si       0.42227E-01 0.00000E+00 0.00000E+00
 ------------------------------------------------------------------------------
  number of cells =           6
          cell number    2  number of zone= 3
 << geometry characteristics >>
    geometry of cell- cilindrical index=           2
  kratnost of cell =   18.00000    
  inner radius of cell =  0.0000000E+00
  out square ratio =  0.2963000      0.3333000      9.2600003E-02  0.2222000    
  5.5599999E-02  0.0000000E+00
 ------------------------------------------------------------------------------
 num zone      4           5           6
 radius   0.29000E+00 0.34000E+00 0.50400E+00
 temper   0.67600E+03 0.62300E+03 0.58100E+03
 rez_izot    th32        bad         bad 
 ------------------------------------------------------------------------------
    izotop   /             concentration number of izotops=70
  1 *h*      0.00000E+00 0.00000E+00 0.48149E-01
  2 *o*      0.00000E+00 0.00000E+00 0.24074E-01
  3 zr       0.17950E-02 0.42475E-01 0.00000E+00
  4 u233     0.14950E-02 0.00000E+00 0.00000E+00
  5 th32     0.17188E-01 0.00000E+00 0.00000E+00
  6 o        0.37365E-01 0.00000E+00 0.00000E+00
  7 al       0.14076E-01 0.00000E+00 0.00000E+00
 16 si       0.42227E-01 0.00000E+00 0.00000E+00
 ------------------------------------------------------------------------------
  number of cells =           6
          cell number    3  number of zone= 3
 << geometry characteristics >>
    geometry of cell- cilindrical index=           2
  kratnost of cell =   9.000000    
  inner radius of cell =  0.0000000E+00
  out square ratio =  0.8148000      0.1852000      0.0000000E+00  0.0000000E+00
  0.0000000E+00  0.0000000E+00
 ------------------------------------------------------------------------------
 num zone      7           8           9
 radius   0.29000E+00 0.34000E+00 0.50400E+00
 temper   0.62400E+03 0.62300E+03 0.58100E+03
 rez_izot    bad         bad         bad 
 ------------------------------------------------------------------------------
    izotop   /             concentration number of izotops=70
  1 *h*      0.00000E+00 0.00000E+00 0.48149E-01
  2 *o*      0.00000E+00 0.00000E+00 0.24074E-01
  3 zr       0.00000E+00 0.42475E-01 0.00000E+00
  6 o        0.22991E-01 0.00000E+00 0.00000E+00
  7 al       0.58031E-01 0.00000E+00 0.00000E+00
 11 gd57     0.13950E-02 0.00000E+00 0.00000E+00
 12 gd55     0.11960E-02 0.00000E+00 0.00000E+00
 ------------------------------------------------------------------------------
  number of cells =           6
          cell number    4  number of zone= 3
 << geometry characteristics >>
    geometry of cell- cilindrical index=           2
  kratnost of cell =   6.000000    
  inner radius of cell =  0.0000000E+00
  out square ratio =  0.0000000E+00  0.6667000      0.0000000E+00  0.0000000E+00
  0.3333000      0.0000000E+00
 ------------------------------------------------------------------------------
 num zone     10          11          12
 radius   0.18000E+00 0.22500E+00 0.50400E+00
 temper   0.62400E+03 0.62300E+03 0.58100E+03
 rez_izot    bad         bad         bad 
 ------------------------------------------------------------------------------
    izotop   /             concentration number of izotops=70
  1 *h*      0.00000E+00 0.00000E+00 0.48149E-01
  2 *o*      0.00000E+00 0.00000E+00 0.24074E-01
  3 zr       0.00000E+00 0.42475E-01 0.00000E+00
  6 o        0.22991E-01 0.00000E+00 0.00000E+00
  7 al       0.58031E-01 0.00000E+00 0.00000E+00
 11 gd57     0.13950E-02 0.00000E+00 0.00000E+00
 12 gd55     0.11960E-02 0.00000E+00 0.00000E+00
 ------------------------------------------------------------------------------
  number of cells =           6
          cell number    5  number of zone= 3
 << geometry characteristics >>
    geometry of cell- cilindrical index=           2
  kratnost of cell =   1.000000    
  inner radius of cell =  0.0000000E+00
  out square ratio =  0.0000000E+00  0.1429000      0.0000000E+00  0.2857000    
  0.5714000      0.0000000E+00
 ------------------------------------------------------------------------------
 num zone     13          14          15
 radius   0.10500E+01 0.13000E+01 0.14000E+01
 temper   0.58100E+03 0.58100E+03 0.58100E+03
 rez_izot    bad         bad         bad 
 ------------------------------------------------------------------------------
    izotop   /             concentration number of izotops=70
  3 zr       0.00000E+00 0.00000E+00 0.41819E-01
  6 o        0.12459E-01 0.12459E-01 0.00000E+00
 13 ni       0.00000E+00 0.00000E+00 0.63150E-02
 14 cr       0.00000E+00 0.00000E+00 0.17810E-02
 15 n        0.37376E-01 0.37376E-01 0.00000E+00
 ------------------------------------------------------------------------------
  number of cells =           6
          cell number    6  number of zone= 2
 << geometry characteristics >>
    geometry of cell- cilindrical index=           2
  kratnost of cell =   36.00000    
  inner radius of cell =  0.0000000E+00
  out square ratio =  0.4783000      0.0000000E+00  0.0000000E+00  0.0000000E+00
  0.0000000E+00  0.5217000    
 ------------------------------------------------------------------------------
 num zone     16          17
 radius   0.39000E+00 0.50400E+00
 temper   0.62300E+03 0.58100E+03
 rez_izot    bad         bad 
 ------------------------------------------------------------------------------
    izotop   /             concentration number of izotops=70
  1 *h*      0.00000E+00 0.48149E-01
  2 *o*      0.00000E+00 0.24074E-01
  3 zr       0.42475E-01 0.00000E+00
:fier                                                                           
 condensation boundary was changed from  0.21500E+01 to  0.21544E+01
*** 4 *** ;egr=  2.1544    
    keff         nu           mu           fi           teta
   1.2361       2.0505       1.6102      0.57996      0.64552    
 s0z(n)=    1.494628      0.0000000E+00  0.0000000E+00   1.341298    
  0.0000000E+00  0.0000000E+00  0.0000000E+00  0.0000000E+00  0.0000000E+00
  0.0000000E+00  0.0000000E+00  0.0000000E+00  0.0000000E+00  0.0000000E+00
  0.0000000E+00  0.0000000E+00  0.0000000E+00
:macro                                                                          
 condensation boundary was changed from  0.21500E+01 to  0.21544E+01
 condensation boundary was changed from  0.21500E+01 to  0.21544E+01
    -------------------------------------------------------------------------------
    * n group   * e(i)        * e(i+1)      *spect neutron fission  *
          1       0.10500E+08    2.1544           0.99912    
          2        2.1544        0.0000           0.14203E-08
    *******************************************************************************
                                       **    macro cross section    **
    *******************************************************************************
    ** n zone    1 vzone=  101.92     /  1  2  3  4  5  6  7  8  9 10 11 12 13 14 15 16 17
*grp*flux 1/cm2c  * stotal      * sabs        * sfis.       * nu$sfis.    * 1/3*strans  *1/aver.veloci*aver power
  1  0.4351868     0.5027471     0.9467264E-02 0.4220694E-02 0.1056040E-01  1.289281     0.1418607E-05  1.115465     0.3780872    
  2  0.4223489E-01 0.9937624     0.1347324     0.7153618E-01 0.1783400     0.4282645     0.7600824E-05  1.323661     0.6219128    
                                       * matric. scat.cross. sec. from i to j  *
       i / j -->            1           2
       i        1 0.4801970     0.1308338E-01
       i        2 0.7800694E-04 0.8589517    
:dina                                                                           
    -------------------------------------------------------------------------------
    * n group   * e(i)        * e(i+1)
          1       0.20000E+08    0.0000    
    -------------------------------------------------------------------------------
          fraction of delay neutrons -betaj
           beta`j
           one group beta * 10e-4
  
          condensated zone : 1
 nt      1           2           3           4           5           6
 ne: 1  2.1563      8.6976      7.6990      14.089      1.6428     0.88747    
 ne: 1 0.61309E-01 0.24729     0.21890     0.40056     0.46709E-01 0.25232E-01
       35.17175    
    -------------------------------------------------------------------------------
    * n group   * e(i)        * e(i+1)
          1       0.20000E+08    0.0000    
    -------------------------------------------------------------------------------
          decay constant -lambdaj
           one group lambda
  
          condensated zone : 1
 nt      1           2           3           4           5           6
 ne: 1 0.12500E-01 0.35621E-01 0.14303     0.32848      1.0461      2.6058    
 1-group lambda   6.8254314E-02
    -------------------------------------------------------------------------------
    * n group   * e(i)        * e(i+1)
          1       0.20000E+08    0.0000    
    -------------------------------------------------------------------------------
          spectrum -xj
  
          condensated zone : 1
 nt      1           2           3           4           5           6
 ne: 1  0.0000      0.0000      0.0000      0.0000      0.0000      0.0000    
    -------------------------------------------------------------------------------
    * n group   * e(i)        * e(i+1)
          1       0.10500E+08    0.0000    
    -------------------------------------------------------------------------------
          production part constant -alfa (id xe pm)
  
          condensated zone : 1
           1  4.4074122E-02  2.6029651E-03  8.0370614E-03
:fier                                                                           
 condensation boundary was changed from  0.21500E+01 to  0.21544E+01
*** 4 *** ;egr=  2.1544    
    keff         nu           mu           fi           teta
   1.2361       2.0505       1.6102      0.57996      0.64552    
 s0z(n)=    1.494628      0.0000000E+00  0.0000000E+00   1.341298    
  0.0000000E+00  0.0000000E+00  0.0000000E+00  0.0000000E+00  0.0000000E+00
  0.0000000E+00  0.0000000E+00  0.0000000E+00  0.0000000E+00  0.0000000E+00
  0.0000000E+00  0.0000000E+00  0.0000000E+00
:burn                                                                           
 *** average burn up =  0.37401     (mbt*day)/(kg hm)
    > CONSYST Program Ver: 98.01 > started at  0: 0: 0:  
    { Manturov G., E-mail: abbn@ippe.rssi.ru}
 
       -------------------------------
 
       CONSYST INPUT DATA READ FROM : cons.dat
       CONSYST PROTOCOL STORED IN   : RESULT
       GMF X-SECTION'S FILE         : OUT
       TEMPORARY FILE               : RAB
       ABBN BASIC DATA SET FROM     : ..\bin\Bnab90.lib
       ABBN MULTIC DATA SET FROM    : ..\bin\Bnabmlt.lib
       ABBN THERMAL DATA SET FROM   : ..\bin\BNABTHM.lib
 
    >>  K-inf(MLT)= 1.09887 Balance= 1.00179 NU= 2.51 FI-Sum=  8.43E+01
    >   Include Thermal Matrix > H(H2O):BNABTHM.BIN   Temp=  500K
    >   Include Thermal Matrix > H(H2O):BNABTHM.BIN   Temp=  600K
    >>  K-inf(MLT)= 0.94863 Balance= 1.00178 NU= 2.50 FI-Sum=  8.82E+01
    >   Include Thermal Matrix > H(H2O):BNABTHM.BIN   Temp=  500K
    >   Include Thermal Matrix > H(H2O):BNABTHM.BIN   Temp=  600K
    >   Include Thermal Matrix > H(H2O):BNABTHM.BIN   Temp=  500K
    >   Include Thermal Matrix > H(H2O):BNABTHM.BIN   Temp=  600K
    >   Include Thermal Matrix > H(H2O):BNABTHM.BIN   Temp=  500K
    >   Include Thermal Matrix > H(H2O):BNABTHM.BIN   Temp=  600K
    >   Include Thermal Matrix > H(H2O):BNABTHM.BIN   Temp=  500K
    >   Include Thermal Matrix > H(H2O):BNABTHM.BIN   Temp=  600K
    > CONSYST finished at  0: 0: 0:  
 therm. calculation avoided
 therm. calculation avoided
 therm. calculation avoided
 therm. calculation avoided
 therm. calculation avoided
 therm. calculation avoided
 therm. calculation avoided
 therm. calculation avoided
 *************************************************
   ***k(inf)= 1.21616     ***k(itt)= 1.21616     ***k(integ)= 1.21616    ***
   **bakl=  0.0000     **length= 0.10000E+11  ***
   **matr.  alout*alcorr a(k,i)(k=1,ncel) ***
     * 0.53590     0.10460     0.14380      0.0000      0.0000     0.21570    
     * 0.29630     0.33330     0.92600E-01 0.22220     0.55600E-01  0.0000    
     * 0.81480     0.18520      0.0000      0.0000      0.0000      0.0000    
     *  0.0000     0.66670      0.0000      0.0000     0.33330      0.0000    
     *  0.0000     0.14290      0.0000     0.28570     0.57140      0.0000    
     * 0.47830      0.0000      0.0000      0.0000      0.0000     0.52170    
 lokal kner      in cell ,ru=           1=   1.056008       1.044106    
 lokal kner      in cell ,ru=           2=  0.8413109      0.8750344    
 lokal kner      in cell ,ru=           3=  0.0000000E+00   1.846055    
 lokal kner      in cell ,ru=           4=  0.0000000E+00  0.9915610    
 lokal kner      in cell ,ru=           5=  0.0000000E+00  0.3579241    
 lokal kner      in cell ,ru=           6=  0.0000000E+00  2.4387805E-02
:corr                                                                           
 ------------------------------------------------------------------------------
  backling =  0.0000000E+00
 ------------------------------------------------------------------------------
  number of cells =           6
          cell number    1  number of zone= 3
 << geometry characteristics >>
    geometry of cell- cilindrical index=           2
  kratnost of cell =   51.00000    
  inner radius of cell =  0.0000000E+00
  out square ratio =  0.5359000      0.1046000      0.1438000      0.0000000E+00
  0.0000000E+00  0.2157000    
 ------------------------------------------------------------------------------
 num zone      1           2           3
 radius   0.29000E+00 0.34000E+00 0.50400E+00
 temper   0.67600E+03 0.62300E+03 0.58100E+03
 rez_izot    th32        bad         bad 
 ------------------------------------------------------------------------------
    izotop   /             concentration number of izotops=70
  1 *h*      0.00000E+00 0.00000E+00 0.48149E-01
  2 *o*      0.00000E+00 0.00000E+00 0.24074E-01
  3 zr       0.00000E+00 0.42475E-01 0.00000E+00
  4 u233     0.18594E-02 0.00000E+00 0.00000E+00
  5 th32     0.16811E-01 0.00000E+00 0.00000E+00
  6 o        0.37362E-01 0.00000E+00 0.00000E+00
  7 al       0.14076E-01 0.00000E+00 0.00000E+00
 11 gd57     0.46221E-09 0.00000E+00 0.00000E+00
 12 gd55     0.27560E-11 0.00000E+00 0.00000E+00
 16 si       0.42227E-01 0.00000E+00 0.00000E+00
 19 u235     0.12918E-08 0.00000E+00 0.00000E+00
 20 u236     0.34902E-12 0.00000E+00 0.00000E+00
 22 slag     0.36182E-05 0.00000E+00 0.00000E+00
 23 tc99     0.47781E-06 0.00000E+00 0.00000E+00
 24 rh03     0.24450E-06 0.00000E+00 0.00000E+00
 25 ag09     0.25586E-08 0.00000E+00 0.00000E+00
 26 cd13     0.91710E-09 0.00000E+00 0.00000E+00
 27 xe35     0.20144E-07 0.00000E+00 0.00000E+00
 28 sm49     0.27064E-07 0.00000E+00 0.00000E+00
 29 sm51     0.26733E-07 0.00000E+00 0.00000E+00
 30 eu55     0.24148E-08 0.00000E+00 0.00000E+00
 31 gd56     0.10617E-08 0.00000E+00 0.00000E+00
 32 np37     0.10396E-15 0.00000E+00 0.00000E+00
 34 pu38     0.65024E-19 0.00000E+00 0.00000E+00
 45 pa33     0.19997E-05 0.00000E+00 0.00000E+00
 46 u234     0.98301E-06 0.00000E+00 0.00000E+00
 47 sm52     0.21087E-07 0.00000E+00 0.00000E+00
 48 xe31     0.21574E-06 0.00000E+00 0.00000E+00
 49 cs33     0.52434E-06 0.00000E+00 0.00000E+00
 50 nd45     0.30459E-06 0.00000E+00 0.00000E+00
 51 nd43     0.46141E-06 0.00000E+00 0.00000E+00
 52 pm47     0.17853E-06 0.00000E+00 0.00000E+00
 53 mo95     0.50593E-06 0.00000E+00 0.00000E+00
 54 cs34     0.38691E-09 0.00000E+00 0.00000E+00
 55 pr41     0.45163E-06 0.00000E+00 0.00000E+00
 56 pm48     0.30945E-09 0.00000E+00 0.00000E+00
 57 pm8m     0.31404E-09 0.00000E+00 0.00000E+00
 58 rh05     0.15990E-07 0.00000E+00 0.00000E+00
 59 pm49     0.31988E-07 0.00000E+00 0.00000E+00
 60 kr83     0.42725E-07 0.00000E+00 0.00000E+00
 61 ru01     0.39482E-06 0.00000E+00 0.00000E+00
 62 pd05     0.25833E-07 0.00000E+00 0.00000E+00
 63 cs35     0.17483E-06 0.00000E+00 0.00000E+00
 64 sm50     0.32085E-08 0.00000E+00 0.00000E+00
 65 eu51     0.27910E-11 0.00000E+00 0.00000E+00
 66 eu53     0.10544E-09 0.00000E+00 0.00000E+00
 67 eu54     0.20160E-12 0.00000E+00 0.00000E+00
 68 gd54     0.56792E-16 0.00000E+00 0.00000E+00
 ------------------------------------------------------------------------------
  number of cells =           6
          cell number    2  number of zone= 3
 << geometry characteristics >>
    geometry of cell- cilindrical index=           2
  kratnost of cell =   18.00000    
  inner radius of cell =  0.0000000E+00
  out square ratio =  0.2963000      0.3333000      9.2600003E-02  0.2222000    
  5.5599999E-02  0.0000000E+00
 ------------------------------------------------------------------------------
 num zone      4           5           6
 radius   0.29000E+00 0.34000E+00 0.50400E+00
 temper   0.67600E+03 0.62300E+03 0.58100E+03
 rez_izot    th32        bad         bad 
 ------------------------------------------------------------------------------
    izotop   /             concentration number of izotops=70
  1 *h*      0.00000E+00 0.00000E+00 0.48149E-01
  2 *o*      0.00000E+00 0.00000E+00 0.24074E-01
  3 zr       0.17950E-02 0.42475E-01 0.00000E+00
  4 u233     0.14882E-02 0.00000E+00 0.00000E+00
  5 th32     0.17186E-01 0.00000E+00 0.00000E+00
  6 o        0.37365E-01 0.00000E+00 0.00000E+00
  7 al       0.14076E-01 0.00000E+00 0.00000E+00
 11 gd57     0.36964E-09 0.00000E+00 0.00000E+00
 12 gd55     0.21953E-11 0.00000E+00 0.00000E+00
 16 si       0.42227E-01 0.00000E+00 0.00000E+00
 19 u235     0.10569E-08 0.00000E+00 0.00000E+00
 20 u236     0.28232E-12 0.00000E+00 0.00000E+00
 22 slag     0.28729E-05 0.00000E+00 0.00000E+00
 23 tc99     0.38001E-06 0.00000E+00 0.00000E+00
 24 rh03     0.19444E-06 0.00000E+00 0.00000E+00
 25 ag09     0.20348E-08 0.00000E+00 0.00000E+00
 26 cd13     0.73430E-09 0.00000E+00 0.00000E+00
 27 xe35     0.16595E-07 0.00000E+00 0.00000E+00
 28 sm49     0.21696E-07 0.00000E+00 0.00000E+00
 29 sm51     0.21278E-07 0.00000E+00 0.00000E+00
 30 eu55     0.19208E-08 0.00000E+00 0.00000E+00
 31 gd56     0.84579E-09 0.00000E+00 0.00000E+00
 32 np37     0.85542E-16 0.00000E+00 0.00000E+00
 34 pu38     0.53877E-19 0.00000E+00 0.00000E+00
 45 pa33     0.19657E-05 0.00000E+00 0.00000E+00
 46 u234     0.79668E-06 0.00000E+00 0.00000E+00
 47 sm52     0.16759E-07 0.00000E+00 0.00000E+00
 48 xe31     0.17158E-06 0.00000E+00 0.00000E+00
 49 cs33     0.41701E-06 0.00000E+00 0.00000E+00
 50 nd45     0.24224E-06 0.00000E+00 0.00000E+00
 51 nd43     0.36698E-06 0.00000E+00 0.00000E+00
 52 pm47     0.14198E-06 0.00000E+00 0.00000E+00
 53 mo95     0.40238E-06 0.00000E+00 0.00000E+00
 54 cs34     0.31166E-09 0.00000E+00 0.00000E+00
 55 pr41     0.35919E-06 0.00000E+00 0.00000E+00
 56 pm48     0.24986E-09 0.00000E+00 0.00000E+00
 57 pm8m     0.25438E-09 0.00000E+00 0.00000E+00
 58 rh05     0.12737E-07 0.00000E+00 0.00000E+00
 59 pm49     0.25444E-07 0.00000E+00 0.00000E+00
 60 kr83     0.33979E-07 0.00000E+00 0.00000E+00
 61 ru01     0.31401E-06 0.00000E+00 0.00000E+00
 62 pd05     0.20575E-07 0.00000E+00 0.00000E+00
 63 cs35     0.14373E-06 0.00000E+00 0.00000E+00
 64 sm50     0.23856E-08 0.00000E+00 0.00000E+00
 65 eu51     0.21483E-11 0.00000E+00 0.00000E+00
 66 eu53     0.85147E-10 0.00000E+00 0.00000E+00
 67 eu54     0.16387E-12 0.00000E+00 0.00000E+00
 68 gd54     0.46163E-16 0.00000E+00 0.00000E+00
 ------------------------------------------------------------------------------
  number of cells =           6
          cell number    3  number of zone= 3
 << geometry characteristics >>
    geometry of cell- cilindrical index=           2
  kratnost of cell =   9.000000    
  inner radius of cell =  0.0000000E+00
  out square ratio =  0.8148000      0.1852000      0.0000000E+00  0.0000000E+00
  0.0000000E+00  0.0000000E+00
 ------------------------------------------------------------------------------
 num zone      7           8           9
 radius   0.29000E+00 0.34000E+00 0.50400E+00
 temper   0.62400E+03 0.62300E+03 0.58100E+03
 rez_izot    bad         bad         bad 
 ------------------------------------------------------------------------------
    izotop   /             concentration number of izotops=70
  1 *h*      0.00000E+00 0.00000E+00 0.48149E-01
  2 *o*      0.00000E+00 0.00000E+00 0.24074E-01
  3 zr       0.00000E+00 0.42475E-01 0.00000E+00
  6 o        0.22991E-01 0.00000E+00 0.00000E+00
  7 al       0.58031E-01 0.00000E+00 0.00000E+00
 11 gd57     0.13816E-02 0.00000E+00 0.00000E+00
 12 gd55     0.11896E-02 0.00000E+00 0.00000E+00
 22 slag     0.13454E-04 0.00000E+00 0.00000E+00
 31 gd56     0.64018E-05 0.00000E+00 0.00000E+00
 ------------------------------------------------------------------------------
  number of cells =           6
          cell number    4  number of zone= 3
 << geometry characteristics >>
    geometry of cell- cilindrical index=           2
  kratnost of cell =   6.000000    
  inner radius of cell =  0.0000000E+00
  out square ratio =  0.0000000E+00  0.6667000      0.0000000E+00  0.0000000E+00
  0.3333000      0.0000000E+00
 ------------------------------------------------------------------------------
 num zone     10          11          12
 radius   0.18000E+00 0.22500E+00 0.50400E+00
 temper   0.62400E+03 0.62300E+03 0.58100E+03
 rez_izot    bad         bad         bad 
 ------------------------------------------------------------------------------
    izotop   /             concentration number of izotops=70
  1 *h*      0.00000E+00 0.00000E+00 0.48149E-01
  2 *o*      0.00000E+00 0.00000E+00 0.24074E-01
  3 zr       0.00000E+00 0.42475E-01 0.00000E+00
  6 o        0.22991E-01 0.00000E+00 0.00000E+00
  7 al       0.58031E-01 0.00000E+00 0.00000E+00
 11 gd57     0.13759E-02 0.00000E+00 0.00000E+00
 12 gd55     0.11878E-02 0.00000E+00 0.00000E+00
 22 slag     0.19085E-04 0.00000E+00 0.00000E+00
 31 gd56     0.81633E-05 0.00000E+00 0.00000E+00
 ------------------------------------------------------------------------------
  number of cells =           6
          cell number    5  number of zone= 3
 << geometry characteristics >>
    geometry of cell- cilindrical index=           2
  kratnost of cell =   1.000000    
  inner radius of cell =  0.0000000E+00
  out square ratio =  0.0000000E+00  0.1429000      0.0000000E+00  0.2857000    
  0.5714000      0.0000000E+00
 ------------------------------------------------------------------------------
 num zone     13          14          15
 radius   0.10500E+01 0.13000E+01 0.14000E+01
 temper   0.58100E+03 0.58100E+03 0.58100E+03
 rez_izot    bad         bad         bad 
 ------------------------------------------------------------------------------
    izotop   /             concentration number of izotops=70
  3 zr       0.00000E+00 0.00000E+00 0.41819E-01
  6 o        0.12459E-01 0.12459E-01 0.00000E+00
 13 ni       0.00000E+00 0.00000E+00 0.63150E-02
 14 cr       0.00000E+00 0.00000E+00 0.17810E-02
 15 n        0.37376E-01 0.37376E-01 0.00000E+00
 ------------------------------------------------------------------------------
  number of cells =           6
          cell number    6  number of zone= 2
 << geometry characteristics >>
    geometry of cell- cilindrical index=           2
  kratnost of cell =   36.00000    
  inner radius of cell =  0.0000000E+00
  out square ratio =  0.4783000      0.0000000E+00  0.0000000E+00  0.0000000E+00
  0.0000000E+00  0.5217000    
 ------------------------------------------------------------------------------
 num zone     16          17
 radius   0.39000E+00 0.50400E+00
 temper   0.62300E+03 0.58100E+03
 rez_izot    bad         bad 
 ------------------------------------------------------------------------------
    izotop   /             concentration number of izotops=70
  1 *h*      0.00000E+00 0.48149E-01
  2 *o*      0.00000E+00 0.24074E-01
  3 zr       0.42475E-01 0.00000E+00
:fier                                                                           
 condensation boundary was changed from  0.21500E+01 to  0.21544E+01
*** 4 *** ;egr=  2.1544    
    keff         nu           mu           fi           teta
   1.2162       1.9836       1.6227      0.58028      0.65114    
 s0z(n)=    1.494628      0.0000000E+00  0.0000000E+00   1.341298    
  0.0000000E+00  0.0000000E+00  0.0000000E+00  0.0000000E+00  0.0000000E+00
  0.0000000E+00  0.0000000E+00  0.0000000E+00  0.0000000E+00  0.0000000E+00
  0.0000000E+00  0.0000000E+00  0.0000000E+00
:stop                                                                           
