 *****          file of input data set *******
:poly
 &vvod
 @ 1 tvel  cell@   rcel(1,1)=0.29,0.34,0.48,
                   ncelsos(1,1)=1,3,4
 @ 2 tvel  cell@   rcel(1,2)=0.29,0.34,0.48,
                   ncelsos(1,2)=1,3,4
 @ 3 svp-1 cell@   rcel(1,3)=0.29,0.34,0.48,
                   ncelsos(1,3)=5,3,4,
 @ 4 svp-2 cell@   rcel(1,4)=0.175,0.225,0.48,
                   ncelsos(1,4)=5,3,4,
 @ 5 pal       @   rcel(1,5)=0.29,0.39,0.48,
                   ncelsos(1,5)=6,7,4,
 @ 6 km        @   rcel(1,6)=0.39,0.98,
                   ncelsos(1,6)=3,4,
                                                                                                                        
  t=0.6590e+03, 0.5970e+03, 0.5830e+03, 0.3830e+03, 0.5830e+03, 0.5830e+03,
@-----------------------------------------------------------------------
 troiz=
 @        1 tv_1     2 tv_2     3 zr_ob_tv 4 h2o      5 svp      6 pel      7 ob_pel
 @ *h*  @ 0.000000 , 0.000000 , 0.000000 , 0.046847 , 0.000000 , 0.046847 , 0.000000 ,                 @ 0.046847@
 @ *o*  @ 0.000000 , 0.000000 , 0.000000 , 0.023419 , 0.000000 , 0.023419 , 0.000000 ,                 @ 0.023419@
 @ zr   @ 0.000000 , 0.000000 , 0.043014 , 0.000000 , 0.000000 , 0.000000 , 0.000000 ,
 @ u233 @ 0.003067 , 0.002761 , 0.000000 , 0.000000 , 0.000000 , 0.000000 , 0.000000 ,
 @ u238 @ 0.017384 , 0.017691 , 0.000000 , 0.000000 , 0.000000 , 0.000000 , 0.000000 ,
 @ o    @ 0.040904 , 0.040904 , 0.000000 , 0.000000 , 0.019009 , 0.000000 , 0.000000 ,
 @ *c*  @ 0.000000 , 0.000000 , 0.000000 , 0.000000 , 0.000000 , 0.000000 , 0.000000 ,
 @ al   @ 0.005798 , 0.005798 , 0.000000 , 0.000000 , 0.057980 , 0.000000 , 0.000000 ,
 @ b-10 @ 0.000000 , 0.000000 , 0.000000 , 0.000000 , 0.000000 , 0.000000 , 0.000000 ,
 @ c    @ 0.000000 , 0.000000 , 0.000000 , 0.000000 , 0.000000 , 0.000000 , 0.000000 ,
 @ gd57 @ 0.000000 , 0.000000 , 0.000000 , 0.000000 , 0.072673 , 0.000000 , 0.000000 ,
 @ ni   @ 0.000000 , 0.000000 , 0.000000 , 0.000000 , 0.000000 , 0.000000 , 0.051748 ,
 @ cr   @ 0.000000 , 0.000000 , 0.000000 , 0.000000 , 0.000000 , 0.000000 , 0.034972 ,
@-----------------------------------------------------------------------
 ntcell=1,2,3,4,5,6,
 krat= 51,18,9,6,7,36,
 alout=
       0.5882 , 0.1372 , 0.1176 , 0.0000 , 0.0000 , 0.1586,
       0.3888 , 0.3333 , 0.0000 , 0.2222 , 0.0555 , 0.0000,
       0.6666 , 0.0000 , 0.0000 , 0.0000 , 0.0000 , 0.3333,
       0.0000 , 0.6666 , 0.0000 , 0.0000 , 0.3333 , 0.0000,
       0.0000 , 0.1428 , 0.0000 , 0.2857 , 0.5714 , 0.0000,
       0.2222 , 0.0000 , 0.0833 , 0.0000 , 0.0000 , 0.6944,
                                                                                                                        
 material(1)='chmc',
 &end
*h*
*o*
zr
u233
u238
o
*c*
al
b-10
c
gd57
ni
cr
****
:corr
 &vvod &end
:fier
 &vvod &end
:macro
 &vvod
  et=10.5e+6,2.15,2.15,0.,
 nbv=1,1,1,1,1,1,1,1,1,1,1,1,1,1,1,2,2,
 &end
:micro
 &vvod
  et=10.5e+6,0.,
 nbv=1,1,1,1,1,1,1,1,1,1,1,1,1,1,1,1,1,
 &end
iout(57)=2
 &vvod
  et=10.5e+6,0.,
 nbv=1,1,1,1,1,1,1,1,1,1,1,1,1,1,1,1,1,
 &end
@:stop@
:dina
 &vvod
 &end
:fier
 &vvod &end
                                                                                                                        
                                                                                                                        
@ 1 step - 5. days!----------
:burn
 &vvod qv=110.0,dtim=10.0,
 &end
:corr
 &vvod &end
:fier
 &vvod &end
:macro
 &vvod
 @ et=10.5e+6,2.15,2.15,0.,
 nbv=1,1,1,1,1,1,1,1,1,1,1,1,1,1,1,2,2,
 &end
:micro
 &vvod
  et=10.5e+6,2.15,2.15,0.,
 nbv=1,1,1,1,1,1,1,1,1,1,1,1,1,1,1,1,1,
 &end
iout(57)=2
 &vvod
  et=10.5e+6,2.15,2.15,0.,
 nbv=1,1,1,1,1,1,1,1,1,1,1,1,1,1,1,1,1,
 &end
@:stop@
:dina
 &vvod
 &end
:fier
 &vvod &end
                                                                                                                        
                                                                                                                        
@ 1 step - 5. days!----------
:burn
 &vvod qv=110.0,dtim=10.0,
 &end
:corr
 &vvod &end
:fier
 &vvod &end
:macro
 &vvod
 @ et=10.5e+6,2.15,2.15,0.,
 nbv=1,1,1,1,1,1,1,1,1,1,1,1,1,1,1,2,2,
 &end
:micro
 &vvod
  et=10.5e+6,2.15,2.15,0.,
 nbv=1,1,1,1,1,1,1,1,1,1,1,1,1,1,1,1,1,
 &end
iout(57)=2
 &vvod
  et=10.5e+6,2.15,2.15,0.,
 nbv=1,1,1,1,1,1,1,1,1,1,1,1,1,1,1,1,1,
 &end
@:stop@
:dina
 &vvod
 &end
:fier
 &vvod &end
                                                                                                                        
                                                                                                                        
@ 1 step - 5. days!----------
:burn
 &vvod qv=110.0,dtim=10.0,
 &end
:corr
 &vvod &end
:fier
 &vvod &end
:macro
 &vvod
 @ et=10.5e+6,2.15,2.15,0.,
 nbv=1,1,1,1,1,1,1,1,1,1,1,1,1,1,1,2,2,
 &end
:micro
 &vvod
  et=10.5e+6,2.15,2.15,0.,
 nbv=1,1,1,1,1,1,1,1,1,1,1,1,1,1,1,1,1,
 &end
iout(57)=2
 &vvod
  et=10.5e+6,2.15,2.15,0.,
 nbv=1,1,1,1,1,1,1,1,1,1,1,1,1,1,1,1,1,
 &end
@:stop@
:dina
 &vvod
 &end
:fier
 &vvod &end
                                                                                                                        
                                                                                                                        
@ 1 step - 5. days!----------
:burn
 &vvod qv=110.0,dtim=10.0,
 &end
:corr
 &vvod &end
:fier
 &vvod &end
:macro
 &vvod
 @ et=10.5e+6,2.15,2.15,0.,
 nbv=1,1,1,1,1,1,1,1,1,1,1,1,1,1,1,2,2,
 &end
:micro
 &vvod
  et=10.5e+6,2.15,2.15,0.,
 nbv=1,1,1,1,1,1,1,1,1,1,1,1,1,1,1,1,1,
 &end
iout(57)=2
 &vvod
  et=10.5e+6,2.15,2.15,0.,
 nbv=1,1,1,1,1,1,1,1,1,1,1,1,1,1,1,1,1,
 &end
@:stop@
:dina
 &vvod
 &end
:fier
 &vvod &end
                                                                                                                        
                                                                                                                        
@ 1 step - 5. days!----------
:burn
 &vvod qv=110.0,dtim=10.0,
 &end
:corr
 &vvod &end
:fier
 &vvod &end
:macro
 &vvod
 @ et=10.5e+6,2.15,2.15,0.,
 nbv=1,1,1,1,1,1,1,1,1,1,1,1,1,1,1,2,2,
 &end
:micro
 &vvod
  et=10.5e+6,2.15,2.15,0.,
 nbv=1,1,1,1,1,1,1,1,1,1,1,1,1,1,1,1,1,
 &end
iout(57)=2
 &vvod
  et=10.5e+6,2.15,2.15,0.,
 nbv=1,1,1,1,1,1,1,1,1,1,1,1,1,1,1,1,1,
 &end
@:stop@
:dina
 &vvod
 &end
:fier
 &vvod &end
                                                                                                                        
                                                                                                                        
@ 1 step - 5. days!----------
:burn
 &vvod qv=110.0,dtim=10.0,
 &end
:corr
 &vvod &end
:fier
 &vvod &end
:macro
 &vvod
 @ et=10.5e+6,2.15,2.15,0.,
 nbv=1,1,1,1,1,1,1,1,1,1,1,1,1,1,1,2,2,
 &end
:micro
 &vvod
  et=10.5e+6,2.15,2.15,0.,
 nbv=1,1,1,1,1,1,1,1,1,1,1,1,1,1,1,1,1,
 &end
iout(57)=2
 &vvod
  et=10.5e+6,2.15,2.15,0.,
 nbv=1,1,1,1,1,1,1,1,1,1,1,1,1,1,1,1,1,
 &end
@:stop@
:dina
 &vvod
 &end
:fier
 &vvod &end
                                                                                                                        
                                                                                                                        
@ 1 step - 5. days!----------
:burn
 &vvod qv=110.0,dtim=10.0,
 &end
:corr
 &vvod &end
:fier
 &vvod &end
:macro
 &vvod
 @ et=10.5e+6,2.15,2.15,0.,
 nbv=1,1,1,1,1,1,1,1,1,1,1,1,1,1,1,2,2,
 &end
:micro
 &vvod
  et=10.5e+6,2.15,2.15,0.,
 nbv=1,1,1,1,1,1,1,1,1,1,1,1,1,1,1,1,1,
 &end
iout(57)=2
 &vvod
  et=10.5e+6,2.15,2.15,0.,
 nbv=1,1,1,1,1,1,1,1,1,1,1,1,1,1,1,1,1,
 &end
@:stop@
:dina
 &vvod
 &end
:fier
 &vvod &end
                                                                                                                        
                                                                                                                        
@ 1 step - 5. days!----------
:burn
 &vvod qv=110.0,dtim=10.0,
 &end
:corr
 &vvod &end
:fier
 &vvod &end
:macro
 &vvod
 @ et=10.5e+6,2.15,2.15,0.,
 nbv=1,1,1,1,1,1,1,1,1,1,1,1,1,1,1,2,2,
 &end
:micro
 &vvod
  et=10.5e+6,2.15,2.15,0.,
 nbv=1,1,1,1,1,1,1,1,1,1,1,1,1,1,1,1,1,
 &end
iout(57)=2
 &vvod
  et=10.5e+6,2.15,2.15,0.,
 nbv=1,1,1,1,1,1,1,1,1,1,1,1,1,1,1,1,1,
 &end
@:stop@
:dina
 &vvod
 &end
:fier
 &vvod &end
                                                                                                                        
                                                                                                                        
@ 1 step - 5. days!----------
:burn
 &vvod qv=110.0,dtim=10.0,
 &end
:corr
 &vvod &end
:fier
 &vvod &end
:macro
 &vvod
 @ et=10.5e+6,2.15,2.15,0.,
 nbv=1,1,1,1,1,1,1,1,1,1,1,1,1,1,1,2,2,
 &end
:micro
 &vvod
  et=10.5e+6,2.15,2.15,0.,
 nbv=1,1,1,1,1,1,1,1,1,1,1,1,1,1,1,1,1,
 &end
iout(57)=2
 &vvod
  et=10.5e+6,2.15,2.15,0.,
 nbv=1,1,1,1,1,1,1,1,1,1,1,1,1,1,1,1,1,
 &end
@:stop@
:dina
 &vvod
 &end
:fier
 &vvod &end
                                                                                                                        
                                                                                                                        
@ 1 step - 5. days!----------
:burn
 &vvod qv=110.0,dtim=10.0,
 &end
:corr
 &vvod &end
:fier
 &vvod &end
:macro
 &vvod
 @ et=10.5e+6,2.15,2.15,0.,
 nbv=1,1,1,1,1,1,1,1,1,1,1,1,1,1,1,2,2,
 &end
:micro
 &vvod
  et=10.5e+6,2.15,2.15,0.,
 nbv=1,1,1,1,1,1,1,1,1,1,1,1,1,1,1,1,1,
 &end
iout(57)=2
 &vvod
  et=10.5e+6,2.15,2.15,0.,
 nbv=1,1,1,1,1,1,1,1,1,1,1,1,1,1,1,1,1,
 &end
@:stop@
:dina
 &vvod
 &end
:fier
 &vvod &end
                                                                                                                        
                                                                                                                        
@ 1 step - 5. days!----------
:burn
 &vvod qv=110.0,dtim=10.0,
 &end
:corr
 &vvod &end
:fier
 &vvod &end
:macro
 &vvod
 @ et=10.5e+6,2.15,2.15,0.,
 nbv=1,1,1,1,1,1,1,1,1,1,1,1,1,1,1,2,2,
 &end
:micro
 &vvod
  et=10.5e+6,2.15,2.15,0.,
 nbv=1,1,1,1,1,1,1,1,1,1,1,1,1,1,1,1,1,
 &end
iout(57)=2
 &vvod
  et=10.5e+6,2.15,2.15,0.,
 nbv=1,1,1,1,1,1,1,1,1,1,1,1,1,1,1,1,1,
 &end
@:stop@
:dina
 &vvod
 &end
:fier
 &vvod &end
                                                                                                                        
                                                                                                                        
@ 1 step - 5. days!----------
:burn
 &vvod qv=110.0,dtim=10.0,
 &end
:corr
 &vvod &end
:fier
 &vvod &end
:macro
 &vvod
 @ et=10.5e+6,2.15,2.15,0.,
 nbv=1,1,1,1,1,1,1,1,1,1,1,1,1,1,1,2,2,
 &end
:micro
 &vvod
  et=10.5e+6,2.15,2.15,0.,
 nbv=1,1,1,1,1,1,1,1,1,1,1,1,1,1,1,1,1,
 &end
iout(57)=2
 &vvod
  et=10.5e+6,2.15,2.15,0.,
 nbv=1,1,1,1,1,1,1,1,1,1,1,1,1,1,1,1,1,
 &end
@:stop@
:dina
 &vvod
 &end
:fier
 &vvod &end
                                                                                                                        
                                                                                                                        
@ 1 step - 5. days!----------
:burn
 &vvod qv=110.0,dtim=10.0,
 &end
:corr
 &vvod &end
:fier
 &vvod &end
:macro
 &vvod
 @ et=10.5e+6,2.15,2.15,0.,
 nbv=1,1,1,1,1,1,1,1,1,1,1,1,1,1,1,2,2,
 &end
:micro
 &vvod
  et=10.5e+6,2.15,2.15,0.,
 nbv=1,1,1,1,1,1,1,1,1,1,1,1,1,1,1,1,1,
 &end
iout(57)=2
 &vvod
  et=10.5e+6,2.15,2.15,0.,
 nbv=1,1,1,1,1,1,1,1,1,1,1,1,1,1,1,1,1,
 &end
@:stop@
:dina
 &vvod
 &end
:fier
 &vvod &end
                                                                                                                        
                                                                                                                        
@ 1 step - 5. days!----------
:burn
 &vvod qv=110.0,dtim=10.0,
 &end
:corr
 &vvod &end
:fier
 &vvod &end
:macro
 &vvod
 @ et=10.5e+6,2.15,2.15,0.,
 nbv=1,1,1,1,1,1,1,1,1,1,1,1,1,1,1,2,2,
 &end
:micro
 &vvod
  et=10.5e+6,2.15,2.15,0.,
 nbv=1,1,1,1,1,1,1,1,1,1,1,1,1,1,1,1,1,
 &end
iout(57)=2
 &vvod
  et=10.5e+6,2.15,2.15,0.,
 nbv=1,1,1,1,1,1,1,1,1,1,1,1,1,1,1,1,1,
 &end
@:stop@
:dina
 &vvod
 &end
:fier
 &vvod &end
                                                                                                                        
                                                                                                                        
@ 1 step - 5. days!----------
:burn
 &vvod qv=110.0,dtim=10.0,
 &end
:corr
 &vvod &end
:fier
 &vvod &end
:macro
 &vvod
 @ et=10.5e+6,2.15,2.15,0.,
 nbv=1,1,1,1,1,1,1,1,1,1,1,1,1,1,1,2,2,
 &end
:micro
 &vvod
  et=10.5e+6,2.15,2.15,0.,
 nbv=1,1,1,1,1,1,1,1,1,1,1,1,1,1,1,1,1,
 &end
iout(57)=2
 &vvod
  et=10.5e+6,2.15,2.15,0.,
 nbv=1,1,1,1,1,1,1,1,1,1,1,1,1,1,1,1,1,
 &end
@:stop@
:dina
 &vvod
 &end
:fier
 &vvod &end
                                                                                                                        
                                                                                                                        
@ 1 step - 5. days!----------
:burn
 &vvod qv=110.0,dtim=10.0,
 &end
:corr
 &vvod &end
:fier
 &vvod &end
:macro
 &vvod
 @ et=10.5e+6,2.15,2.15,0.,
 nbv=1,1,1,1,1,1,1,1,1,1,1,1,1,1,1,2,2,
 &end
:micro
 &vvod
  et=10.5e+6,2.15,2.15,0.,
 nbv=1,1,1,1,1,1,1,1,1,1,1,1,1,1,1,1,1,
 &end
iout(57)=2
 &vvod
  et=10.5e+6,2.15,2.15,0.,
 nbv=1,1,1,1,1,1,1,1,1,1,1,1,1,1,1,1,1,
 &end
@:stop@
:dina
 &vvod
 &end
:fier
 &vvod &end
                                                                                                                        
                                                                                                                        
@ 1 step - 5. days!----------
:burn
 &vvod qv=110.0,dtim=10.0,
 &end
:corr
 &vvod &end
:fier
 &vvod &end
:macro
 &vvod
 @ et=10.5e+6,2.15,2.15,0.,
 nbv=1,1,1,1,1,1,1,1,1,1,1,1,1,1,1,2,2,
 &end
:micro
 &vvod
  et=10.5e+6,2.15,2.15,0.,
 nbv=1,1,1,1,1,1,1,1,1,1,1,1,1,1,1,1,1,
 &end
iout(57)=2
 &vvod
  et=10.5e+6,2.15,2.15,0.,
 nbv=1,1,1,1,1,1,1,1,1,1,1,1,1,1,1,1,1,
 &end
@:stop@
:dina
 &vvod
 &end
:fier
 &vvod &end
                                                                                                                        
                                                                                                                        
@ 1 step - 5. days!----------
:burn
 &vvod qv=110.0,dtim=10.0,
 &end
:corr
 &vvod &end
:fier
 &vvod &end
:macro
 &vvod
 @ et=10.5e+6,2.15,2.15,0.,
 nbv=1,1,1,1,1,1,1,1,1,1,1,1,1,1,1,2,2,
 &end
:micro
 &vvod
  et=10.5e+6,2.15,2.15,0.,
 nbv=1,1,1,1,1,1,1,1,1,1,1,1,1,1,1,1,1,
 &end
iout(57)=2
 &vvod
  et=10.5e+6,2.15,2.15,0.,
 nbv=1,1,1,1,1,1,1,1,1,1,1,1,1,1,1,1,1,
 &end
@:stop@
:dina
 &vvod
 &end
:fier
 &vvod &end
                                                                                                                        
                                                                                                                        
@ 1 step - 5. days!----------
:burn
 &vvod qv=110.0,dtim=10.0,
 &end
:corr
 &vvod &end
:fier
 &vvod &end
:macro
 &vvod
 @ et=10.5e+6,2.15,2.15,0.,
 nbv=1,1,1,1,1,1,1,1,1,1,1,1,1,1,1,2,2,
 &end
:micro
 &vvod
  et=10.5e+6,2.15,2.15,0.,
 nbv=1,1,1,1,1,1,1,1,1,1,1,1,1,1,1,1,1,
 &end
iout(57)=2
 &vvod
  et=10.5e+6,2.15,2.15,0.,
 nbv=1,1,1,1,1,1,1,1,1,1,1,1,1,1,1,1,1,
 &end
@:stop@
:dina
 &vvod
 &end
:fier
 &vvod &end
                                                                                                                        
                                                                                                                        
@ 1 step - 5. days!----------
:burn
 &vvod qv=110.0,dtim=10.0,
 &end
:corr
 &vvod &end
:fier
 &vvod &end
:macro
 &vvod
 @ et=10.5e+6,2.15,2.15,0.,
 nbv=1,1,1,1,1,1,1,1,1,1,1,1,1,1,1,2,2,
 &end
:micro
 &vvod
  et=10.5e+6,2.15,2.15,0.,
 nbv=1,1,1,1,1,1,1,1,1,1,1,1,1,1,1,1,1,
 &end
iout(57)=2
 &vvod
  et=10.5e+6,2.15,2.15,0.,
 nbv=1,1,1,1,1,1,1,1,1,1,1,1,1,1,1,1,1,
 &end
@:stop@
:dina
 &vvod
 &end
:fier
 &vvod &end
                                                                                                                        
                                                                                                                        
@ 1 step - 5. days!----------
:burn
 &vvod qv=110.0,dtim=10.0,
 &end
:corr
 &vvod &end
:fier
 &vvod &end
:macro
 &vvod
 @ et=10.5e+6,2.15,2.15,0.,
 nbv=1,1,1,1,1,1,1,1,1,1,1,1,1,1,1,2,2,
 &end
:micro
 &vvod
  et=10.5e+6,2.15,2.15,0.,
 nbv=1,1,1,1,1,1,1,1,1,1,1,1,1,1,1,1,1,
 &end
iout(57)=2
 &vvod
  et=10.5e+6,2.15,2.15,0.,
 nbv=1,1,1,1,1,1,1,1,1,1,1,1,1,1,1,1,1,
 &end
@:stop@
:dina
 &vvod
 &end
:fier
 &vvod &end
                                                                                                                        
                                                                                                                        
@ 1 step - 5. days!----------
:burn
 &vvod qv=110.0,dtim=10.0,
 &end
:corr
 &vvod &end
:fier
 &vvod &end
:macro
 &vvod
 @ et=10.5e+6,2.15,2.15,0.,
 nbv=1,1,1,1,1,1,1,1,1,1,1,1,1,1,1,2,2,
 &end
:micro
 &vvod
  et=10.5e+6,2.15,2.15,0.,
 nbv=1,1,1,1,1,1,1,1,1,1,1,1,1,1,1,1,1,
 &end
iout(57)=2
 &vvod
  et=10.5e+6,2.15,2.15,0.,
 nbv=1,1,1,1,1,1,1,1,1,1,1,1,1,1,1,1,1,
 &end
@:stop@
:dina
 &vvod
 &end
:fier
 &vvod &end
                                                                                                                        
                                                                                                                        
@ 1 step - 5. days!----------
:burn
 &vvod qv=110.0,dtim=10.0,
 &end
:corr
 &vvod &end
:fier
 &vvod &end
:macro
 &vvod
 @ et=10.5e+6,2.15,2.15,0.,
 nbv=1,1,1,1,1,1,1,1,1,1,1,1,1,1,1,2,2,
 &end
:micro
 &vvod
  et=10.5e+6,2.15,2.15,0.,
 nbv=1,1,1,1,1,1,1,1,1,1,1,1,1,1,1,1,1,
 &end
iout(57)=2
 &vvod
  et=10.5e+6,2.15,2.15,0.,
 nbv=1,1,1,1,1,1,1,1,1,1,1,1,1,1,1,1,1,
 &end
@:stop@
:dina
 &vvod
 &end
:fier
 &vvod &end
                                                                                                                        
                                                                                                                        
@ 1 step - 5. days!----------
:burn
 &vvod qv=110.0,dtim=10.0,
 &end
:corr
 &vvod &end
:fier
 &vvod &end
:macro
 &vvod
 @ et=10.5e+6,2.15,2.15,0.,
 nbv=1,1,1,1,1,1,1,1,1,1,1,1,1,1,1,2,2,
 &end
:micro
 &vvod
  et=10.5e+6,2.15,2.15,0.,
 nbv=1,1,1,1,1,1,1,1,1,1,1,1,1,1,1,1,1,
 &end
iout(57)=2
 &vvod
  et=10.5e+6,2.15,2.15,0.,
 nbv=1,1,1,1,1,1,1,1,1,1,1,1,1,1,1,1,1,
 &end
@:stop@
:dina
 &vvod
 &end
:fier
 &vvod &end
                                                                                                                        
                                                                                                                        
@ 1 step - 5. days!----------
:burn
 &vvod qv=110.0,dtim=10.0,
 &end
:corr
 &vvod &end
:fier
 &vvod &end
:macro
 &vvod
 @ et=10.5e+6,2.15,2.15,0.,
 nbv=1,1,1,1,1,1,1,1,1,1,1,1,1,1,1,2,2,
 &end
:micro
 &vvod
  et=10.5e+6,2.15,2.15,0.,
 nbv=1,1,1,1,1,1,1,1,1,1,1,1,1,1,1,1,1,
 &end
iout(57)=2
 &vvod
  et=10.5e+6,2.15,2.15,0.,
 nbv=1,1,1,1,1,1,1,1,1,1,1,1,1,1,1,1,1,
 &end
@:stop@
:dina
 &vvod
 &end
:fier
 &vvod &end
                                                                                                                        
                                                                                                                        
@ 1 step - 5. days!----------
:burn
 &vvod qv=110.0,dtim=10.0,
 &end
:corr
 &vvod &end
:fier
 &vvod &end
:macro
 &vvod
 @ et=10.5e+6,2.15,2.15,0.,
 nbv=1,1,1,1,1,1,1,1,1,1,1,1,1,1,1,2,2,
 &end
:micro
 &vvod
  et=10.5e+6,2.15,2.15,0.,
 nbv=1,1,1,1,1,1,1,1,1,1,1,1,1,1,1,1,1,
 &end
iout(57)=2
 &vvod
  et=10.5e+6,2.15,2.15,0.,
 nbv=1,1,1,1,1,1,1,1,1,1,1,1,1,1,1,1,1,
 &end
@:stop@
:dina
 &vvod
 &end
:fier
 &vvod &end
                                                                                                                        
                                                                                                                        
@ 1 step - 5. days!----------
:burn
 &vvod qv=110.0,dtim=10.0,
 &end
:corr
 &vvod &end
:fier
 &vvod &end
:macro
 &vvod
 @ et=10.5e+6,2.15,2.15,0.,
 nbv=1,1,1,1,1,1,1,1,1,1,1,1,1,1,1,2,2,
 &end
:micro
 &vvod
  et=10.5e+6,2.15,2.15,0.,
 nbv=1,1,1,1,1,1,1,1,1,1,1,1,1,1,1,1,1,
 &end
iout(57)=2
 &vvod
  et=10.5e+6,2.15,2.15,0.,
 nbv=1,1,1,1,1,1,1,1,1,1,1,1,1,1,1,1,1,
 &end
@:stop@
:dina
 &vvod
 &end
:fier
 &vvod &end
                                                                                                                        
                                                                                                                        
@ 1 step - 5. days!----------
:burn
 &vvod qv=110.0,dtim=10.0,
 &end
:corr
 &vvod &end
:fier
 &vvod &end
:macro
 &vvod
 @ et=10.5e+6,2.15,2.15,0.,
 nbv=1,1,1,1,1,1,1,1,1,1,1,1,1,1,1,2,2,
 &end
:micro
 &vvod
  et=10.5e+6,2.15,2.15,0.,
 nbv=1,1,1,1,1,1,1,1,1,1,1,1,1,1,1,1,1,
 &end
iout(57)=2
 &vvod
  et=10.5e+6,2.15,2.15,0.,
 nbv=1,1,1,1,1,1,1,1,1,1,1,1,1,1,1,1,1,
 &end
@:stop@
:dina
 &vvod
 &end
:fier
 &vvod &end
                                                                                                                        
                                                                                                                        
@ 1 step - 5. days!----------
:burn
 &vvod qv=110.0,dtim=10.0,
 &end
:corr
 &vvod &end
:fier
 &vvod &end
:macro
 &vvod
 @ et=10.5e+6,2.15,2.15,0.,
 nbv=1,1,1,1,1,1,1,1,1,1,1,1,1,1,1,2,2,
 &end
:micro
 &vvod
  et=10.5e+6,2.15,2.15,0.,
 nbv=1,1,1,1,1,1,1,1,1,1,1,1,1,1,1,1,1,
 &end
iout(57)=2
 &vvod
  et=10.5e+6,2.15,2.15,0.,
 nbv=1,1,1,1,1,1,1,1,1,1,1,1,1,1,1,1,1,
 &end
@:stop@
:dina
 &vvod
 &end
:fier
 &vvod &end
                                                                                                                        
                                                                                                                        
@ 1 step - 5. days!----------
:burn
 &vvod qv=110.0,dtim=10.0,
 &end
:corr
 &vvod &end
:fier
 &vvod &end
:macro
 &vvod
 @ et=10.5e+6,2.15,2.15,0.,
 nbv=1,1,1,1,1,1,1,1,1,1,1,1,1,1,1,2,2,
 &end
:micro
 &vvod
  et=10.5e+6,2.15,2.15,0.,
 nbv=1,1,1,1,1,1,1,1,1,1,1,1,1,1,1,1,1,
 &end
iout(57)=2
 &vvod
  et=10.5e+6,2.15,2.15,0.,
 nbv=1,1,1,1,1,1,1,1,1,1,1,1,1,1,1,1,1,
 &end
@:stop@
:dina
 &vvod
 &end
:fier
 &vvod &end
                                                                                                                        
                                                                                                                        
@ 1 step - 5. days!----------
:burn
 &vvod qv=110.0,dtim=10.0,
 &end
:corr
 &vvod &end
:fier
 &vvod &end
:macro
 &vvod
 @ et=10.5e+6,2.15,2.15,0.,
 nbv=1,1,1,1,1,1,1,1,1,1,1,1,1,1,1,2,2,
 &end
:micro
 &vvod
  et=10.5e+6,2.15,2.15,0.,
 nbv=1,1,1,1,1,1,1,1,1,1,1,1,1,1,1,1,1,
 &end
iout(57)=2
 &vvod
  et=10.5e+6,2.15,2.15,0.,
 nbv=1,1,1,1,1,1,1,1,1,1,1,1,1,1,1,1,1,
 &end
@:stop@
:dina
 &vvod
 &end
:fier
 &vvod &end
                                                                                                                        
                                                                                                                        
@ 1 step - 5. days!----------
:burn
 &vvod qv=110.0,dtim=10.0,
 &end
:corr
 &vvod &end
:fier
 &vvod &end
:macro
 &vvod
 @ et=10.5e+6,2.15,2.15,0.,
 nbv=1,1,1,1,1,1,1,1,1,1,1,1,1,1,1,2,2,
 &end
:micro
 &vvod
  et=10.5e+6,2.15,2.15,0.,
 nbv=1,1,1,1,1,1,1,1,1,1,1,1,1,1,1,1,1,
 &end
iout(57)=2
 &vvod
  et=10.5e+6,2.15,2.15,0.,
 nbv=1,1,1,1,1,1,1,1,1,1,1,1,1,1,1,1,1,
 &end
@:stop@
:dina
 &vvod
 &end
:fier
 &vvod &end
                                                                                                                        
                                                                                                                        
@ 1 step - 5. days!----------
:burn
 &vvod qv=110.0,dtim=10.0,
 &end
:corr
 &vvod &end
:fier
 &vvod &end
:macro
 &vvod
 @ et=10.5e+6,2.15,2.15,0.,
 nbv=1,1,1,1,1,1,1,1,1,1,1,1,1,1,1,2,2,
 &end
:micro
 &vvod
  et=10.5e+6,2.15,2.15,0.,
 nbv=1,1,1,1,1,1,1,1,1,1,1,1,1,1,1,1,1,
 &end
iout(57)=2
 &vvod
  et=10.5e+6,2.15,2.15,0.,
 nbv=1,1,1,1,1,1,1,1,1,1,1,1,1,1,1,1,1,
 &end
@:stop@
:dina
 &vvod
 &end
:fier
 &vvod &end
                                                                                                                        
                                                                                                                        
@ 1 step - 5. days!----------
:burn
 &vvod qv=110.0,dtim=10.0,
 &end
:corr
 &vvod &end
:fier
 &vvod &end
:macro
 &vvod
 @ et=10.5e+6,2.15,2.15,0.,
 nbv=1,1,1,1,1,1,1,1,1,1,1,1,1,1,1,2,2,
 &end
:micro
 &vvod
  et=10.5e+6,2.15,2.15,0.,
 nbv=1,1,1,1,1,1,1,1,1,1,1,1,1,1,1,1,1,
 &end
iout(57)=2
 &vvod
  et=10.5e+6,2.15,2.15,0.,
 nbv=1,1,1,1,1,1,1,1,1,1,1,1,1,1,1,1,1,
 &end
@:stop@
:dina
 &vvod
 &end
:fier
 &vvod &end
                                                                                                                        
                                                                                                                        
@ 1 step - 5. days!----------
:burn
 &vvod qv=110.0,dtim=10.0,
 &end
:corr
 &vvod &end
:fier
 &vvod &end
:macro
 &vvod
 @ et=10.5e+6,2.15,2.15,0.,
 nbv=1,1,1,1,1,1,1,1,1,1,1,1,1,1,1,2,2,
 &end
:micro
 &vvod
  et=10.5e+6,2.15,2.15,0.,
 nbv=1,1,1,1,1,1,1,1,1,1,1,1,1,1,1,1,1,
 &end
iout(57)=2
 &vvod
  et=10.5e+6,2.15,2.15,0.,
 nbv=1,1,1,1,1,1,1,1,1,1,1,1,1,1,1,1,1,
 &end
@:stop@
:dina
 &vvod
 &end
:fier
 &vvod &end
                                                                                                                        
                                                                                                                        
@ 1 step - 5. days!----------
:burn
 &vvod qv=110.0,dtim=10.0,
 &end
:corr
 &vvod &end
:fier
 &vvod &end
:macro
 &vvod
 @ et=10.5e+6,2.15,2.15,0.,
 nbv=1,1,1,1,1,1,1,1,1,1,1,1,1,1,1,2,2,
 &end
:micro
 &vvod
  et=10.5e+6,2.15,2.15,0.,
 nbv=1,1,1,1,1,1,1,1,1,1,1,1,1,1,1,1,1,
 &end
iout(57)=2
 &vvod
  et=10.5e+6,2.15,2.15,0.,
 nbv=1,1,1,1,1,1,1,1,1,1,1,1,1,1,1,1,1,
 &end
@:stop@
:dina
 &vvod
 &end
:fier
 &vvod &end
                                                                                                                        
                                                                                                                        
@ 1 step - 5. days!----------
:burn
 &vvod qv=110.0,dtim=10.0,
 &end
:corr
 &vvod &end
:fier
 &vvod &end
:macro
 &vvod
 @ et=10.5e+6,2.15,2.15,0.,
 nbv=1,1,1,1,1,1,1,1,1,1,1,1,1,1,1,2,2,
 &end
:micro
 &vvod
  et=10.5e+6,2.15,2.15,0.,
 nbv=1,1,1,1,1,1,1,1,1,1,1,1,1,1,1,1,1,
 &end
iout(57)=2
 &vvod
  et=10.5e+6,2.15,2.15,0.,
 nbv=1,1,1,1,1,1,1,1,1,1,1,1,1,1,1,1,1,
 &end
@:stop@
:dina
 &vvod
 &end
:fier
 &vvod &end
                                                                                                                        
                                                                                                                        
@ 1 step - 5. days!----------
:burn
 &vvod qv=110.0,dtim=10.0,
 &end
:corr
 &vvod &end
:fier
 &vvod &end
:macro
 &vvod
 @ et=10.5e+6,2.15,2.15,0.,
 nbv=1,1,1,1,1,1,1,1,1,1,1,1,1,1,1,2,2,
 &end
:micro
 &vvod
  et=10.5e+6,2.15,2.15,0.,
 nbv=1,1,1,1,1,1,1,1,1,1,1,1,1,1,1,1,1,
 &end
iout(57)=2
 &vvod
  et=10.5e+6,2.15,2.15,0.,
 nbv=1,1,1,1,1,1,1,1,1,1,1,1,1,1,1,1,1,
 &end
@:stop@
:dina
 &vvod
 &end
:fier
 &vvod &end
                                                                                                                        
                                                                                                                        
@ 1 step - 5. days!----------
:burn
 &vvod qv=110.0,dtim=10.0,
 &end
:corr
 &vvod &end
:fier
 &vvod &end
:macro
 &vvod
 @ et=10.5e+6,2.15,2.15,0.,
 nbv=1,1,1,1,1,1,1,1,1,1,1,1,1,1,1,2,2,
 &end
:micro
 &vvod
  et=10.5e+6,2.15,2.15,0.,
 nbv=1,1,1,1,1,1,1,1,1,1,1,1,1,1,1,1,1,
 &end
iout(57)=2
 &vvod
  et=10.5e+6,2.15,2.15,0.,
 nbv=1,1,1,1,1,1,1,1,1,1,1,1,1,1,1,1,1,
 &end
@:stop@
:dina
 &vvod
 &end
:fier
 &vvod &end
                                                                                                                        
                                                                                                                        
                                                                                                                        
                                                                                                                        
                                                                                                                        
                                                                                                                        
:stop
 ***** end of   file of input data set *******
:poly                                                                           
  rout and rin were constructed
Rout= 0.290, 0.340, 0.480, 0.290, 0.340, 0.480, 0.290, 0.340, 0.480, 0.175,
 0.225, 0.480, 0.290, 0.390, 0.480, 0.390, 0.980,
Rin = 0.000, 0.290, 0.340, 0.000, 0.290, 0.340, 0.000, 0.290, 0.340, 0.000,
 0.175, 0.225, 0.000, 0.290, 0.390, 0.000, 0.390,
  nsos  was constructed
nsos=  1,  3,  4,  1,  3,  4,  5,  3,  4,  5,
  3,  4,  6,  7,  4,  3,  4,
 definition izotr in sos           1:izotr=   5.000000    
 definition izotr in sos           2:izotr=   5.000000    
  *******<< check input data>> programm declare *******
    --undeclared parametr--cefzad  -- programm standart value --cefzad  =  0.100000E+01
  *******<< check input data>> programm declare *******
    --undeclared parametr--bakl    -- programm standart value --bakl    =  0.000000E+00
  *******<< check input data>> programm declare *******
    --undeclared parametr--alin    -- programm standart value --alin    =  0.000000E+00  0.000000E+00
     0.000000E+00  0.000000E+00  0.000000E+00  0.000000E+00  0.000000E+00  0.000000E+00  0.000000E+00
     0.000000E+00  0.000000E+00  0.000000E+00  0.000000E+00  0.000000E+00  0.000000E+00  0.000000E+00
     0.000000E+00  0.000000E+00  0.000000E+00  0.000000E+00  0.000000E+00  0.000000E+00  0.000000E+00
     0.000000E+00  0.000000E+00  0.000000E+00  0.000000E+00  0.000000E+00  0.000000E+00  0.000000E+00
     0.000000E+00  0.000000E+00  0.000000E+00  0.000000E+00  0.000000E+00  0.000000E+00
  *******<< check input data>> programm declare *******
    --undeclared parametr--alcorr  -- programm standart value --alcorr  =  0.100000E+01  0.100000E+01
     0.100000E+01  0.100000E+01  0.100000E+01  0.100000E+01  0.100000E+01  0.100000E+01  0.100000E+01
     0.100000E+01  0.100000E+01  0.100000E+01  0.100000E+01  0.100000E+01  0.100000E+01  0.100000E+01
     0.100000E+01  0.100000E+01  0.100000E+01  0.100000E+01  0.100000E+01  0.100000E+01  0.100000E+01
     0.100000E+01  0.100000E+01  0.100000E+01  0.100000E+01  0.100000E+01  0.100000E+01  0.100000E+01
     0.100000E+01  0.100000E+01  0.100000E+01  0.100000E+01  0.100000E+01  0.100000E+01
  *******<< check input data>> programm declare *******
    --uncorrected definition--alin    --bat programm use this value --alin      0.000000E+00  0.000000E+00
     0.000000E+00  0.000000E+00  0.000000E+00  0.000000E+00  0.000000E+00  0.000000E+00  0.000000E+00
     0.000000E+00  0.000000E+00  0.000000E+00  0.000000E+00  0.000000E+00  0.000000E+00  0.000000E+00
     0.000000E+00  0.000000E+00  0.000000E+00  0.000000E+00  0.000000E+00  0.000000E+00  0.000000E+00
     0.000000E+00  0.000000E+00  0.000000E+00  0.000000E+00  0.000000E+00  0.000000E+00  0.000000E+00
     0.000000E+00  0.000000E+00  0.000000E+00  0.000000E+00  0.000000E+00  0.000000E+00
  *******<< check input data>> programm declare *******
    --uncorrected definition--alout   --bat programm use this value --alout     0.588200E+00  0.137200E+00
     0.117600E+00  0.000000E+00  0.000000E+00  0.158600E+00  0.388800E+00  0.333300E+00  0.000000E+00
     0.222200E+00  0.555000E-01  0.000000E+00  0.666600E+00  0.000000E+00  0.000000E+00  0.000000E+00
     0.000000E+00  0.333300E+00  0.000000E+00  0.666600E+00  0.000000E+00  0.000000E+00  0.333300E+00
     0.000000E+00  0.000000E+00  0.142800E+00  0.000000E+00  0.285700E+00  0.571400E+00  0.000000E+00
     0.222200E+00  0.000000E+00  0.833000E-01  0.000000E+00  0.000000E+00  0.694400E+00
  *******<< check input data>> programm declare *******
    --undeclared parametr--nbv     -- programm standart value --nbv     =    1    1    1    1    1    1
       1    1    1    1    1    1    1    1    1    1    1
  *******<< check input data>> programm declare *******
    --undeclared parametr--et      -- programm standart value --et      =  0.105000E+08  0.215000E+01
     0.215000E+01  0.000000E+00
    ????  storage for pr. getter =     1700 ?? common /rrr/ rab(        0 )  ????
 ------------------------------------------------------------------------------
  backling =  0.0000000E+00
 ------------------------------------------------------------------------------
  number of cells =           6
          cell number    1  number of zone= 3
 << geometry characteristics >>
    geometry of cell- cilindrical index=           2
  kratnost of cell =   51.00000    
  inner radius of cell =  0.0000000E+00
  out square ratio =  0.5882000      0.1372000      0.1176000      0.0000000E+00
  0.0000000E+00  0.1586000    
 ------------------------------------------------------------------------------
 num zone      1           2           3
 radius   0.29000E+00 0.34000E+00 0.48000E+00
 temper   0.65900E+03 0.58300E+03 0.38300E+03
 rez_izot    u238        bad         bad 
 ------------------------------------------------------------------------------
    izotop   /             concentration number of izotops=68
  1 *h*      0.00000E+00 0.00000E+00 0.46847E-01
  2 *o*      0.00000E+00 0.00000E+00 0.23419E-01
  3 zr       0.00000E+00 0.43014E-01 0.00000E+00
  4 u233     0.30670E-02 0.00000E+00 0.00000E+00
  5 u238     0.17384E-01 0.00000E+00 0.00000E+00
  6 o        0.40904E-01 0.00000E+00 0.00000E+00
  8 al       0.57980E-02 0.00000E+00 0.00000E+00
 ------------------------------------------------------------------------------
  number of cells =           6
          cell number    2  number of zone= 3
 << geometry characteristics >>
    geometry of cell- cilindrical index=           2
  kratnost of cell =   18.00000    
  inner radius of cell =  0.0000000E+00
  out square ratio =  0.3888000      0.3333000      0.0000000E+00  0.2222000    
  5.5500001E-02  0.0000000E+00
 ------------------------------------------------------------------------------
 num zone      4           5           6
 radius   0.29000E+00 0.34000E+00 0.48000E+00
 temper   0.65900E+03 0.58300E+03 0.38300E+03
 rez_izot    u238        bad         bad 
 ------------------------------------------------------------------------------
    izotop   /             concentration number of izotops=68
  1 *h*      0.00000E+00 0.00000E+00 0.46847E-01
  2 *o*      0.00000E+00 0.00000E+00 0.23419E-01
  3 zr       0.00000E+00 0.43014E-01 0.00000E+00
  4 u233     0.30670E-02 0.00000E+00 0.00000E+00
  5 u238     0.17384E-01 0.00000E+00 0.00000E+00
  6 o        0.40904E-01 0.00000E+00 0.00000E+00
  8 al       0.57980E-02 0.00000E+00 0.00000E+00
 ------------------------------------------------------------------------------
  number of cells =           6
          cell number    3  number of zone= 3
 << geometry characteristics >>
    geometry of cell- cilindrical index=           2
  kratnost of cell =   9.000000    
  inner radius of cell =  0.0000000E+00
  out square ratio =  0.6666000      0.0000000E+00  0.0000000E+00  0.0000000E+00
  0.0000000E+00  0.3333000    
 ------------------------------------------------------------------------------
 num zone      7           8           9
 radius   0.29000E+00 0.34000E+00 0.48000E+00
 temper   0.58300E+03 0.58300E+03 0.38300E+03
 rez_izot    bad         bad         bad 
 ------------------------------------------------------------------------------
    izotop   /             concentration number of izotops=68
  1 *h*      0.00000E+00 0.00000E+00 0.46847E-01
  2 *o*      0.00000E+00 0.00000E+00 0.23419E-01
  3 zr       0.00000E+00 0.43014E-01 0.00000E+00
  6 o        0.19009E-01 0.00000E+00 0.00000E+00
  8 al       0.57980E-01 0.00000E+00 0.00000E+00
 11 gd57     0.72673E-01 0.00000E+00 0.00000E+00
 ------------------------------------------------------------------------------
  number of cells =           6
          cell number    4  number of zone= 3
 << geometry characteristics >>
    geometry of cell- cilindrical index=           2
  kratnost of cell =   6.000000    
  inner radius of cell =  0.0000000E+00
  out square ratio =  0.0000000E+00  0.6666000      0.0000000E+00  0.0000000E+00
  0.3333000      0.0000000E+00
 ------------------------------------------------------------------------------
 num zone     10          11          12
 radius   0.17500E+00 0.22500E+00 0.48000E+00
 temper   0.58300E+03 0.58300E+03 0.38300E+03
 rez_izot    bad         bad         bad 
 ------------------------------------------------------------------------------
    izotop   /             concentration number of izotops=68
  1 *h*      0.00000E+00 0.00000E+00 0.46847E-01
  2 *o*      0.00000E+00 0.00000E+00 0.23419E-01
  3 zr       0.00000E+00 0.43014E-01 0.00000E+00
  6 o        0.19009E-01 0.00000E+00 0.00000E+00
  8 al       0.57980E-01 0.00000E+00 0.00000E+00
 11 gd57     0.72673E-01 0.00000E+00 0.00000E+00
 ------------------------------------------------------------------------------
  number of cells =           6
          cell number    5  number of zone= 3
 << geometry characteristics >>
    geometry of cell- cilindrical index=           2
  kratnost of cell =   7.000000    
  inner radius of cell =  0.0000000E+00
  out square ratio =  0.0000000E+00  0.1428000      0.0000000E+00  0.2857000    
  0.5714000      0.0000000E+00
 ------------------------------------------------------------------------------
 num zone     13          14          15
 radius   0.29000E+00 0.39000E+00 0.48000E+00
 temper   0.58300E+03 0.30000E+03 0.38300E+03
 rez_izot    bad         bad         bad 
 ------------------------------------------------------------------------------
    izotop   /             concentration number of izotops=68
  1 *h*      0.46847E-01 0.00000E+00 0.46847E-01
  2 *o*      0.23419E-01 0.00000E+00 0.23419E-01
 12 ni       0.00000E+00 0.51748E-01 0.00000E+00
 13 cr       0.00000E+00 0.34972E-01 0.00000E+00
 ------------------------------------------------------------------------------
  number of cells =           6
          cell number    6  number of zone= 2
 << geometry characteristics >>
    geometry of cell- cilindrical index=           2
  kratnost of cell =   36.00000    
  inner radius of cell =  0.0000000E+00
  out square ratio =  0.2222000      0.0000000E+00  8.3300002E-02  0.0000000E+00
  0.0000000E+00  0.6944000    
 ------------------------------------------------------------------------------
 num zone     16          17
 radius   0.39000E+00 0.98000E+00
 temper   0.58300E+03 0.38300E+03
 rez_izot    bad         bad 
 ------------------------------------------------------------------------------
    izotop   /             concentration number of izotops=68
  1 *h*      0.00000E+00 0.46847E-01
  2 *o*      0.00000E+00 0.23419E-01
  3 zr       0.43014E-01 0.00000E+00
    > CONSYST Program Ver: 98.01 > started at  0: 0: 0:  
    { Manturov G., E-mail: abbn@ippe.rssi.ru}
 
       -------------------------------
 
       CONSYST INPUT DATA READ FROM : cons.dat
       CONSYST PROTOCOL STORED IN   : RESULT
       GMF X-SECTION'S FILE         : OUT
       TEMPORARY FILE               : RAB
       ABBN BASIC DATA SET FROM     : ..\bin\Bnab90.lib
       ABBN MULTIC DATA SET FROM    : ..\bin\Bnabmlt.lib
       ABBN THERMAL DATA SET FROM   : ..\bin\BNABTHM.lib
 
    >>  K-inf(MLT)= 1.63524 Balance= 1.00302 NU= 2.59 FI-Sum=  7.67E+01
    >   Include Thermal Matrix > H(H2O):BNABTHM.BIN   Temp=  350K
    >   Include Thermal Matrix > H(H2O):BNABTHM.BIN   Temp=  400K
    >>  K-inf(MLT)= 1.63649 Balance= 1.00302 NU= 2.59 FI-Sum=  7.67E+01
    >   Include Thermal Matrix > H(H2O):BNABTHM.BIN   Temp=  350K
    >   Include Thermal Matrix > H(H2O):BNABTHM.BIN   Temp=  400K
    >   Include Thermal Matrix > H(H2O):BNABTHM.BIN   Temp=  350K
    >   Include Thermal Matrix > H(H2O):BNABTHM.BIN   Temp=  400K
    >   Include Thermal Matrix > H(H2O):BNABTHM.BIN   Temp=  350K
    >   Include Thermal Matrix > H(H2O):BNABTHM.BIN   Temp=  400K
    >   Include Thermal Matrix > H(H2O):BNABTHM.BIN   Temp=  500K
    >   Include Thermal Matrix > H(H2O):BNABTHM.BIN   Temp=  600K
    >   Include Thermal Matrix > H(H2O):BNABTHM.BIN   Temp=  350K
    >   Include Thermal Matrix > H(H2O):BNABTHM.BIN   Temp=  400K
    >   Include Thermal Matrix > H(H2O):BNABTHM.BIN   Temp=  350K
    >   Include Thermal Matrix > H(H2O):BNABTHM.BIN   Temp=  400K
    > CONSYST finished at  0: 0: 0:  
 therm. calculation avoided
 therm. calculation avoided
 therm. calculation avoided
 therm. calculation avoided
 therm. calculation avoided
 therm. calculation avoided
 therm. calculation avoided
 *************************************************
   ***k(inf)= 1.17054     ***k(itt)= 1.19152     ***k(integ)= 1.17054    ***
   **bakl=  0.0000     **length= 0.10000E+11  ***
   **matr.  alout*alcorr a(k,i)(k=1,ncel) ***
     * 0.58820     0.13720     0.11760      0.0000      0.0000     0.15860    
     * 0.38880     0.33330      0.0000     0.22220     0.55500E-01  0.0000    
     * 0.66660      0.0000      0.0000      0.0000      0.0000     0.33330    
     *  0.0000     0.66660      0.0000      0.0000     0.33330      0.0000    
     *  0.0000     0.14280      0.0000     0.28570     0.57140      0.0000    
     * 0.22220      0.0000     0.83300E-01  0.0000      0.0000     0.69440    
 lokal kner      in cell ,ru=           1=   1.056895       1.051609    
 lokal kner      in cell ,ru=           2=  0.8387984      0.8537756    
 lokal kner      in cell ,ru=           3=  0.0000000E+00   3.475361    
 lokal kner      in cell ,ru=           4=  0.0000000E+00   1.419420    
 lokal kner      in cell ,ru=           5=  0.0000000E+00  0.1222469    
 lokal kner      in cell ,ru=           6=  0.0000000E+00  2.2731993E-02
:corr                                                                           
 ------------------------------------------------------------------------------
  backling =  0.0000000E+00
 ------------------------------------------------------------------------------
  number of cells =           6
          cell number    1  number of zone= 3
 << geometry characteristics >>
    geometry of cell- cilindrical index=           2
  kratnost of cell =   51.00000    
  inner radius of cell =  0.0000000E+00
  out square ratio =  0.5882000      0.1372000      0.1176000      0.0000000E+00
  0.0000000E+00  0.1586000    
 ------------------------------------------------------------------------------
 num zone      1           2           3
 radius   0.29000E+00 0.34000E+00 0.48000E+00
 temper   0.65900E+03 0.58300E+03 0.38300E+03
 rez_izot    u238        bad         bad 
 ------------------------------------------------------------------------------
    izotop   /             concentration number of izotops=68
  1 *h*      0.00000E+00 0.00000E+00 0.46847E-01
  2 *o*      0.00000E+00 0.00000E+00 0.23419E-01
  3 zr       0.00000E+00 0.43014E-01 0.00000E+00
  4 u233     0.30670E-02 0.00000E+00 0.00000E+00
  5 u238     0.17384E-01 0.00000E+00 0.00000E+00
  6 o        0.40904E-01 0.00000E+00 0.00000E+00
  8 al       0.57980E-02 0.00000E+00 0.00000E+00
 ------------------------------------------------------------------------------
  number of cells =           6
          cell number    2  number of zone= 3
 << geometry characteristics >>
    geometry of cell- cilindrical index=           2
  kratnost of cell =   18.00000    
  inner radius of cell =  0.0000000E+00
  out square ratio =  0.3888000      0.3333000      0.0000000E+00  0.2222000    
  5.5500001E-02  0.0000000E+00
 ------------------------------------------------------------------------------
 num zone      4           5           6
 radius   0.29000E+00 0.34000E+00 0.48000E+00
 temper   0.65900E+03 0.58300E+03 0.38300E+03
 rez_izot    u238        bad         bad 
 ------------------------------------------------------------------------------
    izotop   /             concentration number of izotops=68
  1 *h*      0.00000E+00 0.00000E+00 0.46847E-01
  2 *o*      0.00000E+00 0.00000E+00 0.23419E-01
  3 zr       0.00000E+00 0.43014E-01 0.00000E+00
  4 u233     0.30670E-02 0.00000E+00 0.00000E+00
  5 u238     0.17384E-01 0.00000E+00 0.00000E+00
  6 o        0.40904E-01 0.00000E+00 0.00000E+00
  8 al       0.57980E-02 0.00000E+00 0.00000E+00
 ------------------------------------------------------------------------------
  number of cells =           6
          cell number    3  number of zone= 3
 << geometry characteristics >>
    geometry of cell- cilindrical index=           2
  kratnost of cell =   9.000000    
  inner radius of cell =  0.0000000E+00
  out square ratio =  0.6666000      0.0000000E+00  0.0000000E+00  0.0000000E+00
  0.0000000E+00  0.3333000    
 ------------------------------------------------------------------------------
 num zone      7           8           9
 radius   0.29000E+00 0.34000E+00 0.48000E+00
 temper   0.58300E+03 0.58300E+03 0.38300E+03
 rez_izot    bad         bad         bad 
 ------------------------------------------------------------------------------
    izotop   /             concentration number of izotops=68
  1 *h*      0.00000E+00 0.00000E+00 0.46847E-01
  2 *o*      0.00000E+00 0.00000E+00 0.23419E-01
  3 zr       0.00000E+00 0.43014E-01 0.00000E+00
  6 o        0.19009E-01 0.00000E+00 0.00000E+00
  8 al       0.57980E-01 0.00000E+00 0.00000E+00
 11 gd57     0.72673E-01 0.00000E+00 0.00000E+00
 ------------------------------------------------------------------------------
  number of cells =           6
          cell number    4  number of zone= 3
 << geometry characteristics >>
    geometry of cell- cilindrical index=           2
  kratnost of cell =   6.000000    
  inner radius of cell =  0.0000000E+00
  out square ratio =  0.0000000E+00  0.6666000      0.0000000E+00  0.0000000E+00
  0.3333000      0.0000000E+00
 ------------------------------------------------------------------------------
 num zone     10          11          12
 radius   0.17500E+00 0.22500E+00 0.48000E+00
 temper   0.58300E+03 0.58300E+03 0.38300E+03
 rez_izot    bad         bad         bad 
 ------------------------------------------------------------------------------
    izotop   /             concentration number of izotops=68
  1 *h*      0.00000E+00 0.00000E+00 0.46847E-01
  2 *o*      0.00000E+00 0.00000E+00 0.23419E-01
  3 zr       0.00000E+00 0.43014E-01 0.00000E+00
  6 o        0.19009E-01 0.00000E+00 0.00000E+00
  8 al       0.57980E-01 0.00000E+00 0.00000E+00
 11 gd57     0.72673E-01 0.00000E+00 0.00000E+00
 ------------------------------------------------------------------------------
  number of cells =           6
          cell number    5  number of zone= 3
 << geometry characteristics >>
    geometry of cell- cilindrical index=           2
  kratnost of cell =   7.000000    
  inner radius of cell =  0.0000000E+00
  out square ratio =  0.0000000E+00  0.1428000      0.0000000E+00  0.2857000    
  0.5714000      0.0000000E+00
 ------------------------------------------------------------------------------
 num zone     13          14          15
 radius   0.29000E+00 0.39000E+00 0.48000E+00
 temper   0.58300E+03 0.30000E+03 0.38300E+03
 rez_izot    bad         bad         bad 
 ------------------------------------------------------------------------------
    izotop   /             concentration number of izotops=68
  1 *h*      0.46847E-01 0.00000E+00 0.46847E-01
  2 *o*      0.23419E-01 0.00000E+00 0.23419E-01
 12 ni       0.00000E+00 0.51748E-01 0.00000E+00
 13 cr       0.00000E+00 0.34972E-01 0.00000E+00
 ------------------------------------------------------------------------------
  number of cells =           6
          cell number    6  number of zone= 2
 << geometry characteristics >>
    geometry of cell- cilindrical index=           2
  kratnost of cell =   36.00000    
  inner radius of cell =  0.0000000E+00
  out square ratio =  0.2222000      0.0000000E+00  8.3300002E-02  0.0000000E+00
  0.0000000E+00  0.6944000    
 ------------------------------------------------------------------------------
 num zone     16          17
 radius   0.39000E+00 0.98000E+00
 temper   0.58300E+03 0.38300E+03
 rez_izot    bad         bad 
 ------------------------------------------------------------------------------
    izotop   /             concentration number of izotops=68
  1 *h*      0.00000E+00 0.46847E-01
  2 *o*      0.00000E+00 0.23419E-01
  3 zr       0.43014E-01 0.00000E+00
:fier                                                                           
 condensation boundary was changed from  0.21500E+01 to  0.21544E+01
*** 4 *** ;egr=  2.1544    
    keff         nu           mu           fi           teta
   1.1705       2.2182       1.5521      0.54948      0.61876    
 s0z(n)=    1.608667      0.0000000E+00  0.0000000E+00   1.301579    
  0.0000000E+00  0.0000000E+00  0.0000000E+00  0.0000000E+00  0.0000000E+00
  0.0000000E+00  0.0000000E+00  0.0000000E+00  0.0000000E+00  0.0000000E+00
  0.0000000E+00  0.0000000E+00  0.0000000E+00
:macro                                                                          
 condensation boundary was changed from  0.21500E+01 to  0.21544E+01
 condensation boundary was changed from  0.21500E+01 to  0.21544E+01
    -------------------------------------------------------------------------------
    * n group   * e(i)        * e(i+1)      *spect neutron fission  *
          1       0.10500E+08    2.1544           0.99908    
          2        2.1544        0.0000           0.13967E-08
    *******************************************************************************
                                       **    macro cross section    **
    *******************************************************************************
    ** n zone    1 vzone=  65.868     /  1  2  3  4  5  6  7  8  9 10 11 12 13 14 15
*grp*flux 1/cm2c  * stotal      * sabs        * sfis.       * nu$sfis.    * 1/3*strans  *1/aver.veloci*aver power
  1  0.2948343     0.5076889     0.2331349E-01 0.8565992E-02 0.2174726E-01  1.476096     0.4290424E-06 0.9328184     0.3514226    
  2  0.2193217E-01  1.416412     0.3678268     0.2125231     0.5298213     0.3025706     0.3124936E-05  1.440410     0.6485773    
                                       * matric. scat.cross. sec. from i to j  *
       i / j -->            1           2
       i        1 0.4742374     0.1013765E-01
       i        2 0.3998333E-04  1.048545    
    ** n zone    2 vzone=  108.62     / 16 17
*grp*flux 1/cm2c  * stotal      * sabs        * sfis.       * nu$sfis.    * 1/3*strans  *1/aver.veloci*aver power
  1  0.1247605     0.5769807     0.3203751E-03  0.000000      0.000000      1.495597     0.4768791E-06  0.000000      0.000000    
  2  0.2971013E-01  1.489277     0.8141891E-02  0.000000      0.000000     0.3087363     0.8275602E-05  0.000000      0.000000    
                                       * matric. scat.cross. sec. from i to j  *
       i / j -->            1           2
       i        1 0.5501168     0.2654372E-01
       i        2 0.3739575E-04  1.481097    
:micro                                                                          
    -------------------------------------------------------------------------------
    * n group   * e(i)        * e(i+1)
          1       0.10500E+08   0.10000E-04
    ---------------------------------------------------------------------------
         ** microcrossection  ** in   1  zone **v=  174.49    /  1  2  3  4  5  6  7  8  9 10 11 12 13 14 15 16 17
    * n group  * izotop  * at.mas      *dens         *flux 1/cm2c  * capture   * fission  *    * production *
          1       *h*        1.00        0.33965E-01   0.21574       0.27543E-01      0.0000         0.0000    
          1       *o*       16.00        0.16979E-01   0.21574       0.38871E-02      0.0000         0.0000    
          1       zr        91.00        0.62364E-02   0.21574       0.30570E-01      0.0000         0.0000    
          1       u233     233.00        0.32044E-03   0.21574        28.133          25.223         0.0000    
          1       u238     238.00        0.18163E-02   0.21574       0.93438         0.13234         0.0000    
          1       o         16.00        0.45956E-02   0.21574       0.49516E-02      0.0000         0.0000    
          1       *c*       12.00         0.0000       0.21574       0.61636E-03      0.0000         0.0000    
          1       al        27.00        0.15877E-02   0.21574       0.71855E-02      0.0000         0.0000    
          1       b-10      10.00         0.0000       0.21574        276.80          0.0000         0.0000    
          1       c         12.00         0.0000       0.21574       0.61636E-03      0.0000         0.0000    
          1       gd57     157.00        0.12308E-02   0.21574        6.3142          0.0000         0.0000    
          1       ni        58.70        0.44349E-03   0.21574       0.20479          0.0000         0.0000    
          1       cr        52.00        0.29972E-03   0.21574       0.12541          0.0000         0.0000    
          1       fp35     116.00         0.0000       0.21574       0.87501          0.0000         0.0000    
          1       fp39     116.00         0.0000       0.21574       0.87501          0.0000         0.0000    
          1       u235     235.00         0.0000       0.21574        51.124          41.894         0.0000    
          1       u236     236.00         0.0000       0.21574        8.3423         0.31532         0.0000    
          1       slag     116.00         0.0000       0.21574        1.5313          0.0000         0.0000    
          1       tc99      99.00         0.0000       0.21574        8.2413          0.0000         0.0000    
          1       rh03     103.00         0.0000       0.21574        28.935          0.0000         0.0000    
          1       ag09     109.00         0.0000       0.21574        38.474          0.0000         0.0000    
          1       cd13     113.00         0.0000       0.21574        2639.2          0.0000         0.0000    
          1       xe35     135.00         0.0000       0.21574       0.19212E+06      0.0000         0.0000    
          1       sm49     149.00         0.0000       0.21574        5197.6          0.0000         0.0000    
          1       sm51     151.00         0.0000       0.21574        778.55          0.0000         0.0000    
          1       eu55     155.00         0.0000       0.21574        587.76          0.0000         0.0000    
          1       gd55     155.00         0.0000       0.21574        2581.4          0.0000         0.0000    
          1       gd56     156.00         0.0000       0.21574        2087.2          0.0000         0.0000    
          1       np37     237.00         0.0000       0.21574        28.775         0.55632         0.0000    
          1       np39     239.00         0.0000       0.21574        14.301         0.63263         0.0000    
          1       pu38     238.00         0.0000       0.21574        38.888          2.6175         0.0000    
          1       pu39     239.00         0.0000       0.21574        128.08          83.877         0.0000    
          1       pu40     240.00         0.0000       0.21574        167.55         0.63247         0.0000    
          1       pu41     241.00         0.0000       0.21574        128.21          95.650         0.0000    
          1       pu42     242.00         0.0000       0.21574        24.453         0.44814         0.0000    
          1       am41     241.00         0.0000       0.21574        84.946          1.0122         0.0000    
          1       am2m     242.00         0.0000       0.21574        553.29          461.85         0.0000    
          1       am43     243.00         0.0000       0.21574        40.425         0.45583         0.0000    
          1       cm42     242.00         0.0000       0.21574        5.4138          1.2863         0.0000    
          1       cm44     244.00         0.0000       0.21574        16.136         0.84842         0.0000    
          1       cm45     245.00         0.0000       0.21574        176.29          150.46         0.0000    
          1       th32     232.00         0.0000       0.21574        2.9050         0.26356E-01     0.0000    
          1       pa33     233.00         0.0000       0.21574        20.493         0.16551         0.0000    
          1       u234     234.00         0.0000       0.21574        21.969         0.55196         0.0000    
          1       sm52     152.00         0.0000       0.21574        76.819          0.0000         0.0000    
          1       xe31     131.00         0.0000       0.21574        26.505          0.0000         0.0000    
          1       cs33     133.00         0.0000       0.21574        10.875          0.0000         0.0000    
          1       nd45     145.00         0.0000       0.21574        7.9732          0.0000         0.0000    
          1       nd43     143.00         0.0000       0.21574        23.178          0.0000         0.0000    
          1       pm47     147.00         0.0000       0.21574        59.107          0.0000         0.0000    
          1       mo95      95.00         0.0000       0.21574        3.9989          0.0000         0.0000    
          1       cs34     134.00         0.0000       0.21574        11.598          0.0000         0.0000    
          1       pr41     141.00         0.0000       0.21574        1.2655          0.0000         0.0000    
          1       pm48     148.00         0.0000       0.21574        189.35          0.0000         0.0000    
          1       pm8m     148.00         0.0000       0.21574        1757.4          0.0000         0.0000    
          1       rh05     105.00         0.0000       0.21574        1343.6          0.0000         0.0000    
          1       pm49     149.00         0.0000       0.21574        59.107          0.0000         0.0000    
          1       kr83      83.00         0.0000       0.21574        14.776          0.0000         0.0000    
          1       ru01     101.00         0.0000       0.21574        2.9549          0.0000         0.0000    
          1       pd05     105.00         0.0000       0.21574        3.9555          0.0000         0.0000    
          1       cs35     135.00         0.0000       0.21574        2.3153          0.0000         0.0000    
          1       sm50     150.00         0.0000       0.21574        13.447          0.0000         0.0000    
          1       eu51     152.00         0.0000       0.21574        383.25          0.0000         0.0000    
          1       eu53     153.00         0.0000       0.21574        51.181          0.0000         0.0000    
          1       eu54     154.00         0.0000       0.21574        211.72          0.0000         0.0000    
          1       gd54     154.00         0.0000       0.21574        1.5313          0.0000         0.0000    
          1       am42     242.00         0.0000       0.21574        1.5313          0.0000         0.0000    
          1       cm43     243.00         0.0000       0.21574        94.844          85.753         0.0000    
:dina                                                                           
    -------------------------------------------------------------------------------
    * n group   * e(i)        * e(i+1)
          1       0.20000E+08    0.0000    
    -------------------------------------------------------------------------------
          fraction of delay neutrons -betaj
           beta`j
           one group beta * 10e-4
  
          condensated zone : 1
 nt      1           2           3           4           5           6
 ne: 1  2.0926      8.8151      7.7755      14.561      2.1010      1.1675    
 ne: 1 0.57310E-01 0.24143     0.21295     0.39880     0.57542E-01 0.31974E-01
       36.51274    
    -------------------------------------------------------------------------------
    * n group   * e(i)        * e(i+1)
          1       0.20000E+08    0.0000    
    -------------------------------------------------------------------------------
          decay constant -lambdaj
           one group lambda
  
          condensated zone : 1
 nt      1           2           3           4           5           6
 ne: 1 0.12500E-01 0.35412E-01 0.14251     0.32879      1.0542      2.6167    
 1-group lambda   7.0539549E-02
    -------------------------------------------------------------------------------
    * n group   * e(i)        * e(i+1)
          1       0.20000E+08    0.0000    
    -------------------------------------------------------------------------------
          spectrum -xj
  
          condensated zone : 1
 nt      1           2           3           4           5           6
 ne: 1 0.11750E-04  0.0000      0.0000      0.0000      0.0000      0.0000    
    -------------------------------------------------------------------------------
    * n group   * e(i)        * e(i+1)
          1       0.10500E+08    0.0000    
    -------------------------------------------------------------------------------
          production part constant -alfa (id xe pm)
  
          condensated zone : 1
           1  4.4620916E-02  2.5261827E-03  8.3465595E-03
:fier                                                                           
 condensation boundary was changed from  0.21500E+01 to  0.21544E+01
*** 4 *** ;egr=  2.1544    
    keff         nu           mu           fi           teta
   1.1705       2.2182       1.5521      0.54948      0.61876    
 s0z(n)=    1.608667      0.0000000E+00  0.0000000E+00   1.301579    
  0.0000000E+00  0.0000000E+00  0.0000000E+00  0.0000000E+00  0.0000000E+00
  0.0000000E+00  0.0000000E+00  0.0000000E+00  0.0000000E+00  0.0000000E+00
  0.0000000E+00  0.0000000E+00  0.0000000E+00
:burn                                                                           
 *** average burn up =  0.94057     (mbt*day)/(kg hm)
    > CONSYST Program Ver: 98.01 > started at  0: 0: 0:  
    { Manturov G., E-mail: abbn@ippe.rssi.ru}
 
       -------------------------------
 
       CONSYST INPUT DATA READ FROM : cons.dat
       CONSYST PROTOCOL STORED IN   : RESULT
       GMF X-SECTION'S FILE         : OUT
       TEMPORARY FILE               : RAB
       ABBN BASIC DATA SET FROM     : ..\bin\Bnab90.lib
       ABBN MULTIC DATA SET FROM    : ..\bin\Bnabmlt.lib
       ABBN THERMAL DATA SET FROM   : ..\bin\BNABTHM.lib
 
    >>  K-inf(MLT)= 1.62881 Balance= 1.00308 NU= 2.59 FI-Sum=  7.70E+01
    >   Include Thermal Matrix > H(H2O):BNABTHM.BIN   Temp=  350K
    >   Include Thermal Matrix > H(H2O):BNABTHM.BIN   Temp=  400K
    >>  K-inf(MLT)= 1.63150 Balance= 1.00307 NU= 2.59 FI-Sum=  7.70E+01
    >   Include Thermal Matrix > H(H2O):BNABTHM.BIN   Temp=  350K
    >   Include Thermal Matrix > H(H2O):BNABTHM.BIN   Temp=  400K
    >   Include Thermal Matrix > H(H2O):BNABTHM.BIN   Temp=  350K
    >   Include Thermal Matrix > H(H2O):BNABTHM.BIN   Temp=  400K
    >   Include Thermal Matrix > H(H2O):BNABTHM.BIN   Temp=  350K
    >   Include Thermal Matrix > H(H2O):BNABTHM.BIN   Temp=  400K
    >   Include Thermal Matrix > H(H2O):BNABTHM.BIN   Temp=  500K
    >   Include Thermal Matrix > H(H2O):BNABTHM.BIN   Temp=  600K
    >   Include Thermal Matrix > H(H2O):BNABTHM.BIN   Temp=  350K
    >   Include Thermal Matrix > H(H2O):BNABTHM.BIN   Temp=  400K
    >   Include Thermal Matrix > H(H2O):BNABTHM.BIN   Temp=  350K
    >   Include Thermal Matrix > H(H2O):BNABTHM.BIN   Temp=  400K
    > CONSYST finished at  0: 0: 0:  
 therm. calculation avoided
 therm. calculation avoided
 therm. calculation avoided
 therm. calculation avoided
 therm. calculation avoided
 therm. calculation avoided
 therm. calculation avoided
 therm. calculation avoided
 *************************************************
   ***k(inf)= 1.13974     ***k(itt)= 1.16014     ***k(integ)= 1.13974    ***
   **bakl=  0.0000     **length= 0.10000E+11  ***
   **matr.  alout*alcorr a(k,i)(k=1,ncel) ***
     * 0.58820     0.13720     0.11760      0.0000      0.0000     0.15860    
     * 0.38880     0.33330      0.0000     0.22220     0.55500E-01  0.0000    
     * 0.66660      0.0000      0.0000      0.0000      0.0000     0.33330    
     *  0.0000     0.66660      0.0000      0.0000     0.33330      0.0000    
     *  0.0000     0.14280      0.0000     0.28570     0.57140      0.0000    
     * 0.22220      0.0000     0.83300E-01  0.0000      0.0000     0.69440    
 lokal kner      in cell ,ru=           1=   1.056346       1.052336    
 lokal kner      in cell ,ru=           2=  0.8403521      0.8517150    
 lokal kner      in cell ,ru=           3=  0.0000000E+00   3.444705    
 lokal kner      in cell ,ru=           4=  0.0000000E+00   1.405611    
 lokal kner      in cell ,ru=           5=  0.0000000E+00  0.1204568    
 lokal kner      in cell ,ru=           6=  0.0000000E+00  2.2504417E-02
:corr                                                                           
 ------------------------------------------------------------------------------
  backling =  0.0000000E+00
 ------------------------------------------------------------------------------
  number of cells =           6
          cell number    1  number of zone= 3
 << geometry characteristics >>
    geometry of cell- cilindrical index=           2
  kratnost of cell =   51.00000    
  inner radius of cell =  0.0000000E+00
  out square ratio =  0.5882000      0.1372000      0.1176000      0.0000000E+00
  0.0000000E+00  0.1586000    
 ------------------------------------------------------------------------------
 num zone      1           2           3
 radius   0.29000E+00 0.34000E+00 0.48000E+00
 temper   0.65900E+03 0.58300E+03 0.38300E+03
 rez_izot    u238        bad         bad 
 ------------------------------------------------------------------------------
    izotop   /             concentration number of izotops=68
  1 *h*      0.00000E+00 0.00000E+00 0.46847E-01
  2 *o*      0.00000E+00 0.00000E+00 0.23419E-01
  3 zr       0.00000E+00 0.43014E-01 0.00000E+00
  4 u233     0.30348E-02 0.00000E+00 0.00000E+00
  5 u238     0.17378E-01 0.00000E+00 0.00000E+00
  6 o        0.40904E-01 0.00000E+00 0.00000E+00
  8 al       0.57980E-02 0.00000E+00 0.00000E+00
 11 gd57     0.14944E-08 0.00000E+00 0.00000E+00
 16 u235     0.81139E-08 0.00000E+00 0.00000E+00
 17 u236     0.49661E-11 0.00000E+00 0.00000E+00
 18 slag     0.13966E-04 0.00000E+00 0.00000E+00
 19 tc99     0.18267E-05 0.00000E+00 0.00000E+00
 20 rh03     0.96079E-06 0.00000E+00 0.00000E+00
 21 ag09     0.10783E-07 0.00000E+00 0.00000E+00
 22 cd13     0.33749E-08 0.00000E+00 0.00000E+00
 23 xe35     0.29476E-07 0.00000E+00 0.00000E+00
 24 sm49     0.12233E-06 0.00000E+00 0.00000E+00
 25 sm51     0.10204E-06 0.00000E+00 0.00000E+00
 26 eu55     0.96418E-08 0.00000E+00 0.00000E+00
 27 gd55     0.20373E-10 0.00000E+00 0.00000E+00
 28 gd56     0.39462E-08 0.00000E+00 0.00000E+00
 29 np37     0.26042E-14 0.00000E+00 0.00000E+00
 30 np39     0.16150E-05 0.00000E+00 0.00000E+00
 31 pu38     0.34992E-17 0.00000E+00 0.00000E+00
 32 pu39     0.33868E-05 0.00000E+00 0.00000E+00
 33 pu40     0.12010E-07 0.00000E+00 0.00000E+00
 34 pu41     0.10962E-09 0.00000E+00 0.00000E+00
 35 pu42     0.14015E-12 0.00000E+00 0.00000E+00
 36 am41     0.30804E-13 0.00000E+00 0.00000E+00
 37 am2m     0.88999E-17 0.00000E+00 0.00000E+00
 38 am43     0.15253E-15 0.00000E+00 0.00000E+00
 39 cm42     0.43731E-16 0.00000E+00 0.00000E+00
 40 cm44     0.20115E-18 0.00000E+00 0.00000E+00
 44 u234     0.32980E-05 0.00000E+00 0.00000E+00
 45 sm52     0.86536E-07 0.00000E+00 0.00000E+00
 46 xe31     0.82720E-06 0.00000E+00 0.00000E+00
 47 cs33     0.20016E-05 0.00000E+00 0.00000E+00
 48 nd45     0.11638E-05 0.00000E+00 0.00000E+00
 49 nd43     0.17516E-05 0.00000E+00 0.00000E+00
 50 pm47     0.68132E-06 0.00000E+00 0.00000E+00
 51 mo95     0.19237E-05 0.00000E+00 0.00000E+00
 52 cs34     0.27097E-08 0.00000E+00 0.00000E+00
 53 pr41     0.17347E-05 0.00000E+00 0.00000E+00
 54 pm48     0.17392E-08 0.00000E+00 0.00000E+00
 55 pm8m     0.19576E-08 0.00000E+00 0.00000E+00
 56 rh05     0.37971E-07 0.00000E+00 0.00000E+00
 57 pm49     0.77641E-07 0.00000E+00 0.00000E+00
 58 kr83     0.16195E-06 0.00000E+00 0.00000E+00
 59 ru01     0.15094E-05 0.00000E+00 0.00000E+00
 60 pd05     0.14311E-06 0.00000E+00 0.00000E+00
 61 cs35     0.53039E-06 0.00000E+00 0.00000E+00
 62 sm50     0.47955E-07 0.00000E+00 0.00000E+00
 63 eu51     0.43510E-10 0.00000E+00 0.00000E+00
 64 eu53     0.82404E-09 0.00000E+00 0.00000E+00
 65 eu54     0.31732E-11 0.00000E+00 0.00000E+00
 66 gd54     0.17828E-14 0.00000E+00 0.00000E+00
 67 am42     0.30980E-16 0.00000E+00 0.00000E+00
 ------------------------------------------------------------------------------
  number of cells =           6
          cell number    2  number of zone= 3
 << geometry characteristics >>
    geometry of cell- cilindrical index=           2
  kratnost of cell =   18.00000    
  inner radius of cell =  0.0000000E+00
  out square ratio =  0.3888000      0.3333000      0.0000000E+00  0.2222000    
  5.5500001E-02  0.0000000E+00
 ------------------------------------------------------------------------------
 num zone      4           5           6
 radius   0.29000E+00 0.34000E+00 0.48000E+00
 temper   0.65900E+03 0.58300E+03 0.38300E+03
 rez_izot    u238        bad         bad 
 ------------------------------------------------------------------------------
    izotop   /             concentration number of izotops=68
  1 *h*      0.00000E+00 0.00000E+00 0.46847E-01
  2 *o*      0.00000E+00 0.00000E+00 0.23419E-01
  3 zr       0.00000E+00 0.43014E-01 0.00000E+00
  4 u233     0.30416E-02 0.00000E+00 0.00000E+00
  5 u238     0.17379E-01 0.00000E+00 0.00000E+00
  6 o        0.40904E-01 0.00000E+00 0.00000E+00
  8 al       0.57980E-02 0.00000E+00 0.00000E+00
 11 gd57     0.13700E-08 0.00000E+00 0.00000E+00
 16 u235     0.59160E-08 0.00000E+00 0.00000E+00
 17 u236     0.29518E-11 0.00000E+00 0.00000E+00
 18 slag     0.10938E-04 0.00000E+00 0.00000E+00
 19 tc99     0.14492E-05 0.00000E+00 0.00000E+00
 20 rh03     0.76794E-06 0.00000E+00 0.00000E+00
 21 ag09     0.87015E-08 0.00000E+00 0.00000E+00
 22 cd13     0.29244E-08 0.00000E+00 0.00000E+00
 23 xe35     0.30202E-07 0.00000E+00 0.00000E+00
 24 sm49     0.10898E-06 0.00000E+00 0.00000E+00
 25 sm51     0.83263E-07 0.00000E+00 0.00000E+00
 26 eu55     0.78750E-08 0.00000E+00 0.00000E+00
 27 gd55     0.17315E-10 0.00000E+00 0.00000E+00
 28 gd56     0.32123E-08 0.00000E+00 0.00000E+00
 29 np37     0.14707E-14 0.00000E+00 0.00000E+00
 30 np39     0.14939E-05 0.00000E+00 0.00000E+00
 31 pu38     0.17043E-17 0.00000E+00 0.00000E+00
 32 pu39     0.31400E-05 0.00000E+00 0.00000E+00
 33 pu40     0.86935E-08 0.00000E+00 0.00000E+00
 34 pu41     0.67833E-10 0.00000E+00 0.00000E+00
 35 pu42     0.64827E-13 0.00000E+00 0.00000E+00
 36 am41     0.19060E-13 0.00000E+00 0.00000E+00
 37 am2m     0.44658E-17 0.00000E+00 0.00000E+00
 38 am43     0.64512E-16 0.00000E+00 0.00000E+00
 39 cm42     0.21850E-16 0.00000E+00 0.00000E+00
 40 cm44     0.76657E-19 0.00000E+00 0.00000E+00
 44 u234     0.26938E-05 0.00000E+00 0.00000E+00
 45 sm52     0.67651E-07 0.00000E+00 0.00000E+00
 46 xe31     0.65701E-06 0.00000E+00 0.00000E+00
 47 cs33     0.15874E-05 0.00000E+00 0.00000E+00
 48 nd45     0.92322E-06 0.00000E+00 0.00000E+00
 49 nd43     0.13880E-05 0.00000E+00 0.00000E+00
 50 pm47     0.54120E-06 0.00000E+00 0.00000E+00
 51 mo95     0.15239E-05 0.00000E+00 0.00000E+00
 52 cs34     0.19768E-08 0.00000E+00 0.00000E+00
 53 pr41     0.13777E-05 0.00000E+00 0.00000E+00
 54 pm48     0.12616E-08 0.00000E+00 0.00000E+00
 55 pm8m     0.14586E-08 0.00000E+00 0.00000E+00
 56 rh05     0.31476E-07 0.00000E+00 0.00000E+00
 57 pm49     0.62239E-07 0.00000E+00 0.00000E+00
 58 kr83     0.12824E-06 0.00000E+00 0.00000E+00
 59 ru01     0.11973E-05 0.00000E+00 0.00000E+00
 60 pd05     0.11835E-06 0.00000E+00 0.00000E+00
 61 cs35     0.53968E-06 0.00000E+00 0.00000E+00
 62 sm50     0.27430E-07 0.00000E+00 0.00000E+00
 63 eu51     0.24365E-10 0.00000E+00 0.00000E+00
 64 eu53     0.59409E-09 0.00000E+00 0.00000E+00
 65 eu54     0.20267E-11 0.00000E+00 0.00000E+00
 66 gd54     0.11404E-14 0.00000E+00 0.00000E+00
 67 am42     0.15487E-16 0.00000E+00 0.00000E+00
 ------------------------------------------------------------------------------
  number of cells =           6
          cell number    3  number of zone= 3
 << geometry characteristics >>
    geometry of cell- cilindrical index=           2
  kratnost of cell =   9.000000    
  inner radius of cell =  0.0000000E+00
  out square ratio =  0.6666000      0.0000000E+00  0.0000000E+00  0.0000000E+00
  0.0000000E+00  0.3333000    
 ------------------------------------------------------------------------------
 num zone      7           8           9
 radius   0.29000E+00 0.34000E+00 0.48000E+00
 temper   0.58300E+03 0.58300E+03 0.38300E+03
 rez_izot    bad         bad         bad 
 ------------------------------------------------------------------------------
    izotop   /             concentration number of izotops=68
  1 *h*      0.00000E+00 0.00000E+00 0.46847E-01
  2 *o*      0.00000E+00 0.00000E+00 0.23419E-01
  3 zr       0.00000E+00 0.43014E-01 0.00000E+00
  6 o        0.19009E-01 0.00000E+00 0.00000E+00
  8 al       0.57980E-01 0.00000E+00 0.00000E+00
 11 gd57     0.72545E-01 0.00000E+00 0.00000E+00
 18 slag     0.12764E-03 0.00000E+00 0.00000E+00
 ------------------------------------------------------------------------------
  number of cells =           6
          cell number    4  number of zone= 3
 << geometry characteristics >>
    geometry of cell- cilindrical index=           2
  kratnost of cell =   6.000000    
  inner radius of cell =  0.0000000E+00
  out square ratio =  0.0000000E+00  0.6666000      0.0000000E+00  0.0000000E+00
  0.3333000      0.0000000E+00
 ------------------------------------------------------------------------------
 num zone     10          11          12
 radius   0.17500E+00 0.22500E+00 0.48000E+00
 temper   0.58300E+03 0.58300E+03 0.38300E+03
 rez_izot    bad         bad         bad 
 ------------------------------------------------------------------------------
    izotop   /             concentration number of izotops=68
  1 *h*      0.00000E+00 0.00000E+00 0.46847E-01
  2 *o*      0.00000E+00 0.00000E+00 0.23419E-01
  3 zr       0.00000E+00 0.43014E-01 0.00000E+00
  6 o        0.19009E-01 0.00000E+00 0.00000E+00
  8 al       0.57980E-01 0.00000E+00 0.00000E+00
 11 gd57     0.72531E-01 0.00000E+00 0.00000E+00
 18 slag     0.14238E-03 0.00000E+00 0.00000E+00
 ------------------------------------------------------------------------------
  number of cells =           6
          cell number    5  number of zone= 3
 << geometry characteristics >>
    geometry of cell- cilindrical index=           2
  kratnost of cell =   7.000000    
  inner radius of cell =  0.0000000E+00
  out square ratio =  0.0000000E+00  0.1428000      0.0000000E+00  0.2857000    
  0.5714000      0.0000000E+00
 ------------------------------------------------------------------------------
 num zone     13          14          15
 radius   0.29000E+00 0.39000E+00 0.48000E+00
 temper   0.58300E+03 0.30000E+03 0.38300E+03
 rez_izot    bad         bad         bad 
 ------------------------------------------------------------------------------
    izotop   /             concentration number of izotops=68
  1 *h*      0.46847E-01 0.00000E+00 0.46847E-01
  2 *o*      0.23419E-01 0.00000E+00 0.23419E-01
 12 ni       0.00000E+00 0.51748E-01 0.00000E+00
 13 cr       0.00000E+00 0.34972E-01 0.00000E+00
 ------------------------------------------------------------------------------
  number of cells =           6
          cell number    6  number of zone= 2
 << geometry characteristics >>
    geometry of cell- cilindrical index=           2
  kratnost of cell =   36.00000    
  inner radius of cell =  0.0000000E+00
  out square ratio =  0.2222000      0.0000000E+00  8.3300002E-02  0.0000000E+00
  0.0000000E+00  0.6944000    
 ------------------------------------------------------------------------------
 num zone     16          17
 radius   0.39000E+00 0.98000E+00
 temper   0.58300E+03 0.38300E+03
 rez_izot    bad         bad 
 ------------------------------------------------------------------------------
    izotop   /             concentration number of izotops=68
  1 *h*      0.00000E+00 0.46847E-01
  2 *o*      0.00000E+00 0.23419E-01
  3 zr       0.43014E-01 0.00000E+00
:fier                                                                           
 condensation boundary was changed from  0.21500E+01 to  0.21544E+01
*** 4 *** ;egr=  2.1544    
    keff         nu           mu           fi           teta
   1.1397       2.1195       1.5693      0.54982      0.62323    
 s0z(n)=    1.608667      0.0000000E+00  0.0000000E+00   1.301579    
  0.0000000E+00  0.0000000E+00  0.0000000E+00  0.0000000E+00  0.0000000E+00
  0.0000000E+00  0.0000000E+00  0.0000000E+00  0.0000000E+00  0.0000000E+00
  0.0000000E+00  0.0000000E+00  0.0000000E+00
:macro                                                                          
 condensation boundary was changed from  0.21500E+01 to  0.21544E+01
 condensation boundary was changed from  0.21500E+01 to  0.21544E+01
    -------------------------------------------------------------------------------
    * n group   * e(i)        * e(i+1)      *spect neutron fission  *
          1       0.20000E+08    2.1544            1.0000    
          2        2.1544        0.0000           0.13966E-08
    *******************************************************************************
                                       **    macro cross section    **
    *******************************************************************************
    ** n zone    1 vzone=  65.868     /  1  2  3  4  5  6  7  8  9 10 11 12 13 14 15
*grp*flux 1/cm2c  * stotal      * sabs        * sfis.       * nu$sfis.    * 1/3*strans  *1/aver.veloci*aver power
  1  0.2950316     0.5076717     0.2328511E-01 0.8501546E-02 0.2159162E-01  1.476248     0.4293668E-06 0.9272714     0.3585644    
  2  0.2156403E-01  1.423185     0.3744790     0.2080762     0.5189182     0.3013494     0.3047129E-05  1.385707     0.6414356    
                                       * matric. scat.cross. sec. from i to j  *
       i / j -->            1           2
       i        1 0.4742469     0.1013920E-01
       i        2 0.4075995E-04  1.048666    
    ** n zone    2 vzone=  108.62     / 16 17
*grp*flux 1/cm2c  * stotal      * sabs        * sfis.       * nu$sfis.    * 1/3*strans  *1/aver.veloci*aver power
  1  0.1248208     0.5768864     0.3217632E-03  0.000000      0.000000      1.495863     0.4771150E-06  0.000000      0.000000    
  2  0.2954801E-01  1.487457     0.8124545E-02  0.000000      0.000000     0.3088322     0.8212990E-05  0.000000      0.000000    
                                       * matric. scat.cross. sec. from i to j  *
       i / j -->            1           2
       i        1 0.5500195     0.2654515E-01
       i        2 0.3762994E-04  1.479296    
:micro                                                                          
 condensation boundary was changed from  0.21500E+01 to  0.21544E+01
 condensation boundary was changed from  0.21500E+01 to  0.21544E+01
    -------------------------------------------------------------------------------
    * n group   * e(i)        * e(i+1)
          1       0.10500E+08    2.1544    
          2        2.1544       0.10000E-04
    ---------------------------------------------------------------------------
         ** microcrossection  ** in   1  zone **v=  174.49    /  1  2  3  4  5  6  7  8  9 10 11 12 13 14 15 16 17
    * n group  * izotop  * at.mas      *dens         *flux 1/cm2c  * capture   * fission  *    * production *
          1       *h*        1.00        0.33965E-01   0.18901       0.21255E-02      0.0000         0.0000    
          2       *h*        1.00        0.33965E-01   0.26534E-01   0.18110          0.0000         0.0000    
          1       *o*       16.00        0.16979E-01   0.18901       0.45094E-02      0.0000         0.0000    
          2       *o*       16.00        0.16979E-01   0.26534E-01   0.10700E-03      0.0000         0.0000    
          1       zr        91.00        0.62364E-02   0.18901       0.19297E-01      0.0000         0.0000    
          2       zr        91.00        0.62364E-02   0.26534E-01   0.10367          0.0000         0.0000    
          1       u233     233.00        0.31726E-03   0.18901        10.290          8.9274         0.0000    
          2       u233     233.00        0.31726E-03   0.26534E-01    302.49          275.65         0.0000    
          1       u238     238.00        0.18157E-02   0.18901       0.91213         0.14085         0.0000    
          2       u238     238.00        0.18157E-02   0.26534E-01    1.2694          0.0000         0.0000    
          1       o         16.00        0.45956E-02   0.18901       0.52477E-02      0.0000         0.0000    
          2       o         16.00        0.45956E-02   0.26534E-01   0.87132E-04      0.0000         0.0000    
          1       *c*       12.00         0.0000       0.18901       0.44204E-03      0.0000         0.0000    
          2       *c*       12.00         0.0000       0.26534E-01   0.18400E-02      0.0000         0.0000    
          1       al        27.00        0.15877E-02   0.18901       0.43892E-02      0.0000         0.0000    
          2       al        27.00        0.15877E-02   0.26534E-01   0.94313E-01      0.0000         0.0000    
          1       b-10      10.00         0.0000       0.18901        23.156          0.0000         0.0000    
          2       b-10      10.00         0.0000       0.26534E-01    2060.0          0.0000         0.0000    
          1       c         12.00         0.0000       0.18901       0.44204E-03      0.0000         0.0000    
          2       c         12.00         0.0000       0.26534E-01   0.18400E-02      0.0000         0.0000    
          1       gd57     157.00        0.12286E-02   0.18901        3.2482          0.0000         0.0000    
          2       gd57     157.00        0.12286E-02   0.26534E-01    403.13          0.0000         0.0000    
          1       ni        58.70        0.44349E-03   0.18901       0.63844E-01      0.0000         0.0000    
          2       ni        58.70        0.44349E-03   0.26534E-01    1.8705          0.0000         0.0000    
          1       cr        52.00        0.29972E-03   0.18901       0.25593E-01      0.0000         0.0000    
          2       cr        52.00        0.29972E-03   0.26534E-01    1.3052          0.0000         0.0000    
          1       fp35     116.00         0.0000       0.18901       0.31020          0.0000         0.0000    
          2       fp35     116.00         0.0000       0.26534E-01    4.8462          0.0000         0.0000    
          1       fp39     116.00         0.0000       0.18901       0.31020          0.0000         0.0000    
          2       fp39     116.00         0.0000       0.26534E-01    4.8462          0.0000         0.0000    
          1       u235     235.00        0.78783E-09   0.18901        8.0957          5.5337         0.0000    
          2       u235     235.00        0.78783E-09   0.26534E-01    278.99          237.75         0.0000    
          1       u236     236.00        0.46396E-12   0.18901        6.4437         0.35405         0.0000    
          2       u236     236.00        0.46396E-12   0.26534E-01    2.3693         0.31550E-01     0.0000    
          1       slag     116.00        0.35871E-05   0.18901       0.84842          0.0000         0.0000    
          2       slag     116.00        0.35871E-05   0.26534E-01    3.3115          0.0000         0.0000    
          1       tc99      99.00        0.18057E-06   0.18901        5.3118          0.0000         0.0000    
          2       tc99      99.00        0.18057E-06   0.26534E-01    9.5954          0.0000         0.0000    
          1       rh03     103.00        0.95127E-07   0.18901        1.1080          0.0000         0.0000    
          2       rh03     103.00        0.95127E-07   0.26534E-01    232.08          0.0000         0.0000    
          1       ag09     109.00        0.10699E-08   0.18901        25.654          0.0000         0.0000    
          2       ag09     109.00        0.10699E-08   0.26534E-01    44.681          0.0000         0.0000    
          1       cd13     113.00        0.34033E-09   0.18901        1.1391          0.0000         0.0000    
          2       cd13     113.00        0.34033E-09   0.26534E-01    19913.          0.0000         0.0000    
          1       xe35     135.00        0.30994E-08   0.18901        2.7220          0.0000         0.0000    
          2       xe35     135.00        0.30994E-08   0.26534E-01   0.12402E+07      0.0000         0.0000    
          1       sm49     149.00        0.12418E-07   0.18901        24.940          0.0000         0.0000    
          2       sm49     149.00        0.12418E-07   0.26534E-01    35992.          0.0000         0.0000    
          1       sm51     151.00        0.10150E-07   0.18901        25.431          0.0000         0.0000    
          2       sm51     151.00        0.10150E-07   0.26534E-01    4449.9          0.0000         0.0000    
          1       eu55     155.00        0.95922E-09   0.18901        8.2011          0.0000         0.0000    
          2       eu55     155.00        0.95922E-09   0.26534E-01    5327.6          0.0000         0.0000    
          1       gd55     155.00        0.20452E-11   0.18901        23.683          0.0000         0.0000    
          2       gd55     155.00        0.20452E-11   0.26534E-01    14701.          0.0000         0.0000    
          1       gd56     156.00        0.39230E-09   0.18901        6.2883          0.0000         0.0000    
          2       gd56     156.00        0.39230E-09   0.26534E-01    12074.          0.0000         0.0000    
          1       np37     237.00        0.24120E-15   0.18901        8.8270         0.70912         0.0000    
          2       np37     237.00        0.24120E-15   0.26534E-01    154.02         0.98899E-02     0.0000    
          1       np39     239.00        0.16543E-06   0.18901        10.360         0.80693         0.0000    
          2       np39     239.00        0.16543E-06   0.26534E-01    16.798          0.0000         0.0000    
          1       pu38     238.00        0.32563E-18   0.18901        4.6680          1.7838         0.0000    
          2       pu38     238.00        0.32563E-18   0.26534E-01    222.18          6.8806         0.0000    
          1       pu39     239.00        0.34712E-06   0.18901        9.7534          6.0491         0.0000    
          2       pu39     239.00        0.34712E-06   0.26534E-01    946.88          610.47         0.0000    
          1       pu40     240.00        0.11644E-08   0.18901        4.4221         0.75083         0.0000    
          2       pu40     240.00        0.11644E-08   0.26534E-01    1435.4         0.28683         0.0000    
          1       pu41     241.00        0.10314E-10   0.18901        14.827          11.770         0.0000    
          2       pu41     241.00        0.10314E-10   0.26534E-01    796.93          587.27         0.0000    
          1       pu42     242.00        0.12590E-13   0.18901        18.242         0.57374         0.0000    
          2       pu42     242.00        0.12590E-13   0.26534E-01    10.995         0.12052E-02     0.0000    
          1       am41     241.00        0.28983E-14   0.18901        9.8332         0.76939         0.0000    
          2       am41     241.00        0.28983E-14   0.26534E-01    622.60          3.3082         0.0000    
          1       am2m     242.00        0.81796E-18   0.18901        24.227          21.043         0.0000    
          2       am2m     242.00        0.81796E-18   0.26534E-01    3574.9          2980.6         0.0000    
          1       am43     243.00        0.13547E-16   0.18901        9.0415         0.58764         0.0000    
          2       am43     243.00        0.13547E-16   0.26534E-01    258.30          0.0000         0.0000    
          1       cm42     242.00        0.39816E-17   0.18901        4.0515          1.3149         0.0000    
          2       cm42     242.00        0.39816E-17   0.26534E-01    8.3189          1.2267         0.0000    
          1       cm44     244.00         0.0000       0.18901        13.381         0.92722         0.0000    
          2       cm44     244.00         0.0000       0.26534E-01    8.1429         0.50247         0.0000    
          1       cm45     245.00         0.0000       0.18901        16.105          14.264         0.0000    
          2       cm45     245.00         0.0000       0.26534E-01    1301.6          1107.3         0.0000    
          1       th32     232.00         0.0000       0.18901        2.7612         0.30083E-01     0.0000    
          2       th32     232.00         0.0000       0.26534E-01    3.9128          0.0000         0.0000    
          1       pa33     233.00         0.0000       0.18901        11.309         0.18892         0.0000    
          2       pa33     233.00         0.0000       0.26534E-01    85.945          0.0000         0.0000    
          1       u234     234.00        0.32810E-06   0.18901        12.035         0.66305         0.0000    
          2       u234     234.00        0.32810E-06   0.26534E-01    44.281         0.19567         0.0000    
          1       sm52     152.00        0.85266E-08   0.18901        50.928          0.0000         0.0000    
          2       sm52     152.00        0.85266E-08   0.26534E-01    97.705          0.0000         0.0000    
          1       xe31     131.00        0.81787E-07   0.18901        16.944          0.0000         0.0000    
          2       xe31     131.00        0.81787E-07   0.26534E-01    39.513          0.0000         0.0000    
          1       cs33     133.00        0.19783E-06   0.18901        7.0828          0.0000         0.0000    
          2       cs33     133.00        0.19783E-06   0.26534E-01    13.729          0.0000         0.0000    
          1       nd45     145.00        0.11504E-06   0.18901        4.3568          0.0000         0.0000    
          2       nd45     145.00        0.11504E-06   0.26534E-01    20.045          0.0000         0.0000    
          1       nd43     143.00        0.17310E-06   0.18901        1.9389          0.0000         0.0000    
          2       nd43     143.00        0.17310E-06   0.26534E-01    141.72          0.0000         0.0000    
          1       pm47     147.00        0.67365E-07   0.18901        36.731          0.0000         0.0000    
          2       pm47     147.00        0.67365E-07   0.26534E-01    75.915          0.0000         0.0000    
          1       mo95      95.00        0.19010E-06   0.18901        2.7891          0.0000         0.0000    
          2       mo95      95.00        0.19010E-06   0.26534E-01    6.3522          0.0000         0.0000    
          1       cs34     134.00        0.26313E-09   0.18901        2.2704          0.0000         0.0000    
          2       cs34     134.00        0.26313E-09   0.26534E-01    62.476          0.0000         0.0000    
          1       pr41     141.00        0.17151E-06   0.18901       0.48428          0.0000         0.0000    
          2       pr41     141.00        0.17151E-06   0.26534E-01    5.2028          0.0000         0.0000    
          1       pm48     148.00        0.16869E-09   0.18901        35.574          0.0000         0.0000    
          2       pm48     148.00        0.16869E-09   0.26534E-01    1013.9          0.0000         0.0000    
          1       pm8m     148.00        0.19093E-09   0.18901        34.524          0.0000         0.0000    
          2       pm8m     148.00        0.19093E-09   0.26534E-01    13363.          0.0000         0.0000    
          1       rh05     105.00        0.37902E-08   0.18901        237.57          0.0000         0.0000    
          2       rh05     105.00        0.37902E-08   0.26534E-01    7031.7          0.0000         0.0000    
          1       pm49     149.00        0.76922E-08   0.18901        36.727          0.0000         0.0000    
          2       pm49     149.00        0.76922E-08   0.26534E-01    75.907          0.0000         0.0000    
          1       kr83      83.00        0.16001E-07   0.18901        2.9197          0.0000         0.0000    
          2       kr83      83.00        0.16001E-07   0.26534E-01    76.914          0.0000         0.0000    
          1       ru01     101.00        0.14920E-06   0.18901        2.4557          0.0000         0.0000    
          2       ru01     101.00        0.14920E-06   0.26534E-01    1.5550          0.0000         0.0000    
          1       pd05     105.00        0.14277E-07   0.18901        2.4120          0.0000         0.0000    
          2       pd05     105.00        0.14277E-07   0.26534E-01    9.1188          0.0000         0.0000    
          1       cs35     135.00        0.55668E-07   0.18901        1.5898          0.0000         0.0000    
          2       cs35     135.00        0.55668E-07   0.26534E-01    3.9455          0.0000         0.0000    
          1       sm50     150.00        0.44509E-08   0.18901        3.6659          0.0000         0.0000    
          2       sm50     150.00        0.44509E-08   0.26534E-01    46.570          0.0000         0.0000    
          1       eu51     152.00        0.40242E-11   0.18901        28.438          0.0000         0.0000    
          2       eu51     152.00        0.40242E-11   0.26534E-01    2554.5          0.0000         0.0000    
          1       eu53     153.00        0.79828E-10   0.18901        25.370          0.0000         0.0000    
          2       eu53     153.00        0.79828E-10   0.26534E-01    138.48          0.0000         0.0000    
          1       eu54     154.00        0.30028E-12   0.18901        16.342          0.0000         0.0000    
          2       eu54     154.00        0.30028E-12   0.26534E-01    1427.1          0.0000         0.0000    
          1       gd54     154.00        0.16876E-15   0.18901       0.91741          0.0000         0.0000    
          2       gd54     154.00        0.16876E-15   0.26534E-01    3.6553          0.0000         0.0000    
          1       am42     242.00        0.28235E-17   0.18901       0.91863          0.0000         0.0000    
          2       am42     242.00        0.28235E-17   0.26534E-01    3.6663          0.0000         0.0000    
          1       cm43     243.00         0.0000       0.18901        38.831          33.788         0.0000    
          2       cm43     243.00         0.0000       0.26534E-01    489.84          452.19         0.0000    
:dina                                                                           
    -------------------------------------------------------------------------------
    * n group   * e(i)        * e(i+1)
          1       0.20000E+08    0.0000    
    -------------------------------------------------------------------------------
          fraction of delay neutrons -betaj
           beta`j
           one group beta * 10e-4
  
          condensated zone : 1
 nt      1           2           3           4           5           6
 ne: 1  2.0888      8.8177      7.7765      14.573      2.1205      1.1775    
 ne: 1 0.57142E-01 0.24122     0.21274     0.39867     0.58011E-01 0.32213E-01
       36.55405    
    -------------------------------------------------------------------------------
    * n group   * e(i)        * e(i+1)
          1       0.20000E+08    0.0000    
    -------------------------------------------------------------------------------
          decay constant -lambdaj
           one group lambda
  
          condensated zone : 1
 nt      1           2           3           4           5           6
 ne: 1 0.12500E-01 0.35400E-01 0.14248     0.32881      1.0545      2.6162    
 1-group lambda   7.0629656E-02
    -------------------------------------------------------------------------------
    * n group   * e(i)        * e(i+1)
          1       0.20000E+08    0.0000    
    -------------------------------------------------------------------------------
          spectrum -xj
  
          condensated zone : 1
 nt      1           2           3           4           5           6
 ne: 1 0.12087E-04  0.0000      0.0000      0.0000      0.0000      0.0000    
    -------------------------------------------------------------------------------
    * n group   * e(i)        * e(i+1)
          1       0.10500E+08    0.0000    
    -------------------------------------------------------------------------------
          production part constant -alfa (id xe pm)
  
          condensated zone : 1
           1  4.4670846E-02  2.5248893E-03  8.3650593E-03
:fier                                                                           
 condensation boundary was changed from  0.21500E+01 to  0.21544E+01
*** 4 *** ;egr=  2.1544    
    keff         nu           mu           fi           teta
   1.1397       2.1195       1.5693      0.54982      0.62323    
 s0z(n)=    1.608667      0.0000000E+00  0.0000000E+00   1.301579    
  0.0000000E+00  0.0000000E+00  0.0000000E+00  0.0000000E+00  0.0000000E+00
  0.0000000E+00  0.0000000E+00  0.0000000E+00  0.0000000E+00  0.0000000E+00
  0.0000000E+00  0.0000000E+00  0.0000000E+00
:burn                                                                           
