 *****          file of input data set *******
:poly
 &vvod
 @ 1 tvel  cell@   rcel(1,1)=0.29,0.34,0.48,
                   ncelsos(1,1)=1,3,4
 @ 2 tvel  cell@   rcel(1,2)=0.29,0.34,0.48,
                   ncelsos(1,2)=1,3,4
 @ 3 svp-1 cell@   rcel(1,3)=0.29,0.34,0.48,
                   ncelsos(1,3)=5,3,4,
 @ 4 svp-2 cell@   rcel(1,4)=0.175,0.225,0.48,
                   ncelsos(1,4)=5,3,4,
 @ 5 pal       @   rcel(1,5)=0.29,0.39,0.48,
                   ncelsos(1,5)=6,7,4,
 @ 6 km        @   rcel(1,6)=0.39,0.48,
                   ncelsos(1,6)=3,4,
                                                                                                                        
  t=0.6590e+03, 0.5970e+03, 0.5830e+03, 0.5830e+03, 0.5830e+03, 0.5830e+03,
@-----------------------------------------------------------------------
 troiz=
 @        1 tv_1     2 tv_2     3 zr_ob_tv 4 h2o      5 svp      6 pel      7 ob_pel
 @ *h*  @ 0.000000 , 0.000000 , 0.000000 , 0.046847 , 0.000000 , 0.000000 , 0.000000 ,
 @ *o*  @ 0.000000 , 0.000000 , 0.000000 , 0.023419 , 0.000000 , 0.000000 , 0.000000 ,
 @ zr   @ 0.000000 , 0.000000 , 0.043014 , 0.000000 , 0.000000 , 0.000000 , 0.000000 ,
 @ u233 @ 0.003068 , 0.003068 , 0.000000 , 0.000000 , 0.000000 , 0.000000 , 0.000000 ,
 @ u238 @ 0.017384 , 0.017384 , 0.000000 , 0.000000 , 0.000000 , 0.000000 , 0.000000 ,
 @ o    @ 0.040904 , 0.040904 , 0.000000 , 0.000000 , 0.019009 , 0.000000 , 0.000000 ,
 @ *c*  @ 0.000000 , 0.000000 , 0.000000 , 0.000000 , 0.000000 , 0.000000 , 0.000000 ,
 @ al   @ 0.005798 , 0.005798 , 0.000000 , 0.000000 , 0.057980 , 0.000000 , 0.000000 ,
 @ b-10 @ 0.000000 , 0.000000 , 0.000000 , 0.000000 , 0.000000 , 0.220000 , 0.000000 ,
 @ c    @ 0.000000 , 0.000000 , 0.000000 , 0.000000 , 0.000000 , 0.028952 , 0.000000 ,
 @ gd57 @ 0.000000 , 0.000000 , 0.000000 , 0.000000 , 0.022673 , 0.000000 , 0.000000 ,
 @ ni   @ 0.000000 , 0.000000 , 0.000000 , 0.000000 , 0.000000 , 0.000000 , 0.051748 ,
 @ cr   @ 0.000000 , 0.000000 , 0.000000 , 0.000000 , 0.000000 , 0.000000 , 0.034972 ,
@-----------------------------------------------------------------------
 ntcell=1,2,3,4,5,6,
 krat= 51,18,9,6,7,36,
 alout=
       0.5882 , 0.1372 , 0.1176 , 0.0000 , 0.0000 , 0.1586,
       0.3888 , 0.3333 , 0.0000 , 0.2222 , 0.0555 , 0.0000,
       0.6666 , 0.0000 , 0.0000 , 0.0000 , 0.0000 , 0.3333,
       0.0000 , 0.6666 , 0.0000 , 0.0000 , 0.3333 , 0.0000,
       0.0000 , 0.1428 , 0.0000 , 0.2857 , 0.5714 , 0.0000,
       0.2222 , 0.0000 , 0.0833 , 0.0000 , 0.0000 , 0.6944,
                                                                                                                        
 material(1)='chmc',
 &end
*h*
*o*
zr
u233
u238
o
*c*
al
b-10
c
gd57
ni
cr
****
:corr
 &vvod &end
:fier
 &vvod &end
:macro
 &vvod
  et=10.5e+6,2.15,2.15,0.,
 @nbv=1,1,1,1,1,1,1,1,1,1,1,1,1,1,
 &end
@:stop@
:dina
 &vvod
 &end
                                                                                                                        
:fier
 &vvod &end
                                                                                                                        
:stop
                                                                                                                        
@ 1 step - 5. days!----------
:burn
 &vvod qv=150.0,dtim=5.0,
 &end
:corr
 &vvod &end
:fier
 &vvod &end
@ 2 step - 50.0 days!----------
:burn
 &vvod qv=150.0,dtim=50.0,
 &end
:corr
 &vvod &end
:fier
 &vvod &end
@ 3 step - 50.0 days!----------
:burn
 &vvod qv=150.0,dtim=50.0,
 &end
:corr
 &vvod &end
:fier
 &vvod &end
                                                                                                                        
@ 3 step - 50.0 days!----------
:burn
 &vvod qv=150.0,dtim=50.0,
 &end
:corr
 &vvod &end
:fier
 &vvod &end
                                                                                                                        
@ 3 step - 50.0 days!----------
:burn
 &vvod qv=150.0,dtim=50.0,
 &end
:corr
 &vvod &end
:fier
 &vvod &end
                                                                                                                        
@ 3 step - 50.0 days!----------
:burn
 &vvod qv=150.0,dtim=50.0,
 &end
:corr
 &vvod &end
:fier
 &vvod &end
                                                                                                                        
@ 3 step - 50.0 days!----------
:burn
 &vvod qv=150.0,dtim=50.0,
 &end
:corr
 &vvod &end
:fier
 &vvod &end
                                                                                                                        
@ 3 step - 50.0 days!----------
:burn
 &vvod qv=114.0,dtim=50.0,
 &end
:corr
 &vvod &end
:fier
 &vvod &end
                                                                                                                        
@ 3 step - 50.0 days!----------
:burn
 &vvod qv=114.0,dtim=50.0,
 &end
:corr
 &vvod &end
:fier
 &vvod &end
                                                                                                                        
@ 3 step - 50.0 days!----------
:burn
 &vvod qv=114.0,dtim=50.0,
 &end
:corr
 &vvod &end
:fier
 &vvod &end
                                                                                                                        
@ 3 step - 50.0 days!----------
:burn
 &vvod qv=114.0,dtim=50.0,
 &end
:corr
 &vvod &end
:fier
 &vvod &end
                                                                                                                        
@ 3 step - 50.0 days!----------
:burn
 &vvod qv=114.0,dtim=50.0,
 &end
:corr
 &vvod &end
:fier
 &vvod &end
                                                                                                                        
@ 3 step - 50.0 days!----------
:burn
 &vvod qv=114.0,dtim=50.0,
 &end
:corr
 &vvod &end
:fier
 &vvod &end
                                                                                                                        
@ 3 step - 50.0 days!----------
:burn
 &vvod qv=114.0,dtim=50.0,
 &end
:corr
 &vvod &end
:fier
 &vvod &end
                                                                                                                        
@ 3 step - 50.0 days!----------
:burn
 &vvod qv=114.0,dtim=50.0,
 &end
:corr
 &vvod &end
:fier
 &vvod &end
                                                                                                                        
:stop
 ***** end of   file of input data set *******
:poly                                                                           
  rout and rin were constructed
Rout= 0.290, 0.340, 0.480, 0.290, 0.340, 0.480, 0.290, 0.340, 0.480, 0.175,
 0.225, 0.480, 0.290, 0.390, 0.480, 0.390, 0.480,
Rin = 0.000, 0.290, 0.340, 0.000, 0.290, 0.340, 0.000, 0.290, 0.340, 0.000,
 0.175, 0.225, 0.000, 0.290, 0.390, 0.000, 0.390,
  nsos  was constructed
nsos=  1,  3,  4,  1,  3,  4,  5,  3,  4,  5,
  3,  4,  6,  7,  4,  3,  4,
 definition izotr in sos           1:izotr=   5.000000    
 definition izotr in sos           2:izotr=   5.000000    
  *******<< check input data>> programm declare *******
    --undeclared parametr--cefzad  -- programm standart value --cefzad  =  0.100000E+01
  *******<< check input data>> programm declare *******
    --undeclared parametr--bakl    -- programm standart value --bakl    =  0.000000E+00
  *******<< check input data>> programm declare *******
    --undeclared parametr--alin    -- programm standart value --alin    =  0.000000E+00  0.000000E+00
     0.000000E+00  0.000000E+00  0.000000E+00  0.000000E+00  0.000000E+00  0.000000E+00  0.000000E+00
     0.000000E+00  0.000000E+00  0.000000E+00  0.000000E+00  0.000000E+00  0.000000E+00  0.000000E+00
     0.000000E+00  0.000000E+00  0.000000E+00  0.000000E+00  0.000000E+00  0.000000E+00  0.000000E+00
     0.000000E+00  0.000000E+00  0.000000E+00  0.000000E+00  0.000000E+00  0.000000E+00  0.000000E+00
     0.000000E+00  0.000000E+00  0.000000E+00  0.000000E+00  0.000000E+00  0.000000E+00
  *******<< check input data>> programm declare *******
    --undeclared parametr--alcorr  -- programm standart value --alcorr  =  0.100000E+01  0.100000E+01
     0.100000E+01  0.100000E+01  0.100000E+01  0.100000E+01  0.100000E+01  0.100000E+01  0.100000E+01
     0.100000E+01  0.100000E+01  0.100000E+01  0.100000E+01  0.100000E+01  0.100000E+01  0.100000E+01
     0.100000E+01  0.100000E+01  0.100000E+01  0.100000E+01  0.100000E+01  0.100000E+01  0.100000E+01
     0.100000E+01  0.100000E+01  0.100000E+01  0.100000E+01  0.100000E+01  0.100000E+01  0.100000E+01
     0.100000E+01  0.100000E+01  0.100000E+01  0.100000E+01  0.100000E+01  0.100000E+01
  *******<< check input data>> programm declare *******
    --uncorrected definition--alin    --bat programm use this value --alin      0.000000E+00  0.000000E+00
     0.000000E+00  0.000000E+00  0.000000E+00  0.000000E+00  0.000000E+00  0.000000E+00  0.000000E+00
     0.000000E+00  0.000000E+00  0.000000E+00  0.000000E+00  0.000000E+00  0.000000E+00  0.000000E+00
     0.000000E+00  0.000000E+00  0.000000E+00  0.000000E+00  0.000000E+00  0.000000E+00  0.000000E+00
     0.000000E+00  0.000000E+00  0.000000E+00  0.000000E+00  0.000000E+00  0.000000E+00  0.000000E+00
     0.000000E+00  0.000000E+00  0.000000E+00  0.000000E+00  0.000000E+00  0.000000E+00
  *******<< check input data>> programm declare *******
    --uncorrected definition--alout   --bat programm use this value --alout     0.588200E+00  0.137200E+00
     0.117600E+00  0.000000E+00  0.000000E+00  0.158600E+00  0.388800E+00  0.333300E+00  0.000000E+00
     0.222200E+00  0.555000E-01  0.000000E+00  0.666600E+00  0.000000E+00  0.000000E+00  0.000000E+00
     0.000000E+00  0.333300E+00  0.000000E+00  0.666600E+00  0.000000E+00  0.000000E+00  0.333300E+00
     0.000000E+00  0.000000E+00  0.142800E+00  0.000000E+00  0.285700E+00  0.571400E+00  0.000000E+00
     0.222200E+00  0.000000E+00  0.833000E-01  0.000000E+00  0.000000E+00  0.694400E+00
  *******<< check input data>> programm declare *******
    --undeclared parametr--nbv     -- programm standart value --nbv     =    1    1    1    1    1    1
       1    1    1    1    1    1    1    1    1    1    1
  *******<< check input data>> programm declare *******
    --undeclared parametr--et      -- programm standart value --et      =  0.105000E+08  0.215000E+01
     0.215000E+01  0.000000E+00
    ????  storage for pr. getter =     1700 ?? common /rrr/ rab(        0 )  ????
 ------------------------------------------------------------------------------
  backling =  0.0000000E+00
 ------------------------------------------------------------------------------
  number of cells =           6
          cell number    1  number of zone= 3
 << geometry characteristics >>
    geometry of cell- cilindrical index=           2
  kratnost of cell =   51.00000    
  inner radius of cell =  0.0000000E+00
  out square ratio =  0.5882000      0.1372000      0.1176000      0.0000000E+00
  0.0000000E+00  0.1586000    
 ------------------------------------------------------------------------------
 num zone      1           2           3
 radius   0.29000E+00 0.34000E+00 0.48000E+00
 temper   0.65900E+03 0.58300E+03 0.58300E+03
 rez_izot    u238        bad         bad 
 ------------------------------------------------------------------------------
    izotop   /             concentration number of izotops=68
  1 *h*      0.00000E+00 0.00000E+00 0.46847E-01
  2 *o*      0.00000E+00 0.00000E+00 0.23419E-01
  3 zr       0.00000E+00 0.43014E-01 0.00000E+00
  4 u233     0.30680E-02 0.00000E+00 0.00000E+00
  5 u238     0.17384E-01 0.00000E+00 0.00000E+00
  6 o        0.40904E-01 0.00000E+00 0.00000E+00
  8 al       0.57980E-02 0.00000E+00 0.00000E+00
 ------------------------------------------------------------------------------
  number of cells =           6
          cell number    2  number of zone= 3
 << geometry characteristics >>
    geometry of cell- cilindrical index=           2
  kratnost of cell =   18.00000    
  inner radius of cell =  0.0000000E+00
  out square ratio =  0.3888000      0.3333000      0.0000000E+00  0.2222000    
  5.5500001E-02  0.0000000E+00
 ------------------------------------------------------------------------------
 num zone      4           5           6
 radius   0.29000E+00 0.34000E+00 0.48000E+00
 temper   0.65900E+03 0.58300E+03 0.58300E+03
 rez_izot    u238        bad         bad 
 ------------------------------------------------------------------------------
    izotop   /             concentration number of izotops=68
  1 *h*      0.00000E+00 0.00000E+00 0.46847E-01
  2 *o*      0.00000E+00 0.00000E+00 0.23419E-01
  3 zr       0.00000E+00 0.43014E-01 0.00000E+00
  4 u233     0.30680E-02 0.00000E+00 0.00000E+00
  5 u238     0.17384E-01 0.00000E+00 0.00000E+00
  6 o        0.40904E-01 0.00000E+00 0.00000E+00
  8 al       0.57980E-02 0.00000E+00 0.00000E+00
 ------------------------------------------------------------------------------
  number of cells =           6
          cell number    3  number of zone= 3
 << geometry characteristics >>
    geometry of cell- cilindrical index=           2
  kratnost of cell =   9.000000    
  inner radius of cell =  0.0000000E+00
  out square ratio =  0.6666000      0.0000000E+00  0.0000000E+00  0.0000000E+00
  0.0000000E+00  0.3333000    
 ------------------------------------------------------------------------------
 num zone      7           8           9
 radius   0.29000E+00 0.34000E+00 0.48000E+00
 temper   0.58300E+03 0.58300E+03 0.58300E+03
 rez_izot    bad         bad         bad 
 ------------------------------------------------------------------------------
    izotop   /             concentration number of izotops=68
  1 *h*      0.00000E+00 0.00000E+00 0.46847E-01
  2 *o*      0.00000E+00 0.00000E+00 0.23419E-01
  3 zr       0.00000E+00 0.43014E-01 0.00000E+00
  6 o        0.19009E-01 0.00000E+00 0.00000E+00
  8 al       0.57980E-01 0.00000E+00 0.00000E+00
 11 gd57     0.22673E-01 0.00000E+00 0.00000E+00
 ------------------------------------------------------------------------------
  number of cells =           6
          cell number    4  number of zone= 3
 << geometry characteristics >>
    geometry of cell- cilindrical index=           2
  kratnost of cell =   6.000000    
  inner radius of cell =  0.0000000E+00
  out square ratio =  0.0000000E+00  0.6666000      0.0000000E+00  0.0000000E+00
  0.3333000      0.0000000E+00
 ------------------------------------------------------------------------------
 num zone     10          11          12
 radius   0.17500E+00 0.22500E+00 0.48000E+00
 temper   0.58300E+03 0.58300E+03 0.58300E+03
 rez_izot    bad         bad         bad 
 ------------------------------------------------------------------------------
    izotop   /             concentration number of izotops=68
  1 *h*      0.00000E+00 0.00000E+00 0.46847E-01
  2 *o*      0.00000E+00 0.00000E+00 0.23419E-01
  3 zr       0.00000E+00 0.43014E-01 0.00000E+00
  6 o        0.19009E-01 0.00000E+00 0.00000E+00
  8 al       0.57980E-01 0.00000E+00 0.00000E+00
 11 gd57     0.22673E-01 0.00000E+00 0.00000E+00
 ------------------------------------------------------------------------------
  number of cells =           6
          cell number    5  number of zone= 3
 << geometry characteristics >>
    geometry of cell- cilindrical index=           2
  kratnost of cell =   7.000000    
  inner radius of cell =  0.0000000E+00
  out square ratio =  0.0000000E+00  0.1428000      0.0000000E+00  0.2857000    
  0.5714000      0.0000000E+00
 ------------------------------------------------------------------------------
 num zone     13          14          15
 radius   0.29000E+00 0.39000E+00 0.48000E+00
 temper   0.58300E+03 0.30000E+03 0.58300E+03
 rez_izot    bad         bad         bad 
 ------------------------------------------------------------------------------
    izotop   /             concentration number of izotops=68
  1 *h*      0.00000E+00 0.00000E+00 0.46847E-01
  2 *o*      0.00000E+00 0.00000E+00 0.23419E-01
  9 b-10     0.22000E+00 0.00000E+00 0.00000E+00
 10 c        0.28952E-01 0.00000E+00 0.00000E+00
 12 ni       0.00000E+00 0.51748E-01 0.00000E+00
 13 cr       0.00000E+00 0.34972E-01 0.00000E+00
 ------------------------------------------------------------------------------
  number of cells =           6
          cell number    6  number of zone= 2
 << geometry characteristics >>
    geometry of cell- cilindrical index=           2
  kratnost of cell =   36.00000    
  inner radius of cell =  0.0000000E+00
  out square ratio =  0.2222000      0.0000000E+00  8.3300002E-02  0.0000000E+00
  0.0000000E+00  0.6944000    
 ------------------------------------------------------------------------------
 num zone     16          17
 radius   0.39000E+00 0.48000E+00
 temper   0.58300E+03 0.58300E+03
 rez_izot    bad         bad 
 ------------------------------------------------------------------------------
    izotop   /             concentration number of izotops=68
  1 *h*      0.00000E+00 0.46847E-01
  2 *o*      0.00000E+00 0.23419E-01
  3 zr       0.43014E-01 0.00000E+00
    > CONSYST Program Ver: 98.01 > started at  0: 0: 0:  
    { Manturov G., E-mail: abbn@ippe.rssi.ru}
 
       -------------------------------
 
       CONSYST INPUT DATA READ FROM : cons.dat
       CONSYST PROTOCOL STORED IN   : RESULT
       GMF X-SECTION'S FILE         : OUT
       TEMPORARY FILE               : RAB
       ABBN BASIC DATA SET FROM     : ..\bin\Bnab90.lib
       ABBN MULTIC DATA SET FROM    : ..\bin\Bnabmlt.lib
       ABBN THERMAL DATA SET FROM   : ..\bin\BNABTHM.lib
 
    >>  K-inf(MLT)= 1.63692 Balance= 1.00302 NU= 2.59 FI-Sum=  7.67E+01
    >   Include Thermal Matrix > H(H2O):BNABTHM.BIN   Temp=  500K
    >   Include Thermal Matrix > H(H2O):BNABTHM.BIN   Temp=  600K
    >>  K-inf(MLT)= 1.63686 Balance= 1.00302 NU= 2.59 FI-Sum=  7.67E+01
    >   Include Thermal Matrix > H(H2O):BNABTHM.BIN   Temp=  500K
    >   Include Thermal Matrix > H(H2O):BNABTHM.BIN   Temp=  600K
    >   Include Thermal Matrix > H(H2O):BNABTHM.BIN   Temp=  500K
    >   Include Thermal Matrix > H(H2O):BNABTHM.BIN   Temp=  600K
    >   Include Thermal Matrix > H(H2O):BNABTHM.BIN   Temp=  500K
    >   Include Thermal Matrix > H(H2O):BNABTHM.BIN   Temp=  600K
    >   Include Thermal Matrix > H(H2O):BNABTHM.BIN   Temp=  500K
    >   Include Thermal Matrix > H(H2O):BNABTHM.BIN   Temp=  600K
    >   Include Thermal Matrix > H(H2O):BNABTHM.BIN   Temp=  500K
    >   Include Thermal Matrix > H(H2O):BNABTHM.BIN   Temp=  600K
    > CONSYST finished at  0: 0: 0:  
 therm. calculation avoided
 therm. calculation avoided
 therm. calculation avoided
 therm. calculation avoided
 therm. calculation avoided
 therm. calculation avoided
 therm. calculation avoided
 *************************************************
   ***k(inf)=0.938925     ***k(itt)=0.962673     ***k(integ)=0.938925    ***
   **bakl=  0.0000     **length= 0.10000E+11  ***
   **matr.  alout*alcorr a(k,i)(k=1,ncel) ***
     * 0.58820     0.13720     0.11760      0.0000      0.0000     0.15860    
     * 0.38880     0.33330      0.0000     0.22220     0.55500E-01  0.0000    
     * 0.66660      0.0000      0.0000      0.0000      0.0000     0.33330    
     *  0.0000     0.66660      0.0000      0.0000     0.33330      0.0000    
     *  0.0000     0.14280      0.0000     0.28570     0.57140      0.0000    
     * 0.22220      0.0000     0.83300E-01  0.0000      0.0000     0.69440    
 lokal kner      in cell ,ru=           1=   1.046501       1.045752    
 lokal kner      in cell ,ru=           2=  0.8682465      0.8703695    
 lokal kner      in cell ,ru=           3=  0.0000000E+00   2.470153    
 lokal kner      in cell ,ru=           4=  0.0000000E+00  0.7522259    
 lokal kner      in cell ,ru=           5=  0.0000000E+00   4.739880    
 lokal kner      in cell ,ru=           6=  0.0000000E+00  3.2785159E-02
:corr                                                                           
 ------------------------------------------------------------------------------
  backling =  0.0000000E+00
 ------------------------------------------------------------------------------
  number of cells =           6
          cell number    1  number of zone= 3
 << geometry characteristics >>
    geometry of cell- cilindrical index=           2
  kratnost of cell =   51.00000    
  inner radius of cell =  0.0000000E+00
  out square ratio =  0.5882000      0.1372000      0.1176000      0.0000000E+00
  0.0000000E+00  0.1586000    
 ------------------------------------------------------------------------------
 num zone      1           2           3
 radius   0.29000E+00 0.34000E+00 0.48000E+00
 temper   0.65900E+03 0.58300E+03 0.58300E+03
 rez_izot    u238        bad         bad 
 ------------------------------------------------------------------------------
    izotop   /             concentration number of izotops=68
  1 *h*      0.00000E+00 0.00000E+00 0.46847E-01
  2 *o*      0.00000E+00 0.00000E+00 0.23419E-01
  3 zr       0.00000E+00 0.43014E-01 0.00000E+00
  4 u233     0.30680E-02 0.00000E+00 0.00000E+00
  5 u238     0.17384E-01 0.00000E+00 0.00000E+00
  6 o        0.40904E-01 0.00000E+00 0.00000E+00
  8 al       0.57980E-02 0.00000E+00 0.00000E+00
 ------------------------------------------------------------------------------
  number of cells =           6
          cell number    2  number of zone= 3
 << geometry characteristics >>
    geometry of cell- cilindrical index=           2
  kratnost of cell =   18.00000    
  inner radius of cell =  0.0000000E+00
  out square ratio =  0.3888000      0.3333000      0.0000000E+00  0.2222000    
  5.5500001E-02  0.0000000E+00
 ------------------------------------------------------------------------------
 num zone      4           5           6
 radius   0.29000E+00 0.34000E+00 0.48000E+00
 temper   0.65900E+03 0.58300E+03 0.58300E+03
 rez_izot    u238        bad         bad 
 ------------------------------------------------------------------------------
    izotop   /             concentration number of izotops=68
  1 *h*      0.00000E+00 0.00000E+00 0.46847E-01
  2 *o*      0.00000E+00 0.00000E+00 0.23419E-01
  3 zr       0.00000E+00 0.43014E-01 0.00000E+00
  4 u233     0.30680E-02 0.00000E+00 0.00000E+00
  5 u238     0.17384E-01 0.00000E+00 0.00000E+00
  6 o        0.40904E-01 0.00000E+00 0.00000E+00
  8 al       0.57980E-02 0.00000E+00 0.00000E+00
 ------------------------------------------------------------------------------
  number of cells =           6
          cell number    3  number of zone= 3
 << geometry characteristics >>
    geometry of cell- cilindrical index=           2
  kratnost of cell =   9.000000    
  inner radius of cell =  0.0000000E+00
  out square ratio =  0.6666000      0.0000000E+00  0.0000000E+00  0.0000000E+00
  0.0000000E+00  0.3333000    
 ------------------------------------------------------------------------------
 num zone      7           8           9
 radius   0.29000E+00 0.34000E+00 0.48000E+00
 temper   0.58300E+03 0.58300E+03 0.58300E+03
 rez_izot    bad         bad         bad 
 ------------------------------------------------------------------------------
    izotop   /             concentration number of izotops=68
  1 *h*      0.00000E+00 0.00000E+00 0.46847E-01
  2 *o*      0.00000E+00 0.00000E+00 0.23419E-01
  3 zr       0.00000E+00 0.43014E-01 0.00000E+00
  6 o        0.19009E-01 0.00000E+00 0.00000E+00
  8 al       0.57980E-01 0.00000E+00 0.00000E+00
 11 gd57     0.22673E-01 0.00000E+00 0.00000E+00
 ------------------------------------------------------------------------------
  number of cells =           6
          cell number    4  number of zone= 3
 << geometry characteristics >>
    geometry of cell- cilindrical index=           2
  kratnost of cell =   6.000000    
  inner radius of cell =  0.0000000E+00
  out square ratio =  0.0000000E+00  0.6666000      0.0000000E+00  0.0000000E+00
  0.3333000      0.0000000E+00
 ------------------------------------------------------------------------------
 num zone     10          11          12
 radius   0.17500E+00 0.22500E+00 0.48000E+00
 temper   0.58300E+03 0.58300E+03 0.58300E+03
 rez_izot    bad         bad         bad 
 ------------------------------------------------------------------------------
    izotop   /             concentration number of izotops=68
  1 *h*      0.00000E+00 0.00000E+00 0.46847E-01
  2 *o*      0.00000E+00 0.00000E+00 0.23419E-01
  3 zr       0.00000E+00 0.43014E-01 0.00000E+00
  6 o        0.19009E-01 0.00000E+00 0.00000E+00
  8 al       0.57980E-01 0.00000E+00 0.00000E+00
 11 gd57     0.22673E-01 0.00000E+00 0.00000E+00
 ------------------------------------------------------------------------------
  number of cells =           6
          cell number    5  number of zone= 3
 << geometry characteristics >>
    geometry of cell- cilindrical index=           2
  kratnost of cell =   7.000000    
  inner radius of cell =  0.0000000E+00
  out square ratio =  0.0000000E+00  0.1428000      0.0000000E+00  0.2857000    
  0.5714000      0.0000000E+00
 ------------------------------------------------------------------------------
 num zone     13          14          15
 radius   0.29000E+00 0.39000E+00 0.48000E+00
 temper   0.58300E+03 0.30000E+03 0.58300E+03
 rez_izot    bad         bad         bad 
 ------------------------------------------------------------------------------
    izotop   /             concentration number of izotops=68
  1 *h*      0.00000E+00 0.00000E+00 0.46847E-01
  2 *o*      0.00000E+00 0.00000E+00 0.23419E-01
  9 b-10     0.22000E+00 0.00000E+00 0.00000E+00
 10 c        0.28952E-01 0.00000E+00 0.00000E+00
 12 ni       0.00000E+00 0.51748E-01 0.00000E+00
 13 cr       0.00000E+00 0.34972E-01 0.00000E+00
 ------------------------------------------------------------------------------
  number of cells =           6
          cell number    6  number of zone= 2
 << geometry characteristics >>
    geometry of cell- cilindrical index=           2
  kratnost of cell =   36.00000    
  inner radius of cell =  0.0000000E+00
  out square ratio =  0.2222000      0.0000000E+00  8.3300002E-02  0.0000000E+00
  0.0000000E+00  0.6944000    
 ------------------------------------------------------------------------------
 num zone     16          17
 radius   0.39000E+00 0.48000E+00
 temper   0.58300E+03 0.58300E+03
 rez_izot    bad         bad 
 ------------------------------------------------------------------------------
    izotop   /             concentration number of izotops=68
  1 *h*      0.00000E+00 0.46847E-01
  2 *o*      0.00000E+00 0.23419E-01
  3 zr       0.43014E-01 0.00000E+00
:fier                                                                           
 condensation boundary was changed from  0.21500E+01 to  0.21544E+01
*** 4 *** ;egr=  2.1544    
    keff         nu           mu           fi           teta
  0.93892       2.2021       2.4177      0.27889      0.63235    
 s0z(n)=    1.249921      0.0000000E+00  0.0000000E+00   1.263236    
  0.0000000E+00  0.0000000E+00  0.0000000E+00  0.0000000E+00  0.0000000E+00
  0.0000000E+00  0.0000000E+00  0.0000000E+00  0.0000000E+00  0.0000000E+00
  0.0000000E+00  0.0000000E+00  0.0000000E+00
:macro                                                                          
 condensation boundary was changed from  0.21500E+01 to  0.21544E+01
 condensation boundary was changed from  0.21500E+01 to  0.21544E+01
    -------------------------------------------------------------------------------
    * n group   * e(i)        * e(i+1)      *spect neutron fission  *
          1       0.10500E+08    2.1544           0.99908    
          2        2.1544        0.0000           0.13967E-08
    *******************************************************************************
                                       **    macro cross section    **
    *******************************************************************************
    ** n zone    1 vzone=  91.926     /  1  2  3  4  5  6  7  8  9 10 11 12 13 14 15 16 17
*grp*flux 1/cm2c  * stotal      * sabs        * sfis.       * nu$sfis.    * 1/3*strans  *1/aver.veloci*aver power
  1  0.4181497     0.4754364     0.1916890E-01 0.5773025E-02 0.1463191E-01  1.345968     0.7965918E-06 0.7633148     0.5822646    
  2  0.1517763E-01 0.9794540     0.2042842     0.1141070     0.2844690     0.4118185     0.2200317E-05  1.392516     0.4177355    
                                       * matric. scat.cross. sec. from i to j  *
       i / j -->            1           2
       i        1 0.4488710     0.7396988E-02
       i        2 0.1060436E-03 0.7750641    
:dina                                                                           
    -------------------------------------------------------------------------------
    * n group   * e(i)        * e(i+1)
          1       0.20000E+08    0.0000    
    -------------------------------------------------------------------------------
          fraction of delay neutrons -betaj
           beta`j
           one group beta * 10e-4
  
          condensated zone : 1
 nt      1           2           3           4           5           6
 ne: 1  2.0753      8.9604      7.9223      15.074      2.4702      1.3609    
 ne: 1 0.54812E-01 0.23665     0.20924     0.39811     0.65241E-01 0.35942E-01
       37.86280    
    -------------------------------------------------------------------------------
    * n group   * e(i)        * e(i+1)
          1       0.20000E+08    0.0000    
    -------------------------------------------------------------------------------
          decay constant -lambdaj
           one group lambda
  
          condensated zone : 1
 nt      1           2           3           4           5           6
 ne: 1 0.12500E-01 0.35317E-01 0.14227     0.32917      1.0585      2.6188    
 1-group lambda   7.2247185E-02
    -------------------------------------------------------------------------------
    * n group   * e(i)        * e(i+1)
          1       0.20000E+08    0.0000    
    -------------------------------------------------------------------------------
          spectrum -xj
  
          condensated zone : 1
 nt      1           2           3           4           5           6
 ne: 1 0.16633E-04  0.0000      0.0000      0.0000      0.0000      0.0000    
    -------------------------------------------------------------------------------
    * n group   * e(i)        * e(i+1)
          1       0.10500E+08    0.0000    
    -------------------------------------------------------------------------------
          production part constant -alfa (id xe pm)
  
          condensated zone : 1
           1  4.4952869E-02  2.4867188E-03  8.5318359E-03
:fier                                                                           
 condensation boundary was changed from  0.21500E+01 to  0.21544E+01
*** 4 *** ;egr=  2.1544    
    keff         nu           mu           fi           teta
  0.93892       2.2021       2.4177      0.27889      0.63235    
 s0z(n)=    1.249921      0.0000000E+00  0.0000000E+00   1.263236    
  0.0000000E+00  0.0000000E+00  0.0000000E+00  0.0000000E+00  0.0000000E+00
  0.0000000E+00  0.0000000E+00  0.0000000E+00  0.0000000E+00  0.0000000E+00
  0.0000000E+00  0.0000000E+00  0.0000000E+00
:stop                                                                           
