 *****          file of input data set *******
:poly
 &vvod
 @ 1 tvel  cell@   rcel(1,1)=0.29,0.34,0.48,
                   ncelsos(1,1)=1,3,4
 @ 2 tvel  cell@   rcel(1,2)=0.29,0.34,0.48,
                   ncelsos(1,2)=1,3,4
 @ 3 svp-1 cell@   rcel(1,3)=0.29,0.34,0.48,
                   ncelsos(1,3)=5,3,4,
 @ 4 svp-2 cell@   rcel(1,4)=0.175,0.225,0.48,
                   ncelsos(1,4)=5,3,4,
 @ 5 az        @   rcel(1,5)=0.94,1.0,1.025,1.275,1.300,
                   ncelsos(1,5)=6,7,8,3,4,
 @ 6 km        @   rcel(1,6)=0.39,0.48,
                   ncelsos(1,6)=3,4,
                                                                                                                        
  t=0.6590e+03, 0.5970e+03, 0.5830e+03, 0.5830e+03, 0.5830e+03, 0.5830e+03,
@-----------------------------------------------------------------------
 troiz=
 @        1 tv_1     2 tv_2     3 zr_ob_tv 4 h2o      5 svp      6 az       7 ob_pel   8 vozduh
 @ *h*  @ 0.000000 , 0.000000 , 0.000000 , 0.046847 , 0.000000 , 0.000000 , 0.000000 , 0.000000 ,
 @ *o*  @ 0.000000 , 0.000000 , 0.000000 , 0.023419 , 0.000000 , 0.000000 , 0.000000 , 0.000000 ,
 @ zr   @ 0.000000 , 0.000000 , 0.043014 , 0.000000 , 0.000000 , 0.000000 , 0.000000 , 0.000000 ,
 @ u233 @ 0.003375 , 0.003068 , 0.000000 , 0.000000 , 0.000000 , 0.000000 , 0.000000 , 0.000000 ,
 @ u238 @ 0.017078 , 0.017384 , 0.000000 , 0.000000 , 0.000000 , 0.000000 , 0.000000 , 0.000000 ,
 @ o    @ 0.040904 , 0.040904 , 0.000000 , 0.000000 , 0.019009 , 0.000000 , 0.000000 , 0.008603 ,
 @ *c*  @ 0.000000 , 0.000000 , 0.000000 , 0.000000 , 0.000000 , 0.000000 , 0.000000 , 0.000000 ,
 @ al   @ 0.005798 , 0.005798 , 0.000000 , 0.000000 , 0.057980 , 0.000000 , 0.000000 , 0.000000 ,
 @ b-10 @ 0.000000 , 0.000000 , 0.000000 , 0.000000 , 0.000000 , 0.120000 , 0.000000 , 0.000000 ,
 @ c    @ 0.000000 , 0.000000 , 0.000000 , 0.000000 , 0.000000 , 0.028952 , 0.000000 , 0.000000 ,
 @ gd57 @ 0.000000 , 0.000000 , 0.000000 , 0.000000 , 0.022673 , 0.000000 , 0.000000 , 0.000000 ,
 @ ni   @ 0.000000 , 0.000000 , 0.000000 , 0.000000 , 0.000000 , 0.000000 , 0.051748 , 0.000000 ,
 @ cr   @ 0.000000 , 0.000000 , 0.000000 , 0.000000 , 0.000000 , 0.000000 , 0.034972 , 0.000000 ,
 @ n    @ 0.000000 , 0.000000 , 0.000000 , 0.000000 , 0.000000 , 0.000000 , 0.000000 , 0.025809 ,
@-----------------------------------------------------------------------
 ntcell=1,2,3,4,5,6,
 krat= 51,18,9,6,7,1,
 alout=
       0.5882 , 0.1372 , 0.1176 , 0.0000 , 0.0000 , 0.1586,
       0.3888 , 0.3333 , 0.0000 , 0.2222 , 0.0555 , 0.0000,
       0.6666 , 0.0000 , 0.0000 , 0.0000 , 0.0000 , 0.3333,
       0.0000 , 0.6666 , 0.0000 , 0.0000 , 0.3333 , 0.0000,
       0.0000 , 0.3333 , 0.0000 , 0.6666 , 0.0000 , 0.0000,
       0.2222 , 0.0000 , 0.0833 , 0.0000 , 0.0000 , 0.6944,
                                                                                                                        
 material(1)='chmc',
 &end
*h*
*o*
zr
u233
u238
o
*c*
al
b-10
c
gd57
ni
cr
n
****
:corr
 &vvod &end
:fier
 &vvod &end
:macro
 &vvod
  et=10.5e+6,2.15,2.15,0.,
 @nbv=1,1,1,1,1,1,1,1,1,1,1,1,1,1,
 &end
@:stop@
:dina
 &vvod
 &end
                                                                                                                        
:fier
 &vvod &end
                                                                                                                        
:stop
                                                                                                                        
@ 1 step - 5. days!----------
:burn
 &vvod qv=114.0,dtim=5.0,
 &end
:corr
 &vvod &end
:fier
 &vvod &end
@ 2 step - 50.0 days!----------
:burn
 &vvod qv=114.0,dtim=50.0,
 &end
:corr
 &vvod &end
:fier
 &vvod &end
@ 3 step - 50.0 days!----------
:burn
 &vvod qv=114.0,dtim=50.0,
 &end
:corr
 &vvod &end
:fier
 &vvod &end
                                                                                                                        
@ 3 step - 50.0 days!----------
:burn
 &vvod qv=114.0,dtim=50.0,
 &end
:corr
 &vvod &end
:fier
 &vvod &end
                                                                                                                        
@ 3 step - 50.0 days!----------
:burn
 &vvod qv=114.0,dtim=50.0,
 &end
:corr
 &vvod &end
:fier
 &vvod &end
                                                                                                                        
@ 3 step - 50.0 days!----------
:burn
 &vvod qv=114.0,dtim=50.0,
 &end
:corr
 &vvod &end
:fier
 &vvod &end
                                                                                                                        
@ 3 step - 50.0 days!----------
:burn
 &vvod qv=114.0,dtim=50.0,
 &end
:corr
 &vvod &end
:fier
 &vvod &end
                                                                                                                        
@ 3 step - 50.0 days!----------
:burn
 &vvod qv=114.0,dtim=50.0,
 &end
:corr
 &vvod &end
:fier
 &vvod &end
                                                                                                                        
@ 3 step - 50.0 days!----------
:burn
 &vvod qv=114.0,dtim=50.0,
 &end
:corr
 &vvod &end
:fier
 &vvod &end
                                                                                                                        
@ 3 step - 50.0 days!----------
:burn
 &vvod qv=114.0,dtim=50.0,
 &end
:corr
 &vvod &end
:fier
 &vvod &end
                                                                                                                        
@ 3 step - 50.0 days!----------
:burn
 &vvod qv=114.0,dtim=50.0,
 &end
:corr
 &vvod &end
:fier
 &vvod &end
                                                                                                                        
@ 3 step - 50.0 days!----------
:burn
 &vvod qv=114.0,dtim=50.0,
 &end
:corr
 &vvod &end
:fier
 &vvod &end
                                                                                                                        
@ 3 step - 50.0 days!----------
:burn
 &vvod qv=114.0,dtim=50.0,
 &end
:corr
 &vvod &end
:fier
 &vvod &end
                                                                                                                        
@ 3 step - 50.0 days!----------
:burn
 &vvod qv=114.0,dtim=50.0,
 &end
:corr
 &vvod &end
:fier
 &vvod &end
                                                                                                                        
@ 3 step - 50.0 days!----------
:burn
 &vvod qv=114.0,dtim=50.0,
 &end
:corr
 &vvod &end
:fier
 &vvod &end
                                                                                                                        
:stop
 ***** end of   file of input data set *******
:poly                                                                           
  rout and rin were constructed
Rout= 0.290, 0.340, 0.480, 0.290, 0.340, 0.480, 0.290, 0.340, 0.480, 0.175,
 0.225, 0.480, 0.940, 1.000, 1.025, 1.275, 1.300, 0.390, 0.480,
Rin = 0.000, 0.290, 0.340, 0.000, 0.290, 0.340, 0.000, 0.290, 0.340, 0.000,
 0.175, 0.225, 0.000, 0.940, 1.000, 1.025, 1.275, 0.000, 0.390,
  nsos  was constructed
nsos=  1,  3,  4,  1,  3,  4,  5,  3,  4,  5,
  3,  4,  6,  7,  8,  3,  4,  3,  4,
 definition izotr in sos           1:izotr=   5.000000    
 definition izotr in sos           2:izotr=   5.000000    
  *******<< check input data>> programm declare *******
    --undeclared parametr--cefzad  -- programm standart value --cefzad  =  0.100000E+01
  *******<< check input data>> programm declare *******
    --undeclared parametr--bakl    -- programm standart value --bakl    =  0.000000E+00
  *******<< check input data>> programm declare *******
    --undeclared parametr--alin    -- programm standart value --alin    =  0.000000E+00  0.000000E+00
     0.000000E+00  0.000000E+00  0.000000E+00  0.000000E+00  0.000000E+00  0.000000E+00  0.000000E+00
     0.000000E+00  0.000000E+00  0.000000E+00  0.000000E+00  0.000000E+00  0.000000E+00  0.000000E+00
     0.000000E+00  0.000000E+00  0.000000E+00  0.000000E+00  0.000000E+00  0.000000E+00  0.000000E+00
     0.000000E+00  0.000000E+00  0.000000E+00  0.000000E+00  0.000000E+00  0.000000E+00  0.000000E+00
     0.000000E+00  0.000000E+00  0.000000E+00  0.000000E+00  0.000000E+00  0.000000E+00
  *******<< check input data>> programm declare *******
    --undeclared parametr--alcorr  -- programm standart value --alcorr  =  0.100000E+01  0.100000E+01
     0.100000E+01  0.100000E+01  0.100000E+01  0.100000E+01  0.100000E+01  0.100000E+01  0.100000E+01
     0.100000E+01  0.100000E+01  0.100000E+01  0.100000E+01  0.100000E+01  0.100000E+01  0.100000E+01
     0.100000E+01  0.100000E+01  0.100000E+01  0.100000E+01  0.100000E+01  0.100000E+01  0.100000E+01
     0.100000E+01  0.100000E+01  0.100000E+01  0.100000E+01  0.100000E+01  0.100000E+01  0.100000E+01
     0.100000E+01  0.100000E+01  0.100000E+01  0.100000E+01  0.100000E+01  0.100000E+01
  *******<< check input data>> programm declare *******
    --uncorrected definition--alin    --bat programm use this value --alin      0.000000E+00  0.000000E+00
     0.000000E+00  0.000000E+00  0.000000E+00  0.000000E+00  0.000000E+00  0.000000E+00  0.000000E+00
     0.000000E+00  0.000000E+00  0.000000E+00  0.000000E+00  0.000000E+00  0.000000E+00  0.000000E+00
     0.000000E+00  0.000000E+00  0.000000E+00  0.000000E+00  0.000000E+00  0.000000E+00  0.000000E+00
     0.000000E+00  0.000000E+00  0.000000E+00  0.000000E+00  0.000000E+00  0.000000E+00  0.000000E+00
     0.000000E+00  0.000000E+00  0.000000E+00  0.000000E+00  0.000000E+00  0.000000E+00
  *******<< check input data>> programm declare *******
    --uncorrected definition--alout   --bat programm use this value --alout     0.588200E+00  0.137200E+00
     0.117600E+00  0.000000E+00  0.000000E+00  0.158600E+00  0.388800E+00  0.333300E+00  0.000000E+00
     0.222200E+00  0.555000E-01  0.000000E+00  0.666600E+00  0.000000E+00  0.000000E+00  0.000000E+00
     0.000000E+00  0.333300E+00  0.000000E+00  0.666600E+00  0.000000E+00  0.000000E+00  0.333300E+00
     0.000000E+00  0.000000E+00  0.333300E+00  0.000000E+00  0.666600E+00  0.000000E+00  0.000000E+00
     0.222200E+00  0.000000E+00  0.833000E-01  0.000000E+00  0.000000E+00  0.694400E+00
  *******<< check input data>> programm declare *******
    --undeclared parametr--nbv     -- programm standart value --nbv     =    1    1    1    1    1    1
       1    1    1    1    1    1    1    1    1    1    1    1    1
  *******<< check input data>> programm declare *******
    --undeclared parametr--et      -- programm standart value --et      =  0.105000E+08  0.215000E+01
     0.215000E+01  0.000000E+00
    ????  storage for pr. getter =     1900 ?? common /rrr/ rab(        0 )  ????
 ------------------------------------------------------------------------------
  backling =  0.0000000E+00
 ------------------------------------------------------------------------------
  number of cells =           6
          cell number    1  number of zone= 3
 << geometry characteristics >>
    geometry of cell- cilindrical index=           2
  kratnost of cell =   51.00000    
  inner radius of cell =  0.0000000E+00
  out square ratio =  0.5882000      0.1372000      0.1176000      0.0000000E+00
  0.0000000E+00  0.1586000    
 ------------------------------------------------------------------------------
 num zone      1           2           3
 radius   0.29000E+00 0.34000E+00 0.48000E+00
 temper   0.65900E+03 0.58300E+03 0.58300E+03
 rez_izot    u238        bad         bad 
 ------------------------------------------------------------------------------
    izotop   /             concentration number of izotops=69
  1 *h*      0.00000E+00 0.00000E+00 0.46847E-01
  2 *o*      0.00000E+00 0.00000E+00 0.23419E-01
  3 zr       0.00000E+00 0.43014E-01 0.00000E+00
  4 u233     0.33750E-02 0.00000E+00 0.00000E+00
  5 u238     0.17078E-01 0.00000E+00 0.00000E+00
  6 o        0.40904E-01 0.00000E+00 0.00000E+00
  8 al       0.57980E-02 0.00000E+00 0.00000E+00
 ------------------------------------------------------------------------------
  number of cells =           6
          cell number    2  number of zone= 3
 << geometry characteristics >>
    geometry of cell- cilindrical index=           2
  kratnost of cell =   18.00000    
  inner radius of cell =  0.0000000E+00
  out square ratio =  0.3888000      0.3333000      0.0000000E+00  0.2222000    
  5.5500001E-02  0.0000000E+00
 ------------------------------------------------------------------------------
 num zone      4           5           6
 radius   0.29000E+00 0.34000E+00 0.48000E+00
 temper   0.65900E+03 0.58300E+03 0.58300E+03
 rez_izot    u238        bad         bad 
 ------------------------------------------------------------------------------
    izotop   /             concentration number of izotops=69
  1 *h*      0.00000E+00 0.00000E+00 0.46847E-01
  2 *o*      0.00000E+00 0.00000E+00 0.23419E-01
  3 zr       0.00000E+00 0.43014E-01 0.00000E+00
  4 u233     0.33750E-02 0.00000E+00 0.00000E+00
  5 u238     0.17078E-01 0.00000E+00 0.00000E+00
  6 o        0.40904E-01 0.00000E+00 0.00000E+00
  8 al       0.57980E-02 0.00000E+00 0.00000E+00
 ------------------------------------------------------------------------------
  number of cells =           6
          cell number    3  number of zone= 3
 << geometry characteristics >>
    geometry of cell- cilindrical index=           2
  kratnost of cell =   9.000000    
  inner radius of cell =  0.0000000E+00
  out square ratio =  0.6666000      0.0000000E+00  0.0000000E+00  0.0000000E+00
  0.0000000E+00  0.3333000    
 ------------------------------------------------------------------------------
 num zone      7           8           9
 radius   0.29000E+00 0.34000E+00 0.48000E+00
 temper   0.58300E+03 0.58300E+03 0.58300E+03
 rez_izot    bad         bad         bad 
 ------------------------------------------------------------------------------
    izotop   /             concentration number of izotops=69
  1 *h*      0.00000E+00 0.00000E+00 0.46847E-01
  2 *o*      0.00000E+00 0.00000E+00 0.23419E-01
  3 zr       0.00000E+00 0.43014E-01 0.00000E+00
  6 o        0.19009E-01 0.00000E+00 0.00000E+00
  8 al       0.57980E-01 0.00000E+00 0.00000E+00
 11 gd57     0.22673E-01 0.00000E+00 0.00000E+00
 ------------------------------------------------------------------------------
  number of cells =           6
          cell number    4  number of zone= 3
 << geometry characteristics >>
    geometry of cell- cilindrical index=           2
  kratnost of cell =   6.000000    
  inner radius of cell =  0.0000000E+00
  out square ratio =  0.0000000E+00  0.6666000      0.0000000E+00  0.0000000E+00
  0.3333000      0.0000000E+00
 ------------------------------------------------------------------------------
 num zone     10          11          12
 radius   0.17500E+00 0.22500E+00 0.48000E+00
 temper   0.58300E+03 0.58300E+03 0.58300E+03
 rez_izot    bad         bad         bad 
 ------------------------------------------------------------------------------
    izotop   /             concentration number of izotops=69
  1 *h*      0.00000E+00 0.00000E+00 0.46847E-01
  2 *o*      0.00000E+00 0.00000E+00 0.23419E-01
  3 zr       0.00000E+00 0.43014E-01 0.00000E+00
  6 o        0.19009E-01 0.00000E+00 0.00000E+00
  8 al       0.57980E-01 0.00000E+00 0.00000E+00
 11 gd57     0.22673E-01 0.00000E+00 0.00000E+00
 ------------------------------------------------------------------------------
  number of cells =           6
          cell number    5  number of zone= 5
 << geometry characteristics >>
    geometry of cell- cilindrical index=           2
  kratnost of cell =   7.000000    
  inner radius of cell =  0.0000000E+00
  out square ratio =  0.0000000E+00  0.3333000      0.0000000E+00  0.6666000    
  0.0000000E+00  0.0000000E+00
 ------------------------------------------------------------------------------
 num zone     13          14          15          16          17
 radius   0.94000E+00 0.10000E+01 0.10250E+01 0.12750E+01 0.13000E+01
 temper   0.58300E+03 0.30000E+03 0.30000E+03 0.58300E+03 0.58300E+03
 rez_izot    bad         bad         bad         bad         bad 
 ------------------------------------------------------------------------------
    izotop   /             concentration number of izotops=69
  1 *h*      0.00000E+00 0.00000E+00 0.00000E+00 0.00000E+00 0.46847E-01
  2 *o*      0.00000E+00 0.00000E+00 0.00000E+00 0.00000E+00 0.23419E-01
  3 zr       0.00000E+00 0.00000E+00 0.00000E+00 0.43014E-01 0.00000E+00
  6 o        0.00000E+00 0.00000E+00 0.86030E-02 0.00000E+00 0.00000E+00
  9 b-10     0.12000E+00 0.00000E+00 0.00000E+00 0.00000E+00 0.00000E+00
 10 c        0.28952E-01 0.00000E+00 0.00000E+00 0.00000E+00 0.00000E+00
 12 ni       0.00000E+00 0.51748E-01 0.00000E+00 0.00000E+00 0.00000E+00
 13 cr       0.00000E+00 0.34972E-01 0.00000E+00 0.00000E+00 0.00000E+00
 14 n        0.00000E+00 0.00000E+00 0.25809E-01 0.00000E+00 0.00000E+00
 ------------------------------------------------------------------------------
  number of cells =           6
          cell number    6  number of zone= 2
 << geometry characteristics >>
    geometry of cell- cilindrical index=           2
  kratnost of cell =   1.000000    
  inner radius of cell =  0.0000000E+00
  out square ratio =  0.2222000      0.0000000E+00  8.3300002E-02  0.0000000E+00
  0.0000000E+00  0.6944000    
 ------------------------------------------------------------------------------
 num zone     18          19
 radius   0.39000E+00 0.48000E+00
 temper   0.58300E+03 0.58300E+03
 rez_izot    bad         bad 
 ------------------------------------------------------------------------------
    izotop   /             concentration number of izotops=69
  1 *h*      0.00000E+00 0.46847E-01
  2 *o*      0.00000E+00 0.23419E-01
  3 zr       0.43014E-01 0.00000E+00
    > CONSYST Program Ver: 98.01 > started at  0: 0: 0:  
    { Manturov G., E-mail: abbn@ippe.rssi.ru}
 
       -------------------------------
 
       CONSYST INPUT DATA READ FROM : cons.dat
       CONSYST PROTOCOL STORED IN   : RESULT
       GMF X-SECTION'S FILE         : OUT
       TEMPORARY FILE               : RAB
       ABBN BASIC DATA SET FROM     : ..\bin\Bnab90.lib
       ABBN MULTIC DATA SET FROM    : ..\bin\Bnabmlt.lib
       ABBN THERMAL DATA SET FROM   : ..\bin\BNABTHM.lib
 
    >>  K-inf(MLT)= 1.69935 Balance= 1.00299 NU= 2.59 FI-Sum=  7.37E+01
    >   Include Thermal Matrix > H(H2O):BNABTHM.BIN   Temp=  500K
    >   Include Thermal Matrix > H(H2O):BNABTHM.BIN   Temp=  600K
    >>  K-inf(MLT)= 1.69662 Balance= 1.00299 NU= 2.59 FI-Sum=  7.36E+01
    >   Include Thermal Matrix > H(H2O):BNABTHM.BIN   Temp=  500K
    >   Include Thermal Matrix > H(H2O):BNABTHM.BIN   Temp=  600K
    >   Include Thermal Matrix > H(H2O):BNABTHM.BIN   Temp=  500K
    >   Include Thermal Matrix > H(H2O):BNABTHM.BIN   Temp=  600K
    >   Include Thermal Matrix > H(H2O):BNABTHM.BIN   Temp=  500K
    >   Include Thermal Matrix > H(H2O):BNABTHM.BIN   Temp=  600K
    >   Include Thermal Matrix > H(H2O):BNABTHM.BIN   Temp=  500K
    >   Include Thermal Matrix > H(H2O):BNABTHM.BIN   Temp=  600K
    >   Include Thermal Matrix > H(H2O):BNABTHM.BIN   Temp=  500K
    >   Include Thermal Matrix > H(H2O):BNABTHM.BIN   Temp=  600K
    > CONSYST finished at  0: 0: 0:  
 therm. calculation avoided
 therm. calculation avoided
 therm. calculation avoided
 therm. calculation avoided
 therm. calculation avoided
 therm. calculation avoided
 therm. calculation avoided
 *************************************************
   ***k(inf)= 1.00036     ***k(itt)= 1.02603     ***k(integ)= 1.00036    ***
   **bakl=  0.0000     **length= 0.10000E+11  ***
   **matr.  alout*alcorr a(k,i)(k=1,ncel) ***
     * 0.58820     0.13720     0.11760      0.0000      0.0000     0.15860    
     * 0.38880     0.33330      0.0000     0.22220     0.55500E-01  0.0000    
     * 0.66660      0.0000      0.0000      0.0000      0.0000     0.33330    
     *  0.0000     0.66660      0.0000      0.0000     0.33330      0.0000    
     *  0.0000     0.33330      0.0000     0.66660      0.0000      0.0000    
     * 0.22220      0.0000     0.83300E-01  0.0000      0.0000     0.69440    
 lokal kner      in cell ,ru=           1=   1.042285       1.038746    
 lokal kner      in cell ,ru=           2=  0.8801923      0.8902182    
 lokal kner      in cell ,ru=           3=  0.0000000E+00   2.342802    
 lokal kner      in cell ,ru=           4=  0.0000000E+00  0.7247386    
 lokal kner      in cell ,ru=           5=  0.0000000E+00  0.5509079    
 lokal kner      in cell ,ru=           6=  0.0000000E+00   1.127649    
:corr                                                                           
 ------------------------------------------------------------------------------
  backling =  0.0000000E+00
 ------------------------------------------------------------------------------
  number of cells =           6
          cell number    1  number of zone= 3
 << geometry characteristics >>
    geometry of cell- cilindrical index=           2
  kratnost of cell =   51.00000    
  inner radius of cell =  0.0000000E+00
  out square ratio =  0.5882000      0.1372000      0.1176000      0.0000000E+00
  0.0000000E+00  0.1586000    
 ------------------------------------------------------------------------------
 num zone      1           2           3
 radius   0.29000E+00 0.34000E+00 0.48000E+00
 temper   0.65900E+03 0.58300E+03 0.58300E+03
 rez_izot    u238        bad         bad 
 ------------------------------------------------------------------------------
    izotop   /             concentration number of izotops=69
  1 *h*      0.00000E+00 0.00000E+00 0.46847E-01
  2 *o*      0.00000E+00 0.00000E+00 0.23419E-01
  3 zr       0.00000E+00 0.43014E-01 0.00000E+00
  4 u233     0.33750E-02 0.00000E+00 0.00000E+00
  5 u238     0.17078E-01 0.00000E+00 0.00000E+00
  6 o        0.40904E-01 0.00000E+00 0.00000E+00
  8 al       0.57980E-02 0.00000E+00 0.00000E+00
 ------------------------------------------------------------------------------
  number of cells =           6
          cell number    2  number of zone= 3
 << geometry characteristics >>
    geometry of cell- cilindrical index=           2
  kratnost of cell =   18.00000    
  inner radius of cell =  0.0000000E+00
  out square ratio =  0.3888000      0.3333000      0.0000000E+00  0.2222000    
  5.5500001E-02  0.0000000E+00
 ------------------------------------------------------------------------------
 num zone      4           5           6
 radius   0.29000E+00 0.34000E+00 0.48000E+00
 temper   0.65900E+03 0.58300E+03 0.58300E+03
 rez_izot    u238        bad         bad 
 ------------------------------------------------------------------------------
    izotop   /             concentration number of izotops=69
  1 *h*      0.00000E+00 0.00000E+00 0.46847E-01
  2 *o*      0.00000E+00 0.00000E+00 0.23419E-01
  3 zr       0.00000E+00 0.43014E-01 0.00000E+00
  4 u233     0.33750E-02 0.00000E+00 0.00000E+00
  5 u238     0.17078E-01 0.00000E+00 0.00000E+00
  6 o        0.40904E-01 0.00000E+00 0.00000E+00
  8 al       0.57980E-02 0.00000E+00 0.00000E+00
 ------------------------------------------------------------------------------
  number of cells =           6
          cell number    3  number of zone= 3
 << geometry characteristics >>
    geometry of cell- cilindrical index=           2
  kratnost of cell =   9.000000    
  inner radius of cell =  0.0000000E+00
  out square ratio =  0.6666000      0.0000000E+00  0.0000000E+00  0.0000000E+00
  0.0000000E+00  0.3333000    
 ------------------------------------------------------------------------------
 num zone      7           8           9
 radius   0.29000E+00 0.34000E+00 0.48000E+00
 temper   0.58300E+03 0.58300E+03 0.58300E+03
 rez_izot    bad         bad         bad 
 ------------------------------------------------------------------------------
    izotop   /             concentration number of izotops=69
  1 *h*      0.00000E+00 0.00000E+00 0.46847E-01
  2 *o*      0.00000E+00 0.00000E+00 0.23419E-01
  3 zr       0.00000E+00 0.43014E-01 0.00000E+00
  6 o        0.19009E-01 0.00000E+00 0.00000E+00
  8 al       0.57980E-01 0.00000E+00 0.00000E+00
 11 gd57     0.22673E-01 0.00000E+00 0.00000E+00
 ------------------------------------------------------------------------------
  number of cells =           6
          cell number    4  number of zone= 3
 << geometry characteristics >>
    geometry of cell- cilindrical index=           2
  kratnost of cell =   6.000000    
  inner radius of cell =  0.0000000E+00
  out square ratio =  0.0000000E+00  0.6666000      0.0000000E+00  0.0000000E+00
  0.3333000      0.0000000E+00
 ------------------------------------------------------------------------------
 num zone     10          11          12
 radius   0.17500E+00 0.22500E+00 0.48000E+00
 temper   0.58300E+03 0.58300E+03 0.58300E+03
 rez_izot    bad         bad         bad 
 ------------------------------------------------------------------------------
    izotop   /             concentration number of izotops=69
  1 *h*      0.00000E+00 0.00000E+00 0.46847E-01
  2 *o*      0.00000E+00 0.00000E+00 0.23419E-01
  3 zr       0.00000E+00 0.43014E-01 0.00000E+00
  6 o        0.19009E-01 0.00000E+00 0.00000E+00
  8 al       0.57980E-01 0.00000E+00 0.00000E+00
 11 gd57     0.22673E-01 0.00000E+00 0.00000E+00
 ------------------------------------------------------------------------------
  number of cells =           6
          cell number    5  number of zone= 5
 << geometry characteristics >>
    geometry of cell- cilindrical index=           2
  kratnost of cell =   7.000000    
  inner radius of cell =  0.0000000E+00
  out square ratio =  0.0000000E+00  0.3333000      0.0000000E+00  0.6666000    
  0.0000000E+00  0.0000000E+00
 ------------------------------------------------------------------------------
 num zone     13          14          15          16          17
 radius   0.94000E+00 0.10000E+01 0.10250E+01 0.12750E+01 0.13000E+01
 temper   0.58300E+03 0.30000E+03 0.30000E+03 0.58300E+03 0.58300E+03
 rez_izot    bad         bad         bad         bad         bad 
 ------------------------------------------------------------------------------
    izotop   /             concentration number of izotops=69
  1 *h*      0.00000E+00 0.00000E+00 0.00000E+00 0.00000E+00 0.46847E-01
  2 *o*      0.00000E+00 0.00000E+00 0.00000E+00 0.00000E+00 0.23419E-01
  3 zr       0.00000E+00 0.00000E+00 0.00000E+00 0.43014E-01 0.00000E+00
  6 o        0.00000E+00 0.00000E+00 0.86030E-02 0.00000E+00 0.00000E+00
  9 b-10     0.12000E+00 0.00000E+00 0.00000E+00 0.00000E+00 0.00000E+00
 10 c        0.28952E-01 0.00000E+00 0.00000E+00 0.00000E+00 0.00000E+00
 12 ni       0.00000E+00 0.51748E-01 0.00000E+00 0.00000E+00 0.00000E+00
 13 cr       0.00000E+00 0.34972E-01 0.00000E+00 0.00000E+00 0.00000E+00
 14 n        0.00000E+00 0.00000E+00 0.25809E-01 0.00000E+00 0.00000E+00
 ------------------------------------------------------------------------------
  number of cells =           6
          cell number    6  number of zone= 2
 << geometry characteristics >>
    geometry of cell- cilindrical index=           2
  kratnost of cell =   1.000000    
  inner radius of cell =  0.0000000E+00
  out square ratio =  0.2222000      0.0000000E+00  8.3300002E-02  0.0000000E+00
  0.0000000E+00  0.6944000    
 ------------------------------------------------------------------------------
 num zone     18          19
 radius   0.39000E+00 0.48000E+00
 temper   0.58300E+03 0.58300E+03
 rez_izot    bad         bad 
 ------------------------------------------------------------------------------
    izotop   /             concentration number of izotops=69
  1 *h*      0.00000E+00 0.46847E-01
  2 *o*      0.00000E+00 0.23419E-01
  3 zr       0.43014E-01 0.00000E+00
:fier                                                                           
 condensation boundary was changed from  0.21500E+01 to  0.21544E+01
*** 4 *** ;egr=  2.1544    
    keff         nu           mu           fi           teta
   1.0004       2.2070       2.5015      0.27682      0.65456    
 s0z(n)=    1.046146      0.0000000E+00  0.0000000E+00   1.768222    
  0.0000000E+00  0.0000000E+00  0.0000000E+00  0.0000000E+00  0.0000000E+00
  0.0000000E+00  0.0000000E+00  0.0000000E+00  0.0000000E+00  0.0000000E+00
  0.0000000E+00  0.0000000E+00  0.0000000E+00  0.0000000E+00  0.0000000E+00
:macro                                                                          
 condensation boundary was changed from  0.21500E+01 to  0.21544E+01
 condensation boundary was changed from  0.21500E+01 to  0.21544E+01
    -------------------------------------------------------------------------------
    * n group   * e(i)        * e(i+1)      *spect neutron fission  *
          1       0.10500E+08    2.1544           0.99908    
          2        2.1544        0.0000           0.13963E-08
    *******************************************************************************
                                       **    macro cross section    **
    *******************************************************************************
    ** n zone    1 vzone=  98.690     /  1  2  3  4  5  6  7  8  9 10 11 12 13 14 15 16 17 18 19
*grp*flux 1/cm2c  * stotal      * sabs        * sfis.       * nu$sfis.    * 1/3*strans  *1/aver.veloci*aver power
  1  0.3996638     0.4680041     0.1874138E-01 0.6143115E-02 0.1555776E-01  1.344885     0.8073653E-06 0.8301288     0.5963715    
  2  0.1370510E-01 0.9734241     0.2092343     0.1212457     0.3022658     0.4113112     0.2110169E-05  1.444628     0.4036285    
                                       * matric. scat.cross. sec. from i to j  *
       i / j -->            1           2
       i        1 0.4421043     0.7158349E-02
       i        2 0.1070761E-03 0.7640824    
:dina                                                                           
    -------------------------------------------------------------------------------
    * n group   * e(i)        * e(i+1)
          1       0.20000E+08    0.0000    
    -------------------------------------------------------------------------------
          fraction of delay neutrons -betaj
           beta`j
           one group beta * 10e-4
  
          condensated zone : 1
 nt      1           2           3           4           5           6
 ne: 1  2.0779      8.9276      7.8896      14.965      2.3952      1.3215    
 ne: 1 0.55299E-01 0.23758     0.20996     0.39825     0.63741E-01 0.35169E-01
       37.57663    
    -------------------------------------------------------------------------------
    * n group   * e(i)        * e(i+1)
          1       0.20000E+08    0.0000    
    -------------------------------------------------------------------------------
          decay constant -lambdaj
           one group lambda
  
          condensated zone : 1
 nt      1           2           3           4           5           6
 ne: 1 0.12500E-01 0.35336E-01 0.14232     0.32910      1.0577      2.6185    
 1-group lambda   7.1908161E-02
    -------------------------------------------------------------------------------
    * n group   * e(i)        * e(i+1)
          1       0.20000E+08    0.0000    
    -------------------------------------------------------------------------------
          spectrum -xj
  
          condensated zone : 1
 nt      1           2           3           4           5           6
 ne: 1 0.15368E-04  0.0000      0.0000      0.0000      0.0000      0.0000    
    -------------------------------------------------------------------------------
    * n group   * e(i)        * e(i+1)
          1       0.10500E+08    0.0000    
    -------------------------------------------------------------------------------
          production part constant -alfa (id xe pm)
  
          condensated zone : 1
           1  4.4886187E-02  2.4946474E-03  8.4946146E-03
:fier                                                                           
 condensation boundary was changed from  0.21500E+01 to  0.21544E+01
*** 4 *** ;egr=  2.1544    
    keff         nu           mu           fi           teta
   1.0004       2.2070       2.5015      0.27682      0.65456    
 s0z(n)=    1.046146      0.0000000E+00  0.0000000E+00   1.768222    
  0.0000000E+00  0.0000000E+00  0.0000000E+00  0.0000000E+00  0.0000000E+00
  0.0000000E+00  0.0000000E+00  0.0000000E+00  0.0000000E+00  0.0000000E+00
  0.0000000E+00  0.0000000E+00  0.0000000E+00  0.0000000E+00  0.0000000E+00
:stop                                                                           
