 *****          file of input data set *******
 *****          file of input data set *******
:poly
 &vvod
 @ 1 tvel  cell@   rcel(1,1)=0.386,0.455,0.670,
                   ncelsos(1,1)=1,2,3,
 @ 2 svp-2 cell@   rcel(1,4)=0.386,0.455,0.670,
                   ncelsos(1,4)=4,2,3,
                                                                                                                        
  t=      1.000e+03, 0.576e+03, 0.576e+03, 0.576e+03
@-----------------------------------------------------
 troiz=
  @       1 tv_1     2 zr_ob_tv 3 h2o      4 svp
 @ *h*  @ 0.000000 , 0.000000 , 0.047600 , 0.000000 ,
 @ *o*  @ 0.000000 , 0.000000 , 0.023800 , 0.000000 ,
 @ zr   @ 0.000000 , 0.042860 , 0.000000 , 0.000000 ,
 @ pu39 @ 0.000720 , 0.000000 , 0.000000 , 0.000000 ,
 @ u235 @ 0.000010 , 0.000000 , 0.000000 , 0.000000 ,
 @ u238 @ 0.019180 , 0.000000 , 0.000000 , 0.000000 ,
 @ o    @ 0.040000 , 0.000000 , 0.000000 , 0.000000 ,
 @ al   @ 0.000000 , 0.000000 , 0.000000 , 0.062850 ,
 @ b-11 @ 0.000000 , 0.000000 , 0.000000 , 0.001970 ,
 @ b-10 @ 0.000000 , 0.000000 , 0.000000 , 0.000430 ,
                                                                                                                        
@----------------------------------------------------
 ntcell=1
krat= 330
@alout=
 @     1 0
  @    1 0
                                                                                                                        
 material(1)='chmc',
 &end
*h*
*o*
zr
pu39
u235
u238
o
al
b-11
b-10
****
:corr
 &vvod &end
:fier
 &vvod &end
:macro
 &vvod
  et=10.5e+6,2.15,2.15,0.,
 @nbv=1,1,1,1,1,1,1,1,1,1,1,1,1,1,
 &end
:stop
:dina
 &vvod
 &end
:fier
 &vvod &end
                                                                                                                        
@ 1 step - 5. days!----------
:burn
 &vvod qv=138,dtim=5.0,
 &end
:corr
 &vvod &end
:fier
 &vvod &end
@ 2 step - 50.0 days!----------
:burn
 &vvod qv=138,dtim=50.0,
 &end
:corr
 &vvod &end
:fier
 &vvod &end
@ 3 step - 50.0 days!----------
:burn
 &vvod qv=138,dtim=50.0,
 &end
:corr
 &vvod &end
:fier
 &vvod &end
                                                                                                                        
@ 3 step - 50.0 days!----------
:burn
 &vvod qv=138,dtim=50.0,
 &end
:corr
 &vvod &end
:fier
 &vvod &end
                                                                                                                        
@ 3 step - 50.0 days!----------
:burn
 &vvod qv=138,dtim=50.0,
 &end
:corr
 &vvod &end
:fier
 &vvod &end
                                                                                                                        
@ 3 step - 50.0 days!----------
:burn
 &vvod qv=138,dtim=50.0,
 &end
:corr
 &vvod &end
:fier
 &vvod &end
                                                                                                                        
@ 3 step - 50.0 days!----------
:burn
 &vvod qv=138,dtim=50.0,
 &end
:corr
 &vvod &end
:fier
 &vvod &end
                                                                                                                        
@ 3 step - 50.0 days!----------
:burn
 &vvod qv=138,dtim=50.0,
 &end
:corr
 &vvod &end
:fier
 &vvod &end
                                                                                                                        
@ 3 step - 50.0 days!----------
:burn
 &vvod qv-138,dtim=50.0,
 &end
:corr
 &vvod &end
:fier
 &vvod &end
                                                                                                                        
@ 3 step - 50.0 days!----------
:burn
 &vvod qv=138,dtim=50.0,
 &end
:corr
 &vvod &end
:fier
 &vvod &end
                                                                                                                        
@ 3 step - 50.0 days!----------
:burn
 &vvod qv=138,dtim=50.0,
 &end
:corr
 &vvod &end
:fier
 &vvod &end
                                                                                                                        
@ 3 step - 50.0 days!----------
:burn
 &vvod qv=138,dtim=50.0,
 &end
:corr
 &vvod &end
:fier
 &vvod &end
                                                                                                                        
@ 3 step - 50.0 days!----------
:burn
 &vvod qv=138,dtim=50.0,
 &end
:corr
 &vvod &end
:fier
 &vvod &end
                                                                                                                        
@ 3 step - 50.0 days!----------
:burn
 &vvod qv=138,dtim=50.0,
 &end
:corr
 &vvod &end
:fier
 &vvod &end
                                                                                                                        
@ 3 step - 50.0 days!----------
:burn
 &vvod qv=138,dtim=50.0,
 &end
:corr
 &vvod &end
:fier
 &vvod &end
                                                                                                                        
:stop
 ***** end of   file of input data set *******
:poly                                                                           
  rout and rin were constructed
Rout= 0.386, 0.455, 0.670,
Rin = 0.000, 0.386, 0.455,
  nsos  was constructed
nsos=  1,  2,  3,
 definition izotr in sos           1:izotr=   6.000000    
  *******<< check input data>> programm declare *******
    --undeclared parametr--cefzad  -- programm standart value --cefzad  =  0.100000E+01
  *******<< check input data>> programm declare *******
    --undeclared parametr--bakl    -- programm standart value --bakl    =  0.000000E+00
  *******<< check input data>> programm declare *******
    --undeclared parametr--alin    -- programm standart value --alin    =  0.000000E+00
  *******<< check input data>> programm declare *******
    --undeclared parametr--alout   -- programm standart value --alout   =  0.100000E+01
  *******<< check input data>> programm declare *******
    --undeclared parametr--alcorr  -- programm standart value --alcorr  =  0.100000E+01
  *******<< check input data>> programm declare *******
    --undeclared parametr--nbv     -- programm standart value --nbv     =    1    1    1
  *******<< check input data>> programm declare *******
    --undeclared parametr--et      -- programm standart value --et      =  0.105000E+08  0.215000E+01
     0.215000E+01  0.000000E+00
    ????  storage for pr. getter =      300 ?? common /rrr/ rab(        0 )  ????
 ------------------------------------------------------------------------------
  backling =  0.0000000E+00
 ------------------------------------------------------------------------------
  number of cells =           1
          cell number    1  number of zone= 3
 << geometry characteristics >>
    geometry of cell- cilindrical index=           2
  kratnost of cell =   330.0000    
  inner radius of cell =  0.0000000E+00
  out square ratio =   1.000000    
 ------------------------------------------------------------------------------
 num zone      1           2           3
 radius   0.38600E+00 0.45500E+00 0.67000E+00
 temper   0.10000E+04 0.57600E+03 0.57600E+03
 rez_izot    u238        bad         bad 
 ------------------------------------------------------------------------------
    izotop   /             concentration number of izotops=65
  1 *h*      0.00000E+00 0.00000E+00 0.47600E-01
  2 *o*      0.00000E+00 0.00000E+00 0.23800E-01
  3 zr       0.00000E+00 0.42860E-01 0.00000E+00
  4 pu39     0.72000E-03 0.00000E+00 0.00000E+00
  5 u235     0.10000E-04 0.00000E+00 0.00000E+00
  6 u238     0.19180E-01 0.00000E+00 0.00000E+00
  7 o        0.40000E-01 0.00000E+00 0.00000E+00
    > CONSYST Program Ver: 98.01 > started at  0: 0: 0:  
    { Manturov G., E-mail: abbn@ippe.rssi.ru}
 
       -------------------------------
 
       CONSYST INPUT DATA READ FROM : cons.dat
       CONSYST PROTOCOL STORED IN   : RESULT
       GMF X-SECTION'S FILE         : OUT
       TEMPORARY FILE               : RAB
       ABBN BASIC DATA SET FROM     : D:\Getera-93\get-93\bin\Bnab90.lib
       ABBN MULTIC DATA SET FROM    : D:\Getera-93\get-93\bin\Bnabmlt.lib
       ABBN THERMAL DATA SET FROM   : D:\Getera-93\get-93\bin\BNABTHM.lib
 
    >   Include Thermal Matrix > H(H2O):BNABTHM.BIN   Temp=  500K
    >   Include Thermal Matrix > H(H2O):BNABTHM.BIN   Temp=  600K
    > CONSYST finished at  0: 0: 0:  
 therm. calculation avoided
 therm. calculation avoided
 therm. calculation avoided
 therm. calculation avoided
 therm. calculation avoided
 therm. calculation avoided
 therm. calculation avoided
 therm. calculation avoided
 therm. calculation avoided
 *************************************************
   ***k(inf)= 1.36183     ***k(itt)= 1.36184     ***k(integ)= 1.36183    ***
   **bakl=  0.0000     **length= 0.10000E+11  ***
   **matr.  alout*alcorr a(k,i)(k=1,ncel) ***
     *  1.0000    
 lokal kner      in cell ,ru=           1=   1.000000       1.000000    
:corr                                                                           
 ------------------------------------------------------------------------------
  backling =  0.0000000E+00
 ------------------------------------------------------------------------------
  number of cells =           1
          cell number    1  number of zone= 3
 << geometry characteristics >>
    geometry of cell- cilindrical index=           2
  kratnost of cell =   330.0000    
  inner radius of cell =  0.0000000E+00
  out square ratio =   1.000000    
 ------------------------------------------------------------------------------
 num zone      1           2           3
 radius   0.38600E+00 0.45500E+00 0.67000E+00
 temper   0.10000E+04 0.57600E+03 0.57600E+03
 rez_izot    u238        bad         bad 
 ------------------------------------------------------------------------------
    izotop   /             concentration number of izotops=65
  1 *h*      0.00000E+00 0.00000E+00 0.47600E-01
  2 *o*      0.00000E+00 0.00000E+00 0.23800E-01
  3 zr       0.00000E+00 0.42860E-01 0.00000E+00
  4 pu39     0.72000E-03 0.00000E+00 0.00000E+00
  5 u235     0.10000E-04 0.00000E+00 0.00000E+00
  6 u238     0.19180E-01 0.00000E+00 0.00000E+00
  7 o        0.40000E-01 0.00000E+00 0.00000E+00
:fier                                                                           
 condensation boundary was changed from  0.21500E+01 to  0.21544E+01
*** 4 *** ;egr=  2.1544    
    keff         nu           mu           fi           teta
   1.3618       1.7810       1.2705      0.61841      0.97320    
 s0z(n)=   0.9874443      0.0000000E+00  0.0000000E+00
:macro                                                                          
 condensation boundary was changed from  0.21500E+01 to  0.21544E+01
 condensation boundary was changed from  0.21500E+01 to  0.21544E+01
    -------------------------------------------------------------------------------
    * n group   * e(i)        * e(i+1)      *spect neutron fission  *
          1       0.10500E+08    2.1544           0.99889    
          2        2.1544        0.0000           0.13054E-08
    *******************************************************************************
                                       **    macro cross section    **
    *******************************************************************************
    ** n zone    1 vzone=  465.39     /  1  2  3
*grp*flux 1/cm2c  * stotal      * sabs        * sfis.       * nu$sfis.    * 1/3*strans  *1/aver.veloci*aver power
  1  0.8390339E-01 0.4944277     0.9767904E-02 0.2575230E-02 0.7415309E-02  1.450533     0.1242749E-05 0.7591505     0.2111949    
  2  0.9346116E-02  1.048488     0.1421788     0.8634770E-01 0.2464371     0.4112784     0.7295341E-05  1.733290     0.7888052    
                                       * matric. scat.cross. sec. from i to j  *
       i / j -->            1           2
       i        1 0.4688108     0.1584903E-01
       i        2 0.1051431E-03 0.9062042    
:stop                                                                           
