 *****          file of input data set *******
 *****          file of input data set *******
:poly
 &vvod
 @ 1 tvs0  cell@   rcel(1,1)=0.386,0.455,0.670,
                   ncelsos(1,1)=1,2,3,
 @ 2 tvs1  cell@   rcel(1,2)=0.386,0.455,0.670,
                   ncelsos(1,2)=4,2,3,
 @ 3 tvs2  cell@   rcel(1,3)=0.386,0.455,0.670,
                   ncelsos(1,3)=5,2,3,			
                                                                                                                        
  t=      1.000e+03, 0.576e+03, 0.576e+03, 1.000e+03,    1.000e+03,    1.000e+03
@-----------------------------------------------------
 troiz=
   @       1 tvs0     2 zr_ob_tv 3 h2o      4 tvs1        5 tvs2        6 tvs3
 @ *h*  @ 0.000000 , 0.000000 , 0.047600 , 0.00000e+00 , 0.00000e+00 , 0.00000e+00,
 @ *o*  @ 0.000000 , 0.000000 , 0.023800 , 0.00000e+00 , 0.00000e+00 , 0.00000e+00,
 @ zr   @ 0.000000 , 0.042860 , 0.000000 , 0.00000e+00 , 0.00000e+00 , 0.00000e+00,
 @ pu39 @ 0.000690 , 0.000000 , 0.000000 , 0.52057e-03 , 0.38996e-03 , 0.29349e-03,
 @ u235 @ 0.000010 , 0.000000 , 0.000000 , 0.76504e-05 , 0.57286e-05 , 0.40751e-05,
 @ u238 @ 0.018480 , 0.000000 , 0.000000 , 0.18257e-01 , 0.18048e-01 , 0.17831e-01,
 @ o    @ 0.038550 , 0.000000 , 0.000000 , 0.38550e-01 , 0.38550e-01 , 0.38550e-01,
 @ al   @ 0.002290 , 0.000000 , 0.000000 , 0.22900e-02 , 0.22900e-02 , 0.22900e-02,
 @ b-11 @ 0.000070 , 0.000000 , 0.000000 , 0.84540e-04 , 0.88722e-04 , 0.89777e-04,
 @ b-10 @ 0.000020 , 0.000000 , 0.000032 , 0.54594e-05 , 0.12772e-05 , 0.22255e-06,
 @ u236 @ 0.000000 , 0.000000 , 0.000000 , 0.51747e-06 , 0.87371e-06 , 0.11247e-05,
 @ slag @ 0.000000 , 0.000000 , 0.000000 , 0.11461e-03 , 0.24157e-03 , 0.38216e-03,
 @ tc99 @ 0.000000 , 0.000000 , 0.000000 , 0.16210e-04 , 0.30735e-04 , 0.44020e-04,
 @ rh03 @ 0.000000 , 0.000000 , 0.000000 , 0.14592e-04 , 0.25176e-04 , 0.32918e-04,
 @ ag09 @ 0.000000 , 0.000000 , 0.000000 , 0.23738e-05 , 0.41983e-05 , 0.55142e-05,
 @ cd13 @ 0.000000 , 0.000000 , 0.000000 , 0.20626e-07 , 0.16395e-07 , 0.13183e-07,
 @ sm49 @ 0.000000 , 0.000000 , 0.000000 , 0.23393e-06 , 0.18849e-06 , 0.15354e-06,
 @ sm51 @ 0.000000 , 0.000000 , 0.000000 , 0.73684e-06 , 0.67663e-06 , 0.54583e-06,
 @ eu55 @ 0.000000 , 0.000000 , 0.000000 , 0.10313e-06 , 0.18131e-06 , 0.32636e-06,
 @ gd55 @ 0.000000 , 0.000000 , 0.000000 , 0.26876e-08 , 0.35466e-08 , 0.50113e-08,
 @ gd56 @ 0.000000 , 0.000000 , 0.000000 , 0.52581e-06 , 0.13927e-05 , 0.30553e-05,
 @ gd57 @ 0.000000 , 0.000000 , 0.000000 , 0.88553e-08 , 0.71880e-08 , 0.67252e-08,
 @ np37 @ 0.000000 , 0.000000 , 0.000000 , 0.25037e-07 , 0.78600e-07 , 0.14569e-06,
 @ np39 @ 0.000000 , 0.000000 , 0.000000 , 0.18297e-05 , 0.17162e-05 , 0.17914e-05,
 @ pu38 @ 0.000000 , 0.000000 , 0.000000 , 0.52363e-07 , 0.61544e-06 , 0.18837e-05,
 @ pu40 @ 0.000000 , 0.000000 , 0.000000 , 0.42408e-04 , 0.84188e-04 , 0.10808e-03,
 @ pu41 @ 0.000000 , 0.000000 , 0.000000 , 0.69463e-04 , 0.85331e-04 , 0.88540e-04,
 @ pu42 @ 0.000000 , 0.000000 , 0.000000 , 0.42518e-05 , 0.14287e-04 , 0.26208e-04,
 @ am41 @ 0.000000 , 0.000000 , 0.000000 , 0.12005e-05 , 0.32003e-05 , 0.43347e-05,
 @ am2m @ 0.000000 , 0.000000 , 0.000000 , 0.15828e-07 , 0.62488e-07 , 0.90180e-07,
 @ am43 @ 0.000000 , 0.000000 , 0.000000 , 0.41579e-06 , 0.27950e-05 , 0.68229e-05,
 @ cm42 @ 0.000000 , 0.000000 , 0.000000 , 0.13689e-06 , 0.66725e-06 , 0.12519e-05,
 @ cm44 @ 0.000000 , 0.000000 , 0.000000 , 0.56959e-07 , 0.75291e-06 , 0.28620e-05,
 @ cm45 @ 0.000000 , 0.000000 , 0.000000 , 0.17139e-08 , 0.40968e-07 , 0.21131e-06,
 @ sm52 @ 0.000000 , 0.000000 , 0.000000 , 0.21926e-05 , 0.36728e-05 , 0.42960e-05,
 @ xe31 @ 0.000000 , 0.000000 , 0.000000 , 0.87195e-05 , 0.15006e-04 , 0.19456e-04,
 @ cs33 @ 0.000000 , 0.000000 , 0.000000 , 0.17814e-04 , 0.33237e-04 , 0.46833e-04,
 @ nd45 @ 0.000000 , 0.000000 , 0.000000 , 0.84079e-05 , 0.15936e-04 , 0.22783e-04,
 @ nd43 @ 0.000000 , 0.000000 , 0.000000 , 0.11692e-04 , 0.21623e-04 , 0.29793e-04,
 @ pm47 @ 0.000000 , 0.000000 , 0.000000 , 0.38540e-05 , 0.55104e-05 , 0.61763e-05,
 @ mo95 @ 0.000000 , 0.000000 , 0.000000 , 0.13308e-04 , 0.25419e-04 , 0.36768e-04,
 @ cs34 @ 0.000000 , 0.000000 , 0.000000 , 0.98764e-06 , 0.30652e-05 , 0.58146e-05,
 @ pr41 @ 0.000000 , 0.000000 , 0.000000 , 0.14866e-04 , 0.28999e-04 , 0.42853e-04,
 @ pm48 @ 0.000000 , 0.000000 , 0.000000 , 0.27248e-07 , 0.35128e-07 , 0.40217e-07,
 @ pm8m @ 0.000000 , 0.000000 , 0.000000 , 0.78171e-07 , 0.92608e-07 , 0.92200e-07,
 @ rh05 @ 0.000000 , 0.000000 , 0.000000 , 0.78545e-07 , 0.73877e-07 , 0.73396e-07,
 @ pm49 @ 0.000000 , 0.000000 , 0.000000 , 0.38612e-07 , 0.39355e-07 , 0.41709e-07,
 @ kr83 @ 0.000000 , 0.000000 , 0.000000 , 0.80307e-06 , 0.14840e-05 , 0.20647e-05,
 @ ru01 @ 0.000000 , 0.000000 , 0.000000 , 0.13672e-04 , 0.26482e-04 , 0.38763e-04,
 @ pd05 @ 0.000000 , 0.000000 , 0.000000 , 0.13580e-04 , 0.26485e-04 , 0.38751e-04,
 @ cs35 @ 0.000000 , 0.000000 , 0.000000 , 0.10468e-04 , 0.19158e-04 , 0.26308e-04,
 @ sm50 @ 0.000000 , 0.000000 , 0.000000 , 0.36810e-05 , 0.77663e-05 , 0.11767e-04,
 @ eu51 @ 0.000000 , 0.000000 , 0.000000 , 0.81160e-07 , 0.21886e-06 , 0.35246e-06,
 @ eu53 @ 0.000000 , 0.000000 , 0.000000 , 0.80186e-06 , 0.25578e-05 , 0.44692e-05,
 @ eu54 @ 0.000000 , 0.000000 , 0.000000 , 0.11157e-06 , 0.56130e-06 , 0.11748e-05,
 @ gd54 @ 0.000000 , 0.000000 , 0.000000 , 0.24231e-08 , 0.27667e-07 , 0.97513e-07,
 @ am42 @ 0.000000 , 0.000000 , 0.000000 , 0.19716e-08 , 0.52435e-08 , 0.78325e-08,
 @ cm43 @ 0.000000 , 0.000000 , 0.000000 , 0.12898e-08 , 0.13018e-07 , 0.36124e-07,
                                                                                                                        
@----------------------------------------------------
 ntcell=1,2,3
krat= 5,5,4,
alout=
     0.000000, 0.500000, 0.500000,
     0.444444, 0.111111, 0.444444,
	 0.363636, 0.363636, 0.272727,
                                                                                                                        
 material(1)='chmc',
 &end
*h*
*o*
zr
pu39
u235
u238
o
al
b-11
b-10
u236
slag
tc99
rh03
ag09
cd13
sm49
sm51
eu55
gd55
gd56
gd57
np37
np39
pu38
pu40
pu41
pu42
am41
am2m
am43
cm42
cm44
cm45
sm52
xe31
cs33
nd45
nd43
pm47
mo95
cs34
pr41
pm48
pm8m
rh05
pm49
kr83
ru01
pd05
cs35
sm50
eu51
eu53
eu54
gd54
am42
cm43
****
:corr
 &vvod &end
:fier
 &vvod &end
:macro
 &vvod
  et=10.5e+6,2.15,2.15,0.,
 @nbv=1,1,1,1,1,1,1,1,1,1,1,1,1,1,
 &end
:stop
:dina
 &vvod
 &end
:fier
 &vvod &end
                                                                                                                        
@ 1 step - 365. days!----------
:burn
 &vvod qv=105,dtim=365.0,
 &end
:corr
 &vvod &end
:fier
 &vvod &end
                                                                                                                        
:stop
 ***** end of   file of input data set *******
:poly                                                                           
  rout and rin were constructed
Rout= 0.386, 0.455, 0.670, 0.386, 0.455, 0.670, 0.386, 0.455, 0.670,
Rin = 0.000, 0.386, 0.455, 0.000, 0.386, 0.455, 0.000, 0.386, 0.455,
  nsos  was constructed
nsos=  1,  2,  3,  4,  2,  3,  5,  2,  3,
 definition izotr in sos           1:izotr=   6.000000    
 definition izotr in sos           4:izotr=   6.000000    
 definition izotr in sos           5:izotr=   6.000000    
 definition izotr in sos           6:izotr=   6.000000    
  *******<< check input data>> programm declare *******
    --undeclared parametr--cefzad  -- programm standart value --cefzad  =  0.100000E+01
  *******<< check input data>> programm declare *******
    --undeclared parametr--bakl    -- programm standart value --bakl    =  0.000000E+00
  *******<< check input data>> programm declare *******
    --undeclared parametr--alin    -- programm standart value --alin    =  0.000000E+00  0.000000E+00
     0.000000E+00  0.000000E+00  0.000000E+00  0.000000E+00  0.000000E+00  0.000000E+00  0.000000E+00
  *******<< check input data>> programm declare *******
    --undeclared parametr--alcorr  -- programm standart value --alcorr  =  0.100000E+01  0.100000E+01
     0.100000E+01  0.100000E+01  0.100000E+01  0.100000E+01  0.100000E+01  0.100000E+01  0.100000E+01
  *******<< check input data>> programm declare *******
    --undeclared parametr--nbv     -- programm standart value --nbv     =    1    1    1    1    1    1
       1    1    1
  *******<< check input data>> programm declare *******
    --undeclared parametr--et      -- programm standart value --et      =  0.105000E+08  0.215000E+01
     0.215000E+01  0.000000E+00
    ????  storage for pr. getter =      900 ?? common /rrr/ rab(        0 )  ????
 ------------------------------------------------------------------------------
  backling =  0.0000000E+00
 ------------------------------------------------------------------------------
  number of cells =           3
          cell number    1  number of zone= 3
 << geometry characteristics >>
    geometry of cell- cilindrical index=           2
  kratnost of cell =   5.000000    
  inner radius of cell =  0.0000000E+00
  out square ratio =  0.0000000E+00  0.5000000      0.5000000    
 ------------------------------------------------------------------------------
 num zone      1           2           3
 radius   0.38600E+00 0.45500E+00 0.67000E+00
 temper   0.10000E+04 0.57600E+03 0.57600E+03
 rez_izot    u238        bad         bad 
 ------------------------------------------------------------------------------
    izotop   /             concentration number of izotops=65
  1 *h*      0.00000E+00 0.00000E+00 0.47600E-01
  2 *o*      0.00000E+00 0.00000E+00 0.23800E-01
  3 zr       0.00000E+00 0.42860E-01 0.00000E+00
  4 pu39     0.69000E-03 0.00000E+00 0.00000E+00
  5 u235     0.10000E-04 0.00000E+00 0.00000E+00
  6 u238     0.18480E-01 0.00000E+00 0.00000E+00
  7 o        0.38550E-01 0.00000E+00 0.00000E+00
  8 al       0.22900E-02 0.00000E+00 0.00000E+00
  9 b-11     0.70000E-04 0.00000E+00 0.00000E+00
 10 b-10     0.20000E-04 0.00000E+00 0.32000E-04
 ------------------------------------------------------------------------------
  number of cells =           3
          cell number    2  number of zone= 3
 << geometry characteristics >>
    geometry of cell- cilindrical index=           2
  kratnost of cell =   5.000000    
  inner radius of cell =  0.0000000E+00
  out square ratio =  0.4444440      0.1111110      0.4444440    
 ------------------------------------------------------------------------------
 num zone      4           5           6
 radius   0.38600E+00 0.45500E+00 0.67000E+00
 temper   0.10000E+04 0.57600E+03 0.57600E+03
 rez_izot    u238        bad         bad 
 ------------------------------------------------------------------------------
    izotop   /             concentration number of izotops=65
  1 *h*      0.00000E+00 0.00000E+00 0.47600E-01
  2 *o*      0.00000E+00 0.00000E+00 0.23800E-01
  3 zr       0.00000E+00 0.42860E-01 0.00000E+00
  4 pu39     0.52057E-03 0.00000E+00 0.00000E+00
  5 u235     0.76504E-05 0.00000E+00 0.00000E+00
  6 u238     0.18257E-01 0.00000E+00 0.00000E+00
  7 o        0.38550E-01 0.00000E+00 0.00000E+00
  8 al       0.22900E-02 0.00000E+00 0.00000E+00
  9 b-11     0.84540E-04 0.00000E+00 0.00000E+00
 10 b-10     0.54594E-05 0.00000E+00 0.32000E-04
 11 u236     0.51747E-06 0.00000E+00 0.00000E+00
 12 slag     0.11461E-03 0.00000E+00 0.00000E+00
 13 tc99     0.16210E-04 0.00000E+00 0.00000E+00
 14 rh03     0.14592E-04 0.00000E+00 0.00000E+00
 15 ag09     0.23738E-05 0.00000E+00 0.00000E+00
 16 cd13     0.20626E-07 0.00000E+00 0.00000E+00
 17 sm49     0.23393E-06 0.00000E+00 0.00000E+00
 18 sm51     0.73684E-06 0.00000E+00 0.00000E+00
 19 eu55     0.10313E-06 0.00000E+00 0.00000E+00
 20 gd55     0.26876E-08 0.00000E+00 0.00000E+00
 21 gd56     0.52581E-06 0.00000E+00 0.00000E+00
 22 gd57     0.88553E-08 0.00000E+00 0.00000E+00
 23 np37     0.25037E-07 0.00000E+00 0.00000E+00
 24 np39     0.18297E-05 0.00000E+00 0.00000E+00
 25 pu38     0.52363E-07 0.00000E+00 0.00000E+00
 26 pu40     0.42408E-04 0.00000E+00 0.00000E+00
 27 pu41     0.69463E-04 0.00000E+00 0.00000E+00
 28 pu42     0.42518E-05 0.00000E+00 0.00000E+00
 29 am41     0.12005E-05 0.00000E+00 0.00000E+00
 30 am2m     0.15828E-07 0.00000E+00 0.00000E+00
 31 am43     0.41579E-06 0.00000E+00 0.00000E+00
 32 cm42     0.13689E-06 0.00000E+00 0.00000E+00
 33 cm44     0.56959E-07 0.00000E+00 0.00000E+00
 34 cm45     0.17139E-08 0.00000E+00 0.00000E+00
 35 sm52     0.21926E-05 0.00000E+00 0.00000E+00
 36 xe31     0.87195E-05 0.00000E+00 0.00000E+00
 37 cs33     0.17814E-04 0.00000E+00 0.00000E+00
 38 nd45     0.84079E-05 0.00000E+00 0.00000E+00
 39 nd43     0.11692E-04 0.00000E+00 0.00000E+00
 40 pm47     0.38540E-05 0.00000E+00 0.00000E+00
 41 mo95     0.13308E-04 0.00000E+00 0.00000E+00
 42 cs34     0.98764E-06 0.00000E+00 0.00000E+00
 43 pr41     0.14866E-04 0.00000E+00 0.00000E+00
 44 pm48     0.27248E-07 0.00000E+00 0.00000E+00
 45 pm8m     0.78171E-07 0.00000E+00 0.00000E+00
 46 rh05     0.78545E-07 0.00000E+00 0.00000E+00
 47 pm49     0.38612E-07 0.00000E+00 0.00000E+00
 48 kr83     0.80307E-06 0.00000E+00 0.00000E+00
 49 ru01     0.13672E-04 0.00000E+00 0.00000E+00
 50 pd05     0.13580E-04 0.00000E+00 0.00000E+00
 51 cs35     0.10468E-04 0.00000E+00 0.00000E+00
 52 sm50     0.36810E-05 0.00000E+00 0.00000E+00
 53 eu51     0.81160E-07 0.00000E+00 0.00000E+00
 54 eu53     0.80186E-06 0.00000E+00 0.00000E+00
 55 eu54     0.11157E-06 0.00000E+00 0.00000E+00
 56 gd54     0.24231E-08 0.00000E+00 0.00000E+00
 57 am42     0.19716E-08 0.00000E+00 0.00000E+00
 58 cm43     0.12898E-08 0.00000E+00 0.00000E+00
 ------------------------------------------------------------------------------
  number of cells =           3
          cell number    3  number of zone= 3
 << geometry characteristics >>
    geometry of cell- cilindrical index=           2
  kratnost of cell =   4.000000    
  inner radius of cell =  0.0000000E+00
  out square ratio =  0.3636360      0.3636360      0.2727270    
 ------------------------------------------------------------------------------
 num zone      7           8           9
 radius   0.38600E+00 0.45500E+00 0.67000E+00
 temper   0.10000E+04 0.57600E+03 0.57600E+03
 rez_izot    u238        bad         bad 
 ------------------------------------------------------------------------------
    izotop   /             concentration number of izotops=65
  1 *h*      0.00000E+00 0.00000E+00 0.47600E-01
  2 *o*      0.00000E+00 0.00000E+00 0.23800E-01
  3 zr       0.00000E+00 0.42860E-01 0.00000E+00
  4 pu39     0.38996E-03 0.00000E+00 0.00000E+00
  5 u235     0.57286E-05 0.00000E+00 0.00000E+00
  6 u238     0.18048E-01 0.00000E+00 0.00000E+00
  7 o        0.38550E-01 0.00000E+00 0.00000E+00
  8 al       0.22900E-02 0.00000E+00 0.00000E+00
  9 b-11     0.88722E-04 0.00000E+00 0.00000E+00
 10 b-10     0.12772E-05 0.00000E+00 0.32000E-04
 11 u236     0.87371E-06 0.00000E+00 0.00000E+00
 12 slag     0.24157E-03 0.00000E+00 0.00000E+00
 13 tc99     0.30735E-04 0.00000E+00 0.00000E+00
 14 rh03     0.25176E-04 0.00000E+00 0.00000E+00
 15 ag09     0.41983E-05 0.00000E+00 0.00000E+00
 16 cd13     0.16395E-07 0.00000E+00 0.00000E+00
 17 sm49     0.18849E-06 0.00000E+00 0.00000E+00
 18 sm51     0.67663E-06 0.00000E+00 0.00000E+00
 19 eu55     0.18131E-06 0.00000E+00 0.00000E+00
 20 gd55     0.35466E-08 0.00000E+00 0.00000E+00
 21 gd56     0.13927E-05 0.00000E+00 0.00000E+00
 22 gd57     0.71880E-08 0.00000E+00 0.00000E+00
 23 np37     0.78600E-07 0.00000E+00 0.00000E+00
 24 np39     0.17162E-05 0.00000E+00 0.00000E+00
 25 pu38     0.61544E-06 0.00000E+00 0.00000E+00
 26 pu40     0.84188E-04 0.00000E+00 0.00000E+00
 27 pu41     0.85331E-04 0.00000E+00 0.00000E+00
 28 pu42     0.14287E-04 0.00000E+00 0.00000E+00
 29 am41     0.32003E-05 0.00000E+00 0.00000E+00
 30 am2m     0.62488E-07 0.00000E+00 0.00000E+00
 31 am43     0.27950E-05 0.00000E+00 0.00000E+00
 32 cm42     0.66725E-06 0.00000E+00 0.00000E+00
 33 cm44     0.75291E-06 0.00000E+00 0.00000E+00
 34 cm45     0.40968E-07 0.00000E+00 0.00000E+00
 35 sm52     0.36728E-05 0.00000E+00 0.00000E+00
 36 xe31     0.15006E-04 0.00000E+00 0.00000E+00
 37 cs33     0.33237E-04 0.00000E+00 0.00000E+00
 38 nd45     0.15936E-04 0.00000E+00 0.00000E+00
 39 nd43     0.21623E-04 0.00000E+00 0.00000E+00
 40 pm47     0.55104E-05 0.00000E+00 0.00000E+00
 41 mo95     0.25419E-04 0.00000E+00 0.00000E+00
 42 cs34     0.30652E-05 0.00000E+00 0.00000E+00
 43 pr41     0.28999E-04 0.00000E+00 0.00000E+00
 44 pm48     0.35128E-07 0.00000E+00 0.00000E+00
 45 pm8m     0.92608E-07 0.00000E+00 0.00000E+00
 46 rh05     0.73877E-07 0.00000E+00 0.00000E+00
 47 pm49     0.39355E-07 0.00000E+00 0.00000E+00
 48 kr83     0.14840E-05 0.00000E+00 0.00000E+00
 49 ru01     0.26482E-04 0.00000E+00 0.00000E+00
 50 pd05     0.26485E-04 0.00000E+00 0.00000E+00
 51 cs35     0.19158E-04 0.00000E+00 0.00000E+00
 52 sm50     0.77663E-05 0.00000E+00 0.00000E+00
 53 eu51     0.21886E-06 0.00000E+00 0.00000E+00
 54 eu53     0.25578E-05 0.00000E+00 0.00000E+00
 55 eu54     0.56130E-06 0.00000E+00 0.00000E+00
 56 gd54     0.27667E-07 0.00000E+00 0.00000E+00
 57 am42     0.52435E-08 0.00000E+00 0.00000E+00
 58 cm43     0.13018E-07 0.00000E+00 0.00000E+00
    > CONSYST Program Ver: 98.01 > started at  0: 0: 0:  
    { Manturov G., E-mail: abbn@ippe.rssi.ru}
 
       -------------------------------
 
       CONSYST INPUT DATA READ FROM : cons.dat
       CONSYST PROTOCOL STORED IN   : RESULT
       GMF X-SECTION'S FILE         : OUT
       TEMPORARY FILE               : RAB
       ABBN BASIC DATA SET FROM     : D:\Getera-93\get-93\bin\Bnab90.lib
       ABBN MULTIC DATA SET FROM    : D:\Getera-93\get-93\bin\Bnabmlt.lib
       ABBN THERMAL DATA SET FROM   : D:\Getera-93\get-93\bin\BNABTHM.lib
 
    >   Include Thermal Matrix > H(H2O):BNABTHM.BIN   Temp=  500K
    >   Include Thermal Matrix > H(H2O):BNABTHM.BIN   Temp=  600K
    >   Include Thermal Matrix > H(H2O):BNABTHM.BIN   Temp=  500K
    >   Include Thermal Matrix > H(H2O):BNABTHM.BIN   Temp=  600K
    >   Include Thermal Matrix > H(H2O):BNABTHM.BIN   Temp=  500K
    >   Include Thermal Matrix > H(H2O):BNABTHM.BIN   Temp=  600K
    > CONSYST finished at  0: 0: 0:  
 therm. calculation avoided
 therm. calculation avoided
 therm. calculation avoided
 therm. calculation avoided
 therm. calculation avoided
 therm. calculation avoided
 therm. calculation avoided
 therm. calculation avoided
 *************************************************
   ***k(inf)= 1.00037     ***k(itt)= 1.00035     ***k(integ)= 1.00037    ***
   **bakl=  0.0000     **length= 0.10000E+11  ***
   **matr.  alout*alcorr a(k,i)(k=1,ncel) ***
     *  0.0000     0.50000     0.50000    
     * 0.44444     0.11111     0.44444    
     * 0.36364     0.36364     0.27273    
 lokal kner      in cell ,ru=           1=  0.8894784      0.7937320    
 lokal kner      in cell ,ru=           2=  0.9250243      0.9105455    
 lokal kner      in cell ,ru=           3=   1.231872       1.369653    
:corr                                                                           
 ------------------------------------------------------------------------------
  backling =  0.0000000E+00
 ------------------------------------------------------------------------------
  number of cells =           3
          cell number    1  number of zone= 3
 << geometry characteristics >>
    geometry of cell- cilindrical index=           2
  kratnost of cell =   5.000000    
  inner radius of cell =  0.0000000E+00
  out square ratio =  0.0000000E+00  0.5000000      0.5000000    
 ------------------------------------------------------------------------------
 num zone      1           2           3
 radius   0.38600E+00 0.45500E+00 0.67000E+00
 temper   0.10000E+04 0.57600E+03 0.57600E+03
 rez_izot    u238        bad         bad 
 ------------------------------------------------------------------------------
    izotop   /             concentration number of izotops=65
  1 *h*      0.00000E+00 0.00000E+00 0.47600E-01
  2 *o*      0.00000E+00 0.00000E+00 0.23800E-01
  3 zr       0.00000E+00 0.42860E-01 0.00000E+00
  4 pu39     0.69000E-03 0.00000E+00 0.00000E+00
  5 u235     0.10000E-04 0.00000E+00 0.00000E+00
  6 u238     0.18480E-01 0.00000E+00 0.00000E+00
  7 o        0.38550E-01 0.00000E+00 0.00000E+00
  8 al       0.22900E-02 0.00000E+00 0.00000E+00
  9 b-11     0.70000E-04 0.00000E+00 0.00000E+00
 10 b-10     0.20000E-04 0.00000E+00 0.32000E-04
 ------------------------------------------------------------------------------
  number of cells =           3
          cell number    2  number of zone= 3
 << geometry characteristics >>
    geometry of cell- cilindrical index=           2
  kratnost of cell =   5.000000    
  inner radius of cell =  0.0000000E+00
  out square ratio =  0.4444440      0.1111110      0.4444440    
 ------------------------------------------------------------------------------
 num zone      4           5           6
 radius   0.38600E+00 0.45500E+00 0.67000E+00
 temper   0.10000E+04 0.57600E+03 0.57600E+03
 rez_izot    u238        bad         bad 
 ------------------------------------------------------------------------------
    izotop   /             concentration number of izotops=65
  1 *h*      0.00000E+00 0.00000E+00 0.47600E-01
  2 *o*      0.00000E+00 0.00000E+00 0.23800E-01
  3 zr       0.00000E+00 0.42860E-01 0.00000E+00
  4 pu39     0.52057E-03 0.00000E+00 0.00000E+00
  5 u235     0.76504E-05 0.00000E+00 0.00000E+00
  6 u238     0.18257E-01 0.00000E+00 0.00000E+00
  7 o        0.38550E-01 0.00000E+00 0.00000E+00
  8 al       0.22900E-02 0.00000E+00 0.00000E+00
  9 b-11     0.84540E-04 0.00000E+00 0.00000E+00
 10 b-10     0.54594E-05 0.00000E+00 0.32000E-04
 11 u236     0.51747E-06 0.00000E+00 0.00000E+00
 12 slag     0.11461E-03 0.00000E+00 0.00000E+00
 13 tc99     0.16210E-04 0.00000E+00 0.00000E+00
 14 rh03     0.14592E-04 0.00000E+00 0.00000E+00
 15 ag09     0.23738E-05 0.00000E+00 0.00000E+00
 16 cd13     0.20626E-07 0.00000E+00 0.00000E+00
 17 sm49     0.23393E-06 0.00000E+00 0.00000E+00
 18 sm51     0.73684E-06 0.00000E+00 0.00000E+00
 19 eu55     0.10313E-06 0.00000E+00 0.00000E+00
 20 gd55     0.26876E-08 0.00000E+00 0.00000E+00
 21 gd56     0.52581E-06 0.00000E+00 0.00000E+00
 22 gd57     0.88553E-08 0.00000E+00 0.00000E+00
 23 np37     0.25037E-07 0.00000E+00 0.00000E+00
 24 np39     0.18297E-05 0.00000E+00 0.00000E+00
 25 pu38     0.52363E-07 0.00000E+00 0.00000E+00
 26 pu40     0.42408E-04 0.00000E+00 0.00000E+00
 27 pu41     0.69463E-04 0.00000E+00 0.00000E+00
 28 pu42     0.42518E-05 0.00000E+00 0.00000E+00
 29 am41     0.12005E-05 0.00000E+00 0.00000E+00
 30 am2m     0.15828E-07 0.00000E+00 0.00000E+00
 31 am43     0.41579E-06 0.00000E+00 0.00000E+00
 32 cm42     0.13689E-06 0.00000E+00 0.00000E+00
 33 cm44     0.56959E-07 0.00000E+00 0.00000E+00
 34 cm45     0.17139E-08 0.00000E+00 0.00000E+00
 35 sm52     0.21926E-05 0.00000E+00 0.00000E+00
 36 xe31     0.87195E-05 0.00000E+00 0.00000E+00
 37 cs33     0.17814E-04 0.00000E+00 0.00000E+00
 38 nd45     0.84079E-05 0.00000E+00 0.00000E+00
 39 nd43     0.11692E-04 0.00000E+00 0.00000E+00
 40 pm47     0.38540E-05 0.00000E+00 0.00000E+00
 41 mo95     0.13308E-04 0.00000E+00 0.00000E+00
 42 cs34     0.98764E-06 0.00000E+00 0.00000E+00
 43 pr41     0.14866E-04 0.00000E+00 0.00000E+00
 44 pm48     0.27248E-07 0.00000E+00 0.00000E+00
 45 pm8m     0.78171E-07 0.00000E+00 0.00000E+00
 46 rh05     0.78545E-07 0.00000E+00 0.00000E+00
 47 pm49     0.38612E-07 0.00000E+00 0.00000E+00
 48 kr83     0.80307E-06 0.00000E+00 0.00000E+00
 49 ru01     0.13672E-04 0.00000E+00 0.00000E+00
 50 pd05     0.13580E-04 0.00000E+00 0.00000E+00
 51 cs35     0.10468E-04 0.00000E+00 0.00000E+00
 52 sm50     0.36810E-05 0.00000E+00 0.00000E+00
 53 eu51     0.81160E-07 0.00000E+00 0.00000E+00
 54 eu53     0.80186E-06 0.00000E+00 0.00000E+00
 55 eu54     0.11157E-06 0.00000E+00 0.00000E+00
 56 gd54     0.24231E-08 0.00000E+00 0.00000E+00
 57 am42     0.19716E-08 0.00000E+00 0.00000E+00
 58 cm43     0.12898E-08 0.00000E+00 0.00000E+00
 ------------------------------------------------------------------------------
  number of cells =           3
          cell number    3  number of zone= 3
 << geometry characteristics >>
    geometry of cell- cilindrical index=           2
  kratnost of cell =   4.000000    
  inner radius of cell =  0.0000000E+00
  out square ratio =  0.3636360      0.3636360      0.2727270    
 ------------------------------------------------------------------------------
 num zone      7           8           9
 radius   0.38600E+00 0.45500E+00 0.67000E+00
 temper   0.10000E+04 0.57600E+03 0.57600E+03
 rez_izot    u238        bad         bad 
 ------------------------------------------------------------------------------
    izotop   /             concentration number of izotops=65
  1 *h*      0.00000E+00 0.00000E+00 0.47600E-01
  2 *o*      0.00000E+00 0.00000E+00 0.23800E-01
  3 zr       0.00000E+00 0.42860E-01 0.00000E+00
  4 pu39     0.38996E-03 0.00000E+00 0.00000E+00
  5 u235     0.57286E-05 0.00000E+00 0.00000E+00
  6 u238     0.18048E-01 0.00000E+00 0.00000E+00
  7 o        0.38550E-01 0.00000E+00 0.00000E+00
  8 al       0.22900E-02 0.00000E+00 0.00000E+00
  9 b-11     0.88722E-04 0.00000E+00 0.00000E+00
 10 b-10     0.12772E-05 0.00000E+00 0.32000E-04
 11 u236     0.87371E-06 0.00000E+00 0.00000E+00
 12 slag     0.24157E-03 0.00000E+00 0.00000E+00
 13 tc99     0.30735E-04 0.00000E+00 0.00000E+00
 14 rh03     0.25176E-04 0.00000E+00 0.00000E+00
 15 ag09     0.41983E-05 0.00000E+00 0.00000E+00
 16 cd13     0.16395E-07 0.00000E+00 0.00000E+00
 17 sm49     0.18849E-06 0.00000E+00 0.00000E+00
 18 sm51     0.67663E-06 0.00000E+00 0.00000E+00
 19 eu55     0.18131E-06 0.00000E+00 0.00000E+00
 20 gd55     0.35466E-08 0.00000E+00 0.00000E+00
 21 gd56     0.13927E-05 0.00000E+00 0.00000E+00
 22 gd57     0.71880E-08 0.00000E+00 0.00000E+00
 23 np37     0.78600E-07 0.00000E+00 0.00000E+00
 24 np39     0.17162E-05 0.00000E+00 0.00000E+00
 25 pu38     0.61544E-06 0.00000E+00 0.00000E+00
 26 pu40     0.84188E-04 0.00000E+00 0.00000E+00
 27 pu41     0.85331E-04 0.00000E+00 0.00000E+00
 28 pu42     0.14287E-04 0.00000E+00 0.00000E+00
 29 am41     0.32003E-05 0.00000E+00 0.00000E+00
 30 am2m     0.62488E-07 0.00000E+00 0.00000E+00
 31 am43     0.27950E-05 0.00000E+00 0.00000E+00
 32 cm42     0.66725E-06 0.00000E+00 0.00000E+00
 33 cm44     0.75291E-06 0.00000E+00 0.00000E+00
 34 cm45     0.40968E-07 0.00000E+00 0.00000E+00
 35 sm52     0.36728E-05 0.00000E+00 0.00000E+00
 36 xe31     0.15006E-04 0.00000E+00 0.00000E+00
 37 cs33     0.33237E-04 0.00000E+00 0.00000E+00
 38 nd45     0.15936E-04 0.00000E+00 0.00000E+00
 39 nd43     0.21623E-04 0.00000E+00 0.00000E+00
 40 pm47     0.55104E-05 0.00000E+00 0.00000E+00
 41 mo95     0.25419E-04 0.00000E+00 0.00000E+00
 42 cs34     0.30652E-05 0.00000E+00 0.00000E+00
 43 pr41     0.28999E-04 0.00000E+00 0.00000E+00
 44 pm48     0.35128E-07 0.00000E+00 0.00000E+00
 45 pm8m     0.92608E-07 0.00000E+00 0.00000E+00
 46 rh05     0.73877E-07 0.00000E+00 0.00000E+00
 47 pm49     0.39355E-07 0.00000E+00 0.00000E+00
 48 kr83     0.14840E-05 0.00000E+00 0.00000E+00
 49 ru01     0.26482E-04 0.00000E+00 0.00000E+00
 50 pd05     0.26485E-04 0.00000E+00 0.00000E+00
 51 cs35     0.19158E-04 0.00000E+00 0.00000E+00
 52 sm50     0.77663E-05 0.00000E+00 0.00000E+00
 53 eu51     0.21886E-06 0.00000E+00 0.00000E+00
 54 eu53     0.25578E-05 0.00000E+00 0.00000E+00
 55 eu54     0.56130E-06 0.00000E+00 0.00000E+00
 56 gd54     0.27667E-07 0.00000E+00 0.00000E+00
 57 am42     0.52435E-08 0.00000E+00 0.00000E+00
 58 cm43     0.13018E-07 0.00000E+00 0.00000E+00
:fier                                                                           
 condensation boundary was changed from  0.21500E+01 to  0.21544E+01
*** 4 *** ;egr=  2.1544    
    keff         nu           mu           fi           teta
   1.0004       1.4929       1.3640      0.59549      0.82496    
 s0z(n)=   0.8565389      0.0000000E+00  0.0000000E+00  0.9350137    
  0.0000000E+00  0.0000000E+00   1.216705      0.0000000E+00  0.0000000E+00
:macro                                                                          
 condensation boundary was changed from  0.21500E+01 to  0.21544E+01
 condensation boundary was changed from  0.21500E+01 to  0.21544E+01
    -------------------------------------------------------------------------------
    * n group   * e(i)        * e(i+1)      *spect neutron fission  *
          1       0.10500E+08    2.1544           0.99889    
          2        2.1544        0.0000           0.13056E-08
    *******************************************************************************
                                       **    macro cross section    **
    *******************************************************************************
    ** n zone    1 vzone=  19.744     /  1  2  3  4  5  6  7  8  9
*grp*flux 1/cm2c  * stotal      * sabs        * sfis.       * nu$sfis.    * 1/3*strans  *1/aver.veloci*aver power
  1   1.981673     0.4936748     0.1033421E-01 0.2361288E-02 0.6814093E-02  1.451503     0.1213048E-05 0.6593726     0.2649296    
  2  0.1806581      1.057952     0.1669467     0.7186574E-01 0.2056063     0.4002985     0.5787090E-05  1.231568     0.7350704    
                                       * matric. scat.cross. sec. from i to j  *
       i / j -->            1           2
       i        1 0.4681103     0.1523066E-01
       i        2 0.1209018E-03 0.8908848    
:stop                                                                           
