 *****          file of input data set *******
 *****          file of input data set *******
:poly
 &vvod
 @ 1 tvel  cell@   rcel(1,1)=0.386,0.455,0.670,
                   ncelsos(1,1)=1,2,3,
 @ 2 svp-2 cell@   rcel(1,2)=0.386,0.455,0.670,
                   ncelsos(1,2)=4,2,3,
                                                                                                                        
  t=      1.000e+03, 0.576e+03, 0.576e+03, 0.576e+03
@-----------------------------------------------------
 troiz=
  @       1 tv_1     2 zr_ob_tv 3 h2o      4 svp
 @ *h*  @ 0.000000 , 0.000000 , 0.047600 , 0.000000 ,
 @ *o*  @ 0.000000 , 0.000000 , 0.023800 , 0.000000 ,
 @ zr   @ 0.000000 , 0.042860 , 0.000000 , 0.000000 ,
 @ pu39 @ 0.000720 , 0.000000 , 0.000000 , 0.000000 ,
 @ u235 @ 0.000010 , 0.000000 , 0.000000 , 0.000000 ,
 @ u238 @ 0.019180 , 0.000000 , 0.000000 , 0.000000 ,
 @ o    @ 0.040000 , 0.000000 , 0.000000 , 0.000000 ,
 @ al   @ 0.000000 , 0.000000 , 0.000000 , 0.062850 ,
 @ b-11 @ 0.000000 , 0.000000 , 0.000000 , 0.001970 ,
 @ b-10 @ 0.000000 , 0.000000 , 0.000063 , 0.000430 ,
                                                                                                                        
@----------------------------------------------------
 ntcell=1,2,
krat= 318,12,
alout=
     0.960656, 0.039344,
     1.000000, 0.000000,
                                                                                                                        
 material(1)='chmc',
 &end
*h*
*o*
zr
pu39
u235
u238
o
al
b-11
b-10
****
:corr
 &vvod &end
:fier
 &vvod &end
:macro
 &vvod
  et=10.5e+6,2.15,2.15,0.,
 @nbv=1,1,1,1,1,1,1,1,1,1,1,1,1,1,
 &end
:stop
:dina
 &vvod
 &end
:fier
 &vvod &end
                                                                                                                        
@ 1 step - 5. days!----------
:burn
 &vvod qv=138,dtim=5.0,
 &end
:corr
 &vvod &end
:fier
 &vvod &end
@ 2 step - 50.0 days!----------
:burn
 &vvod qv=138,dtim=50.0,
 &end
:corr
 &vvod &end
:fier
 &vvod &end
@ 3 step - 50.0 days!----------
:burn
 &vvod qv=138,dtim=50.0,
 &end
:corr
 &vvod &end
:fier
 &vvod &end
                                                                                                                        
@ 3 step - 50.0 days!----------
:burn
 &vvod qv=138,dtim=50.0,
 &end
:corr
 &vvod &end
:fier
 &vvod &end
                                                                                                                        
@ 3 step - 50.0 days!----------
:burn
 &vvod qv=138,dtim=50.0,
 &end
:corr
 &vvod &end
:fier
 &vvod &end
                                                                                                                        
@ 3 step - 50.0 days!----------
:burn
 &vvod qv=138,dtim=50.0,
 &end
:corr
 &vvod &end
:fier
 &vvod &end
                                                                                                                        
@ 3 step - 50.0 days!----------
:burn
 &vvod qv=138,dtim=50.0,
 &end
:corr
 &vvod &end
:fier
 &vvod &end
                                                                                                                        
@ 3 step - 50.0 days!----------
:burn
 &vvod qv=138,dtim=50.0,
 &end
:corr
 &vvod &end
:fier
 &vvod &end
                                                                                                                        
@ 3 step - 50.0 days!----------
:burn
 &vvod qv-138,dtim=50.0,
 &end
:corr
 &vvod &end
:fier
 &vvod &end
                                                                                                                        
@ 3 step - 50.0 days!----------
:burn
 &vvod qv=138,dtim=50.0,
 &end
:corr
 &vvod &end
:fier
 &vvod &end
                                                                                                                        
@ 3 step - 50.0 days!----------
:burn
 &vvod qv=138,dtim=50.0,
 &end
:corr
 &vvod &end
:fier
 &vvod &end
                                                                                                                        
@ 3 step - 50.0 days!----------
:burn
 &vvod qv=138,dtim=50.0,
 &end
:corr
 &vvod &end
:fier
 &vvod &end
                                                                                                                        
@ 3 step - 50.0 days!----------
:burn
 &vvod qv=138,dtim=50.0,
 &end
:corr
 &vvod &end
:fier
 &vvod &end
                                                                                                                        
@ 3 step - 50.0 days!----------
:burn
 &vvod qv=138,dtim=50.0,
 &end
:corr
 &vvod &end
:fier
 &vvod &end
                                                                                                                        
@ 3 step - 50.0 days!----------
:burn
 &vvod qv=138,dtim=50.0,
 &end
:corr
 &vvod &end
:fier
 &vvod &end
                                                                                                                        
:stop
 ***** end of   file of input data set *******
:poly                                                                           
  rout and rin were constructed
Rout= 0.386, 0.455, 0.670, 0.386, 0.455, 0.670,
Rin = 0.000, 0.386, 0.455, 0.000, 0.386, 0.455,
  nsos  was constructed
nsos=  1,  2,  3,  4,  2,  3,
 definition izotr in sos           1:izotr=   6.000000    
  *******<< check input data>> programm declare *******
    --undeclared parametr--cefzad  -- programm standart value --cefzad  =  0.100000E+01
  *******<< check input data>> programm declare *******
    --undeclared parametr--bakl    -- programm standart value --bakl    =  0.000000E+00
  *******<< check input data>> programm declare *******
    --undeclared parametr--alin    -- programm standart value --alin    =  0.000000E+00  0.000000E+00
     0.000000E+00  0.000000E+00
  *******<< check input data>> programm declare *******
    --undeclared parametr--alcorr  -- programm standart value --alcorr  =  0.100000E+01  0.100000E+01
     0.100000E+01  0.100000E+01
  *******<< check input data>> programm declare *******
    --undeclared parametr--nbv     -- programm standart value --nbv     =    1    1    1    1    1    1
   
  *******<< check input data>> programm declare *******
    --undeclared parametr--et      -- programm standart value --et      =  0.105000E+08  0.215000E+01
     0.215000E+01  0.000000E+00
    ????  storage for pr. getter =      600 ?? common /rrr/ rab(        0 )  ????
 ------------------------------------------------------------------------------
  backling =  0.0000000E+00
 ------------------------------------------------------------------------------
  number of cells =           2
          cell number    1  number of zone= 3
 << geometry characteristics >>
    geometry of cell- cilindrical index=           2
  kratnost of cell =   318.0000    
  inner radius of cell =  0.0000000E+00
  out square ratio =  0.9606560      3.9344002E-02
 ------------------------------------------------------------------------------
 num zone      1           2           3
 radius   0.38600E+00 0.45500E+00 0.67000E+00
 temper   0.10000E+04 0.57600E+03 0.57600E+03
 rez_izot    u238        bad         bad 
 ------------------------------------------------------------------------------
    izotop   /             concentration number of izotops=65
  1 *h*      0.00000E+00 0.00000E+00 0.47600E-01
  2 *o*      0.00000E+00 0.00000E+00 0.23800E-01
  3 zr       0.00000E+00 0.42860E-01 0.00000E+00
  4 pu39     0.72000E-03 0.00000E+00 0.00000E+00
  5 u235     0.10000E-04 0.00000E+00 0.00000E+00
  6 u238     0.19180E-01 0.00000E+00 0.00000E+00
  7 o        0.40000E-01 0.00000E+00 0.00000E+00
 10 b-10     0.00000E+00 0.00000E+00 0.63000E-04
 ------------------------------------------------------------------------------
  number of cells =           2
          cell number    2  number of zone= 3
 << geometry characteristics >>
    geometry of cell- cilindrical index=           2
  kratnost of cell =   12.00000    
  inner radius of cell =  0.0000000E+00
  out square ratio =   1.000000      0.0000000E+00
 ------------------------------------------------------------------------------
 num zone      4           5           6
 radius   0.38600E+00 0.45500E+00 0.67000E+00
 temper   0.57600E+03 0.57600E+03 0.57600E+03
 rez_izot    bad         bad         bad 
 ------------------------------------------------------------------------------
    izotop   /             concentration number of izotops=65
  1 *h*      0.00000E+00 0.00000E+00 0.47600E-01
  2 *o*      0.00000E+00 0.00000E+00 0.23800E-01
  3 zr       0.00000E+00 0.42860E-01 0.00000E+00
  8 al       0.62850E-01 0.00000E+00 0.00000E+00
  9 b-11     0.19700E-02 0.00000E+00 0.00000E+00
 10 b-10     0.43000E-03 0.00000E+00 0.63000E-04
    > CONSYST Program Ver: 98.01 > started at  0: 0: 0:  
    { Manturov G., E-mail: abbn@ippe.rssi.ru}
 
       -------------------------------
 
       CONSYST INPUT DATA READ FROM : cons.dat
       CONSYST PROTOCOL STORED IN   : RESULT
       GMF X-SECTION'S FILE         : OUT
       TEMPORARY FILE               : RAB
       ABBN BASIC DATA SET FROM     : D:\Getera-93\get-93\bin\Bnab90.lib
       ABBN MULTIC DATA SET FROM    : D:\Getera-93\get-93\bin\Bnabmlt.lib
       ABBN THERMAL DATA SET FROM   : D:\Getera-93\get-93\bin\BNABTHM.lib
 
    >   Include Thermal Matrix > H(H2O):BNABTHM.BIN   Temp=  500K
    >   Include Thermal Matrix > H(H2O):BNABTHM.BIN   Temp=  600K
    >   Include Thermal Matrix > H(H2O):BNABTHM.BIN   Temp=  500K
    >   Include Thermal Matrix > H(H2O):BNABTHM.BIN   Temp=  600K
    > CONSYST finished at  0: 0: 0:  
 therm. calculation avoided
 therm. calculation avoided
 therm. calculation avoided
 therm. calculation avoided
 therm. calculation avoided
 therm. calculation avoided
 therm. calculation avoided
 therm. calculation avoided
 therm. calculation avoided
 *************************************************
   ***k(inf)= 1.00290     ***k(itt)= 1.00291     ***k(integ)= 1.00290    ***
   **bakl=  0.0000     **length= 0.10000E+11  ***
   **matr.  alout*alcorr a(k,i)(k=1,ncel) ***
     * 0.96066     0.39344E-01
     *  1.0000      0.0000    
 lokal kner      in cell ,ru=           1=   1.000000       1.000000    
 lokal kner      in cell ,ru=           2=  0.0000000E+00  0.8745592    
:corr                                                                           
 ------------------------------------------------------------------------------
  backling =  0.0000000E+00
 ------------------------------------------------------------------------------
  number of cells =           2
          cell number    1  number of zone= 3
 << geometry characteristics >>
    geometry of cell- cilindrical index=           2
  kratnost of cell =   318.0000    
  inner radius of cell =  0.0000000E+00
  out square ratio =  0.9606560      3.9344002E-02
 ------------------------------------------------------------------------------
 num zone      1           2           3
 radius   0.38600E+00 0.45500E+00 0.67000E+00
 temper   0.10000E+04 0.57600E+03 0.57600E+03
 rez_izot    u238        bad         bad 
 ------------------------------------------------------------------------------
    izotop   /             concentration number of izotops=65
  1 *h*      0.00000E+00 0.00000E+00 0.47600E-01
  2 *o*      0.00000E+00 0.00000E+00 0.23800E-01
  3 zr       0.00000E+00 0.42860E-01 0.00000E+00
  4 pu39     0.72000E-03 0.00000E+00 0.00000E+00
  5 u235     0.10000E-04 0.00000E+00 0.00000E+00
  6 u238     0.19180E-01 0.00000E+00 0.00000E+00
  7 o        0.40000E-01 0.00000E+00 0.00000E+00
 10 b-10     0.00000E+00 0.00000E+00 0.63000E-04
 ------------------------------------------------------------------------------
  number of cells =           2
          cell number    2  number of zone= 3
 << geometry characteristics >>
    geometry of cell- cilindrical index=           2
  kratnost of cell =   12.00000    
  inner radius of cell =  0.0000000E+00
  out square ratio =   1.000000      0.0000000E+00
 ------------------------------------------------------------------------------
 num zone      4           5           6
 radius   0.38600E+00 0.45500E+00 0.67000E+00
 temper   0.57600E+03 0.57600E+03 0.57600E+03
 rez_izot    bad         bad         bad 
 ------------------------------------------------------------------------------
    izotop   /             concentration number of izotops=65
  1 *h*      0.00000E+00 0.00000E+00 0.47600E-01
  2 *o*      0.00000E+00 0.00000E+00 0.23800E-01
  3 zr       0.00000E+00 0.42860E-01 0.00000E+00
  8 al       0.62850E-01 0.00000E+00 0.00000E+00
  9 b-11     0.19700E-02 0.00000E+00 0.00000E+00
 10 b-10     0.43000E-03 0.00000E+00 0.63000E-04
:fier                                                                           
 condensation boundary was changed from  0.21500E+01 to  0.21544E+01
*** 4 *** ;egr=  2.1544    
    keff         nu           mu           fi           teta
   1.0029       1.7676       1.3828      0.59400      0.69074    
 s0z(n)=    1.000109      0.0000000E+00  0.0000000E+00  0.0000000E+00
  0.0000000E+00  0.0000000E+00
:macro                                                                          
 condensation boundary was changed from  0.21500E+01 to  0.21544E+01
 condensation boundary was changed from  0.21500E+01 to  0.21544E+01
    -------------------------------------------------------------------------------
    * n group   * e(i)        * e(i+1)      *spect neutron fission  *
          1       0.10500E+08    2.1544           0.99889    
          2        2.1544        0.0000           0.13054E-08
    *******************************************************************************
                                       **    macro cross section    **
    *******************************************************************************
    ** n zone    1 vzone=  465.39     /  1  2  3  4  5  6
*grp*flux 1/cm2c  * stotal      * sabs        * sfis.       * nu$sfis.    * 1/3*strans  *1/aver.veloci*aver power
  1  0.8385070E-01 0.4925014     0.1039965E-01 0.2467465E-02 0.7105086E-02  1.453657     0.1210089E-05 0.6832044     0.2746889    
  2  0.7172265E-02  1.033757     0.1779579     0.7617009E-01 0.2172820     0.4139225     0.4949751E-05  1.220974     0.7253111    
                                       * matric. scat.cross. sec. from i to j  *
       i / j -->            1           2
       i        1 0.4668694     0.1523259E-01
       i        2 0.1273301E-03 0.8556708    
:stop                                                                           
